---------------------------------------------------------------
[ 2019-11-04T05:35:11+08:00 ] 172.21.0.9 157.55.39.253 GET /
[ info ] www.ldkjmy.com/ [运行时间：0.031518s][吞吐率：31.73req/s] [内存消耗：3,473.11kb] [文件加载：71]
[ info ] [ LANG ] /www/wwwroot/www.ldkjmy.com/aaaa/yamaxun/thinkphp/lang/zh-cn.php
[ info ] [ LANG ] /www/wwwroot/www.ldkjmy.com/aaaa/yamaxun/app/lang/zh-cn.php
[ info ] [ CACHE ] INIT File
[ info ] [ ROUTE ] array (
  'type' => 'module',
  'module' => 
  array (
    0 => 'home',
    1 => 'Index',
    2 => 'index',
  ),
  'convert' => false,
)
[ info ] [ HEADER ] array (
  'cache-control' => 'no-cache',
  'connection' => 'Keep-Alive',
  'pragma' => 'no-cache',
  'accept' => '*/*',
  'accept-encoding' => 'gzip, deflate',
  'host' => 'www.ldkjmy.com',
  'user-agent' => 'Mozilla/5.0 (compatible; bingbot/2.0; +http://www.bing.com/bingbot.htm)',
  'content-type' => '',
  'content-length' => '',
)
[ info ] [ PARAM ] array (
)
[ info ] [ LANG ] /www/wwwroot/www.ldkjmy.com/aaaa/yamaxun/app/home/lang/zh-cn.php
[ info ] [ SESSION ] INIT array (
  'id' => '',
  'var_session_id' => '',
  'prefix' => 'think',
  'type' => '',
  'auto_start' => true,
)
[ info ] [ BEHAVIOR ] Run Closure @action_begin [ RunTime:0.001169s ]
[ info ] [ RUN ] app\home\controller\Index->index[ /www/wwwroot/www.ldkjmy.com/aaaa/yamaxun/app/home/controller/Index.php ]
[ log ] Cron:clearlog Runat 2019-11-04 05:35:11 Use 0.001374 s

[ info ] [ BEHAVIOR ] Run app\admin\behavior\Cron @app_end [ RunTime:0.002617s ]
---------------------------------------------------------------
[ 2019-11-04T08:36:06+08:00 ] 172.21.0.9 39.100.6.161 GET /
[ info ] www.ldkjmy.com/ [运行时间：0.047301s][吞吐率：21.14req/s] [内存消耗：3,486.07kb] [文件加载：73]
[ info ] [ LANG ] /www/wwwroot/www.ldkjmy.com/aaaa/yamaxun/thinkphp/lang/zh-cn.php
[ info ] [ LANG ] /www/wwwroot/www.ldkjmy.com/aaaa/yamaxun/app/lang/zh-cn.php
[ info ] [ CACHE ] INIT File
[ info ] [ ROUTE ] array (
  'type' => 'module',
  'module' => 
  array (
    0 => 'home',
    1 => 'Index',
    2 => 'index',
  ),
  'convert' => false,
)
[ info ] [ HEADER ] array (
  'accept' => '*/*',
  'user-agent' => 'Mozilla/4.0 (compatible; MSIE 7.0; Windows NT 6.1; WOW64; Trident/7.0; SLCC2; .NET CLR 2.0.50727; .NET CLR 3.5.30729; .NET CLR 3.0.30729; Media Center PC 6.0; .NET4.0C; .NET4.0E)',
  'referer' => 'http://www.ldkjmy.com',
  'accept-encoding' => 'gzip,deflate',
  'accept-language' => 'zh-cn,zh,en',
  'host' => 'www.ldkjmy.com',
  'connection' => 'Keep-Alive',
  'content-type' => '',
  'content-length' => '',
)
[ info ] [ PARAM ] array (
)
[ info ] [ LANG ] /www/wwwroot/www.ldkjmy.com/aaaa/yamaxun/app/home/lang/zh-cn.php
[ info ] [ SESSION ] INIT array (
  'id' => '',
  'var_session_id' => '',
  'prefix' => 'think',
  'type' => '',
  'auto_start' => true,
)
[ info ] [ BEHAVIOR ] Run Closure @action_begin [ RunTime:0.001223s ]
[ info ] [ RUN ] app\home\controller\Index->index[ /www/wwwroot/www.ldkjmy.com/aaaa/yamaxun/app/home/controller/Index.php ]
[ info ] [ BEHAVIOR ] Run app\admin\behavior\Cron @app_end [ RunTime:0.000497s ]
[ info ] [ LOG ] INIT File
---------------------------------------------------------------
[ 2019-11-04T08:53:30+08:00 ] 172.21.0.9 171.117.127.111 GET /admin/product/product_list.html
[ info ] www.ldkjmy.com/admin/product/product_list.html [运行时间：0.040269s][吞吐率：24.83req/s] [内存消耗：4,656.76kb] [文件加载：74]
[ info ] [ LANG ] /www/wwwroot/www.ldkjmy.com/aaaa/yamaxun/thinkphp/lang/zh-cn.php
[ info ] [ LANG ] /www/wwwroot/www.ldkjmy.com/aaaa/yamaxun/app/lang/zh-cn.php
[ info ] [ CACHE ] INIT File
[ info ] [ ROUTE ] array (
  'type' => 'module',
  'module' => 
  array (
    0 => 'admin',
    1 => 'product',
    2 => 'product_list',
  ),
)
[ info ] [ HEADER ] array (
  'host' => 'www.ldkjmy.com',
  'connection' => 'keep-alive',
  'upgrade-insecure-requests' => '1',
  'user-agent' => 'Mozilla/5.0 (Windows NT 6.1; Win64; x64) AppleWebKit/537.36 (KHTML, like Gecko) Chrome/78.0.3904.70 Safari/537.36',
  'accept' => 'text/html,application/xhtml+xml,application/xml;q=0.9,image/webp,image/apng,*/*;q=0.8,application/signed-exchange;v=b3',
  'accept-encoding' => 'gzip, deflate',
  'accept-language' => 'zh-CN,zh;q=0.9,en;q=0.8',
  'cookie' => 'aid=1; signin_token=e7b9365e07ef7cd05d9a9fa225b0b2f5d88578bc; yf_logged_user=%3DzqN6AJ55ko16DsD7',
  'content-type' => '',
  'content-length' => '',
)
[ info ] [ PARAM ] array (
)
[ info ] [ DB ] INIT mysql
[ info ] [ SESSION ] INIT array (
  'id' => '',
  'var_session_id' => '',
  'prefix' => 'think',
  'type' => '',
  'auto_start' => true,
)
[ info ] [ BEHAVIOR ] Run app\admin\behavior\Cron @app_end [ RunTime:0.000482s ]
[ info ] [ LOG ] INIT File
[ sql ] [ DB ] CONNECT:[ UseTime:0.000219s ] mysql:dbname=www_ldkjmy_com;host=localhost;port=3306;charset=utf8
[ sql ] [ SQL ] SHOW COLUMNS FROM `yf_admin` [ RunTime:0.000827s ]
[ sql ] [ SQL ] SELECT * FROM `yf_admin` WHERE  `admin_id` = 1 LIMIT 1 [ RunTime:0.000316s ]
---------------------------------------------------------------
[ 2019-11-04T08:53:30+08:00 ] 172.21.0.9 171.117.127.111 GET /admin/login/login.html
[ info ] www.ldkjmy.com/admin/login/login.html [运行时间：0.043364s][吞吐率：23.06req/s] [内存消耗：4,456.61kb] [文件加载：77]
[ info ] [ LANG ] /www/wwwroot/www.ldkjmy.com/aaaa/yamaxun/thinkphp/lang/zh-cn.php
[ info ] [ LANG ] /www/wwwroot/www.ldkjmy.com/aaaa/yamaxun/app/lang/zh-cn.php
[ info ] [ CACHE ] INIT File
[ info ] [ ROUTE ] array (
  'type' => 'module',
  'module' => 
  array (
    0 => 'admin',
    1 => 'login',
    2 => 'login',
  ),
)
[ info ] [ HEADER ] array (
  'host' => 'www.ldkjmy.com',
  'connection' => 'keep-alive',
  'upgrade-insecure-requests' => '1',
  'user-agent' => 'Mozilla/5.0 (Windows NT 6.1; Win64; x64) AppleWebKit/537.36 (KHTML, like Gecko) Chrome/78.0.3904.70 Safari/537.36',
  'accept' => 'text/html,application/xhtml+xml,application/xml;q=0.9,image/webp,image/apng,*/*;q=0.8,application/signed-exchange;v=b3',
  'accept-encoding' => 'gzip, deflate',
  'accept-language' => 'zh-CN,zh;q=0.9,en;q=0.8',
  'cookie' => 'aid=1; signin_token=e7b9365e07ef7cd05d9a9fa225b0b2f5d88578bc; yf_logged_user=%3DzqN6AJ55ko16DsD7; PHPSESSID=1uqhtgaltlnhoa1c5s6osfe5q1',
  'content-type' => '',
  'content-length' => '',
)
[ info ] [ PARAM ] array (
)
[ info ] [ BEHAVIOR ] Run Closure @action_begin [ RunTime:0.001210s ]
[ info ] [ RUN ] app\admin\controller\Login->login[ /www/wwwroot/www.ldkjmy.com/aaaa/yamaxun/app/admin/controller/Login.php ]
[ info ] [ DB ] INIT mysql
[ info ] [ SESSION ] INIT array (
  'id' => '',
  'var_session_id' => '',
  'prefix' => 'think',
  'type' => '',
  'auto_start' => true,
)
[ info ] [ VIEW ] /www/wwwroot/www.ldkjmy.com/aaaa/yamaxun/app/admin/view/login/login.html [ array (
  0 => 'lang',
) ]
[ info ] [ BEHAVIOR ] Run app\admin\behavior\Cron @app_end [ RunTime:0.000446s ]
[ info ] [ LOG ] INIT File
[ sql ] [ DB ] CONNECT:[ UseTime:0.000214s ] mysql:dbname=www_ldkjmy_com;host=localhost;port=3306;charset=utf8
[ sql ] [ SQL ] SHOW COLUMNS FROM `yf_admin` [ RunTime:0.000708s ]
[ sql ] [ SQL ] SELECT * FROM `yf_admin` WHERE  `admin_id` = 1 LIMIT 1 [ RunTime:0.000195s ]
---------------------------------------------------------------
[ 2019-11-04T08:53:30+08:00 ] 172.21.0.9 171.117.127.111 GET /admin/login/verify.html
[ info ] www.ldkjmy.com/admin/login/verify.html [运行时间：0.042379s][吞吐率：23.60req/s] [内存消耗：4,444.87kb] [文件加载：75]
[ info ] [ LANG ] /www/wwwroot/www.ldkjmy.com/aaaa/yamaxun/thinkphp/lang/zh-cn.php
[ info ] [ LANG ] /www/wwwroot/www.ldkjmy.com/aaaa/yamaxun/app/lang/zh-cn.php
[ info ] [ CACHE ] INIT File
[ info ] [ ROUTE ] array (
  'type' => 'module',
  'module' => 
  array (
    0 => 'admin',
    1 => 'login',
    2 => 'verify',
  ),
)
[ info ] [ HEADER ] array (
  'host' => 'www.ldkjmy.com',
  'connection' => 'keep-alive',
  'user-agent' => 'Mozilla/5.0 (Windows NT 6.1; Win64; x64) AppleWebKit/537.36 (KHTML, like Gecko) Chrome/78.0.3904.70 Safari/537.36',
  'accept' => 'image/webp,image/apng,image/*,*/*;q=0.8',
  'referer' => 'http://www.ldkjmy.com/admin/login/login.html',
  'accept-encoding' => 'gzip, deflate',
  'accept-language' => 'zh-CN,zh;q=0.9,en;q=0.8',
  'cookie' => 'aid=1; signin_token=e7b9365e07ef7cd05d9a9fa225b0b2f5d88578bc; yf_logged_user=%3DzqN6AJ55ko16DsD7; PHPSESSID=1uqhtgaltlnhoa1c5s6osfe5q1',
  'content-type' => '',
  'content-length' => '',
)
[ info ] [ PARAM ] array (
)
[ info ] [ BEHAVIOR ] Run Closure @action_begin [ RunTime:0.001247s ]
[ info ] [ RUN ] app\admin\controller\Login->verify[ /www/wwwroot/www.ldkjmy.com/aaaa/yamaxun/app/admin/controller/Login.php ]
[ info ] [ DB ] INIT mysql
[ info ] [ SESSION ] INIT array (
  'id' => '',
  'var_session_id' => '',
  'prefix' => 'think',
  'type' => '',
  'auto_start' => true,
)
[ info ] [ BEHAVIOR ] Run app\admin\behavior\Cron @app_end [ RunTime:0.000502s ]
[ info ] [ LOG ] INIT File
[ sql ] [ DB ] CONNECT:[ UseTime:0.000203s ] mysql:dbname=www_ldkjmy_com;host=localhost;port=3306;charset=utf8
[ sql ] [ SQL ] SHOW COLUMNS FROM `yf_admin` [ RunTime:0.000909s ]
[ sql ] [ SQL ] SELECT * FROM `yf_admin` WHERE  `admin_id` = 1 LIMIT 1 [ RunTime:0.000225s ]
---------------------------------------------------------------
[ 2019-11-04T08:53:31+08:00 ] 172.21.0.9 171.117.127.111 GET /geetest.html?t=1572828828535
[ info ] www.ldkjmy.com/geetest.html?t=1572828828535 [运行时间：0.094045s][吞吐率：10.63req/s] [内存消耗：2,530.40kb] [文件加载：56]
[ info ] [ LANG ] /www/wwwroot/www.ldkjmy.com/aaaa/yamaxun/thinkphp/lang/zh-cn.php
[ info ] [ LANG ] /www/wwwroot/www.ldkjmy.com/aaaa/yamaxun/app/lang/zh-cn.php
[ info ] [ CACHE ] INIT File
[ info ] [ ROUTE ] array (
  'type' => 'method',
  'method' => 
  array (
    0 => '\\think\\geetest\\GeetestController',
    1 => 'index',
  ),
  'var' => 
  array (
  ),
)
[ info ] [ HEADER ] array (
  'host' => 'www.ldkjmy.com',
  'connection' => 'keep-alive',
  'accept' => 'application/json, text/javascript, */*; q=0.01',
  'x-requested-with' => 'XMLHttpRequest',
  'user-agent' => 'Mozilla/5.0 (Windows NT 6.1; Win64; x64) AppleWebKit/537.36 (KHTML, like Gecko) Chrome/78.0.3904.70 Safari/537.36',
  'referer' => 'http://www.ldkjmy.com/admin/login/login.html',
  'accept-encoding' => 'gzip, deflate',
  'accept-language' => 'zh-CN,zh;q=0.9,en;q=0.8',
  'cookie' => 'aid=1; signin_token=e7b9365e07ef7cd05d9a9fa225b0b2f5d88578bc; yf_logged_user=%3DzqN6AJ55ko16DsD7; PHPSESSID=1uqhtgaltlnhoa1c5s6osfe5q1',
  'content-type' => '',
  'content-length' => '',
)
[ info ] [ PARAM ] array (
  't' => '1572828828535',
  'id' => NULL,
)
[ info ] [ RUN ] think\geetest\GeetestController->index[ /www/wwwroot/www.ldkjmy.com/aaaa/yamaxun/vendor/yfcmf/geetest/src/GeetestController.php ]
[ info ] [ SESSION ] INIT array (
  'id' => '',
  'var_session_id' => '',
  'prefix' => 'think',
  'type' => '',
  'auto_start' => true,
)
[ info ] [ BEHAVIOR ] Run app\admin\behavior\Cron @app_end [ RunTime:0.000531s ]
[ info ] [ LOG ] INIT File
---------------------------------------------------------------
[ 2019-11-04T08:53:41+08:00 ] 172.21.0.9 171.117.127.111 POST /admin/login/runlogin.html
[ info ] www.ldkjmy.com/admin/login/runlogin.html [运行时间：0.043354s][吞吐率：23.07req/s] [内存消耗：4,577.74kb] [文件加载：78]
[ info ] [ LANG ] /www/wwwroot/www.ldkjmy.com/aaaa/yamaxun/thinkphp/lang/zh-cn.php
[ info ] [ LANG ] /www/wwwroot/www.ldkjmy.com/aaaa/yamaxun/app/lang/zh-cn.php
[ info ] [ CACHE ] INIT File
[ info ] [ ROUTE ] array (
  'type' => 'module',
  'module' => 
  array (
    0 => 'admin',
    1 => 'login',
    2 => 'runlogin',
  ),
)
[ info ] [ HEADER ] array (
  'host' => 'www.ldkjmy.com',
  'connection' => 'keep-alive',
  'content-length' => '64',
  'accept' => 'application/json, text/javascript, */*; q=0.01',
  'origin' => 'http://www.ldkjmy.com',
  'x-requested-with' => 'XMLHttpRequest',
  'user-agent' => 'Mozilla/5.0 (Windows NT 6.1; Win64; x64) AppleWebKit/537.36 (KHTML, like Gecko) Chrome/78.0.3904.70 Safari/537.36',
  'content-type' => 'application/x-www-form-urlencoded; charset=UTF-8',
  'referer' => 'http://www.ldkjmy.com/admin/login/login.html',
  'accept-encoding' => 'gzip, deflate',
  'accept-language' => 'zh-CN,zh;q=0.9,en;q=0.8',
  'cookie' => 'thinkphp_show_page_trace=0|0; aid=1; signin_token=e7b9365e07ef7cd05d9a9fa225b0b2f5d88578bc; yf_logged_user=%3DzqN6AJ55ko16DsD7; PHPSESSID=1uqhtgaltlnhoa1c5s6osfe5q1',
)
[ info ] [ PARAM ] array (
  'admin_username' => 'admin',
  'admin_pwd' => 'liujie',
  'verify' => 'crtwr',
  'rememberme' => 'on',
)
[ info ] [ BEHAVIOR ] Run Closure @action_begin [ RunTime:0.001132s ]
[ info ] [ RUN ] app\admin\controller\Login->runlogin[ /www/wwwroot/www.ldkjmy.com/aaaa/yamaxun/app/admin/controller/Login.php ]
[ info ] [ SESSION ] INIT array (
  'id' => '',
  'var_session_id' => '',
  'prefix' => 'think',
  'type' => '',
  'auto_start' => true,
)
[ info ] [ DB ] INIT mysql
[ info ] [ BEHAVIOR ] Run app\admin\behavior\Cron @app_end [ RunTime:0.000462s ]
[ info ] [ LOG ] INIT File
[ sql ] [ DB ] CONNECT:[ UseTime:0.000244s ] mysql:dbname=www_ldkjmy_com;host=localhost;port=3306;charset=utf8
[ sql ] [ SQL ] SHOW COLUMNS FROM `yf_admin` [ RunTime:0.000708s ]
[ sql ] [ SQL ] SELECT * FROM `yf_admin` WHERE  `admin_username` = 'admin'  AND `admin_open` = 1 LIMIT 1 [ RunTime:0.000303s ]
[ sql ] [ SQL ] UPDATE `yf_admin`  SET `admin_hits`=79,`admin_last_ip`='171.117.127.111',`admin_last_time`=1572828821  WHERE  `admin_id` = 1 [ RunTime:0.000267s ]
[ sql ] [ SQL ] SELECT * FROM `yf_admin` WHERE  `admin_id` = 1 LIMIT 1 [ RunTime:0.000257s ]
[ sql ] [ SQL ] SHOW COLUMNS FROM `yf_member_list` [ RunTime:0.000548s ]
[ sql ] [ SQL ] SELECT * FROM `yf_member_list` WHERE  `member_list_id` = 1 LIMIT 1 [ RunTime:0.000162s ]
---------------------------------------------------------------
[ 2019-11-04T08:53:41+08:00 ] 172.21.0.9 171.117.127.111 GET /admin/index/index.html
[ info ] www.ldkjmy.com/admin/index/index.html [运行时间：0.068464s][吞吐率：14.61req/s] [内存消耗：5,119.88kb] [文件加载：81]
[ info ] [ LANG ] /www/wwwroot/www.ldkjmy.com/aaaa/yamaxun/thinkphp/lang/zh-cn.php
[ info ] [ LANG ] /www/wwwroot/www.ldkjmy.com/aaaa/yamaxun/app/lang/zh-cn.php
[ info ] [ CACHE ] INIT File
[ info ] [ ROUTE ] array (
  'type' => 'module',
  'module' => 
  array (
    0 => 'admin',
    1 => 'index',
    2 => 'index',
  ),
)
[ info ] [ HEADER ] array (
  'host' => 'www.ldkjmy.com',
  'connection' => 'keep-alive',
  'upgrade-insecure-requests' => '1',
  'user-agent' => 'Mozilla/5.0 (Windows NT 6.1; Win64; x64) AppleWebKit/537.36 (KHTML, like Gecko) Chrome/78.0.3904.70 Safari/537.36',
  'accept' => 'text/html,application/xhtml+xml,application/xml;q=0.9,image/webp,image/apng,*/*;q=0.8,application/signed-exchange;v=b3',
  'referer' => 'http://www.ldkjmy.com/admin/login/login.html',
  'accept-encoding' => 'gzip, deflate',
  'accept-language' => 'zh-CN,zh;q=0.9,en;q=0.8',
  'cookie' => 'aid=1; PHPSESSID=1uqhtgaltlnhoa1c5s6osfe5q1; signin_token=d0ca6bf9aba853b356698a5736ec1382d5161771; yf_logged_user=Pb3uJgjnKdO-eh5TJ',
  'content-type' => '',
  'content-length' => '',
)
[ info ] [ PARAM ] array (
)
[ info ] [ DB ] INIT mysql
[ info ] [ SESSION ] INIT array (
  'id' => '',
  'var_session_id' => '',
  'prefix' => 'think',
  'type' => '',
  'auto_start' => true,
)
[ info ] [ BEHAVIOR ] Run Closure @action_begin [ RunTime:0.001204s ]
[ info ] [ RUN ] app\admin\controller\Index->index[ /www/wwwroot/www.ldkjmy.com/aaaa/yamaxun/app/admin/controller/Index.php ]
[ info ] [ VIEW ] /www/wwwroot/www.ldkjmy.com/aaaa/yamaxun/app/admin/view/index/index.html [ array (
  0 => 'lang',
  1 => 'menus',
  2 => 'menus_curr',
  3 => 'menus_child',
  4 => 'id_curr',
  5 => 'admin_avatar',
  6 => 'news_list',
  7 => 'news_count',
  8 => 'members_count',
  9 => 'sugs_count',
  10 => 'coms_count',
  11 => 'tonews_count',
  12 => 'ztnews_count',
  13 => 'difday',
  14 => 'tomembers_count',
  15 => 'ztmembers_count',
  16 => 'difday_m',
  17 => 'tosugs_count',
  18 => 'ztsugs_count',
  19 => 'difday_s',
  20 => 'tocoms_count',
  21 => 'ztcoms_count',
  22 => 'difday_c',
) ]
[ info ] [ BEHAVIOR ] Run app\admin\behavior\Cron @app_end [ RunTime:0.000693s ]
[ info ] [ LOG ] INIT File
[ sql ] [ DB ] CONNECT:[ UseTime:0.000281s ] mysql:dbname=www_ldkjmy_com;host=localhost;port=3306;charset=utf8
[ sql ] [ SQL ] SHOW COLUMNS FROM `yf_auth_rule` [ RunTime:0.000837s ]
[ sql ] [ SQL ] SELECT `id`,`pid` FROM `yf_auth_rule` ORDER BY level desc,sort [ RunTime:0.000238s ]
[ sql ] [ SQL ] SELECT `pid` FROM `yf_auth_rule` WHERE  `id` = -1 LIMIT 1 [ RunTime:0.000140s ]
[ sql ] [ SQL ] SELECT * FROM `yf_auth_rule` WHERE  `status` = 1  AND `pid` = null ORDER BY `sort` [ RunTime:0.000145s ]
[ sql ] [ SQL ] SHOW COLUMNS FROM `yf_news` [ RunTime:0.000729s ]
[ sql ] [ SQL ] SELECT * FROM `yf_news` WHERE  `news_l` = 'zh-cn' ORDER BY news_hits desc LIMIT 0,10 [ RunTime:0.000254s ]
[ sql ] [ SQL ] SELECT COUNT(*) AS tp_count FROM `yf_news` LIMIT 1 [ RunTime:0.000097s ]
[ sql ] [ SQL ] SHOW COLUMNS FROM `yf_member_list` [ RunTime:0.000569s ]
[ sql ] [ SQL ] SELECT COUNT(*) AS tp_count FROM `yf_member_list` LIMIT 1 [ RunTime:0.000089s ]
[ sql ] [ SQL ] SHOW COLUMNS FROM `yf_plug_sug` [ RunTime:0.000445s ]
[ sql ] [ SQL ] SELECT COUNT(*) AS tp_count FROM `yf_plug_sug` LIMIT 1 [ RunTime:0.000085s ]
[ sql ] [ SQL ] SHOW COLUMNS FROM `yf_comments` [ RunTime:0.000462s ]
[ sql ] [ SQL ] SELECT COUNT(*) AS tp_count FROM `yf_comments` LIMIT 1 [ RunTime:0.000103s ]
[ sql ] [ SQL ] SELECT COUNT(*) AS tp_count FROM `yf_news` WHERE  `news_time` BETWEEN 1572796800 AND 1572883199 LIMIT 1 [ RunTime:0.000234s ]
[ sql ] [ SQL ] SELECT COUNT(*) AS tp_count FROM `yf_news` WHERE  `news_time` BETWEEN 1572710400 AND 1572796799 LIMIT 1 [ RunTime:0.000111s ]
[ sql ] [ SQL ] SELECT COUNT(*) AS tp_count FROM `yf_member_list` WHERE  `member_list_addtime` BETWEEN 1572796800 AND 1572883199 LIMIT 1 [ RunTime:0.000170s ]
[ sql ] [ SQL ] SELECT COUNT(*) AS tp_count FROM `yf_member_list` WHERE  `member_list_addtime` BETWEEN 1572710400 AND 1572796799 LIMIT 1 [ RunTime:0.000136s ]
[ sql ] [ SQL ] SELECT COUNT(*) AS tp_count FROM `yf_plug_sug` WHERE  `plug_sug_addtime` BETWEEN 1572796800 AND 1572883199 LIMIT 1 [ RunTime:0.000219s ]
[ sql ] [ SQL ] SELECT COUNT(*) AS tp_count FROM `yf_plug_sug` WHERE  `plug_sug_addtime` BETWEEN 1572710400 AND 1572796799 LIMIT 1 [ RunTime:0.000144s ]
[ sql ] [ SQL ] SELECT COUNT(*) AS tp_count FROM `yf_comments` WHERE  `createtime` BETWEEN 1572796800 AND 1572883199 LIMIT 1 [ RunTime:0.000209s ]
[ sql ] [ SQL ] SELECT COUNT(*) AS tp_count FROM `yf_comments` WHERE  `createtime` BETWEEN 1572710400 AND 1572796799 LIMIT 1 [ RunTime:0.000134s ]
---------------------------------------------------------------
[ 2019-11-04T08:53:43+08:00 ] 172.21.0.9 171.117.127.111 GET /admin/product/product_add.html
[ info ] www.ldkjmy.com/admin/product/product_add.html [运行时间：0.053563s][吞吐率：18.67req/s] [内存消耗：5,220.29kb] [文件加载：78]
[ info ] [ LANG ] /www/wwwroot/www.ldkjmy.com/aaaa/yamaxun/thinkphp/lang/zh-cn.php
[ info ] [ LANG ] /www/wwwroot/www.ldkjmy.com/aaaa/yamaxun/app/lang/zh-cn.php
[ info ] [ CACHE ] INIT File
[ info ] [ ROUTE ] array (
  'type' => 'module',
  'module' => 
  array (
    0 => 'admin',
    1 => 'product',
    2 => 'product_add',
  ),
)
[ info ] [ HEADER ] array (
  'host' => 'www.ldkjmy.com',
  'connection' => 'keep-alive',
  'upgrade-insecure-requests' => '1',
  'user-agent' => 'Mozilla/5.0 (Windows NT 6.1; Win64; x64) AppleWebKit/537.36 (KHTML, like Gecko) Chrome/78.0.3904.70 Safari/537.36',
  'accept' => 'text/html,application/xhtml+xml,application/xml;q=0.9,image/webp,image/apng,*/*;q=0.8,application/signed-exchange;v=b3',
  'referer' => 'http://www.ldkjmy.com/admin/index/index.html',
  'accept-encoding' => 'gzip, deflate',
  'accept-language' => 'zh-CN,zh;q=0.9,en;q=0.8',
  'cookie' => 'aid=1; PHPSESSID=1uqhtgaltlnhoa1c5s6osfe5q1; signin_token=d0ca6bf9aba853b356698a5736ec1382d5161771; yf_logged_user=Pb3uJgjnKdO-eh5TJ',
  'content-type' => '',
  'content-length' => '',
)
[ info ] [ PARAM ] array (
)
[ info ] [ DB ] INIT mysql
[ info ] [ SESSION ] INIT array (
  'id' => '',
  'var_session_id' => '',
  'prefix' => 'think',
  'type' => '',
  'auto_start' => true,
)
[ info ] [ BEHAVIOR ] Run Closure @action_begin [ RunTime:0.001194s ]
[ info ] [ RUN ] app\admin\controller\Product->product_add[ /www/wwwroot/www.ldkjmy.com/aaaa/yamaxun/app/admin/controller/Product.php ]
[ info ] [ VIEW ] /www/wwwroot/www.ldkjmy.com/aaaa/yamaxun/app/admin/view/product/product_add.html [ array (
  0 => 'lang',
  1 => 'menus',
  2 => 'menus_curr',
  3 => 'menus_child',
  4 => 'id_curr',
  5 => 'admin_avatar',
  6 => 'sku',
  7 => 'kucun',
  8 => 'menu',
  9 => 'news_columnid',
  10 => 'source',
  11 => 'diyflag',
) ]
[ info ] [ BEHAVIOR ] Run app\admin\behavior\Cron @app_end [ RunTime:0.000477s ]
[ info ] [ LOG ] INIT File
[ sql ] [ DB ] CONNECT:[ UseTime:0.000224s ] mysql:dbname=www_ldkjmy_com;host=localhost;port=3306;charset=utf8
[ sql ] [ SQL ] SHOW COLUMNS FROM `yf_auth_rule` [ RunTime:0.000679s ]
[ sql ] [ SQL ] SELECT `id` FROM `yf_auth_rule` WHERE  `name` = 'admin/Product/product_add' ORDER BY level desc,sort LIMIT 1 [ RunTime:0.000151s ]
[ sql ] [ SQL ] SELECT `id`,`pid` FROM `yf_auth_rule` ORDER BY level desc,sort [ RunTime:0.000219s ]
[ sql ] [ SQL ] SELECT `id` FROM `yf_auth_rule` WHERE  `name` = 'admin/Product/product_add'  AND `status` = 1 ORDER BY level desc,sort LIMIT 1 [ RunTime:0.000142s ]
[ sql ] [ SQL ] SELECT `pid` FROM `yf_auth_rule` WHERE  `id` = 12 LIMIT 1 [ RunTime:0.000123s ]
[ sql ] [ SQL ] SELECT * FROM `yf_auth_rule` WHERE  `status` = 1  AND `pid` = 7 ORDER BY `sort` [ RunTime:0.000143s ]
[ sql ] [ SQL ] SHOW COLUMNS FROM `yf_diyflag` [ RunTime:0.000563s ]
[ sql ] [ SQL ] SELECT * FROM `yf_diyflag` [ RunTime:0.000101s ]
[ sql ] [ SQL ] SHOW COLUMNS FROM `yf_source` [ RunTime:0.000408s ]
[ sql ] [ SQL ] SELECT * FROM `yf_source` [ RunTime:0.000092s ]
---------------------------------------------------------------
[ 2019-11-04T08:53:43+08:00 ] 172.21.0.9 171.117.127.111 GET /admin/product/product_list.html
[ info ] www.ldkjmy.com/admin/product/product_list.html [运行时间：0.058564s][吞吐率：17.08req/s] [内存消耗：5,571.99kb] [文件加载：81]
[ info ] [ LANG ] /www/wwwroot/www.ldkjmy.com/aaaa/yamaxun/thinkphp/lang/zh-cn.php
[ info ] [ LANG ] /www/wwwroot/www.ldkjmy.com/aaaa/yamaxun/app/lang/zh-cn.php
[ info ] [ CACHE ] INIT File
[ info ] [ ROUTE ] array (
  'type' => 'module',
  'module' => 
  array (
    0 => 'admin',
    1 => 'product',
    2 => 'product_list',
  ),
)
[ info ] [ HEADER ] array (
  'host' => 'www.ldkjmy.com',
  'connection' => 'keep-alive',
  'upgrade-insecure-requests' => '1',
  'user-agent' => 'Mozilla/5.0 (Windows NT 6.1; Win64; x64) AppleWebKit/537.36 (KHTML, like Gecko) Chrome/78.0.3904.70 Safari/537.36',
  'accept' => 'text/html,application/xhtml+xml,application/xml;q=0.9,image/webp,image/apng,*/*;q=0.8,application/signed-exchange;v=b3',
  'referer' => 'http://www.ldkjmy.com/admin/product/product_add.html',
  'accept-encoding' => 'gzip, deflate',
  'accept-language' => 'zh-CN,zh;q=0.9,en;q=0.8',
  'cookie' => 'thinkphp_show_page_trace=0|0; aid=1; PHPSESSID=1uqhtgaltlnhoa1c5s6osfe5q1; signin_token=d0ca6bf9aba853b356698a5736ec1382d5161771; yf_logged_user=Pb3uJgjnKdO-eh5TJ',
  'content-type' => '',
  'content-length' => '',
)
[ info ] [ PARAM ] array (
)
[ info ] [ DB ] INIT mysql
[ info ] [ SESSION ] INIT array (
  'id' => '',
  'var_session_id' => '',
  'prefix' => 'think',
  'type' => '',
  'auto_start' => true,
)
[ info ] [ BEHAVIOR ] Run Closure @action_begin [ RunTime:0.001289s ]
[ info ] [ RUN ] app\admin\controller\Product->product_list[ /www/wwwroot/www.ldkjmy.com/aaaa/yamaxun/app/admin/controller/Product.php ]
[ info ] [ VIEW ] /www/wwwroot/www.ldkjmy.com/aaaa/yamaxun/app/admin/view/product/product_list.html [ array (
  0 => 'lang',
  1 => 'menus',
  2 => 'menus_curr',
  3 => 'menus_child',
  4 => 'id_curr',
  5 => 'admin_avatar',
  6 => 'page',
  7 => 'menu',
  8 => 'product',
) ]
[ info ] [ BEHAVIOR ] Run app\admin\behavior\Cron @app_end [ RunTime:0.000537s ]
[ info ] [ LOG ] INIT File
[ sql ] [ DB ] CONNECT:[ UseTime:0.000289s ] mysql:dbname=www_ldkjmy_com;host=localhost;port=3306;charset=utf8
[ sql ] [ SQL ] SHOW COLUMNS FROM `yf_auth_rule` [ RunTime:0.000661s ]
[ sql ] [ SQL ] SELECT `id` FROM `yf_auth_rule` WHERE  `name` = 'admin/Product/product_list' ORDER BY level desc,sort LIMIT 1 [ RunTime:0.000219s ]
[ sql ] [ SQL ] SELECT `id`,`pid` FROM `yf_auth_rule` ORDER BY level desc,sort [ RunTime:0.000192s ]
[ sql ] [ SQL ] SELECT `id` FROM `yf_auth_rule` WHERE  `name` = 'admin/Product/product_list'  AND `status` = 1 ORDER BY level desc,sort LIMIT 1 [ RunTime:0.000157s ]
[ sql ] [ SQL ] SELECT `pid` FROM `yf_auth_rule` WHERE  `id` = 11 LIMIT 1 [ RunTime:0.000132s ]
[ sql ] [ SQL ] SELECT * FROM `yf_auth_rule` WHERE  `status` = 1  AND `pid` = 7 ORDER BY `sort` [ RunTime:0.000141s ]
[ sql ] [ SQL ] SHOW COLUMNS FROM `yf_goods` [ RunTime:0.000727s ]
[ sql ] [ SQL ] SELECT COUNT(*) AS tp_count FROM `yf_goods` `a` INNER JOIN `yf_admin` `b` ON `a`.`uid`=`b`.`admin_id` WHERE  (  product_back = 0 and uid=1 ) LIMIT 1 [ RunTime:0.000270s ]
[ sql ] [ SQL ] SELECT * FROM `yf_goods` `a` INNER JOIN `yf_admin` `b` ON `a`.`uid`=`b`.`admin_id` WHERE  (  product_back = 0 and uid=1 ) ORDER BY goodsId desc LIMIT 0,10 [ RunTime:0.000477s ]
---------------------------------------------------------------
[ 2019-11-04T09:29:03+08:00 ] 172.21.0.9 171.117.127.111 GET /admin/product/product_list.html
[ info ] www.ldkjmy.com/admin/product/product_list.html [运行时间：0.061594s][吞吐率：16.24req/s] [内存消耗：5,572.23kb] [文件加载：81]
[ info ] [ LANG ] /www/wwwroot/www.ldkjmy.com/aaaa/yamaxun/thinkphp/lang/zh-cn.php
[ info ] [ LANG ] /www/wwwroot/www.ldkjmy.com/aaaa/yamaxun/app/lang/zh-cn.php
[ info ] [ CACHE ] INIT File
[ info ] [ ROUTE ] array (
  'type' => 'module',
  'module' => 
  array (
    0 => 'admin',
    1 => 'product',
    2 => 'product_list',
  ),
)
[ info ] [ HEADER ] array (
  'host' => 'www.ldkjmy.com',
  'connection' => 'keep-alive',
  'cache-control' => 'max-age=0',
  'upgrade-insecure-requests' => '1',
  'user-agent' => 'Mozilla/5.0 (Windows NT 6.1; Win64; x64) AppleWebKit/537.36 (KHTML, like Gecko) Chrome/78.0.3904.70 Safari/537.36',
  'accept' => 'text/html,application/xhtml+xml,application/xml;q=0.9,image/webp,image/apng,*/*;q=0.8,application/signed-exchange;v=b3',
  'referer' => 'http://www.ldkjmy.com/admin/product/product_add.html',
  'accept-encoding' => 'gzip, deflate',
  'accept-language' => 'zh-CN,zh;q=0.9,en;q=0.8',
  'cookie' => 'thinkphp_show_page_trace=0|0; aid=1; PHPSESSID=1uqhtgaltlnhoa1c5s6osfe5q1; signin_token=d0ca6bf9aba853b356698a5736ec1382d5161771; yf_logged_user=Pb3uJgjnKdO-eh5TJ',
  'content-type' => '',
  'content-length' => '',
)
[ info ] [ PARAM ] array (
)
[ info ] [ DB ] INIT mysql
[ info ] [ SESSION ] INIT array (
  'id' => '',
  'var_session_id' => '',
  'prefix' => 'think',
  'type' => '',
  'auto_start' => true,
)
[ info ] [ BEHAVIOR ] Run Closure @action_begin [ RunTime:0.001330s ]
[ info ] [ RUN ] app\admin\controller\Product->product_list[ /www/wwwroot/www.ldkjmy.com/aaaa/yamaxun/app/admin/controller/Product.php ]
[ info ] [ VIEW ] /www/wwwroot/www.ldkjmy.com/aaaa/yamaxun/app/admin/view/product/product_list.html [ array (
  0 => 'lang',
  1 => 'menus',
  2 => 'menus_curr',
  3 => 'menus_child',
  4 => 'id_curr',
  5 => 'admin_avatar',
  6 => 'page',
  7 => 'menu',
  8 => 'product',
) ]
[ info ] [ BEHAVIOR ] Run app\admin\behavior\Cron @app_end [ RunTime:0.000507s ]
[ info ] [ LOG ] INIT File
[ sql ] [ DB ] CONNECT:[ UseTime:0.000214s ] mysql:dbname=www_ldkjmy_com;host=localhost;port=3306;charset=utf8
[ sql ] [ SQL ] SHOW COLUMNS FROM `yf_auth_rule` [ RunTime:0.000685s ]
[ sql ] [ SQL ] SELECT `id` FROM `yf_auth_rule` WHERE  `name` = 'admin/Product/product_list' ORDER BY level desc,sort LIMIT 1 [ RunTime:0.000156s ]
[ sql ] [ SQL ] SELECT `id`,`pid` FROM `yf_auth_rule` ORDER BY level desc,sort [ RunTime:0.000195s ]
[ sql ] [ SQL ] SELECT `id` FROM `yf_auth_rule` WHERE  `name` = 'admin/Product/product_list'  AND `status` = 1 ORDER BY level desc,sort LIMIT 1 [ RunTime:0.000186s ]
[ sql ] [ SQL ] SELECT `pid` FROM `yf_auth_rule` WHERE  `id` = 11 LIMIT 1 [ RunTime:0.000104s ]
[ sql ] [ SQL ] SELECT * FROM `yf_auth_rule` WHERE  `status` = 1  AND `pid` = 7 ORDER BY `sort` [ RunTime:0.000205s ]
[ sql ] [ SQL ] SHOW COLUMNS FROM `yf_goods` [ RunTime:0.000745s ]
[ sql ] [ SQL ] SELECT COUNT(*) AS tp_count FROM `yf_goods` `a` INNER JOIN `yf_admin` `b` ON `a`.`uid`=`b`.`admin_id` WHERE  (  product_back = 0 and uid=1 ) LIMIT 1 [ RunTime:0.000135s ]
[ sql ] [ SQL ] SELECT * FROM `yf_goods` `a` INNER JOIN `yf_admin` `b` ON `a`.`uid`=`b`.`admin_id` WHERE  (  product_back = 0 and uid=1 ) ORDER BY goodsId desc LIMIT 0,10 [ RunTime:0.000281s ]
---------------------------------------------------------------
[ 2019-11-04T09:30:05+08:00 ] 172.21.0.9 171.117.127.111 GET /
[ info ] www.ldkjmy.com/ [运行时间：0.045820s][吞吐率：21.82req/s] [内存消耗：4,386.88kb] [文件加载：77]
[ info ] [ LANG ] /www/wwwroot/www.ldkjmy.com/aaaa/yamaxun/thinkphp/lang/zh-cn.php
[ info ] [ LANG ] /www/wwwroot/www.ldkjmy.com/aaaa/yamaxun/app/lang/zh-cn.php
[ info ] [ CACHE ] INIT File
[ info ] [ ROUTE ] array (
  'type' => 'module',
  'module' => 
  array (
    0 => 'home',
    1 => 'Index',
    2 => 'index',
  ),
  'convert' => false,
)
[ info ] [ HEADER ] array (
  'host' => 'www.ldkjmy.com',
  'connection' => 'keep-alive',
  'upgrade-insecure-requests' => '1',
  'user-agent' => 'Mozilla/5.0 (Windows NT 6.1; Win64; x64) AppleWebKit/537.36 (KHTML, like Gecko) Chrome/78.0.3904.70 Safari/537.36',
  'accept' => 'text/html,application/xhtml+xml,application/xml;q=0.9,image/webp,image/apng,*/*;q=0.8,application/signed-exchange;v=b3',
  'accept-encoding' => 'gzip, deflate',
  'accept-language' => 'zh-CN,zh;q=0.9,en;q=0.8',
  'cookie' => 'aid=1; PHPSESSID=1uqhtgaltlnhoa1c5s6osfe5q1; signin_token=d0ca6bf9aba853b356698a5736ec1382d5161771; yf_logged_user=Pb3uJgjnKdO-eh5TJ',
  'content-type' => '',
  'content-length' => '',
)
[ info ] [ PARAM ] array (
)
[ info ] [ LANG ] /www/wwwroot/www.ldkjmy.com/aaaa/yamaxun/app/home/lang/zh-cn.php
[ info ] [ SESSION ] INIT array (
  'id' => '',
  'var_session_id' => '',
  'prefix' => 'think',
  'type' => '',
  'auto_start' => true,
)
[ info ] [ DB ] INIT mysql
[ info ] [ BEHAVIOR ] Run Closure @action_begin [ RunTime:0.001199s ]
[ info ] [ RUN ] app\home\controller\Index->index[ /www/wwwroot/www.ldkjmy.com/aaaa/yamaxun/app/home/controller/Index.php ]
[ info ] [ BEHAVIOR ] Run app\admin\behavior\Cron @app_end [ RunTime:0.000456s ]
[ info ] [ LOG ] INIT File
[ sql ] [ DB ] CONNECT:[ UseTime:0.000206s ] mysql:dbname=www_ldkjmy_com;host=localhost;port=3306;charset=utf8
[ sql ] [ SQL ] SHOW COLUMNS FROM `yf_member_list` [ RunTime:0.000740s ]
[ sql ] [ SQL ] SELECT * FROM `yf_member_list` WHERE  `member_list_id` = 1 LIMIT 1 [ RunTime:0.000191s ]
[ sql ] [ SQL ] SHOW COLUMNS FROM `yf_admin` [ RunTime:0.000503s ]
[ sql ] [ SQL ] SELECT * FROM `yf_admin` WHERE  `member_id` IS NULL LIMIT 1 [ RunTime:0.000191s ]
---------------------------------------------------------------
[ 2019-11-04T09:39:50+08:00 ] 172.21.0.9 27.115.41.142 GET /
[ info ] www.ldkjmy.com/ [运行时间：0.037053s][吞吐率：26.99req/s] [内存消耗：3,486.13kb] [文件加载：73]
[ info ] [ LANG ] /www/wwwroot/www.ldkjmy.com/aaaa/yamaxun/thinkphp/lang/zh-cn.php
[ info ] [ LANG ] /www/wwwroot/www.ldkjmy.com/aaaa/yamaxun/app/lang/zh-cn.php
[ info ] [ CACHE ] INIT File
[ info ] [ ROUTE ] array (
  'type' => 'module',
  'module' => 
  array (
    0 => 'home',
    1 => 'Index',
    2 => 'index',
  ),
  'convert' => false,
)
[ info ] [ HEADER ] array (
  'host' => 'www.ldkjmy.com',
  'connection' => 'keep-alive',
  'upgrade-insecure-requests' => '1',
  'user-agent' => 'Mozilla/5.0 (Windows NT 10.0; WOW64) AppleWebKit/537.36 (KHTML, like Gecko) Chrome/65.0.3314.0 Safari/537.36 SE 2.X MetaSr 1.0',
  'accept' => 'text/html,application/xhtml+xml,application/xml;q=0.9,image/webp,image/apng,*/*;q=0.8',
  'accept-encoding' => 'gzip, deflate',
  'accept-language' => 'zh-CN,zh;q=0.9',
  'content-type' => '',
  'content-length' => '',
)
[ info ] [ PARAM ] array (
)
[ info ] [ LANG ] /www/wwwroot/www.ldkjmy.com/aaaa/yamaxun/app/home/lang/zh-cn.php
[ info ] [ SESSION ] INIT array (
  'id' => '',
  'var_session_id' => '',
  'prefix' => 'think',
  'type' => '',
  'auto_start' => true,
)
[ info ] [ BEHAVIOR ] Run Closure @action_begin [ RunTime:0.001277s ]
[ info ] [ RUN ] app\home\controller\Index->index[ /www/wwwroot/www.ldkjmy.com/aaaa/yamaxun/app/home/controller/Index.php ]
[ info ] [ BEHAVIOR ] Run app\admin\behavior\Cron @app_end [ RunTime:0.000598s ]
[ info ] [ LOG ] INIT File
---------------------------------------------------------------
[ 2019-11-04T09:47:30+08:00 ] 172.21.0.9 171.117.127.111 GET /admin/productupload/myupload.html
[ info ] www.ldkjmy.com/admin/productupload/myupload.html [运行时间：0.066004s][吞吐率：15.15req/s] [内存消耗：5,061.05kb] [文件加载：81]
[ info ] [ LANG ] /www/wwwroot/www.ldkjmy.com/aaaa/yamaxun/thinkphp/lang/zh-cn.php
[ info ] [ LANG ] /www/wwwroot/www.ldkjmy.com/aaaa/yamaxun/app/lang/zh-cn.php
[ info ] [ CACHE ] INIT File
[ info ] [ ROUTE ] array (
  'type' => 'module',
  'module' => 
  array (
    0 => 'admin',
    1 => 'productupload',
    2 => 'myupload',
  ),
)
[ info ] [ HEADER ] array (
  'host' => 'www.ldkjmy.com',
  'connection' => 'keep-alive',
  'upgrade-insecure-requests' => '1',
  'user-agent' => 'Mozilla/5.0 (Windows NT 6.1; Win64; x64) AppleWebKit/537.36 (KHTML, like Gecko) Chrome/78.0.3904.70 Safari/537.36',
  'accept' => 'text/html,application/xhtml+xml,application/xml;q=0.9,image/webp,image/apng,*/*;q=0.8,application/signed-exchange;v=b3',
  'referer' => 'http://www.ldkjmy.com/admin/product/product_list.html',
  'accept-encoding' => 'gzip, deflate',
  'accept-language' => 'zh-CN,zh;q=0.9,en;q=0.8',
  'cookie' => 'aid=1; PHPSESSID=1uqhtgaltlnhoa1c5s6osfe5q1; signin_token=d0ca6bf9aba853b356698a5736ec1382d5161771; yf_logged_user=Pb3uJgjnKdO-eh5TJ; thinkphp_show_page_trace=0|0',
  'content-type' => '',
  'content-length' => '',
)
[ info ] [ PARAM ] array (
)
[ info ] [ DB ] INIT mysql
[ info ] [ SESSION ] INIT array (
  'id' => '',
  'var_session_id' => '',
  'prefix' => 'think',
  'type' => '',
  'auto_start' => true,
)
[ info ] [ BEHAVIOR ] Run Closure @action_begin [ RunTime:0.001519s ]
[ info ] [ RUN ] app\admin\controller\Productupload->myupload[ /www/wwwroot/www.ldkjmy.com/aaaa/yamaxun/app/admin/controller/Productupload.php ]
[ info ] [ VIEW ] /www/wwwroot/www.ldkjmy.com/aaaa/yamaxun/app/admin/view/productupload/myupload.html [ array (
  0 => 'lang',
  1 => 'menus',
  2 => 'menus_curr',
  3 => 'menus_child',
  4 => 'id_curr',
  5 => 'admin_avatar',
  6 => 'order',
  7 => 'page',
) ]
[ info ] [ BEHAVIOR ] Run app\admin\behavior\Cron @app_end [ RunTime:0.000580s ]
[ info ] [ LOG ] INIT File
[ sql ] [ DB ] CONNECT:[ UseTime:0.000317s ] mysql:dbname=www_ldkjmy_com;host=localhost;port=3306;charset=utf8
[ sql ] [ SQL ] SHOW COLUMNS FROM `yf_auth_rule` [ RunTime:0.000776s ]
[ sql ] [ SQL ] SELECT `id` FROM `yf_auth_rule` WHERE  `name` = 'admin/Productupload/myupload' ORDER BY level desc,sort LIMIT 1 [ RunTime:0.000171s ]
[ sql ] [ SQL ] SELECT `id`,`pid` FROM `yf_auth_rule` ORDER BY level desc,sort [ RunTime:0.000293s ]
[ sql ] [ SQL ] SELECT `id` FROM `yf_auth_rule` WHERE  `name` = 'admin/Productupload/myupload'  AND `status` = 1 ORDER BY level desc,sort LIMIT 1 [ RunTime:0.000246s ]
[ sql ] [ SQL ] SELECT `pid` FROM `yf_auth_rule` WHERE  `id` = 326 LIMIT 1 [ RunTime:0.000126s ]
[ sql ] [ SQL ] SELECT * FROM `yf_auth_rule` WHERE  `status` = 1  AND `pid` = 325 ORDER BY `sort` [ RunTime:0.000202s ]
[ sql ] [ SQL ] SHOW COLUMNS FROM `yf_orderdetails` [ RunTime:0.000734s ]
[ sql ] [ SQL ] SELECT COUNT(*) AS tp_count FROM `yf_orderdetails` LIMIT 1 [ RunTime:0.000132s ]
[ sql ] [ SQL ] SELECT * FROM `yf_orderdetails` ORDER BY orderId desc LIMIT 0,10 [ RunTime:0.000133s ]
---------------------------------------------------------------
[ 2019-11-04T09:47:31+08:00 ] 172.21.0.9 171.117.127.111 GET /admin/productupload/alluploads.html
[ info ] www.ldkjmy.com/admin/productupload/alluploads.html [运行时间：0.064641s][吞吐率：15.47req/s] [内存消耗：5,061.27kb] [文件加载：81]
[ info ] [ LANG ] /www/wwwroot/www.ldkjmy.com/aaaa/yamaxun/thinkphp/lang/zh-cn.php
[ info ] [ LANG ] /www/wwwroot/www.ldkjmy.com/aaaa/yamaxun/app/lang/zh-cn.php
[ info ] [ CACHE ] INIT File
[ info ] [ ROUTE ] array (
  'type' => 'module',
  'module' => 
  array (
    0 => 'admin',
    1 => 'productupload',
    2 => 'alluploads',
  ),
)
[ info ] [ HEADER ] array (
  'host' => 'www.ldkjmy.com',
  'connection' => 'keep-alive',
  'upgrade-insecure-requests' => '1',
  'user-agent' => 'Mozilla/5.0 (Windows NT 6.1; Win64; x64) AppleWebKit/537.36 (KHTML, like Gecko) Chrome/78.0.3904.70 Safari/537.36',
  'accept' => 'text/html,application/xhtml+xml,application/xml;q=0.9,image/webp,image/apng,*/*;q=0.8,application/signed-exchange;v=b3',
  'referer' => 'http://www.ldkjmy.com/admin/productupload/myupload.html',
  'accept-encoding' => 'gzip, deflate',
  'accept-language' => 'zh-CN,zh;q=0.9,en;q=0.8',
  'cookie' => 'thinkphp_show_page_trace=0|0; aid=1; PHPSESSID=1uqhtgaltlnhoa1c5s6osfe5q1; signin_token=d0ca6bf9aba853b356698a5736ec1382d5161771; yf_logged_user=Pb3uJgjnKdO-eh5TJ; thinkphp_show_page_trace=0|0',
  'content-type' => '',
  'content-length' => '',
)
[ info ] [ PARAM ] array (
)
[ info ] [ DB ] INIT mysql
[ info ] [ SESSION ] INIT array (
  'id' => '',
  'var_session_id' => '',
  'prefix' => 'think',
  'type' => '',
  'auto_start' => true,
)
[ info ] [ BEHAVIOR ] Run Closure @action_begin [ RunTime:0.001984s ]
[ info ] [ RUN ] app\admin\controller\Productupload->alluploads[ /www/wwwroot/www.ldkjmy.com/aaaa/yamaxun/app/admin/controller/Productupload.php ]
[ info ] [ VIEW ] /www/wwwroot/www.ldkjmy.com/aaaa/yamaxun/app/admin/view/productupload/alluploads.html [ array (
  0 => 'lang',
  1 => 'menus',
  2 => 'menus_curr',
  3 => 'menus_child',
  4 => 'id_curr',
  5 => 'admin_avatar',
  6 => 'order',
  7 => 'page',
) ]
[ info ] [ BEHAVIOR ] Run app\admin\behavior\Cron @app_end [ RunTime:0.000727s ]
[ info ] [ LOG ] INIT File
[ sql ] [ DB ] CONNECT:[ UseTime:0.000269s ] mysql:dbname=www_ldkjmy_com;host=localhost;port=3306;charset=utf8
[ sql ] [ SQL ] SHOW COLUMNS FROM `yf_auth_rule` [ RunTime:0.001265s ]
[ sql ] [ SQL ] SELECT `id` FROM `yf_auth_rule` WHERE  `name` = 'admin/Productupload/alluploads' ORDER BY level desc,sort LIMIT 1 [ RunTime:0.000153s ]
[ sql ] [ SQL ] SELECT `id`,`pid` FROM `yf_auth_rule` ORDER BY level desc,sort [ RunTime:0.000240s ]
[ sql ] [ SQL ] SELECT `id` FROM `yf_auth_rule` WHERE  `name` = 'admin/Productupload/alluploads'  AND `status` = 1 ORDER BY level desc,sort LIMIT 1 [ RunTime:0.000205s ]
[ sql ] [ SQL ] SELECT `pid` FROM `yf_auth_rule` WHERE  `id` = 328 LIMIT 1 [ RunTime:0.000140s ]
[ sql ] [ SQL ] SELECT * FROM `yf_auth_rule` WHERE  `status` = 1  AND `pid` = 325 ORDER BY `sort` [ RunTime:0.000230s ]
[ sql ] [ SQL ] SHOW COLUMNS FROM `yf_orderdetails` [ RunTime:0.000689s ]
[ sql ] [ SQL ] SELECT COUNT(*) AS tp_count FROM `yf_orderdetails` LIMIT 1 [ RunTime:0.000123s ]
[ sql ] [ SQL ] SELECT * FROM `yf_orderdetails` ORDER BY orderId desc LIMIT 0,10 [ RunTime:0.000124s ]
---------------------------------------------------------------
[ 2019-11-04T10:10:02+08:00 ] 172.21.0.9 171.117.127.111 GET /admin/productupload/myupload.html
[ info ] www.ldkjmy.com/admin/productupload/myupload.html [运行时间：0.053874s][吞吐率：18.56req/s] [内存消耗：5,061.33kb] [文件加载：81]
[ info ] [ LANG ] /www/wwwroot/www.ldkjmy.com/aaaa/yamaxun/thinkphp/lang/zh-cn.php
[ info ] [ LANG ] /www/wwwroot/www.ldkjmy.com/aaaa/yamaxun/app/lang/zh-cn.php
[ info ] [ CACHE ] INIT File
[ info ] [ ROUTE ] array (
  'type' => 'module',
  'module' => 
  array (
    0 => 'admin',
    1 => 'productupload',
    2 => 'myupload',
  ),
)
[ info ] [ HEADER ] array (
  'host' => 'www.ldkjmy.com',
  'connection' => 'keep-alive',
  'upgrade-insecure-requests' => '1',
  'user-agent' => 'Mozilla/5.0 (Windows NT 6.1; Win64; x64) AppleWebKit/537.36 (KHTML, like Gecko) Chrome/78.0.3904.70 Safari/537.36',
  'accept' => 'text/html,application/xhtml+xml,application/xml;q=0.9,image/webp,image/apng,*/*;q=0.8,application/signed-exchange;v=b3',
  'referer' => 'http://www.ldkjmy.com/admin/productupload/alluploads.html',
  'accept-encoding' => 'gzip, deflate',
  'accept-language' => 'zh-CN,zh;q=0.9,en;q=0.8',
  'cookie' => 'thinkphp_show_page_trace=0|0; aid=1; PHPSESSID=1uqhtgaltlnhoa1c5s6osfe5q1; signin_token=d0ca6bf9aba853b356698a5736ec1382d5161771; yf_logged_user=Pb3uJgjnKdO-eh5TJ; thinkphp_show_page_trace=0|0',
  'content-type' => '',
  'content-length' => '',
)
[ info ] [ PARAM ] array (
)
[ info ] [ DB ] INIT mysql
[ info ] [ SESSION ] INIT array (
  'id' => '',
  'var_session_id' => '',
  'prefix' => 'think',
  'type' => '',
  'auto_start' => true,
)
[ info ] [ BEHAVIOR ] Run Closure @action_begin [ RunTime:0.001261s ]
[ info ] [ RUN ] app\admin\controller\Productupload->myupload[ /www/wwwroot/www.ldkjmy.com/aaaa/yamaxun/app/admin/controller/Productupload.php ]
[ info ] [ VIEW ] /www/wwwroot/www.ldkjmy.com/aaaa/yamaxun/app/admin/view/productupload/myupload.html [ array (
  0 => 'lang',
  1 => 'menus',
  2 => 'menus_curr',
  3 => 'menus_child',
  4 => 'id_curr',
  5 => 'admin_avatar',
  6 => 'order',
  7 => 'page',
) ]
[ info ] [ BEHAVIOR ] Run app\admin\behavior\Cron @app_end [ RunTime:0.000606s ]
[ info ] [ LOG ] INIT File
[ sql ] [ DB ] CONNECT:[ UseTime:0.000273s ] mysql:dbname=www_ldkjmy_com;host=localhost;port=3306;charset=utf8
[ sql ] [ SQL ] SHOW COLUMNS FROM `yf_auth_rule` [ RunTime:0.000838s ]
[ sql ] [ SQL ] SELECT `id` FROM `yf_auth_rule` WHERE  `name` = 'admin/Productupload/myupload' ORDER BY level desc,sort LIMIT 1 [ RunTime:0.000170s ]
[ sql ] [ SQL ] SELECT `id`,`pid` FROM `yf_auth_rule` ORDER BY level desc,sort [ RunTime:0.000182s ]
[ sql ] [ SQL ] SELECT `id` FROM `yf_auth_rule` WHERE  `name` = 'admin/Productupload/myupload'  AND `status` = 1 ORDER BY level desc,sort LIMIT 1 [ RunTime:0.000162s ]
[ sql ] [ SQL ] SELECT `pid` FROM `yf_auth_rule` WHERE  `id` = 326 LIMIT 1 [ RunTime:0.000105s ]
[ sql ] [ SQL ] SELECT * FROM `yf_auth_rule` WHERE  `status` = 1  AND `pid` = 325 ORDER BY `sort` [ RunTime:0.000172s ]
[ sql ] [ SQL ] SHOW COLUMNS FROM `yf_orderdetails` [ RunTime:0.000630s ]
[ sql ] [ SQL ] SELECT COUNT(*) AS tp_count FROM `yf_orderdetails` LIMIT 1 [ RunTime:0.000100s ]
[ sql ] [ SQL ] SELECT * FROM `yf_orderdetails` ORDER BY orderId desc LIMIT 0,10 [ RunTime:0.000121s ]
---------------------------------------------------------------
[ 2019-11-04T10:10:04+08:00 ] 172.21.0.9 171.117.127.111 GET /admin/productupload/myupload.html
[ info ] www.ldkjmy.com/admin/productupload/myupload.html [运行时间：0.052262s][吞吐率：19.13req/s] [内存消耗：5,061.08kb] [文件加载：81]
[ info ] [ LANG ] /www/wwwroot/www.ldkjmy.com/aaaa/yamaxun/thinkphp/lang/zh-cn.php
[ info ] [ LANG ] /www/wwwroot/www.ldkjmy.com/aaaa/yamaxun/app/lang/zh-cn.php
[ info ] [ CACHE ] INIT File
[ info ] [ ROUTE ] array (
  'type' => 'module',
  'module' => 
  array (
    0 => 'admin',
    1 => 'productupload',
    2 => 'myupload',
  ),
)
[ info ] [ HEADER ] array (
  'host' => 'www.ldkjmy.com',
  'connection' => 'keep-alive',
  'upgrade-insecure-requests' => '1',
  'user-agent' => 'Mozilla/5.0 (Windows NT 6.1; Win64; x64) AppleWebKit/537.36 (KHTML, like Gecko) Chrome/78.0.3904.70 Safari/537.36',
  'accept' => 'text/html,application/xhtml+xml,application/xml;q=0.9,image/webp,image/apng,*/*;q=0.8,application/signed-exchange;v=b3',
  'referer' => 'http://www.ldkjmy.com/admin/productupload/myupload.html',
  'accept-encoding' => 'gzip, deflate',
  'accept-language' => 'zh-CN,zh;q=0.9,en;q=0.8',
  'cookie' => 'thinkphp_show_page_trace=0|0; aid=1; PHPSESSID=1uqhtgaltlnhoa1c5s6osfe5q1; signin_token=d0ca6bf9aba853b356698a5736ec1382d5161771; yf_logged_user=Pb3uJgjnKdO-eh5TJ; thinkphp_show_page_trace=0|0',
  'content-type' => '',
  'content-length' => '',
)
[ info ] [ PARAM ] array (
)
[ info ] [ DB ] INIT mysql
[ info ] [ SESSION ] INIT array (
  'id' => '',
  'var_session_id' => '',
  'prefix' => 'think',
  'type' => '',
  'auto_start' => true,
)
[ info ] [ BEHAVIOR ] Run Closure @action_begin [ RunTime:0.001312s ]
[ info ] [ RUN ] app\admin\controller\Productupload->myupload[ /www/wwwroot/www.ldkjmy.com/aaaa/yamaxun/app/admin/controller/Productupload.php ]
[ info ] [ VIEW ] /www/wwwroot/www.ldkjmy.com/aaaa/yamaxun/app/admin/view/productupload/myupload.html [ array (
  0 => 'lang',
  1 => 'menus',
  2 => 'menus_curr',
  3 => 'menus_child',
  4 => 'id_curr',
  5 => 'admin_avatar',
  6 => 'order',
  7 => 'page',
) ]
[ info ] [ BEHAVIOR ] Run app\admin\behavior\Cron @app_end [ RunTime:0.000546s ]
[ info ] [ LOG ] INIT File
[ sql ] [ DB ] CONNECT:[ UseTime:0.000215s ] mysql:dbname=www_ldkjmy_com;host=localhost;port=3306;charset=utf8
[ sql ] [ SQL ] SHOW COLUMNS FROM `yf_auth_rule` [ RunTime:0.000738s ]
[ sql ] [ SQL ] SELECT `id` FROM `yf_auth_rule` WHERE  `name` = 'admin/Productupload/myupload' ORDER BY level desc,sort LIMIT 1 [ RunTime:0.000158s ]
[ sql ] [ SQL ] SELECT `id`,`pid` FROM `yf_auth_rule` ORDER BY level desc,sort [ RunTime:0.000186s ]
[ sql ] [ SQL ] SELECT `id` FROM `yf_auth_rule` WHERE  `name` = 'admin/Productupload/myupload'  AND `status` = 1 ORDER BY level desc,sort LIMIT 1 [ RunTime:0.000141s ]
[ sql ] [ SQL ] SELECT `pid` FROM `yf_auth_rule` WHERE  `id` = 326 LIMIT 1 [ RunTime:0.000103s ]
[ sql ] [ SQL ] SELECT * FROM `yf_auth_rule` WHERE  `status` = 1  AND `pid` = 325 ORDER BY `sort` [ RunTime:0.000157s ]
[ sql ] [ SQL ] SHOW COLUMNS FROM `yf_orderdetails` [ RunTime:0.000578s ]
[ sql ] [ SQL ] SELECT COUNT(*) AS tp_count FROM `yf_orderdetails` LIMIT 1 [ RunTime:0.000101s ]
[ sql ] [ SQL ] SELECT * FROM `yf_orderdetails` ORDER BY orderId desc LIMIT 0,10 [ RunTime:0.000121s ]
---------------------------------------------------------------
[ 2019-11-04T10:10:05+08:00 ] 172.21.0.9 171.117.127.111 GET /admin/productupload/new_upload.html
[ info ] www.ldkjmy.com/admin/productupload/new_upload.html [运行时间：0.051692s][吞吐率：19.35req/s] [内存消耗：5,052.22kb] [文件加载：81]
[ info ] [ LANG ] /www/wwwroot/www.ldkjmy.com/aaaa/yamaxun/thinkphp/lang/zh-cn.php
[ info ] [ LANG ] /www/wwwroot/www.ldkjmy.com/aaaa/yamaxun/app/lang/zh-cn.php
[ info ] [ CACHE ] INIT File
[ info ] [ ROUTE ] array (
  'type' => 'module',
  'module' => 
  array (
    0 => 'admin',
    1 => 'productupload',
    2 => 'new_upload',
  ),
)
[ info ] [ HEADER ] array (
  'host' => 'www.ldkjmy.com',
  'connection' => 'keep-alive',
  'upgrade-insecure-requests' => '1',
  'user-agent' => 'Mozilla/5.0 (Windows NT 6.1; Win64; x64) AppleWebKit/537.36 (KHTML, like Gecko) Chrome/78.0.3904.70 Safari/537.36',
  'accept' => 'text/html,application/xhtml+xml,application/xml;q=0.9,image/webp,image/apng,*/*;q=0.8,application/signed-exchange;v=b3',
  'referer' => 'http://www.ldkjmy.com/admin/productupload/myupload.html',
  'accept-encoding' => 'gzip, deflate',
  'accept-language' => 'zh-CN,zh;q=0.9,en;q=0.8',
  'cookie' => 'thinkphp_show_page_trace=0|0; aid=1; PHPSESSID=1uqhtgaltlnhoa1c5s6osfe5q1; signin_token=d0ca6bf9aba853b356698a5736ec1382d5161771; yf_logged_user=Pb3uJgjnKdO-eh5TJ; thinkphp_show_page_trace=0|0',
  'content-type' => '',
  'content-length' => '',
)
[ info ] [ PARAM ] array (
)
[ info ] [ DB ] INIT mysql
[ info ] [ SESSION ] INIT array (
  'id' => '',
  'var_session_id' => '',
  'prefix' => 'think',
  'type' => '',
  'auto_start' => true,
)
[ info ] [ BEHAVIOR ] Run Closure @action_begin [ RunTime:0.001170s ]
[ info ] [ RUN ] app\admin\controller\Productupload->new_upload[ /www/wwwroot/www.ldkjmy.com/aaaa/yamaxun/app/admin/controller/Productupload.php ]
[ info ] [ VIEW ] /www/wwwroot/www.ldkjmy.com/aaaa/yamaxun/app/admin/view/productupload/new_upload.html [ array (
  0 => 'lang',
  1 => 'menus',
  2 => 'menus_curr',
  3 => 'menus_child',
  4 => 'id_curr',
  5 => 'admin_avatar',
  6 => 'order',
  7 => 'page',
) ]
[ info ] [ BEHAVIOR ] Run app\admin\behavior\Cron @app_end [ RunTime:0.000482s ]
[ info ] [ LOG ] INIT File
[ sql ] [ DB ] CONNECT:[ UseTime:0.000201s ] mysql:dbname=www_ldkjmy_com;host=localhost;port=3306;charset=utf8
[ sql ] [ SQL ] SHOW COLUMNS FROM `yf_auth_rule` [ RunTime:0.000652s ]
[ sql ] [ SQL ] SELECT `id` FROM `yf_auth_rule` WHERE  `name` = 'admin/Productupload/new_upload' ORDER BY level desc,sort LIMIT 1 [ RunTime:0.000139s ]
[ sql ] [ SQL ] SELECT `id` FROM `yf_auth_rule` WHERE  `name` = 'admin/Productupload/new_upload' ORDER BY level desc,sort LIMIT 1 [ RunTime:0.000125s ]
[ sql ] [ SQL ] SELECT `id` FROM `yf_auth_rule` WHERE  `name` = 'admin/Productupload/new_upload'  AND `status` = 1 ORDER BY level desc,sort LIMIT 1 [ RunTime:0.000133s ]
[ sql ] [ SQL ] SELECT `id` FROM `yf_auth_rule` WHERE  `name` = 'admin/Productupload/new_upload'  AND `status` = 1 ORDER BY level desc,sort LIMIT 1 [ RunTime:0.000119s ]
[ sql ] [ SQL ] SELECT `pid` FROM `yf_auth_rule` WHERE  `id` = 0 LIMIT 1 [ RunTime:0.000098s ]
[ sql ] [ SQL ] SELECT * FROM `yf_auth_rule` WHERE  `status` = 1  AND `pid` = null ORDER BY `sort` [ RunTime:0.000131s ]
[ sql ] [ SQL ] SHOW COLUMNS FROM `yf_orderdetails` [ RunTime:0.000510s ]
[ sql ] [ SQL ] SELECT COUNT(*) AS tp_count FROM `yf_orderdetails` LIMIT 1 [ RunTime:0.000097s ]
[ sql ] [ SQL ] SELECT * FROM `yf_orderdetails` ORDER BY orderId desc LIMIT 0,10 [ RunTime:0.000123s ]
---------------------------------------------------------------
[ 2019-11-04T10:41:40+08:00 ] 172.21.0.9 218.26.172.61 GET /
[ info ] www.ldkjmy.com/ [运行时间：0.037306s][吞吐率：26.81req/s] [内存消耗：3,484.56kb] [文件加载：73]
[ info ] [ LANG ] /www/wwwroot/www.ldkjmy.com/aaaa/yamaxun/thinkphp/lang/zh-cn.php
[ info ] [ LANG ] /www/wwwroot/www.ldkjmy.com/aaaa/yamaxun/app/lang/zh-cn.php
[ info ] [ CACHE ] INIT File
[ info ] [ ROUTE ] array (
  'type' => 'module',
  'module' => 
  array (
    0 => 'home',
    1 => 'Index',
    2 => 'index',
  ),
  'convert' => false,
)
[ info ] [ HEADER ] array (
  'host' => 'www.ldkjmy.com',
  'user-agent' => 'Mozilla/5.0 (X11; Linux x86_64) AppleWebKit/537.36 (KHTML, like Gecko) Ubuntu Chromium/69.0.3497.81 Chrome/69.0.3497.81 Safari/537.36',
  'accept' => '*/*',
  'content-type' => '',
  'content-length' => '',
)
[ info ] [ PARAM ] array (
)
[ info ] [ LANG ] /www/wwwroot/www.ldkjmy.com/aaaa/yamaxun/app/home/lang/zh-cn.php
[ info ] [ SESSION ] INIT array (
  'id' => '',
  'var_session_id' => '',
  'prefix' => 'think',
  'type' => '',
  'auto_start' => true,
)
[ info ] [ BEHAVIOR ] Run Closure @action_begin [ RunTime:0.001233s ]
[ info ] [ RUN ] app\home\controller\Index->index[ /www/wwwroot/www.ldkjmy.com/aaaa/yamaxun/app/home/controller/Index.php ]
[ info ] [ BEHAVIOR ] Run app\admin\behavior\Cron @app_end [ RunTime:0.000474s ]
[ info ] [ LOG ] INIT File
---------------------------------------------------------------
[ 2019-11-04T14:24:02+08:00 ] 172.21.0.9 171.117.127.111 GET /admin/productupload/new_upload_ymx
[ info ] www.ldkjmy.com/admin/productupload/new_upload_ymx [运行时间：0.055389s][吞吐率：18.05req/s] [内存消耗：4,824.21kb] [文件加载：78]
[ info ] [ LANG ] /www/wwwroot/www.ldkjmy.com/aaaa/yamaxun/thinkphp/lang/zh-cn.php
[ info ] [ LANG ] /www/wwwroot/www.ldkjmy.com/aaaa/yamaxun/app/lang/zh-cn.php
[ info ] [ CACHE ] INIT File
[ info ] [ ROUTE ] array (
  'type' => 'module',
  'module' => 
  array (
    0 => 'admin',
    1 => 'productupload',
    2 => 'new_upload_ymx',
  ),
)
[ info ] [ HEADER ] array (
  'host' => 'www.ldkjmy.com',
  'connection' => 'keep-alive',
  'upgrade-insecure-requests' => '1',
  'user-agent' => 'Mozilla/5.0 (Windows NT 6.1; Win64; x64) AppleWebKit/537.36 (KHTML, like Gecko) Chrome/78.0.3904.70 Safari/537.36',
  'accept' => 'text/html,application/xhtml+xml,application/xml;q=0.9,image/webp,image/apng,*/*;q=0.8,application/signed-exchange;v=b3',
  'accept-encoding' => 'gzip, deflate',
  'accept-language' => 'zh-CN,zh;q=0.9,en;q=0.8',
  'cookie' => 'thinkphp_show_page_trace=0|0; aid=1; PHPSESSID=1uqhtgaltlnhoa1c5s6osfe5q1; signin_token=d0ca6bf9aba853b356698a5736ec1382d5161771; yf_logged_user=Pb3uJgjnKdO-eh5TJ; thinkphp_show_page_trace=0|0',
  'content-type' => '',
  'content-length' => '',
)
[ info ] [ PARAM ] array (
)
[ info ] [ DB ] INIT mysql
[ info ] [ SESSION ] INIT array (
  'id' => '',
  'var_session_id' => '',
  'prefix' => 'think',
  'type' => '',
  'auto_start' => true,
)
[ info ] [ BEHAVIOR ] Run Closure @action_begin [ RunTime:0.001268s ]
[ info ] [ RUN ] app\common\controller\Common->_empty[ /www/wwwroot/www.ldkjmy.com/aaaa/yamaxun/app/common/controller/Common.php ]
[ info ] [ VIEW ] /www/wwwroot/www.ldkjmy.com/aaaa/yamaxun/thinkphp/tpl/dispatch_jump.tpl [ array (
  0 => 'lang',
  1 => 'menus',
  2 => 'menus_curr',
  3 => 'menus_child',
  4 => 'id_curr',
  5 => 'admin_avatar',
  6 => 'code',
  7 => 'msg',
  8 => 'data',
  9 => 'url',
  10 => 'wait',
) ]
[ info ] [ BEHAVIOR ] Run app\admin\behavior\Cron @app_end [ RunTime:0.000493s ]
[ info ] [ LOG ] INIT File
[ sql ] [ DB ] CONNECT:[ UseTime:0.000251s ] mysql:dbname=www_ldkjmy_com;host=localhost;port=3306;charset=utf8
[ sql ] [ SQL ] SHOW COLUMNS FROM `yf_auth_rule` [ RunTime:0.000672s ]
[ sql ] [ SQL ] SELECT `id` FROM `yf_auth_rule` WHERE  `name` = 'admin/Productupload/new_upload_ymx' ORDER BY level desc,sort LIMIT 1 [ RunTime:0.000388s ]
[ sql ] [ SQL ] SELECT `id` FROM `yf_auth_rule` WHERE  `name` = 'admin/Productupload/new_upload_ymx' ORDER BY level desc,sort LIMIT 1 [ RunTime:0.000127s ]
[ sql ] [ SQL ] SELECT `id` FROM `yf_auth_rule` WHERE  `name` = 'admin/Productupload/new_upload_ymx'  AND `status` = 1 ORDER BY level desc,sort LIMIT 1 [ RunTime:0.000298s ]
[ sql ] [ SQL ] SELECT `id` FROM `yf_auth_rule` WHERE  `name` = 'admin/Productupload/new_upload_ymx'  AND `status` = 1 ORDER BY level desc,sort LIMIT 1 [ RunTime:0.000119s ]
[ sql ] [ SQL ] SELECT `pid` FROM `yf_auth_rule` WHERE  `id` = 0 LIMIT 1 [ RunTime:0.000105s ]
[ sql ] [ SQL ] SELECT * FROM `yf_auth_rule` WHERE  `status` = 1  AND `pid` = null ORDER BY `sort` [ RunTime:0.000135s ]
---------------------------------------------------------------
[ 2019-11-04T14:24:06+08:00 ] 172.21.0.9 171.117.127.111 GET /admin/productupload/new_upload.html
[ info ] www.ldkjmy.com/admin/productupload/new_upload.html [运行时间：0.054671s][吞吐率：18.29req/s] [内存消耗：5,052.22kb] [文件加载：81]
[ info ] [ LANG ] /www/wwwroot/www.ldkjmy.com/aaaa/yamaxun/thinkphp/lang/zh-cn.php
[ info ] [ LANG ] /www/wwwroot/www.ldkjmy.com/aaaa/yamaxun/app/lang/zh-cn.php
[ info ] [ CACHE ] INIT File
[ info ] [ ROUTE ] array (
  'type' => 'module',
  'module' => 
  array (
    0 => 'admin',
    1 => 'productupload',
    2 => 'new_upload',
  ),
)
[ info ] [ HEADER ] array (
  'host' => 'www.ldkjmy.com',
  'connection' => 'keep-alive',
  'upgrade-insecure-requests' => '1',
  'user-agent' => 'Mozilla/5.0 (Windows NT 6.1; Win64; x64) AppleWebKit/537.36 (KHTML, like Gecko) Chrome/78.0.3904.70 Safari/537.36',
  'accept' => 'text/html,application/xhtml+xml,application/xml;q=0.9,image/webp,image/apng,*/*;q=0.8,application/signed-exchange;v=b3',
  'referer' => 'http://www.ldkjmy.com/admin/productupload/myupload.html',
  'accept-encoding' => 'gzip, deflate',
  'accept-language' => 'zh-CN,zh;q=0.9,en;q=0.8',
  'cookie' => 'thinkphp_show_page_trace=0|0; aid=1; PHPSESSID=1uqhtgaltlnhoa1c5s6osfe5q1; signin_token=d0ca6bf9aba853b356698a5736ec1382d5161771; yf_logged_user=Pb3uJgjnKdO-eh5TJ; thinkphp_show_page_trace=0|0',
  'content-type' => '',
  'content-length' => '',
)
[ info ] [ PARAM ] array (
)
[ info ] [ DB ] INIT mysql
[ info ] [ SESSION ] INIT array (
  'id' => '',
  'var_session_id' => '',
  'prefix' => 'think',
  'type' => '',
  'auto_start' => true,
)
[ info ] [ BEHAVIOR ] Run Closure @action_begin [ RunTime:0.001204s ]
[ info ] [ RUN ] app\admin\controller\Productupload->new_upload[ /www/wwwroot/www.ldkjmy.com/aaaa/yamaxun/app/admin/controller/Productupload.php ]
[ info ] [ VIEW ] /www/wwwroot/www.ldkjmy.com/aaaa/yamaxun/app/admin/view/productupload/new_upload.html [ array (
  0 => 'lang',
  1 => 'menus',
  2 => 'menus_curr',
  3 => 'menus_child',
  4 => 'id_curr',
  5 => 'admin_avatar',
  6 => 'order',
  7 => 'page',
) ]
[ info ] [ BEHAVIOR ] Run app\admin\behavior\Cron @app_end [ RunTime:0.000454s ]
[ info ] [ LOG ] INIT File
[ sql ] [ DB ] CONNECT:[ UseTime:0.000198s ] mysql:dbname=www_ldkjmy_com;host=localhost;port=3306;charset=utf8
[ sql ] [ SQL ] SHOW COLUMNS FROM `yf_auth_rule` [ RunTime:0.000668s ]
[ sql ] [ SQL ] SELECT `id` FROM `yf_auth_rule` WHERE  `name` = 'admin/Productupload/new_upload' ORDER BY level desc,sort LIMIT 1 [ RunTime:0.000155s ]
[ sql ] [ SQL ] SELECT `id` FROM `yf_auth_rule` WHERE  `name` = 'admin/Productupload/new_upload' ORDER BY level desc,sort LIMIT 1 [ RunTime:0.000110s ]
[ sql ] [ SQL ] SELECT `id` FROM `yf_auth_rule` WHERE  `name` = 'admin/Productupload/new_upload'  AND `status` = 1 ORDER BY level desc,sort LIMIT 1 [ RunTime:0.000132s ]
[ sql ] [ SQL ] SELECT `id` FROM `yf_auth_rule` WHERE  `name` = 'admin/Productupload/new_upload'  AND `status` = 1 ORDER BY level desc,sort LIMIT 1 [ RunTime:0.000135s ]
[ sql ] [ SQL ] SELECT `pid` FROM `yf_auth_rule` WHERE  `id` = 0 LIMIT 1 [ RunTime:0.000131s ]
[ sql ] [ SQL ] SELECT * FROM `yf_auth_rule` WHERE  `status` = 1  AND `pid` = null ORDER BY `sort` [ RunTime:0.000134s ]
[ sql ] [ SQL ] SHOW COLUMNS FROM `yf_orderdetails` [ RunTime:0.000746s ]
[ sql ] [ SQL ] SELECT COUNT(*) AS tp_count FROM `yf_orderdetails` LIMIT 1 [ RunTime:0.000099s ]
[ sql ] [ SQL ] SELECT * FROM `yf_orderdetails` ORDER BY orderId desc LIMIT 0,10 [ RunTime:0.000102s ]
---------------------------------------------------------------
[ 2019-11-04T14:27:18+08:00 ] 172.21.0.9 171.117.127.111 GET /admin
[ info ] www.ldkjmy.com/admin [运行时间：0.037494s][吞吐率：26.67req/s] [内存消耗：4,365.88kb] [文件加载：74]
[ info ] [ LANG ] /www/wwwroot/www.ldkjmy.com/aaaa/yamaxun/thinkphp/lang/zh-cn.php
[ info ] [ LANG ] /www/wwwroot/www.ldkjmy.com/aaaa/yamaxun/app/lang/zh-cn.php
[ info ] [ CACHE ] INIT File
[ info ] [ ROUTE ] array (
  'type' => 'module',
  'module' => 
  array (
    0 => 'admin',
    1 => NULL,
    2 => NULL,
  ),
)
[ info ] [ HEADER ] array (
  'host' => 'www.ldkjmy.com',
  'connection' => 'keep-alive',
  'upgrade-insecure-requests' => '1',
  'user-agent' => 'Mozilla/5.0 (Windows NT 6.1; WOW64) AppleWebKit/537.36 (KHTML, like Gecko) Chrome/77.0.3865.90 Safari/537.36',
  'accept' => 'text/html,application/xhtml+xml,application/xml;q=0.9,image/webp,image/apng,*/*;q=0.8,application/signed-exchange;v=b3',
  'accept-encoding' => 'gzip, deflate',
  'accept-language' => 'zh-CN,zh;q=0.9',
  'content-type' => '',
  'content-length' => '',
)
[ info ] [ PARAM ] array (
)
[ info ] [ DB ] INIT mysql
[ info ] [ SESSION ] INIT array (
  'id' => '',
  'var_session_id' => '',
  'prefix' => 'think',
  'type' => '',
  'auto_start' => true,
)
[ info ] [ BEHAVIOR ] Run app\admin\behavior\Cron @app_end [ RunTime:0.000603s ]
[ info ] [ LOG ] INIT File
---------------------------------------------------------------
[ 2019-11-04T14:27:18+08:00 ] 172.21.0.9 171.117.127.111 GET /admin/login/login.html
[ info ] www.ldkjmy.com/admin/login/login.html [运行时间：0.046971s][吞吐率：21.29req/s] [内存消耗：4,404.44kb] [文件加载：77]
[ info ] [ LANG ] /www/wwwroot/www.ldkjmy.com/aaaa/yamaxun/thinkphp/lang/zh-cn.php
[ info ] [ LANG ] /www/wwwroot/www.ldkjmy.com/aaaa/yamaxun/app/lang/zh-cn.php
[ info ] [ CACHE ] INIT File
[ info ] [ ROUTE ] array (
  'type' => 'module',
  'module' => 
  array (
    0 => 'admin',
    1 => 'login',
    2 => 'login',
  ),
)
[ info ] [ HEADER ] array (
  'host' => 'www.ldkjmy.com',
  'connection' => 'keep-alive',
  'upgrade-insecure-requests' => '1',
  'user-agent' => 'Mozilla/5.0 (Windows NT 6.1; WOW64) AppleWebKit/537.36 (KHTML, like Gecko) Chrome/77.0.3865.90 Safari/537.36',
  'accept' => 'text/html,application/xhtml+xml,application/xml;q=0.9,image/webp,image/apng,*/*;q=0.8,application/signed-exchange;v=b3',
  'accept-encoding' => 'gzip, deflate',
  'accept-language' => 'zh-CN,zh;q=0.9',
  'cookie' => 'PHPSESSID=49rrr55cb0nbk240hpnovl3h94',
  'content-type' => '',
  'content-length' => '',
)
[ info ] [ PARAM ] array (
)
[ info ] [ BEHAVIOR ] Run Closure @action_begin [ RunTime:0.001257s ]
[ info ] [ RUN ] app\admin\controller\Login->login[ /www/wwwroot/www.ldkjmy.com/aaaa/yamaxun/app/admin/controller/Login.php ]
[ info ] [ DB ] INIT mysql
[ info ] [ SESSION ] INIT array (
  'id' => '',
  'var_session_id' => '',
  'prefix' => 'think',
  'type' => '',
  'auto_start' => true,
)
[ info ] [ VIEW ] /www/wwwroot/www.ldkjmy.com/aaaa/yamaxun/app/admin/view/login/login.html [ array (
  0 => 'lang',
) ]
[ info ] [ BEHAVIOR ] Run app\admin\behavior\Cron @app_end [ RunTime:0.000465s ]
[ info ] [ LOG ] INIT File
---------------------------------------------------------------
[ 2019-11-04T14:27:19+08:00 ] 172.21.0.9 171.117.127.111 GET /admin/login/verify.html
[ info ] www.ldkjmy.com/admin/login/verify.html [运行时间：0.045777s][吞吐率：21.84req/s] [内存消耗：4,392.55kb] [文件加载：75]
[ info ] [ LANG ] /www/wwwroot/www.ldkjmy.com/aaaa/yamaxun/thinkphp/lang/zh-cn.php
[ info ] [ LANG ] /www/wwwroot/www.ldkjmy.com/aaaa/yamaxun/app/lang/zh-cn.php
[ info ] [ CACHE ] INIT File
[ info ] [ ROUTE ] array (
  'type' => 'module',
  'module' => 
  array (
    0 => 'admin',
    1 => 'login',
    2 => 'verify',
  ),
)
[ info ] [ HEADER ] array (
  'host' => 'www.ldkjmy.com',
  'connection' => 'keep-alive',
  'user-agent' => 'Mozilla/5.0 (Windows NT 6.1; WOW64) AppleWebKit/537.36 (KHTML, like Gecko) Chrome/77.0.3865.90 Safari/537.36',
  'accept' => 'image/webp,image/apng,image/*,*/*;q=0.8',
  'referer' => 'http://www.ldkjmy.com/admin/login/login.html',
  'accept-encoding' => 'gzip, deflate',
  'accept-language' => 'zh-CN,zh;q=0.9',
  'cookie' => 'PHPSESSID=49rrr55cb0nbk240hpnovl3h94',
  'content-type' => '',
  'content-length' => '',
)
[ info ] [ PARAM ] array (
)
[ info ] [ BEHAVIOR ] Run Closure @action_begin [ RunTime:0.001258s ]
[ info ] [ RUN ] app\admin\controller\Login->verify[ /www/wwwroot/www.ldkjmy.com/aaaa/yamaxun/app/admin/controller/Login.php ]
[ info ] [ DB ] INIT mysql
[ info ] [ SESSION ] INIT array (
  'id' => '',
  'var_session_id' => '',
  'prefix' => 'think',
  'type' => '',
  'auto_start' => true,
)
[ info ] [ BEHAVIOR ] Run app\admin\behavior\Cron @app_end [ RunTime:0.000514s ]
[ info ] [ LOG ] INIT File
---------------------------------------------------------------
[ 2019-11-04T14:27:19+08:00 ] 172.21.0.9 171.117.127.111 GET /geetest.html?t=1572848855617
[ info ] www.ldkjmy.com/geetest.html?t=1572848855617 [运行时间：0.108614s][吞吐率：9.21req/s] [内存消耗：2,530.36kb] [文件加载：56]
[ info ] [ LANG ] /www/wwwroot/www.ldkjmy.com/aaaa/yamaxun/thinkphp/lang/zh-cn.php
[ info ] [ LANG ] /www/wwwroot/www.ldkjmy.com/aaaa/yamaxun/app/lang/zh-cn.php
[ info ] [ CACHE ] INIT File
[ info ] [ ROUTE ] array (
  'type' => 'method',
  'method' => 
  array (
    0 => '\\think\\geetest\\GeetestController',
    1 => 'index',
  ),
  'var' => 
  array (
  ),
)
[ info ] [ HEADER ] array (
  'host' => 'www.ldkjmy.com',
  'connection' => 'keep-alive',
  'accept' => 'application/json, text/javascript, */*; q=0.01',
  'x-requested-with' => 'XMLHttpRequest',
  'user-agent' => 'Mozilla/5.0 (Windows NT 6.1; WOW64) AppleWebKit/537.36 (KHTML, like Gecko) Chrome/77.0.3865.90 Safari/537.36',
  'referer' => 'http://www.ldkjmy.com/admin/login/login.html',
  'accept-encoding' => 'gzip, deflate',
  'accept-language' => 'zh-CN,zh;q=0.9',
  'cookie' => 'PHPSESSID=49rrr55cb0nbk240hpnovl3h94',
  'content-type' => '',
  'content-length' => '',
)
[ info ] [ PARAM ] array (
  't' => '1572848855617',
  'id' => NULL,
)
[ info ] [ RUN ] think\geetest\GeetestController->index[ /www/wwwroot/www.ldkjmy.com/aaaa/yamaxun/vendor/yfcmf/geetest/src/GeetestController.php ]
[ info ] [ SESSION ] INIT array (
  'id' => '',
  'var_session_id' => '',
  'prefix' => 'think',
  'type' => '',
  'auto_start' => true,
)
[ info ] [ BEHAVIOR ] Run app\admin\behavior\Cron @app_end [ RunTime:0.000549s ]
[ info ] [ LOG ] INIT File
---------------------------------------------------------------
[ 2019-11-04T15:36:14+08:00 ] 172.21.0.9 171.117.127.111 GET /admin/productupload/new_upload.html
[ info ] www.ldkjmy.com/admin/productupload/new_upload.html [运行时间：0.052372s][吞吐率：19.09req/s] [内存消耗：5,052.22kb] [文件加载：81]
[ info ] [ LANG ] /www/wwwroot/www.ldkjmy.com/aaaa/yamaxun/thinkphp/lang/zh-cn.php
[ info ] [ LANG ] /www/wwwroot/www.ldkjmy.com/aaaa/yamaxun/app/lang/zh-cn.php
[ info ] [ CACHE ] INIT File
[ info ] [ ROUTE ] array (
  'type' => 'module',
  'module' => 
  array (
    0 => 'admin',
    1 => 'productupload',
    2 => 'new_upload',
  ),
)
[ info ] [ HEADER ] array (
  'host' => 'www.ldkjmy.com',
  'connection' => 'keep-alive',
  'upgrade-insecure-requests' => '1',
  'user-agent' => 'Mozilla/5.0 (Windows NT 6.1; Win64; x64) AppleWebKit/537.36 (KHTML, like Gecko) Chrome/78.0.3904.70 Safari/537.36',
  'accept' => 'text/html,application/xhtml+xml,application/xml;q=0.9,image/webp,image/apng,*/*;q=0.8,application/signed-exchange;v=b3',
  'referer' => 'http://www.ldkjmy.com/admin/productupload/myupload.html',
  'accept-encoding' => 'gzip, deflate',
  'accept-language' => 'zh-CN,zh;q=0.9,en;q=0.8',
  'cookie' => 'thinkphp_show_page_trace=0|0; aid=1; PHPSESSID=1uqhtgaltlnhoa1c5s6osfe5q1; signin_token=d0ca6bf9aba853b356698a5736ec1382d5161771; yf_logged_user=Pb3uJgjnKdO-eh5TJ; thinkphp_show_page_trace=0|0',
  'content-type' => '',
  'content-length' => '',
)
[ info ] [ PARAM ] array (
)
[ info ] [ DB ] INIT mysql
[ info ] [ SESSION ] INIT array (
  'id' => '',
  'var_session_id' => '',
  'prefix' => 'think',
  'type' => '',
  'auto_start' => true,
)
[ info ] [ BEHAVIOR ] Run Closure @action_begin [ RunTime:0.001185s ]
[ info ] [ RUN ] app\admin\controller\Productupload->new_upload[ /www/wwwroot/www.ldkjmy.com/aaaa/yamaxun/app/admin/controller/Productupload.php ]
[ info ] [ VIEW ] /www/wwwroot/www.ldkjmy.com/aaaa/yamaxun/app/admin/view/productupload/new_upload.html [ array (
  0 => 'lang',
  1 => 'menus',
  2 => 'menus_curr',
  3 => 'menus_child',
  4 => 'id_curr',
  5 => 'admin_avatar',
  6 => 'order',
  7 => 'page',
) ]
[ info ] [ BEHAVIOR ] Run app\admin\behavior\Cron @app_end [ RunTime:0.000448s ]
[ info ] [ LOG ] INIT File
[ sql ] [ DB ] CONNECT:[ UseTime:0.000209s ] mysql:dbname=www_ldkjmy_com;host=localhost;port=3306;charset=utf8
[ sql ] [ SQL ] SHOW COLUMNS FROM `yf_auth_rule` [ RunTime:0.000674s ]
[ sql ] [ SQL ] SELECT `id` FROM `yf_auth_rule` WHERE  `name` = 'admin/Productupload/new_upload' ORDER BY level desc,sort LIMIT 1 [ RunTime:0.000181s ]
[ sql ] [ SQL ] SELECT `id` FROM `yf_auth_rule` WHERE  `name` = 'admin/Productupload/new_upload' ORDER BY level desc,sort LIMIT 1 [ RunTime:0.000126s ]
[ sql ] [ SQL ] SELECT `id` FROM `yf_auth_rule` WHERE  `name` = 'admin/Productupload/new_upload'  AND `status` = 1 ORDER BY level desc,sort LIMIT 1 [ RunTime:0.000136s ]
[ sql ] [ SQL ] SELECT `id` FROM `yf_auth_rule` WHERE  `name` = 'admin/Productupload/new_upload'  AND `status` = 1 ORDER BY level desc,sort LIMIT 1 [ RunTime:0.000130s ]
[ sql ] [ SQL ] SELECT `pid` FROM `yf_auth_rule` WHERE  `id` = 0 LIMIT 1 [ RunTime:0.000109s ]
[ sql ] [ SQL ] SELECT * FROM `yf_auth_rule` WHERE  `status` = 1  AND `pid` = null ORDER BY `sort` [ RunTime:0.000133s ]
[ sql ] [ SQL ] SHOW COLUMNS FROM `yf_orderdetails` [ RunTime:0.002089s ]
[ sql ] [ SQL ] SELECT COUNT(*) AS tp_count FROM `yf_orderdetails` LIMIT 1 [ RunTime:0.000121s ]
[ sql ] [ SQL ] SELECT * FROM `yf_orderdetails` ORDER BY orderId desc LIMIT 0,10 [ RunTime:0.000141s ]
---------------------------------------------------------------
[ 2019-11-04T18:40:48+08:00 ] 172.21.0.9 66.249.64.57 GET /
[ info ] www.ldkjmy.com/ [运行时间：0.035299s][吞吐率：28.33req/s] [内存消耗：3,486.20kb] [文件加载：73]
[ info ] [ LANG ] /www/wwwroot/www.ldkjmy.com/aaaa/yamaxun/thinkphp/lang/zh-cn.php
[ info ] [ LANG ] /www/wwwroot/www.ldkjmy.com/aaaa/yamaxun/app/lang/zh-cn.php
[ info ] [ CACHE ] INIT File
[ info ] [ ROUTE ] array (
  'type' => 'module',
  'module' => 
  array (
    0 => 'home',
    1 => 'Index',
    2 => 'index',
  ),
  'convert' => false,
)
[ info ] [ HEADER ] array (
  'host' => 'www.ldkjmy.com',
  'amp-cache-transform' => 'google;v="1..2"',
  'connection' => 'keep-alive',
  'accept' => 'text/html,application/xhtml+xml,application/xml;q=0.9,*/*;q=0.8,text/html,application/xhtml+xml,application/signed-exchange;v=b3,application/xml;q=0.9,*/*;q=0.8',
  'from' => 'googlebot(at)googlebot.com',
  'user-agent' => 'Mozilla/5.0 (Linux; Android 6.0.1; Nexus 5X Build/MMB29P) AppleWebKit/537.36 (KHTML, like Gecko) Chrome/41.0.2272.96 Mobile Safari/537.36 (compatible; Googlebot/2.1; +http://www.google.com/bot.html)',
  'accept-encoding' => 'gzip,deflate,br',
  'content-type' => '',
  'content-length' => '',
)
[ info ] [ PARAM ] array (
)
[ info ] [ LANG ] /www/wwwroot/www.ldkjmy.com/aaaa/yamaxun/app/home/lang/zh-cn.php
[ info ] [ SESSION ] INIT array (
  'id' => '',
  'var_session_id' => '',
  'prefix' => 'think',
  'type' => '',
  'auto_start' => true,
)
[ info ] [ BEHAVIOR ] Run Closure @action_begin [ RunTime:0.001117s ]
[ info ] [ RUN ] app\home\controller\Index->index[ /www/wwwroot/www.ldkjmy.com/aaaa/yamaxun/app/home/controller/Index.php ]
[ info ] [ BEHAVIOR ] Run app\admin\behavior\Cron @app_end [ RunTime:0.000438s ]
[ info ] [ LOG ] INIT File
---------------------------------------------------------------
[ 2019-11-04T20:51:15+08:00 ] 172.21.0.9 122.51.64.147 GET /?xxnew2018_url2=x&xxnew2018_url1=x
[ info ] www.ldkjmy.com/?xxnew2018_url2=x&xxnew2018_url1=x [运行时间：0.038784s][吞吐率：25.78req/s] [内存消耗：3,485.70kb] [文件加载：73]
[ info ] [ LANG ] /www/wwwroot/www.ldkjmy.com/aaaa/yamaxun/thinkphp/lang/zh-cn.php
[ info ] [ LANG ] /www/wwwroot/www.ldkjmy.com/aaaa/yamaxun/app/lang/zh-cn.php
[ info ] [ CACHE ] INIT File
[ info ] [ ROUTE ] array (
  'type' => 'module',
  'module' => 
  array (
    0 => 'home',
    1 => 'Index',
    2 => 'index',
  ),
  'convert' => false,
)
[ info ] [ HEADER ] array (
  'connection' => 'close',
  'host' => 'www.ldkjmy.com',
  'accept-encoding' => 'gzip',
  'content-type' => '',
  'content-length' => '',
)
[ info ] [ PARAM ] array (
  'xxnew2018_url2' => 'x',
  'xxnew2018_url1' => 'x',
)
[ info ] [ LANG ] /www/wwwroot/www.ldkjmy.com/aaaa/yamaxun/app/home/lang/zh-cn.php
[ info ] [ SESSION ] INIT array (
  'id' => '',
  'var_session_id' => '',
  'prefix' => 'think',
  'type' => '',
  'auto_start' => true,
)
[ info ] [ BEHAVIOR ] Run Closure @action_begin [ RunTime:0.001434s ]
[ info ] [ RUN ] app\home\controller\Index->index[ /www/wwwroot/www.ldkjmy.com/aaaa/yamaxun/app/home/controller/Index.php ]
[ info ] [ BEHAVIOR ] Run app\admin\behavior\Cron @app_end [ RunTime:0.000669s ]
[ info ] [ LOG ] INIT File
---------------------------------------------------------------
[ 2019-11-04T22:23:49+08:00 ] 172.21.0.9 120.25.208.128 GET /
[ info ] www.ldkjmy.com/ [运行时间：0.038917s][吞吐率：25.70req/s] [内存消耗：3,485.10kb] [文件加载：73]
[ info ] [ LANG ] /www/wwwroot/www.ldkjmy.com/aaaa/yamaxun/thinkphp/lang/zh-cn.php
[ info ] [ LANG ] /www/wwwroot/www.ldkjmy.com/aaaa/yamaxun/app/lang/zh-cn.php
[ info ] [ CACHE ] INIT File
[ info ] [ ROUTE ] array (
  'type' => 'module',
  'module' => 
  array (
    0 => 'home',
    1 => 'Index',
    2 => 'index',
  ),
  'convert' => false,
)
[ info ] [ HEADER ] array (
  'host' => 'www.ldkjmy.com',
  'user-agent' => 'Mozilla/5.0 (Windows NT 10.0; Win64; x64) AppleWebKit/537.36 (KHTML, like Gecko) Chrome/53.0.2785.143 Safari/537.36',
  'accept' => '*/*',
  'accept-encoding' => 'gzip,deflate',
  'content-type' => '',
  'content-length' => '',
)
[ info ] [ PARAM ] array (
)
[ info ] [ LANG ] /www/wwwroot/www.ldkjmy.com/aaaa/yamaxun/app/home/lang/zh-cn.php
[ info ] [ SESSION ] INIT array (
  'id' => '',
  'var_session_id' => '',
  'prefix' => 'think',
  'type' => '',
  'auto_start' => true,
)
[ info ] [ BEHAVIOR ] Run Closure @action_begin [ RunTime:0.001435s ]
[ info ] [ RUN ] app\home\controller\Index->index[ /www/wwwroot/www.ldkjmy.com/aaaa/yamaxun/app/home/controller/Index.php ]
[ info ] [ BEHAVIOR ] Run app\admin\behavior\Cron @app_end [ RunTime:0.002363s ]
[ info ] [ LOG ] INIT File
