---------------------------------------------------------------
[ 2019-11-15T22:47:45+08:00 ] 172.21.0.9 183.185.40.72 GET /public/datePicker/bootstrap-datepicker.css.map
[ info ] www.ldkjmy.com/public/datePicker/bootstrap-datepicker.css.map [运行时间：0.027940s][吞吐率：35.79req/s] [内存消耗：2,517.73kb] [文件加载：56]
[ info ] [ LANG ] /www/wwwroot/www.ldkjmy.com/aaaa/yamaxun/thinkphp/lang/zh-cn.php
[ info ] [ LANG ] /www/wwwroot/www.ldkjmy.com/aaaa/yamaxun/app/lang/zh-cn.php
[ info ] [ CACHE ] INIT File
[ info ] [ ROUTE ] array (
  'type' => 'module',
  'module' => 
  array (
    0 => 'public',
    1 => 'datePicker',
    2 => 'bootstrap-datepicker.css.map',
  ),
)
[ info ] [ HEADER ] array (
  'host' => 'www.ldkjmy.com',
  'connection' => 'keep-alive',
  'user-agent' => 'Mozilla/5.0 (Windows NT 6.1; WOW64) AppleWebKit/537.36 (KHTML, like Gecko) Chrome/78.0.3904.97 Safari/537.36',
  'aceept-encoding' => 'gzip, deflate',
  'accept-language' => 'zh-CN,zh;q=0.9',
  'cookie' => 'aid=1; Hm_lvt_416c770ac83a9d996d7b3793f8c4994d=1573371530,1573485665,1573564571,1573656034; PHPSESSID=724ghinro6msmlun76do7cn3o3; signin_token=3dcee81d91bbe3780795f4c767a1855ec695aa65; yf_logged_user=Qhif3ciC84--eh05t',
  'content-type' => '',
  'content-length' => '',
)
[ info ] [ PARAM ] array (
)
[ info ] [ LOG ] INIT File
---------------------------------------------------------------
[ 2019-11-15T22:47:49+08:00 ] 172.21.0.9 183.185.40.72 GET /admin/product/product_add.html
[ info ] www.ldkjmy.com/admin/product/product_add.html [运行时间：0.089101s][吞吐率：11.22req/s] [内存消耗：5,889.77kb] [文件加载：80]
[ info ] [ LANG ] /www/wwwroot/www.ldkjmy.com/aaaa/yamaxun/thinkphp/lang/zh-cn.php
[ info ] [ LANG ] /www/wwwroot/www.ldkjmy.com/aaaa/yamaxun/app/lang/zh-cn.php
[ info ] [ CACHE ] INIT File
[ info ] [ ROUTE ] array (
  'type' => 'module',
  'module' => 
  array (
    0 => 'admin',
    1 => 'product',
    2 => 'product_add',
  ),
)
[ info ] [ HEADER ] array (
  'host' => 'www.ldkjmy.com',
  'connection' => 'keep-alive',
  'upgrade-insecure-requests' => '1',
  'user-agent' => 'Mozilla/5.0 (Windows NT 6.1; WOW64) AppleWebKit/537.36 (KHTML, like Gecko) Chrome/78.0.3904.97 Safari/537.36',
  'accept' => 'text/html,application/xhtml+xml,application/xml;q=0.9,image/webp,image/apng,*/*;q=0.8,application/signed-exchange;v=b3',
  'referer' => 'http://www.ldkjmy.com/admin/index/index.html',
  'acccpt-encoding' => 'gzip, deflate',
  'accept-language' => 'zh-CN,zh;q=0.9',
  'cookie' => 'aid=1; Hm_lvt_416c770ac83a9d996d7b3793f8c4994d=1573371530,1573485665,1573564571,1573656034; PHPSESSID=724ghinro6msmlun76do7cn3o3; signin_token=3dcee81d91bbe3780795f4c767a1855ec695aa65; yf_logged_user=Qhif3ciC84--eh05t',
  'content-type' => '',
  'content-length' => '',
)
[ info ] [ PARAM ] array (
)
[ info ] [ DB ] INIT mysql
[ info ] [ SESSION ] INIT array (
  'id' => '',
  'var_session_id' => '',
  'prefix' => 'think',
  'type' => '',
  'auto_start' => true,
)
[ info ] [ BEHAVIOR ] Run Closure @action_begin [ RunTime:0.001253s ]
[ info ] [ RUN ] app\admin\controller\Product->product_add[ /www/wwwroot/www.ldkjmy.com/aaaa/yamaxun/app/admin/controller/Product.php ]
[ info ] [ VIEW ] /www/wwwroot/www.ldkjmy.com/aaaa/yamaxun/app/admin/view/product/product_add.html [ array (
  0 => 'lang',
  1 => 'menus',
  2 => 'menus_curr',
  3 => 'menus_child',
  4 => 'id_curr',
  5 => 'admin_avatar',
  6 => 'admin_list',
  7 => 'sku',
  8 => 'kucun',
  9 => 'menu',
  10 => 'news_columnid',
  11 => 'source',
  12 => 'diyflag',
) ]
[ info ] [ BEHAVIOR ] Run app\admin\behavior\Cron @app_end [ RunTime:0.000461s ]
[ info ] [ LOG ] INIT File
[ sql ] [ DB ] CONNECT:[ UseTime:0.000187s ] mysql:dbname=www_ldkjmy_com;host=localhost;port=3306;charset=utf8
[ sql ] [ SQL ] SHOW COLUMNS FROM `yf_auth_rule` [ RunTime:0.000743s ]
[ sql ] [ SQL ] SELECT `id` FROM `yf_auth_rule` WHERE  `name` = 'admin/Product/product_add' ORDER BY level desc,sort LIMIT 1 [ RunTime:0.000146s ]
[ sql ] [ SQL ] SELECT `id`,`pid` FROM `yf_auth_rule` ORDER BY level desc,sort [ RunTime:0.000204s ]
[ sql ] [ SQL ] SELECT `id` FROM `yf_auth_rule` WHERE  `name` = 'admin/Product/product_add'  AND `status` = 1 ORDER BY level desc,sort LIMIT 1 [ RunTime:0.002984s ]
[ sql ] [ SQL ] SELECT `pid` FROM `yf_auth_rule` WHERE  `id` = 12 LIMIT 1 [ RunTime:0.000123s ]
[ sql ] [ SQL ] SELECT * FROM `yf_auth_rule` WHERE  `status` = 1  AND `pid` = 7 ORDER BY `sort` [ RunTime:0.000624s ]
[ sql ] [ SQL ] SHOW COLUMNS FROM `yf_admin` [ RunTime:0.000838s ]
[ sql ] [ SQL ] SELECT `admin_id`,`en_name`,`en_brand` FROM `yf_admin` WHERE  (  admin_id = 1 ) [ RunTime:0.000118s ]
[ sql ] [ SQL ] SHOW COLUMNS FROM `yf_diyflag` [ RunTime:0.000408s ]
[ sql ] [ SQL ] SELECT * FROM `yf_diyflag` [ RunTime:0.000167s ]
[ sql ] [ SQL ] SHOW COLUMNS FROM `yf_source` [ RunTime:0.000462s ]
[ sql ] [ SQL ] SELECT * FROM `yf_source` [ RunTime:0.000096s ]
---------------------------------------------------------------
[ 2019-11-15T22:47:50+08:00 ] 172.21.0.9 183.185.40.72 GET /public/datePicker/bootstrap-datepicker.css.map
[ info ] www.ldkjmy.com/public/datePicker/bootstrap-datepicker.css.map [运行时间：0.028306s][吞吐率：35.33req/s] [内存消耗：2,517.39kb] [文件加载：56]
[ info ] [ LANG ] /www/wwwroot/www.ldkjmy.com/aaaa/yamaxun/thinkphp/lang/zh-cn.php
[ info ] [ LANG ] /www/wwwroot/www.ldkjmy.com/aaaa/yamaxun/app/lang/zh-cn.php
[ info ] [ CACHE ] INIT File
[ info ] [ ROUTE ] array (
  'type' => 'module',
  'module' => 
  array (
    0 => 'public',
    1 => 'datePicker',
    2 => 'bootstrap-datepicker.css.map',
  ),
)
[ info ] [ HEADER ] array (
  'host' => 'www.ldkjmy.com',
  'connection' => 'keep-alive',
  'user-agent' => 'Mozilla/5.0 (Windows NT 6.1; WOW64) AppleWebKit/537.36 (KHTML, like Gecko) Chrome/78.0.3904.97 Safari/537.36',
  'accept-encoding' => 'gzip, deflate',
  'accept-language' => 'zh-CN,zh;q=0.9',
  'cookie' => 'aid=1; Hm_lvt_416c770ac83a9d996d7b3793f8c4994d=1573371530,1573485665,1573564571,1573656034; PHPSESSID=724ghinro6msmlun76do7cn3o3; signin_token=3dcee81d91bbe3780795f4c767a1855ec695aa65; yf_logged_user=Qhif3ciC84--eh05t',
  'content-type' => '',
  'content-length' => '',
)
[ info ] [ PARAM ] array (
)
[ info ] [ LOG ] INIT File
---------------------------------------------------------------
[ 2019-11-15T22:47:59+08:00 ] 172.21.0.9 183.185.40.72 POST /admin/product/product_translationguge.html
[ info ] www.ldkjmy.com/admin/product/product_translationguge.html [运行时间：1.058205s][吞吐率：0.94req/s] [内存消耗：5,255.80kb] [文件加载：77]
[ info ] [ LANG ] /www/wwwroot/www.ldkjmy.com/aaaa/yamaxun/thinkphp/lang/zh-cn.php
[ info ] [ LANG ] /www/wwwroot/www.ldkjmy.com/aaaa/yamaxun/app/lang/zh-cn.php
[ info ] [ CACHE ] INIT File
[ info ] [ ROUTE ] array (
  'type' => 'module',
  'module' => 
  array (
    0 => 'admin',
    1 => 'product',
    2 => 'product_translationguge',
  ),
)
[ info ] [ HEADER ] array (
  'host' => 'www.ldkjmy.com',
  'connection' => 'keep-alive',
  'content-length' => '41',
  'accept' => 'application/json, text/javascript, */*; q=0.01',
  'origin' => 'http://www.ldkjmy.com',
  'x-requested-with' => 'XMLHttpRequest',
  'user-agent' => 'Mozilla/5.0 (Windows NT 6.1; WOW64) AppleWebKit/537.36 (KHTML, like Gecko) Chrome/78.0.3904.97 Safari/537.36',
  'content-type' => 'application/x-www-form-urlencoded; charset=UTF-8',
  'referer' => 'http://www.ldkjmy.com/admin/product/product_add.html',
  'accept-encoding' => 'gzip, deflate',
  'accept-language' => 'zh-CN,zh;q=0.9',
  'cookie' => 'thinkphp_show_page_trace=0|0; aid=1; PHPSESSID=724ghinro6msmlun76do7cn3o3; signin_token=3dcee81d91bbe3780795f4c767a1855ec695aa65; yf_logged_user=Qhif3ciC84--eh05t; Hm_lvt_416c770ac83a9d996d7b3793f8c4994d=1573485665,1573564571,1573656034,1573829267; Hm_lpvt_416c770ac83a9d996d7b3793f8c4994d=1573829267',
)
[ info ] [ PARAM ] array (
  'title' => '你好',
  'yuzhong' => 'zh',
  'zhi' => '1',
)
[ info ] [ DB ] INIT mysql
[ info ] [ SESSION ] INIT array (
  'id' => '',
  'var_session_id' => '',
  'prefix' => 'think',
  'type' => '',
  'auto_start' => true,
)
[ info ] [ BEHAVIOR ] Run Closure @action_begin [ RunTime:0.001369s ]
[ info ] [ RUN ] app\admin\controller\Product->product_translationguge[ /www/wwwroot/www.ldkjmy.com/aaaa/yamaxun/app/admin/controller/Product.php ]
[ info ] [ LOG ] INIT File
[ sql ] [ DB ] CONNECT:[ UseTime:0.000218s ] mysql:dbname=www_ldkjmy_com;host=localhost;port=3306;charset=utf8
[ sql ] [ SQL ] SHOW COLUMNS FROM `yf_auth_rule` [ RunTime:0.000875s ]
[ sql ] [ SQL ] SELECT `id` FROM `yf_auth_rule` WHERE  `name` = 'admin/Product/product_translationguge' ORDER BY level desc,sort LIMIT 1 [ RunTime:0.000417s ]
[ sql ] [ SQL ] SELECT `id` FROM `yf_auth_rule` WHERE  `name` = 'admin/Product/product_translationguge' ORDER BY level desc,sort LIMIT 1 [ RunTime:0.000136s ]
[ sql ] [ SQL ] SELECT `id` FROM `yf_auth_rule` WHERE  `name` = 'admin/Product/product_translationguge'  AND `status` = 1 ORDER BY level desc,sort LIMIT 1 [ RunTime:0.000305s ]
[ sql ] [ SQL ] SELECT `id` FROM `yf_auth_rule` WHERE  `name` = 'admin/Product/product_translationguge'  AND `status` = 1 ORDER BY level desc,sort LIMIT 1 [ RunTime:0.000125s ]
[ sql ] [ SQL ] SELECT `pid` FROM `yf_auth_rule` WHERE  `id` = 0 LIMIT 1 [ RunTime:0.000107s ]
[ sql ] [ SQL ] SELECT * FROM `yf_auth_rule` WHERE  `status` = 1  AND `pid` = null ORDER BY `sort` [ RunTime:0.000153s ]
[ error ] [2]Missing argument 1 for dump(), called in /www/wwwroot/www.ldkjmy.com/aaaa/yamaxun/app/admin/controller/Product.php on line 536 and defined[/www/wwwroot/www.ldkjmy.com/aaaa/yamaxun/thinkphp/helper.php:265]
---------------------------------------------------------------
[ 2019-11-15T22:49:35+08:00 ] 172.21.0.9 183.185.40.72 POST /admin/product/product_translationguge.html
[ info ] www.ldkjmy.com/admin/product/product_translationguge.html [运行时间：1.047043s][吞吐率：0.96req/s] [内存消耗：5,125.16kb] [文件加载：71]
[ info ] [ LANG ] /www/wwwroot/www.ldkjmy.com/aaaa/yamaxun/thinkphp/lang/zh-cn.php
[ info ] [ LANG ] /www/wwwroot/www.ldkjmy.com/aaaa/yamaxun/app/lang/zh-cn.php
[ info ] [ CACHE ] INIT File
[ info ] [ ROUTE ] array (
  'type' => 'module',
  'module' => 
  array (
    0 => 'admin',
    1 => 'product',
    2 => 'product_translationguge',
  ),
)
[ info ] [ HEADER ] array (
  'host' => 'www.ldkjmy.com',
  'connection' => 'keep-alive',
  'content-length' => '41',
  'accept' => 'application/json, text/javascript, */*; q=0.01',
  'origin' => 'http://www.ldkjmy.com',
  'x-requested-with' => 'XMLHttpRequest',
  'user-agent' => 'Mozilla/5.0 (Windows NT 6.1; WOW64) AppleWebKit/537.36 (KHTML, like Gecko) Chrome/78.0.3904.97 Safari/537.36',
  'content-type' => 'application/x-www-form-urlencoded; charset=UTF-8',
  'referer' => 'http://www.ldkjmy.com/admin/product/product_add.html',
  'accept-encoding' => 'gzip, deflate',
  'accept-language' => 'zh-CN,zh;q=0.9',
  'cookie' => 'thinkphp_show_page_trace=0|0; aid=1; PHPSESSID=724ghinro6msmlun76do7cn3o3; signin_token=3dcee81d91bbe3780795f4c767a1855ec695aa65; yf_logged_user=Qhif3ciC84--eh05t; Hm_lvt_416c770ac83a9d996d7b3793f8c4994d=1573485665,1573564571,1573656034,1573829267; Hm_lpvt_416c770ac83a9d996d7b3793f8c4994d=1573829267',
)
[ info ] [ PARAM ] array (
  'title' => '你好',
  'yuzhong' => 'zh',
  'zhi' => '1',
)
[ info ] [ DB ] INIT mysql
[ info ] [ SESSION ] INIT array (
  'id' => '',
  'var_session_id' => '',
  'prefix' => 'think',
  'type' => '',
  'auto_start' => true,
)
[ info ] [ BEHAVIOR ] Run Closure @action_begin [ RunTime:0.001540s ]
[ info ] [ RUN ] app\admin\controller\Product->product_translationguge[ /www/wwwroot/www.ldkjmy.com/aaaa/yamaxun/app/admin/controller/Product.php ]
[ info ] [ LOG ] INIT File
[ sql ] [ DB ] CONNECT:[ UseTime:0.000193s ] mysql:dbname=www_ldkjmy_com;host=localhost;port=3306;charset=utf8
[ sql ] [ SQL ] SHOW COLUMNS FROM `yf_auth_rule` [ RunTime:0.000787s ]
[ sql ] [ SQL ] SELECT `id` FROM `yf_auth_rule` WHERE  `name` = 'admin/Product/product_translationguge' ORDER BY level desc,sort LIMIT 1 [ RunTime:0.000152s ]
[ sql ] [ SQL ] SELECT `id` FROM `yf_auth_rule` WHERE  `name` = 'admin/Product/product_translationguge' ORDER BY level desc,sort LIMIT 1 [ RunTime:0.000106s ]
[ sql ] [ SQL ] SELECT `id` FROM `yf_auth_rule` WHERE  `name` = 'admin/Product/product_translationguge'  AND `status` = 1 ORDER BY level desc,sort LIMIT 1 [ RunTime:0.000136s ]
[ sql ] [ SQL ] SELECT `id` FROM `yf_auth_rule` WHERE  `name` = 'admin/Product/product_translationguge'  AND `status` = 1 ORDER BY level desc,sort LIMIT 1 [ RunTime:0.000139s ]
[ sql ] [ SQL ] SELECT `pid` FROM `yf_auth_rule` WHERE  `id` = 0 LIMIT 1 [ RunTime:0.000147s ]
[ sql ] [ SQL ] SELECT * FROM `yf_auth_rule` WHERE  `status` = 1  AND `pid` = null ORDER BY `sort` [ RunTime:0.000178s ]
---------------------------------------------------------------
[ 2019-11-15T22:50:58+08:00 ] 172.21.0.9 183.185.40.72 GET /admin/product/product_add.html
[ info ] www.ldkjmy.com/admin/product/product_add.html [运行时间：0.071621s][吞吐率：13.96req/s] [内存消耗：5,364.59kb] [文件加载：78]
[ info ] [ LANG ] /www/wwwroot/www.ldkjmy.com/aaaa/yamaxun/thinkphp/lang/zh-cn.php
[ info ] [ LANG ] /www/wwwroot/www.ldkjmy.com/aaaa/yamaxun/app/lang/zh-cn.php
[ info ] [ CACHE ] INIT File
[ info ] [ ROUTE ] array (
  'type' => 'module',
  'module' => 
  array (
    0 => 'admin',
    1 => 'product',
    2 => 'product_add',
  ),
)
[ info ] [ HEADER ] array (
  'host' => 'www.ldkjmy.com',
  'connection' => 'keep-alive',
  'cache-control' => 'max-age=0',
  'upgrade-insecure-requests' => '1',
  'user-agent' => 'Mozilla/5.0 (Windows NT 6.1; WOW64) AppleWebKit/537.36 (KHTML, like Gecko) Chrome/78.0.3904.97 Safari/537.36',
  'accept' => 'text/html,application/xhtml+xml,application/xml;q=0.9,image/webp,image/apng,*/*;q=0.8,application/signed-exchange;v=b3',
  'referer' => 'http://www.ldkjmy.com/admin/index/index.html',
  'accept-encoding' => 'gzip, deflate',
  'accept-language' => 'zh-CN,zh;q=0.9',
  'cookie' => 'thinkphp_show_page_trace=0|0; aid=1; PHPSESSID=724ghinro6msmlun76do7cn3o3; signin_token=3dcee81d91bbe3780795f4c767a1855ec695aa65; yf_logged_user=Qhif3ciC84--eh05t; Hm_lvt_416c770ac83a9d996d7b3793f8c4994d=1573485665,1573564571,1573656034,1573829267; Hm_lpvt_416c770ac83a9d996d7b3793f8c4994d=1573829267',
  'content-type' => '',
  'content-length' => '',
)
[ info ] [ PARAM ] array (
)
[ info ] [ DB ] INIT mysql
[ info ] [ SESSION ] INIT array (
  'id' => '',
  'var_session_id' => '',
  'prefix' => 'think',
  'type' => '',
  'auto_start' => true,
)
[ info ] [ BEHAVIOR ] Run Closure @action_begin [ RunTime:0.001543s ]
[ info ] [ RUN ] app\admin\controller\Product->product_add[ /www/wwwroot/www.ldkjmy.com/aaaa/yamaxun/app/admin/controller/Product.php ]
[ info ] [ VIEW ] /www/wwwroot/www.ldkjmy.com/aaaa/yamaxun/app/admin/view/product/product_add.html [ array (
  0 => 'lang',
  1 => 'menus',
  2 => 'menus_curr',
  3 => 'menus_child',
  4 => 'id_curr',
  5 => 'admin_avatar',
  6 => 'admin_list',
  7 => 'sku',
  8 => 'kucun',
  9 => 'menu',
  10 => 'news_columnid',
  11 => 'source',
  12 => 'diyflag',
) ]
[ info ] [ BEHAVIOR ] Run app\admin\behavior\Cron @app_end [ RunTime:0.000539s ]
[ info ] [ LOG ] INIT File
[ sql ] [ DB ] CONNECT:[ UseTime:0.000499s ] mysql:dbname=www_ldkjmy_com;host=localhost;port=3306;charset=utf8
[ sql ] [ SQL ] SHOW COLUMNS FROM `yf_auth_rule` [ RunTime:0.000917s ]
[ sql ] [ SQL ] SELECT `id` FROM `yf_auth_rule` WHERE  `name` = 'admin/Product/product_add' ORDER BY level desc,sort LIMIT 1 [ RunTime:0.000200s ]
[ sql ] [ SQL ] SELECT `id`,`pid` FROM `yf_auth_rule` ORDER BY level desc,sort [ RunTime:0.000296s ]
[ sql ] [ SQL ] SELECT `id` FROM `yf_auth_rule` WHERE  `name` = 'admin/Product/product_add'  AND `status` = 1 ORDER BY level desc,sort LIMIT 1 [ RunTime:0.000227s ]
[ sql ] [ SQL ] SELECT `pid` FROM `yf_auth_rule` WHERE  `id` = 12 LIMIT 1 [ RunTime:0.000125s ]
[ sql ] [ SQL ] SELECT * FROM `yf_auth_rule` WHERE  `status` = 1  AND `pid` = 7 ORDER BY `sort` [ RunTime:0.000194s ]
[ sql ] [ SQL ] SHOW COLUMNS FROM `yf_admin` [ RunTime:0.000886s ]
[ sql ] [ SQL ] SELECT `admin_id`,`en_name`,`en_brand` FROM `yf_admin` WHERE  (  admin_id = 1 ) [ RunTime:0.000138s ]
[ sql ] [ SQL ] SHOW COLUMNS FROM `yf_diyflag` [ RunTime:0.000592s ]
[ sql ] [ SQL ] SELECT * FROM `yf_diyflag` [ RunTime:0.000136s ]
[ sql ] [ SQL ] SHOW COLUMNS FROM `yf_source` [ RunTime:0.000571s ]
[ sql ] [ SQL ] SELECT * FROM `yf_source` [ RunTime:0.000151s ]
---------------------------------------------------------------
[ 2019-11-15T22:50:59+08:00 ] 172.21.0.9 183.185.40.72 GET /public/datePicker/bootstrap-datepicker.css.map
[ info ] www.ldkjmy.com/public/datePicker/bootstrap-datepicker.css.map [运行时间：0.031660s][吞吐率：31.59req/s] [内存消耗：2,517.23kb] [文件加载：56]
[ info ] [ LANG ] /www/wwwroot/www.ldkjmy.com/aaaa/yamaxun/thinkphp/lang/zh-cn.php
[ info ] [ LANG ] /www/wwwroot/www.ldkjmy.com/aaaa/yamaxun/app/lang/zh-cn.php
[ info ] [ CACHE ] INIT File
[ info ] [ ROUTE ] array (
  'type' => 'module',
  'module' => 
  array (
    0 => 'public',
    1 => 'datePicker',
    2 => 'bootstrap-datepicker.css.map',
  ),
)
[ info ] [ HEADER ] array (
  'host' => 'www.ldkjmy.com',
  'connection' => 'keep-alive',
  'user-agent' => 'Mozilla/5.0 (Windows NT 6.1; WOW64) AppleWebKit/537.36 (KHTML, like Gecko) Chrome/78.0.3904.97 Safari/537.36',
  'accept-encoding' => 'gzip, deflate',
  'accept-language' => 'zh-CN,zh;q=0.9',
  'cookie' => 'aid=1; PHPSESSID=724ghinro6msmlun76do7cn3o3; signin_token=3dcee81d91bbe3780795f4c767a1855ec695aa65; yf_logged_user=Qhif3ciC84--eh05t; Hm_lvt_416c770ac83a9d996d7b3793f8c4994d=1573485665,1573564571,1573656034,1573829267; Hm_lpvt_416c770ac83a9d996d7b3793f8c4994d=1573829267',
  'content-type' => '',
  'content-length' => '',
)
[ info ] [ PARAM ] array (
)
[ info ] [ LOG ] INIT File
---------------------------------------------------------------
[ 2019-11-15T22:51:07+08:00 ] 172.21.0.9 183.185.40.72 POST /admin/product/product_translationguge.html
[ info ] www.ldkjmy.com/admin/product/product_translationguge.html [运行时间：1.055153s][吞吐率：0.95req/s] [内存消耗：5,125.11kb] [文件加载：71]
[ info ] [ LANG ] /www/wwwroot/www.ldkjmy.com/aaaa/yamaxun/thinkphp/lang/zh-cn.php
[ info ] [ LANG ] /www/wwwroot/www.ldkjmy.com/aaaa/yamaxun/app/lang/zh-cn.php
[ info ] [ CACHE ] INIT File
[ info ] [ ROUTE ] array (
  'type' => 'module',
  'module' => 
  array (
    0 => 'admin',
    1 => 'product',
    2 => 'product_translationguge',
  ),
)
[ info ] [ HEADER ] array (
  'host' => 'www.ldkjmy.com',
  'connection' => 'keep-alive',
  'content-length' => '50',
  'accept' => 'application/json, text/javascript, */*; q=0.01',
  'origin' => 'http://www.ldkjmy.com',
  'x-requested-with' => 'XMLHttpRequest',
  'user-agent' => 'Mozilla/5.0 (Windows NT 6.1; WOW64) AppleWebKit/537.36 (KHTML, like Gecko) Chrome/78.0.3904.97 Safari/537.36',
  'content-type' => 'application/x-www-form-urlencoded; charset=UTF-8',
  'referer' => 'http://www.ldkjmy.com/admin/product/product_add.html',
  'accept-encoding' => 'gzip, deflate',
  'accept-language' => 'zh-CN,zh;q=0.9',
  'cookie' => 'thinkphp_show_page_trace=0|0; aid=1; PHPSESSID=724ghinro6msmlun76do7cn3o3; signin_token=3dcee81d91bbe3780795f4c767a1855ec695aa65; yf_logged_user=Qhif3ciC84--eh05t; Hm_lvt_416c770ac83a9d996d7b3793f8c4994d=1573485665,1573564571,1573656034,1573829267; Hm_lpvt_416c770ac83a9d996d7b3793f8c4994d=1573829267',
)
[ info ] [ PARAM ] array (
  'title' => '你好吗',
  'yuzhong' => 'zh',
  'zhi' => '1',
)
[ info ] [ DB ] INIT mysql
[ info ] [ SESSION ] INIT array (
  'id' => '',
  'var_session_id' => '',
  'prefix' => 'think',
  'type' => '',
  'auto_start' => true,
)
[ info ] [ BEHAVIOR ] Run Closure @action_begin [ RunTime:0.001558s ]
[ info ] [ RUN ] app\admin\controller\Product->product_translationguge[ /www/wwwroot/www.ldkjmy.com/aaaa/yamaxun/app/admin/controller/Product.php ]
[ info ] [ LOG ] INIT File
[ sql ] [ DB ] CONNECT:[ UseTime:0.000222s ] mysql:dbname=www_ldkjmy_com;host=localhost;port=3306;charset=utf8
[ sql ] [ SQL ] SHOW COLUMNS FROM `yf_auth_rule` [ RunTime:0.000784s ]
[ sql ] [ SQL ] SELECT `id` FROM `yf_auth_rule` WHERE  `name` = 'admin/Product/product_translationguge' ORDER BY level desc,sort LIMIT 1 [ RunTime:0.000258s ]
[ sql ] [ SQL ] SELECT `id` FROM `yf_auth_rule` WHERE  `name` = 'admin/Product/product_translationguge' ORDER BY level desc,sort LIMIT 1 [ RunTime:0.000110s ]
[ sql ] [ SQL ] SELECT `id` FROM `yf_auth_rule` WHERE  `name` = 'admin/Product/product_translationguge'  AND `status` = 1 ORDER BY level desc,sort LIMIT 1 [ RunTime:0.000167s ]
[ sql ] [ SQL ] SELECT `id` FROM `yf_auth_rule` WHERE  `name` = 'admin/Product/product_translationguge'  AND `status` = 1 ORDER BY level desc,sort LIMIT 1 [ RunTime:0.000166s ]
[ sql ] [ SQL ] SELECT `pid` FROM `yf_auth_rule` WHERE  `id` = 0 LIMIT 1 [ RunTime:0.000152s ]
[ sql ] [ SQL ] SELECT * FROM `yf_auth_rule` WHERE  `status` = 1  AND `pid` = null ORDER BY `sort` [ RunTime:0.000244s ]
---------------------------------------------------------------
[ 2019-11-15T22:51:52+08:00 ] 172.21.0.9 183.185.40.72 GET /admin/product/product_add.html
[ info ] www.ldkjmy.com/admin/product/product_add.html [运行时间：0.072037s][吞吐率：13.88req/s] [内存消耗：5,364.68kb] [文件加载：78]
[ info ] [ LANG ] /www/wwwroot/www.ldkjmy.com/aaaa/yamaxun/thinkphp/lang/zh-cn.php
[ info ] [ LANG ] /www/wwwroot/www.ldkjmy.com/aaaa/yamaxun/app/lang/zh-cn.php
[ info ] [ CACHE ] INIT File
[ info ] [ ROUTE ] array (
  'type' => 'module',
  'module' => 
  array (
    0 => 'admin',
    1 => 'product',
    2 => 'product_add',
  ),
)
[ info ] [ HEADER ] array (
  'host' => 'www.ldkjmy.com',
  'connection' => 'keep-alive',
  'cache-control' => 'max-age=0',
  'upgrade-insecure-requests' => '1',
  'user-agent' => 'Mozilla/5.0 (Windows NT 6.1; WOW64) AppleWebKit/537.36 (KHTML, like Gecko) Chrome/78.0.3904.97 Safari/537.36',
  'accept' => 'text/html,application/xhtml+xml,application/xml;q=0.9,image/webp,image/apng,*/*;q=0.8,application/signed-exchange;v=b3',
  'referer' => 'http://www.ldkjmy.com/admin/index/index.html',
  'accept-encoding' => 'gzip, deflate',
  'accept-language' => 'zh-CN,zh;q=0.9',
  'cookie' => 'thinkphp_show_page_trace=0|0; aid=1; PHPSESSID=724ghinro6msmlun76do7cn3o3; signin_token=3dcee81d91bbe3780795f4c767a1855ec695aa65; yf_logged_user=Qhif3ciC84--eh05t; Hm_lvt_416c770ac83a9d996d7b3793f8c4994d=1573485665,1573564571,1573656034,1573829267; Hm_lpvt_416c770ac83a9d996d7b3793f8c4994d=1573829267',
  'content-type' => '',
  'content-length' => '',
)
[ info ] [ PARAM ] array (
)
[ info ] [ DB ] INIT mysql
[ info ] [ SESSION ] INIT array (
  'id' => '',
  'var_session_id' => '',
  'prefix' => 'think',
  'type' => '',
  'auto_start' => true,
)
[ info ] [ BEHAVIOR ] Run Closure @action_begin [ RunTime:0.001463s ]
[ info ] [ RUN ] app\admin\controller\Product->product_add[ /www/wwwroot/www.ldkjmy.com/aaaa/yamaxun/app/admin/controller/Product.php ]
[ info ] [ VIEW ] /www/wwwroot/www.ldkjmy.com/aaaa/yamaxun/app/admin/view/product/product_add.html [ array (
  0 => 'lang',
  1 => 'menus',
  2 => 'menus_curr',
  3 => 'menus_child',
  4 => 'id_curr',
  5 => 'admin_avatar',
  6 => 'admin_list',
  7 => 'sku',
  8 => 'kucun',
  9 => 'menu',
  10 => 'news_columnid',
  11 => 'source',
  12 => 'diyflag',
) ]
[ info ] [ BEHAVIOR ] Run app\admin\behavior\Cron @app_end [ RunTime:0.000594s ]
[ info ] [ LOG ] INIT File
[ sql ] [ DB ] CONNECT:[ UseTime:0.000266s ] mysql:dbname=www_ldkjmy_com;host=localhost;port=3306;charset=utf8
[ sql ] [ SQL ] SHOW COLUMNS FROM `yf_auth_rule` [ RunTime:0.000850s ]
[ sql ] [ SQL ] SELECT `id` FROM `yf_auth_rule` WHERE  `name` = 'admin/Product/product_add' ORDER BY level desc,sort LIMIT 1 [ RunTime:0.000208s ]
[ sql ] [ SQL ] SELECT `id`,`pid` FROM `yf_auth_rule` ORDER BY level desc,sort [ RunTime:0.000269s ]
[ sql ] [ SQL ] SELECT `id` FROM `yf_auth_rule` WHERE  `name` = 'admin/Product/product_add'  AND `status` = 1 ORDER BY level desc,sort LIMIT 1 [ RunTime:0.000146s ]
[ sql ] [ SQL ] SELECT `pid` FROM `yf_auth_rule` WHERE  `id` = 12 LIMIT 1 [ RunTime:0.000139s ]
[ sql ] [ SQL ] SELECT * FROM `yf_auth_rule` WHERE  `status` = 1  AND `pid` = 7 ORDER BY `sort` [ RunTime:0.000199s ]
[ sql ] [ SQL ] SHOW COLUMNS FROM `yf_admin` [ RunTime:0.000843s ]
[ sql ] [ SQL ] SELECT `admin_id`,`en_name`,`en_brand` FROM `yf_admin` WHERE  (  admin_id = 1 ) [ RunTime:0.000151s ]
[ sql ] [ SQL ] SHOW COLUMNS FROM `yf_diyflag` [ RunTime:0.000526s ]
[ sql ] [ SQL ] SELECT * FROM `yf_diyflag` [ RunTime:0.000166s ]
[ sql ] [ SQL ] SHOW COLUMNS FROM `yf_source` [ RunTime:0.000642s ]
[ sql ] [ SQL ] SELECT * FROM `yf_source` [ RunTime:0.000146s ]
---------------------------------------------------------------
[ 2019-11-15T22:51:53+08:00 ] 172.21.0.9 183.185.40.72 GET /public/datePicker/bootstrap-datepicker.css.map
[ info ] www.ldkjmy.com/public/datePicker/bootstrap-datepicker.css.map [运行时间：0.028737s][吞吐率：34.80req/s] [内存消耗：2,517.23kb] [文件加载：56]
[ info ] [ LANG ] /www/wwwroot/www.ldkjmy.com/aaaa/yamaxun/thinkphp/lang/zh-cn.php
[ info ] [ LANG ] /www/wwwroot/www.ldkjmy.com/aaaa/yamaxun/app/lang/zh-cn.php
[ info ] [ CACHE ] INIT File
[ info ] [ ROUTE ] array (
  'type' => 'module',
  'module' => 
  array (
    0 => 'public',
    1 => 'datePicker',
    2 => 'bootstrap-datepicker.css.map',
  ),
)
[ info ] [ HEADER ] array (
  'host' => 'www.ldkjmy.com',
  'connection' => 'keep-alive',
  'user-agent' => 'Mozilla/5.0 (Windows NT 6.1; WOW64) AppleWebKit/537.36 (KHTML, like Gecko) Chrome/78.0.3904.97 Safari/537.36',
  'accept-encoding' => 'gzip, deflate',
  'accept-language' => 'zh-CN,zh;q=0.9',
  'cookie' => 'aid=1; PHPSESSID=724ghinro6msmlun76do7cn3o3; signin_token=3dcee81d91bbe3780795f4c767a1855ec695aa65; yf_logged_user=Qhif3ciC84--eh05t; Hm_lvt_416c770ac83a9d996d7b3793f8c4994d=1573485665,1573564571,1573656034,1573829267; Hm_lpvt_416c770ac83a9d996d7b3793f8c4994d=1573829267',
  'content-type' => '',
  'content-length' => '',
)
[ info ] [ PARAM ] array (
)
[ info ] [ LOG ] INIT File
---------------------------------------------------------------
[ 2019-11-15T22:51:59+08:00 ] 172.21.0.9 183.185.40.72 POST /admin/product/product_translationguge.html
[ info ] www.ldkjmy.com/admin/product/product_translationguge.html [运行时间：0.049293s][吞吐率：20.29req/s] [内存消耗：5,124.67kb] [文件加载：71]
[ info ] [ LANG ] /www/wwwroot/www.ldkjmy.com/aaaa/yamaxun/thinkphp/lang/zh-cn.php
[ info ] [ LANG ] /www/wwwroot/www.ldkjmy.com/aaaa/yamaxun/app/lang/zh-cn.php
[ info ] [ CACHE ] INIT File
[ info ] [ ROUTE ] array (
  'type' => 'module',
  'module' => 
  array (
    0 => 'admin',
    1 => 'product',
    2 => 'product_translationguge',
  ),
)
[ info ] [ HEADER ] array (
  'host' => 'www.ldkjmy.com',
  'connection' => 'keep-alive',
  'content-length' => '50',
  'accept' => 'application/json, text/javascript, */*; q=0.01',
  'origin' => 'http://www.ldkjmy.com',
  'x-requested-with' => 'XMLHttpRequest',
  'user-agent' => 'Mozilla/5.0 (Windows NT 6.1; WOW64) AppleWebKit/537.36 (KHTML, like Gecko) Chrome/78.0.3904.97 Safari/537.36',
  'content-type' => 'application/x-www-form-urlencoded; charset=UTF-8',
  'referer' => 'http://www.ldkjmy.com/admin/product/product_add.html',
  'accept-encoding' => 'gzip, deflate',
  'accept-language' => 'zh-CN,zh;q=0.9',
  'cookie' => 'thinkphp_show_page_trace=0|0; aid=1; PHPSESSID=724ghinro6msmlun76do7cn3o3; signin_token=3dcee81d91bbe3780795f4c767a1855ec695aa65; yf_logged_user=Qhif3ciC84--eh05t; Hm_lvt_416c770ac83a9d996d7b3793f8c4994d=1573485665,1573564571,1573656034,1573829267; Hm_lpvt_416c770ac83a9d996d7b3793f8c4994d=1573829267',
)
[ info ] [ PARAM ] array (
  'title' => '你好吗',
  'yuzhong' => 'zh',
  'zhi' => '1',
)
[ info ] [ DB ] INIT mysql
[ info ] [ SESSION ] INIT array (
  'id' => '',
  'var_session_id' => '',
  'prefix' => 'think',
  'type' => '',
  'auto_start' => true,
)
[ info ] [ BEHAVIOR ] Run Closure @action_begin [ RunTime:0.001891s ]
[ info ] [ RUN ] app\admin\controller\Product->product_translationguge[ /www/wwwroot/www.ldkjmy.com/aaaa/yamaxun/app/admin/controller/Product.php ]
[ info ] [ LOG ] INIT File
[ sql ] [ DB ] CONNECT:[ UseTime:0.000197s ] mysql:dbname=www_ldkjmy_com;host=localhost;port=3306;charset=utf8
[ sql ] [ SQL ] SHOW COLUMNS FROM `yf_auth_rule` [ RunTime:0.000732s ]
[ sql ] [ SQL ] SELECT `id` FROM `yf_auth_rule` WHERE  `name` = 'admin/Product/product_translationguge' ORDER BY level desc,sort LIMIT 1 [ RunTime:0.000151s ]
[ sql ] [ SQL ] SELECT `id` FROM `yf_auth_rule` WHERE  `name` = 'admin/Product/product_translationguge' ORDER BY level desc,sort LIMIT 1 [ RunTime:0.000112s ]
[ sql ] [ SQL ] SELECT `id` FROM `yf_auth_rule` WHERE  `name` = 'admin/Product/product_translationguge'  AND `status` = 1 ORDER BY level desc,sort LIMIT 1 [ RunTime:0.000184s ]
[ sql ] [ SQL ] SELECT `id` FROM `yf_auth_rule` WHERE  `name` = 'admin/Product/product_translationguge'  AND `status` = 1 ORDER BY level desc,sort LIMIT 1 [ RunTime:0.000163s ]
[ sql ] [ SQL ] SELECT `pid` FROM `yf_auth_rule` WHERE  `id` = 0 LIMIT 1 [ RunTime:0.000154s ]
[ sql ] [ SQL ] SELECT * FROM `yf_auth_rule` WHERE  `status` = 1  AND `pid` = null ORDER BY `sort` [ RunTime:0.000204s ]
---------------------------------------------------------------
[ 2019-11-15T22:53:29+08:00 ] 172.21.0.9 183.185.40.72 POST /admin/product/product_translationguge.html
[ info ] www.ldkjmy.com/admin/product/product_translationguge.html [运行时间：1.057540s][吞吐率：0.95req/s] [内存消耗：5,125.11kb] [文件加载：71]
[ info ] [ LANG ] /www/wwwroot/www.ldkjmy.com/aaaa/yamaxun/thinkphp/lang/zh-cn.php
[ info ] [ LANG ] /www/wwwroot/www.ldkjmy.com/aaaa/yamaxun/app/lang/zh-cn.php
[ info ] [ CACHE ] INIT File
[ info ] [ ROUTE ] array (
  'type' => 'module',
  'module' => 
  array (
    0 => 'admin',
    1 => 'product',
    2 => 'product_translationguge',
  ),
)
[ info ] [ HEADER ] array (
  'host' => 'www.ldkjmy.com',
  'connection' => 'keep-alive',
  'content-length' => '50',
  'accept' => 'application/json, text/javascript, */*; q=0.01',
  'origin' => 'http://www.ldkjmy.com',
  'x-requested-with' => 'XMLHttpRequest',
  'user-agent' => 'Mozilla/5.0 (Windows NT 6.1; WOW64) AppleWebKit/537.36 (KHTML, like Gecko) Chrome/78.0.3904.97 Safari/537.36',
  'content-type' => 'application/x-www-form-urlencoded; charset=UTF-8',
  'referer' => 'http://www.ldkjmy.com/admin/product/product_add.html',
  'accept-encoding' => 'gzip, deflate',
  'accept-language' => 'zh-CN,zh;q=0.9',
  'cookie' => 'thinkphp_show_page_trace=0|0; aid=1; PHPSESSID=724ghinro6msmlun76do7cn3o3; signin_token=3dcee81d91bbe3780795f4c767a1855ec695aa65; yf_logged_user=Qhif3ciC84--eh05t; Hm_lvt_416c770ac83a9d996d7b3793f8c4994d=1573485665,1573564571,1573656034,1573829267; Hm_lpvt_416c770ac83a9d996d7b3793f8c4994d=1573829267',
)
[ info ] [ PARAM ] array (
  'title' => '你好吗',
  'yuzhong' => 'zh',
  'zhi' => '1',
)
[ info ] [ DB ] INIT mysql
[ info ] [ SESSION ] INIT array (
  'id' => '',
  'var_session_id' => '',
  'prefix' => 'think',
  'type' => '',
  'auto_start' => true,
)
[ info ] [ BEHAVIOR ] Run Closure @action_begin [ RunTime:0.001399s ]
[ info ] [ RUN ] app\admin\controller\Product->product_translationguge[ /www/wwwroot/www.ldkjmy.com/aaaa/yamaxun/app/admin/controller/Product.php ]
[ info ] [ LOG ] INIT File
[ sql ] [ DB ] CONNECT:[ UseTime:0.000270s ] mysql:dbname=www_ldkjmy_com;host=localhost;port=3306;charset=utf8
[ sql ] [ SQL ] SHOW COLUMNS FROM `yf_auth_rule` [ RunTime:0.001031s ]
[ sql ] [ SQL ] SELECT `id` FROM `yf_auth_rule` WHERE  `name` = 'admin/Product/product_translationguge' ORDER BY level desc,sort LIMIT 1 [ RunTime:0.000197s ]
[ sql ] [ SQL ] SELECT `id` FROM `yf_auth_rule` WHERE  `name` = 'admin/Product/product_translationguge' ORDER BY level desc,sort LIMIT 1 [ RunTime:0.000153s ]
[ sql ] [ SQL ] SELECT `id` FROM `yf_auth_rule` WHERE  `name` = 'admin/Product/product_translationguge'  AND `status` = 1 ORDER BY level desc,sort LIMIT 1 [ RunTime:0.000198s ]
[ sql ] [ SQL ] SELECT `id` FROM `yf_auth_rule` WHERE  `name` = 'admin/Product/product_translationguge'  AND `status` = 1 ORDER BY level desc,sort LIMIT 1 [ RunTime:0.000219s ]
[ sql ] [ SQL ] SELECT `pid` FROM `yf_auth_rule` WHERE  `id` = 0 LIMIT 1 [ RunTime:0.000164s ]
[ sql ] [ SQL ] SELECT * FROM `yf_auth_rule` WHERE  `status` = 1  AND `pid` = null ORDER BY `sort` [ RunTime:0.000209s ]
---------------------------------------------------------------
[ 2019-11-15T22:54:35+08:00 ] 172.21.0.9 183.185.40.72 POST /admin/product/product_translationguge.html
[ info ] www.ldkjmy.com/admin/product/product_translationguge.html [运行时间：1.046170s][吞吐率：0.96req/s] [内存消耗：5,125.01kb] [文件加载：71]
[ info ] [ LANG ] /www/wwwroot/www.ldkjmy.com/aaaa/yamaxun/thinkphp/lang/zh-cn.php
[ info ] [ LANG ] /www/wwwroot/www.ldkjmy.com/aaaa/yamaxun/app/lang/zh-cn.php
[ info ] [ CACHE ] INIT File
[ info ] [ ROUTE ] array (
  'type' => 'module',
  'module' => 
  array (
    0 => 'admin',
    1 => 'product',
    2 => 'product_translationguge',
  ),
)
[ info ] [ HEADER ] array (
  'host' => 'www.ldkjmy.com',
  'connection' => 'keep-alive',
  'content-length' => '50',
  'accept' => 'application/json, text/javascript, */*; q=0.01',
  'origin' => 'http://www.ldkjmy.com',
  'x-requested-with' => 'XMLHttpRequest',
  'user-agent' => 'Mozilla/5.0 (Windows NT 6.1; WOW64) AppleWebKit/537.36 (KHTML, like Gecko) Chrome/78.0.3904.97 Safari/537.36',
  'content-type' => 'application/x-www-form-urlencoded; charset=UTF-8',
  'referer' => 'http://www.ldkjmy.com/admin/product/product_add.html',
  'accept-encoding' => 'gzip, deflate',
  'accept-language' => 'zh-CN,zh;q=0.9',
  'cookie' => 'thinkphp_show_page_trace=0|0; aid=1; PHPSESSID=724ghinro6msmlun76do7cn3o3; signin_token=3dcee81d91bbe3780795f4c767a1855ec695aa65; yf_logged_user=Qhif3ciC84--eh05t; Hm_lvt_416c770ac83a9d996d7b3793f8c4994d=1573485665,1573564571,1573656034,1573829267; Hm_lpvt_416c770ac83a9d996d7b3793f8c4994d=1573829267',
)
[ info ] [ PARAM ] array (
  'title' => '你好吗',
  'yuzhong' => 'zh',
  'zhi' => '1',
)
[ info ] [ DB ] INIT mysql
[ info ] [ SESSION ] INIT array (
  'id' => '',
  'var_session_id' => '',
  'prefix' => 'think',
  'type' => '',
  'auto_start' => true,
)
[ info ] [ BEHAVIOR ] Run Closure @action_begin [ RunTime:0.001213s ]
[ info ] [ RUN ] app\admin\controller\Product->product_translationguge[ /www/wwwroot/www.ldkjmy.com/aaaa/yamaxun/app/admin/controller/Product.php ]
[ info ] [ LOG ] INIT File
[ sql ] [ DB ] CONNECT:[ UseTime:0.000243s ] mysql:dbname=www_ldkjmy_com;host=localhost;port=3306;charset=utf8
[ sql ] [ SQL ] SHOW COLUMNS FROM `yf_auth_rule` [ RunTime:0.000737s ]
[ sql ] [ SQL ] SELECT `id` FROM `yf_auth_rule` WHERE  `name` = 'admin/Product/product_translationguge' ORDER BY level desc,sort LIMIT 1 [ RunTime:0.000170s ]
[ sql ] [ SQL ] SELECT `id` FROM `yf_auth_rule` WHERE  `name` = 'admin/Product/product_translationguge' ORDER BY level desc,sort LIMIT 1 [ RunTime:0.000110s ]
[ sql ] [ SQL ] SELECT `id` FROM `yf_auth_rule` WHERE  `name` = 'admin/Product/product_translationguge'  AND `status` = 1 ORDER BY level desc,sort LIMIT 1 [ RunTime:0.000133s ]
[ sql ] [ SQL ] SELECT `id` FROM `yf_auth_rule` WHERE  `name` = 'admin/Product/product_translationguge'  AND `status` = 1 ORDER BY level desc,sort LIMIT 1 [ RunTime:0.000169s ]
[ sql ] [ SQL ] SELECT `pid` FROM `yf_auth_rule` WHERE  `id` = 0 LIMIT 1 [ RunTime:0.000111s ]
[ sql ] [ SQL ] SELECT * FROM `yf_auth_rule` WHERE  `status` = 1  AND `pid` = null ORDER BY `sort` [ RunTime:0.000138s ]
---------------------------------------------------------------
[ 2019-11-15T22:55:23+08:00 ] 172.21.0.9 183.185.40.72 POST /admin/product/product_translationguge.html
[ info ] www.ldkjmy.com/admin/product/product_translationguge.html [运行时间：1.043704s][吞吐率：0.96req/s] [内存消耗：5,142.38kb] [文件加载：71]
[ info ] [ LANG ] /www/wwwroot/www.ldkjmy.com/aaaa/yamaxun/thinkphp/lang/zh-cn.php
[ info ] [ LANG ] /www/wwwroot/www.ldkjmy.com/aaaa/yamaxun/app/lang/zh-cn.php
[ info ] [ CACHE ] INIT File
[ info ] [ ROUTE ] array (
  'type' => 'module',
  'module' => 
  array (
    0 => 'admin',
    1 => 'product',
    2 => 'product_translationguge',
  ),
)
[ info ] [ HEADER ] array (
  'host' => 'www.ldkjmy.com',
  'connection' => 'keep-alive',
  'content-length' => '50',
  'accept' => 'application/json, text/javascript, */*; q=0.01',
  'origin' => 'http://www.ldkjmy.com',
  'x-requested-with' => 'XMLHttpRequest',
  'user-agent' => 'Mozilla/5.0 (Windows NT 6.1; WOW64) AppleWebKit/537.36 (KHTML, like Gecko) Chrome/78.0.3904.97 Safari/537.36',
  'content-type' => 'application/x-www-form-urlencoded; charset=UTF-8',
  'referer' => 'http://www.ldkjmy.com/admin/product/product_add.html',
  'accept-encoding' => 'gzip, deflate',
  'accept-language' => 'zh-CN,zh;q=0.9',
  'cookie' => 'thinkphp_show_page_trace=0|0; aid=1; PHPSESSID=724ghinro6msmlun76do7cn3o3; signin_token=3dcee81d91bbe3780795f4c767a1855ec695aa65; yf_logged_user=Qhif3ciC84--eh05t; Hm_lvt_416c770ac83a9d996d7b3793f8c4994d=1573485665,1573564571,1573656034,1573829267; Hm_lpvt_416c770ac83a9d996d7b3793f8c4994d=1573829267',
)
[ info ] [ PARAM ] array (
  'title' => '你好吗',
  'yuzhong' => 'zh',
  'zhi' => '1',
)
[ info ] [ DB ] INIT mysql
[ info ] [ SESSION ] INIT array (
  'id' => '',
  'var_session_id' => '',
  'prefix' => 'think',
  'type' => '',
  'auto_start' => true,
)
[ info ] [ BEHAVIOR ] Run Closure @action_begin [ RunTime:0.001312s ]
[ info ] [ RUN ] app\admin\controller\Product->product_translationguge[ /www/wwwroot/www.ldkjmy.com/aaaa/yamaxun/app/admin/controller/Product.php ]
[ info ] [ LOG ] INIT File
[ sql ] [ DB ] CONNECT:[ UseTime:0.000187s ] mysql:dbname=www_ldkjmy_com;host=localhost;port=3306;charset=utf8
[ sql ] [ SQL ] SHOW COLUMNS FROM `yf_auth_rule` [ RunTime:0.000647s ]
[ sql ] [ SQL ] SELECT `id` FROM `yf_auth_rule` WHERE  `name` = 'admin/Product/product_translationguge' ORDER BY level desc,sort LIMIT 1 [ RunTime:0.000145s ]
[ sql ] [ SQL ] SELECT `id` FROM `yf_auth_rule` WHERE  `name` = 'admin/Product/product_translationguge' ORDER BY level desc,sort LIMIT 1 [ RunTime:0.000107s ]
[ sql ] [ SQL ] SELECT `id` FROM `yf_auth_rule` WHERE  `name` = 'admin/Product/product_translationguge'  AND `status` = 1 ORDER BY level desc,sort LIMIT 1 [ RunTime:0.000159s ]
[ sql ] [ SQL ] SELECT `id` FROM `yf_auth_rule` WHERE  `name` = 'admin/Product/product_translationguge'  AND `status` = 1 ORDER BY level desc,sort LIMIT 1 [ RunTime:0.000123s ]
[ sql ] [ SQL ] SELECT `pid` FROM `yf_auth_rule` WHERE  `id` = 0 LIMIT 1 [ RunTime:0.000101s ]
[ sql ] [ SQL ] SELECT * FROM `yf_auth_rule` WHERE  `status` = 1  AND `pid` = null ORDER BY `sort` [ RunTime:0.000148s ]
---------------------------------------------------------------
[ 2019-11-15T22:58:12+08:00 ] 172.21.0.9 183.185.40.72 POST /admin/product/product_translationguge.html
[ info ] www.ldkjmy.com/admin/product/product_translationguge.html [运行时间：1.050885s][吞吐率：0.95req/s] [内存消耗：5,125.01kb] [文件加载：71]
[ info ] [ LANG ] /www/wwwroot/www.ldkjmy.com/aaaa/yamaxun/thinkphp/lang/zh-cn.php
[ info ] [ LANG ] /www/wwwroot/www.ldkjmy.com/aaaa/yamaxun/app/lang/zh-cn.php
[ info ] [ CACHE ] INIT File
[ info ] [ ROUTE ] array (
  'type' => 'module',
  'module' => 
  array (
    0 => 'admin',
    1 => 'product',
    2 => 'product_translationguge',
  ),
)
[ info ] [ HEADER ] array (
  'host' => 'www.ldkjmy.com',
  'connection' => 'keep-alive',
  'content-length' => '50',
  'accept' => 'application/json, text/javascript, */*; q=0.01',
  'origin' => 'http://www.ldkjmy.com',
  'x-requested-with' => 'XMLHttpRequest',
  'user-agent' => 'Mozilla/5.0 (Windows NT 6.1; WOW64) AppleWebKit/537.36 (KHTML, like Gecko) Chrome/78.0.3904.97 Safari/537.36',
  'content-type' => 'application/x-www-form-urlencoded; charset=UTF-8',
  'referer' => 'http://www.ldkjmy.com/admin/product/product_add.html',
  'accept-encoding' => 'gzip, deflate',
  'accept-language' => 'zh-CN,zh;q=0.9',
  'cookie' => 'thinkphp_show_page_trace=0|0; aid=1; PHPSESSID=724ghinro6msmlun76do7cn3o3; signin_token=3dcee81d91bbe3780795f4c767a1855ec695aa65; yf_logged_user=Qhif3ciC84--eh05t; Hm_lvt_416c770ac83a9d996d7b3793f8c4994d=1573485665,1573564571,1573656034,1573829267; Hm_lpvt_416c770ac83a9d996d7b3793f8c4994d=1573829267',
)
[ info ] [ PARAM ] array (
  'title' => '你好吗',
  'yuzhong' => 'zh',
  'zhi' => '1',
)
[ info ] [ DB ] INIT mysql
[ info ] [ SESSION ] INIT array (
  'id' => '',
  'var_session_id' => '',
  'prefix' => 'think',
  'type' => '',
  'auto_start' => true,
)
[ info ] [ BEHAVIOR ] Run Closure @action_begin [ RunTime:0.001406s ]
[ info ] [ RUN ] app\admin\controller\Product->product_translationguge[ /www/wwwroot/www.ldkjmy.com/aaaa/yamaxun/app/admin/controller/Product.php ]
[ info ] [ LOG ] INIT File
[ sql ] [ DB ] CONNECT:[ UseTime:0.000274s ] mysql:dbname=www_ldkjmy_com;host=localhost;port=3306;charset=utf8
[ sql ] [ SQL ] SHOW COLUMNS FROM `yf_auth_rule` [ RunTime:0.000676s ]
[ sql ] [ SQL ] SELECT `id` FROM `yf_auth_rule` WHERE  `name` = 'admin/Product/product_translationguge' ORDER BY level desc,sort LIMIT 1 [ RunTime:0.000178s ]
[ sql ] [ SQL ] SELECT `id` FROM `yf_auth_rule` WHERE  `name` = 'admin/Product/product_translationguge' ORDER BY level desc,sort LIMIT 1 [ RunTime:0.000126s ]
[ sql ] [ SQL ] SELECT `id` FROM `yf_auth_rule` WHERE  `name` = 'admin/Product/product_translationguge'  AND `status` = 1 ORDER BY level desc,sort LIMIT 1 [ RunTime:0.000183s ]
[ sql ] [ SQL ] SELECT `id` FROM `yf_auth_rule` WHERE  `name` = 'admin/Product/product_translationguge'  AND `status` = 1 ORDER BY level desc,sort LIMIT 1 [ RunTime:0.000144s ]
[ sql ] [ SQL ] SELECT `pid` FROM `yf_auth_rule` WHERE  `id` = 0 LIMIT 1 [ RunTime:0.000133s ]
[ sql ] [ SQL ] SELECT * FROM `yf_auth_rule` WHERE  `status` = 1  AND `pid` = null ORDER BY `sort` [ RunTime:0.000154s ]
---------------------------------------------------------------
[ 2019-11-15T22:58:56+08:00 ] 172.21.0.9 183.185.40.72 GET /admin/product/product_add.html
[ info ] www.ldkjmy.com/admin/product/product_add.html [运行时间：0.067684s][吞吐率：14.77req/s] [内存消耗：5,363.89kb] [文件加载：78]
[ info ] [ LANG ] /www/wwwroot/www.ldkjmy.com/aaaa/yamaxun/thinkphp/lang/zh-cn.php
[ info ] [ LANG ] /www/wwwroot/www.ldkjmy.com/aaaa/yamaxun/app/lang/zh-cn.php
[ info ] [ CACHE ] INIT File
[ info ] [ ROUTE ] array (
  'type' => 'module',
  'module' => 
  array (
    0 => 'admin',
    1 => 'product',
    2 => 'product_add',
  ),
)
[ info ] [ HEADER ] array (
  'host' => 'www.ldkjmy.com',
  'connection' => 'keep-alive',
  'cache-control' => 'max-age=0',
  'upgrade-insecure-requests' => '1',
  'user-agent' => 'Mozilla/5.0 (Windows NT 6.1; WOW64) AppleWebKit/537.36 (KHTML, like Gecko) Chrome/78.0.3904.97 Safari/537.36',
  'accept' => 'text/html,application/xhtml+xml,application/xml;q=0.9,image/webp,image/apng,*/*;q=0.8,application/signed-exchange;v=b3',
  'referer' => 'http://www.ldkjmy.com/admin/index/index.html',
  'accept-encoding' => 'gzip, deflate',
  'accept-language' => 'zh-CN,zh;q=0.9',
  'cookie' => 'thinkphp_show_page_trace=0|0; aid=1; PHPSESSID=724ghinro6msmlun76do7cn3o3; signin_token=3dcee81d91bbe3780795f4c767a1855ec695aa65; yf_logged_user=Qhif3ciC84--eh05t; Hm_lvt_416c770ac83a9d996d7b3793f8c4994d=1573485665,1573564571,1573656034,1573829267; Hm_lpvt_416c770ac83a9d996d7b3793f8c4994d=1573829267',
  'content-type' => '',
  'content-length' => '',
)
[ info ] [ PARAM ] array (
)
[ info ] [ DB ] INIT mysql
[ info ] [ SESSION ] INIT array (
  'id' => '',
  'var_session_id' => '',
  'prefix' => 'think',
  'type' => '',
  'auto_start' => true,
)
[ info ] [ BEHAVIOR ] Run Closure @action_begin [ RunTime:0.001438s ]
[ info ] [ RUN ] app\admin\controller\Product->product_add[ /www/wwwroot/www.ldkjmy.com/aaaa/yamaxun/app/admin/controller/Product.php ]
[ info ] [ VIEW ] /www/wwwroot/www.ldkjmy.com/aaaa/yamaxun/app/admin/view/product/product_add.html [ array (
  0 => 'lang',
  1 => 'menus',
  2 => 'menus_curr',
  3 => 'menus_child',
  4 => 'id_curr',
  5 => 'admin_avatar',
  6 => 'admin_list',
  7 => 'sku',
  8 => 'kucun',
  9 => 'menu',
  10 => 'news_columnid',
  11 => 'source',
  12 => 'diyflag',
) ]
[ info ] [ BEHAVIOR ] Run app\admin\behavior\Cron @app_end [ RunTime:0.000514s ]
[ info ] [ LOG ] INIT File
[ sql ] [ DB ] CONNECT:[ UseTime:0.000205s ] mysql:dbname=www_ldkjmy_com;host=localhost;port=3306;charset=utf8
[ sql ] [ SQL ] SHOW COLUMNS FROM `yf_auth_rule` [ RunTime:0.008031s ]
[ sql ] [ SQL ] SELECT `id` FROM `yf_auth_rule` WHERE  `name` = 'admin/Product/product_add' ORDER BY level desc,sort LIMIT 1 [ RunTime:0.000184s ]
[ sql ] [ SQL ] SELECT `id`,`pid` FROM `yf_auth_rule` ORDER BY level desc,sort [ RunTime:0.000213s ]
[ sql ] [ SQL ] SELECT `id` FROM `yf_auth_rule` WHERE  `name` = 'admin/Product/product_add'  AND `status` = 1 ORDER BY level desc,sort LIMIT 1 [ RunTime:0.000161s ]
[ sql ] [ SQL ] SELECT `pid` FROM `yf_auth_rule` WHERE  `id` = 12 LIMIT 1 [ RunTime:0.000105s ]
[ sql ] [ SQL ] SELECT * FROM `yf_auth_rule` WHERE  `status` = 1  AND `pid` = 7 ORDER BY `sort` [ RunTime:0.000168s ]
[ sql ] [ SQL ] SHOW COLUMNS FROM `yf_admin` [ RunTime:0.000767s ]
[ sql ] [ SQL ] SELECT `admin_id`,`en_name`,`en_brand` FROM `yf_admin` WHERE  (  admin_id = 1 ) [ RunTime:0.000153s ]
[ sql ] [ SQL ] SHOW COLUMNS FROM `yf_diyflag` [ RunTime:0.000469s ]
[ sql ] [ SQL ] SELECT * FROM `yf_diyflag` [ RunTime:0.000115s ]
[ sql ] [ SQL ] SHOW COLUMNS FROM `yf_source` [ RunTime:0.000509s ]
[ sql ] [ SQL ] SELECT * FROM `yf_source` [ RunTime:0.000111s ]
---------------------------------------------------------------
[ 2019-11-15T22:58:57+08:00 ] 172.21.0.9 183.185.40.72 GET /public/datePicker/bootstrap-datepicker.css.map
[ info ] www.ldkjmy.com/public/datePicker/bootstrap-datepicker.css.map [运行时间：0.030146s][吞吐率：33.17req/s] [内存消耗：2,517.23kb] [文件加载：56]
[ info ] [ LANG ] /www/wwwroot/www.ldkjmy.com/aaaa/yamaxun/thinkphp/lang/zh-cn.php
[ info ] [ LANG ] /www/wwwroot/www.ldkjmy.com/aaaa/yamaxun/app/lang/zh-cn.php
[ info ] [ CACHE ] INIT File
[ info ] [ ROUTE ] array (
  'type' => 'module',
  'module' => 
  array (
    0 => 'public',
    1 => 'datePicker',
    2 => 'bootstrap-datepicker.css.map',
  ),
)
[ info ] [ HEADER ] array (
  'host' => 'www.ldkjmy.com',
  'connection' => 'keep-alive',
  'user-agent' => 'Mozilla/5.0 (Windows NT 6.1; WOW64) AppleWebKit/537.36 (KHTML, like Gecko) Chrome/78.0.3904.97 Safari/537.36',
  'accept-encoding' => 'gzip, deflate',
  'accept-language' => 'zh-CN,zh;q=0.9',
  'cookie' => 'aid=1; PHPSESSID=724ghinro6msmlun76do7cn3o3; signin_token=3dcee81d91bbe3780795f4c767a1855ec695aa65; yf_logged_user=Qhif3ciC84--eh05t; Hm_lvt_416c770ac83a9d996d7b3793f8c4994d=1573485665,1573564571,1573656034,1573829267; Hm_lpvt_416c770ac83a9d996d7b3793f8c4994d=1573829267',
  'content-type' => '',
  'content-length' => '',
)
[ info ] [ PARAM ] array (
)
[ info ] [ LOG ] INIT File
---------------------------------------------------------------
[ 2019-11-15T22:59:03+08:00 ] 172.21.0.9 183.185.40.72 POST /admin/product/product_translationguge.html
[ info ] www.ldkjmy.com/admin/product/product_translationguge.html [运行时间：1.048413s][吞吐率：0.95req/s] [内存消耗：5,124.45kb] [文件加载：71]
[ info ] [ LANG ] /www/wwwroot/www.ldkjmy.com/aaaa/yamaxun/thinkphp/lang/zh-cn.php
[ info ] [ LANG ] /www/wwwroot/www.ldkjmy.com/aaaa/yamaxun/app/lang/zh-cn.php
[ info ] [ CACHE ] INIT File
[ info ] [ ROUTE ] array (
  'type' => 'module',
  'module' => 
  array (
    0 => 'admin',
    1 => 'product',
    2 => 'product_translationguge',
  ),
)
[ info ] [ HEADER ] array (
  'host' => 'www.ldkjmy.com',
  'connection' => 'keep-alive',
  'content-length' => '41',
  'accept' => 'application/json, text/javascript, */*; q=0.01',
  'origin' => 'http://www.ldkjmy.com',
  'x-requested-with' => 'XMLHttpRequest',
  'user-agent' => 'Mozilla/5.0 (Windows NT 6.1; WOW64) AppleWebKit/537.36 (KHTML, like Gecko) Chrome/78.0.3904.97 Safari/537.36',
  'content-type' => 'application/x-www-form-urlencoded; charset=UTF-8',
  'referer' => 'http://www.ldkjmy.com/admin/product/product_add.html',
  'accept-encoding' => 'gzip, deflate',
  'accept-language' => 'zh-CN,zh;q=0.9',
  'cookie' => 'thinkphp_show_page_trace=0|0; aid=1; PHPSESSID=724ghinro6msmlun76do7cn3o3; signin_token=3dcee81d91bbe3780795f4c767a1855ec695aa65; yf_logged_user=Qhif3ciC84--eh05t; Hm_lvt_416c770ac83a9d996d7b3793f8c4994d=1573485665,1573564571,1573656034,1573829267; Hm_lpvt_416c770ac83a9d996d7b3793f8c4994d=1573829267',
)
[ info ] [ PARAM ] array (
  'title' => '你好',
  'yuzhong' => 'zh',
  'zhi' => '1',
)
[ info ] [ DB ] INIT mysql
[ info ] [ SESSION ] INIT array (
  'id' => '',
  'var_session_id' => '',
  'prefix' => 'think',
  'type' => '',
  'auto_start' => true,
)
[ info ] [ BEHAVIOR ] Run Closure @action_begin [ RunTime:0.001333s ]
[ info ] [ RUN ] app\admin\controller\Product->product_translationguge[ /www/wwwroot/www.ldkjmy.com/aaaa/yamaxun/app/admin/controller/Product.php ]
[ info ] [ LOG ] INIT File
[ sql ] [ DB ] CONNECT:[ UseTime:0.000221s ] mysql:dbname=www_ldkjmy_com;host=localhost;port=3306;charset=utf8
[ sql ] [ SQL ] SHOW COLUMNS FROM `yf_auth_rule` [ RunTime:0.000711s ]
[ sql ] [ SQL ] SELECT `id` FROM `yf_auth_rule` WHERE  `name` = 'admin/Product/product_translationguge' ORDER BY level desc,sort LIMIT 1 [ RunTime:0.000182s ]
[ sql ] [ SQL ] SELECT `id` FROM `yf_auth_rule` WHERE  `name` = 'admin/Product/product_translationguge' ORDER BY level desc,sort LIMIT 1 [ RunTime:0.000114s ]
[ sql ] [ SQL ] SELECT `id` FROM `yf_auth_rule` WHERE  `name` = 'admin/Product/product_translationguge'  AND `status` = 1 ORDER BY level desc,sort LIMIT 1 [ RunTime:0.000145s ]
[ sql ] [ SQL ] SELECT `id` FROM `yf_auth_rule` WHERE  `name` = 'admin/Product/product_translationguge'  AND `status` = 1 ORDER BY level desc,sort LIMIT 1 [ RunTime:0.000123s ]
[ sql ] [ SQL ] SELECT `pid` FROM `yf_auth_rule` WHERE  `id` = 0 LIMIT 1 [ RunTime:0.000117s ]
[ sql ] [ SQL ] SELECT * FROM `yf_auth_rule` WHERE  `status` = 1  AND `pid` = null ORDER BY `sort` [ RunTime:0.000132s ]
---------------------------------------------------------------
[ 2019-11-15T23:03:13+08:00 ] 172.21.0.9 183.185.40.72 GET /admin/product/product_add.html
[ info ] www.ldkjmy.com/admin/product/product_add.html [运行时间：0.055531s][吞吐率：18.01req/s] [内存消耗：5,360.56kb] [文件加载：78]
[ info ] [ LANG ] /www/wwwroot/www.ldkjmy.com/aaaa/yamaxun/thinkphp/lang/zh-cn.php
[ info ] [ LANG ] /www/wwwroot/www.ldkjmy.com/aaaa/yamaxun/app/lang/zh-cn.php
[ info ] [ CACHE ] INIT File
[ info ] [ ROUTE ] array (
  'type' => 'module',
  'module' => 
  array (
    0 => 'admin',
    1 => 'product',
    2 => 'product_add',
  ),
)
[ info ] [ HEADER ] array (
  'host' => 'www.ldkjmy.com',
  'connection' => 'keep-alive',
  'cache-control' => 'max-age=0',
  'upgrade-insecure-requests' => '1',
  'user-agent' => 'Mozilla/5.0 (Windows NT 6.1; WOW64) AppleWebKit/537.36 (KHTML, like Gecko) Chrome/78.0.3904.97 Safari/537.36',
  'accept' => 'text/html,application/xhtml+xml,application/xml;q=0.9,image/webp,image/apng,*/*;q=0.8,application/signed-exchange;v=b3',
  'referer' => 'http://www.ldkjmy.com/admin/index/index.html',
  'accept-enooding' => 'gzip, deflate',
  'accept-language' => 'zh-CN,zh;q=0.9',
  'cookie' => 'thinkphp_show_page_trace=0|0; aid=1; PHPSESSID=724ghinro6msmlun76do7cn3o3; signin_token=3dcee81d91bbe3780795f4c767a1855ec695aa65; yf_logged_user=Qhif3ciC84--eh05t; Hm_lvt_416c770ac83a9d996d7b3793f8c4994d=1573485665,1573564571,1573656034,1573829267; Hm_lpvt_416c770ac83a9d996d7b3793f8c4994d=1573829267',
  'content-type' => '',
  'content-length' => '',
)
[ info ] [ PARAM ] array (
)
[ info ] [ DB ] INIT mysql
[ info ] [ SESSION ] INIT array (
  'id' => '',
  'var_session_id' => '',
  'prefix' => 'think',
  'type' => '',
  'auto_start' => true,
)
[ info ] [ BEHAVIOR ] Run Closure @action_begin [ RunTime:0.001215s ]
[ info ] [ RUN ] app\admin\controller\Product->product_add[ /www/wwwroot/www.ldkjmy.com/aaaa/yamaxun/app/admin/controller/Product.php ]
[ info ] [ VIEW ] /www/wwwroot/www.ldkjmy.com/aaaa/yamaxun/app/admin/view/product/product_add.html [ array (
  0 => 'lang',
  1 => 'menus',
  2 => 'menus_curr',
  3 => 'menus_child',
  4 => 'id_curr',
  5 => 'admin_avatar',
  6 => 'admin_list',
  7 => 'sku',
  8 => 'kucun',
  9 => 'menu',
  10 => 'news_columnid',
  11 => 'source',
  12 => 'diyflag',
) ]
[ info ] [ BEHAVIOR ] Run app\admin\behavior\Cron @app_end [ RunTime:0.000485s ]
[ info ] [ LOG ] INIT File
[ sql ] [ DB ] CONNECT:[ UseTime:0.000196s ] mysql:dbname=www_ldkjmy_com;host=localhost;port=3306;charset=utf8
[ sql ] [ SQL ] SHOW COLUMNS FROM `yf_auth_rule` [ RunTime:0.000693s ]
[ sql ] [ SQL ] SELECT `id` FROM `yf_auth_rule` WHERE  `name` = 'admin/Product/product_add' ORDER BY level desc,sort LIMIT 1 [ RunTime:0.000168s ]
[ sql ] [ SQL ] SELECT `id`,`pid` FROM `yf_auth_rule` ORDER BY level desc,sort [ RunTime:0.000206s ]
[ sql ] [ SQL ] SELECT `id` FROM `yf_auth_rule` WHERE  `name` = 'admin/Product/product_add'  AND `status` = 1 ORDER BY level desc,sort LIMIT 1 [ RunTime:0.000140s ]
[ sql ] [ SQL ] SELECT `pid` FROM `yf_auth_rule` WHERE  `id` = 12 LIMIT 1 [ RunTime:0.000126s ]
[ sql ] [ SQL ] SELECT * FROM `yf_auth_rule` WHERE  `status` = 1  AND `pid` = 7 ORDER BY `sort` [ RunTime:0.000151s ]
[ sql ] [ SQL ] SHOW COLUMNS FROM `yf_admin` [ RunTime:0.000621s ]
[ sql ] [ SQL ] SELECT `admin_id`,`en_name`,`en_brand` FROM `yf_admin` WHERE  (  admin_id = 1 ) [ RunTime:0.000106s ]
[ sql ] [ SQL ] SHOW COLUMNS FROM `yf_diyflag` [ RunTime:0.000422s ]
[ sql ] [ SQL ] SELECT * FROM `yf_diyflag` [ RunTime:0.000103s ]
[ sql ] [ SQL ] SHOW COLUMNS FROM `yf_source` [ RunTime:0.000448s ]
[ sql ] [ SQL ] SELECT * FROM `yf_source` [ RunTime:0.000093s ]
---------------------------------------------------------------
[ 2019-11-15T23:03:14+08:00 ] 172.21.0.9 183.185.40.72 GET /public/datePicker/bootstrap-datepicker.css.map
[ info ] www.ldkjmy.com/public/datePicker/bootstrap-datepicker.css.map [运行时间：0.037947s][吞吐率：26.35req/s] [内存消耗：2,517.23kb] [文件加载：56]
[ info ] [ LANG ] /www/wwwroot/www.ldkjmy.com/aaaa/yamaxun/thinkphp/lang/zh-cn.php
[ info ] [ LANG ] /www/wwwroot/www.ldkjmy.com/aaaa/yamaxun/app/lang/zh-cn.php
[ info ] [ CACHE ] INIT File
[ info ] [ ROUTE ] array (
  'type' => 'module',
  'module' => 
  array (
    0 => 'public',
    1 => 'datePicker',
    2 => 'bootstrap-datepicker.css.map',
  ),
)
[ info ] [ HEADER ] array (
  'host' => 'www.ldkjmy.com',
  'connection' => 'keep-alive',
  'user-agent' => 'Mozilla/5.0 (Windows NT 6.1; WOW64) AppleWebKit/537.36 (KHTML, like Gecko) Chrome/78.0.3904.97 Safari/537.36',
  'accept-encoding' => 'gzip, deflate',
  'accept-language' => 'zh-CN,zh;q=0.9',
  'cookie' => 'aid=1; PHPSESSID=724ghinro6msmlun76do7cn3o3; signin_token=3dcee81d91bbe3780795f4c767a1855ec695aa65; yf_logged_user=Qhif3ciC84--eh05t; Hm_lvt_416c770ac83a9d996d7b3793f8c4994d=1573485665,1573564571,1573656034,1573829267; Hm_lpvt_416c770ac83a9d996d7b3793f8c4994d=1573829267',
  'content-type' => '',
  'content-length' => '',
)
[ info ] [ PARAM ] array (
)
[ info ] [ LOG ] INIT File
---------------------------------------------------------------
[ 2019-11-15T23:03:19+08:00 ] 172.21.0.9 183.185.40.72 POST /admin/product/product_translationguge.html
[ info ] www.ldkjmy.com/admin/product/product_translationguge.html [运行时间：0.048802s][吞吐率：20.49req/s] [内存消耗：5,121.12kb] [文件加载：71]
[ info ] [ LANG ] /www/wwwroot/www.ldkjmy.com/aaaa/yamaxun/thinkphp/lang/zh-cn.php
[ info ] [ LANG ] /www/wwwroot/www.ldkjmy.com/aaaa/yamaxun/app/lang/zh-cn.php
[ info ] [ CACHE ] INIT File
[ info ] [ ROUTE ] array (
  'type' => 'module',
  'module' => 
  array (
    0 => 'admin',
    1 => 'product',
    2 => 'product_translationguge',
  ),
)
[ info ] [ HEADER ] array (
  'host' => 'www.ldkjmy.com',
  'connection' => 'keep-alive',
  'content-length' => '50',
  'accept' => 'application/json, text/javascript, */*; q=0.01',
  'origin' => 'http://www.ldkjmy.com',
  'x-requested-with' => 'XMLHttpRequest',
  'user-agent' => 'Mozilla/5.0 (Windows NT 6.1; WOW64) AppleWebKit/537.36 (KHTML, like Gecko) Chrome/78.0.3904.97 Safari/537.36',
  'content-type' => 'application/x-www-form-urlencoded; charset=UTF-8',
  'referer' => 'http://www.ldkjmy.com/admin/product/product_add.html',
  'accept-encoding' => 'gzip, deflate',
  'accept-language' => 'zh-CN,zh;q=0.9',
  'cookie' => 'thinkphp_show_page_trace=0|0; aid=1; PHPSESSID=724ghinro6msmlun76do7cn3o3; signin_token=3dcee81d91bbe3780795f4c767a1855ec695aa65; yf_logged_user=Qhif3ciC84--eh05t; Hm_lvt_416c770ac83a9d996d7b3793f8c4994d=1573485665,1573564571,1573656034,1573829267; Hm_lpvt_416c770ac83a9d996d7b3793f8c4994d=1573830191',
)
[ info ] [ PARAM ] array (
  'title' => '你好吗',
  'yuzhong' => 'zh',
  'zhi' => '1',
)
[ info ] [ DB ] INIT mysql
[ info ] [ SESSION ] INIT array (
  'id' => '',
  'var_session_id' => '',
  'prefix' => 'think',
  'type' => '',
  'auto_start' => true,
)
[ info ] [ BEHAVIOR ] Run Closure @action_begin [ RunTime:0.001699s ]
[ info ] [ RUN ] app\admin\controller\Product->product_translationguge[ /www/wwwroot/www.ldkjmy.com/aaaa/yamaxun/app/admin/controller/Product.php ]
[ info ] [ LOG ] INIT File
[ sql ] [ DB ] CONNECT:[ UseTime:0.000202s ] mysql:dbname=www_ldkjmy_com;host=localhost;port=3306;charset=utf8
[ sql ] [ SQL ] SHOW COLUMNS FROM `yf_auth_rule` [ RunTime:0.000781s ]
[ sql ] [ SQL ] SELECT `id` FROM `yf_auth_rule` WHERE  `name` = 'admin/Product/product_translationguge' ORDER BY level desc,sort LIMIT 1 [ RunTime:0.000149s ]
[ sql ] [ SQL ] SELECT `id` FROM `yf_auth_rule` WHERE  `name` = 'admin/Product/product_translationguge' ORDER BY level desc,sort LIMIT 1 [ RunTime:0.000145s ]
[ sql ] [ SQL ] SELECT `id` FROM `yf_auth_rule` WHERE  `name` = 'admin/Product/product_translationguge'  AND `status` = 1 ORDER BY level desc,sort LIMIT 1 [ RunTime:0.000128s ]
[ sql ] [ SQL ] SELECT `id` FROM `yf_auth_rule` WHERE  `name` = 'admin/Product/product_translationguge'  AND `status` = 1 ORDER BY level desc,sort LIMIT 1 [ RunTime:0.000128s ]
[ sql ] [ SQL ] SELECT `pid` FROM `yf_auth_rule` WHERE  `id` = 0 LIMIT 1 [ RunTime:0.000139s ]
[ sql ] [ SQL ] SELECT * FROM `yf_auth_rule` WHERE  `status` = 1  AND `pid` = null ORDER BY `sort` [ RunTime:0.000203s ]
---------------------------------------------------------------
[ 2019-11-15T23:03:45+08:00 ] 172.21.0.9 183.185.40.72 POST /admin/product/product_translationguge.html
[ info ] www.ldkjmy.com/admin/product/product_translationguge.html [运行时间：0.048860s][吞吐率：20.47req/s] [内存消耗：5,121.12kb] [文件加载：71]
[ info ] [ LANG ] /www/wwwroot/www.ldkjmy.com/aaaa/yamaxun/thinkphp/lang/zh-cn.php
[ info ] [ LANG ] /www/wwwroot/www.ldkjmy.com/aaaa/yamaxun/app/lang/zh-cn.php
[ info ] [ CACHE ] INIT File
[ info ] [ ROUTE ] array (
  'type' => 'module',
  'module' => 
  array (
    0 => 'admin',
    1 => 'product',
    2 => 'product_translationguge',
  ),
)
[ info ] [ HEADER ] array (
  'host' => 'www.ldkjmy.com',
  'connection' => 'keep-alive',
  'content-length' => '50',
  'accept' => 'application/json, text/javascript, */*; q=0.01',
  'origin' => 'http://www.ldkjmy.com',
  'x-requested-with' => 'XMLHttpRequest',
  'user-agent' => 'Mozilla/5.0 (Windows NT 6.1; WOW64) AppleWebKit/537.36 (KHTML, like Gecko) Chrome/78.0.3904.97 Safari/537.36',
  'content-type' => 'application/x-www-form-urlencoded; charset=UTF-8',
  'referer' => 'http://www.ldkjmy.com/admin/product/product_add.html',
  'accept-encoding' => 'gzip, deflate',
  'accept-language' => 'zh-CN,zh;q=0.9',
  'cookie' => 'thinkphp_show_page_trace=0|0; aid=1; PHPSESSID=724ghinro6msmlun76do7cn3o3; signin_token=3dcee81d91bbe3780795f4c767a1855ec695aa65; yf_logged_user=Qhif3ciC84--eh05t; Hm_lvt_416c770ac83a9d996d7b3793f8c4994d=1573485665,1573564571,1573656034,1573829267; Hm_lpvt_416c770ac83a9d996d7b3793f8c4994d=1573830191',
)
[ info ] [ PARAM ] array (
  'title' => '你好吗',
  'yuzhong' => 'zh',
  'zhi' => '1',
)
[ info ] [ DB ] INIT mysql
[ info ] [ SESSION ] INIT array (
  'id' => '',
  'var_session_id' => '',
  'prefix' => 'think',
  'type' => '',
  'auto_start' => true,
)
[ info ] [ BEHAVIOR ] Run Closure @action_begin [ RunTime:0.001301s ]
[ info ] [ RUN ] app\admin\controller\Product->product_translationguge[ /www/wwwroot/www.ldkjmy.com/aaaa/yamaxun/app/admin/controller/Product.php ]
[ info ] [ LOG ] INIT File
[ sql ] [ DB ] CONNECT:[ UseTime:0.000215s ] mysql:dbname=www_ldkjmy_com;host=localhost;port=3306;charset=utf8
[ sql ] [ SQL ] SHOW COLUMNS FROM `yf_auth_rule` [ RunTime:0.000747s ]
[ sql ] [ SQL ] SELECT `id` FROM `yf_auth_rule` WHERE  `name` = 'admin/Product/product_translationguge' ORDER BY level desc,sort LIMIT 1 [ RunTime:0.000178s ]
[ sql ] [ SQL ] SELECT `id` FROM `yf_auth_rule` WHERE  `name` = 'admin/Product/product_translationguge' ORDER BY level desc,sort LIMIT 1 [ RunTime:0.000139s ]
[ sql ] [ SQL ] SELECT `id` FROM `yf_auth_rule` WHERE  `name` = 'admin/Product/product_translationguge'  AND `status` = 1 ORDER BY level desc,sort LIMIT 1 [ RunTime:0.000172s ]
[ sql ] [ SQL ] SELECT `id` FROM `yf_auth_rule` WHERE  `name` = 'admin/Product/product_translationguge'  AND `status` = 1 ORDER BY level desc,sort LIMIT 1 [ RunTime:0.000150s ]
[ sql ] [ SQL ] SELECT `pid` FROM `yf_auth_rule` WHERE  `id` = 0 LIMIT 1 [ RunTime:0.000107s ]
[ sql ] [ SQL ] SELECT * FROM `yf_auth_rule` WHERE  `status` = 1  AND `pid` = null ORDER BY `sort` [ RunTime:0.000154s ]
---------------------------------------------------------------
[ 2019-11-15T23:04:57+08:00 ] 172.21.0.9 183.185.40.72 POST /admin/product/product_translationguge.html
[ info ] www.ldkjmy.com/admin/product/product_translationguge.html [运行时间：0.050414s][吞吐率：19.84req/s] [内存消耗：5,121.12kb] [文件加载：71]
[ info ] [ LANG ] /www/wwwroot/www.ldkjmy.com/aaaa/yamaxun/thinkphp/lang/zh-cn.php
[ info ] [ LANG ] /www/wwwroot/www.ldkjmy.com/aaaa/yamaxun/app/lang/zh-cn.php
[ info ] [ CACHE ] INIT File
[ info ] [ ROUTE ] array (
  'type' => 'module',
  'module' => 
  array (
    0 => 'admin',
    1 => 'product',
    2 => 'product_translationguge',
  ),
)
[ info ] [ HEADER ] array (
  'host' => 'www.ldkjmy.com',
  'connection' => 'keep-alive',
  'content-length' => '50',
  'accept' => 'application/json, text/javascript, */*; q=0.01',
  'origin' => 'http://www.ldkjmy.com',
  'x-requested-with' => 'XMLHttpRequest',
  'user-agent' => 'Mozilla/5.0 (Windows NT 6.1; WOW64) AppleWebKit/537.36 (KHTML, like Gecko) Chrome/78.0.3904.97 Safari/537.36',
  'content-type' => 'application/x-www-form-urlencoded; charset=UTF-8',
  'referer' => 'http://www.ldkjmy.com/admin/product/product_add.html',
  'accept-encoding' => 'gzip, deflate',
  'accept-language' => 'zh-CN,zh;q=0.9',
  'cookie' => 'thinkphp_show_page_trace=0|0; aid=1; PHPSESSID=724ghinro6msmlun76do7cn3o3; signin_token=3dcee81d91bbe3780795f4c767a1855ec695aa65; yf_logged_user=Qhif3ciC84--eh05t; Hm_lvt_416c770ac83a9d996d7b3793f8c4994d=1573485665,1573564571,1573656034,1573829267; Hm_lpvt_416c770ac83a9d996d7b3793f8c4994d=1573830191',
)
[ info ] [ PARAM ] array (
  'title' => '你好吗',
  'yuzhong' => 'zh',
  'zhi' => '1',
)
[ info ] [ DB ] INIT mysql
[ info ] [ SESSION ] INIT array (
  'id' => '',
  'var_session_id' => '',
  'prefix' => 'think',
  'type' => '',
  'auto_start' => true,
)
[ info ] [ BEHAVIOR ] Run Closure @action_begin [ RunTime:0.001326s ]
[ info ] [ RUN ] app\admin\controller\Product->product_translationguge[ /www/wwwroot/www.ldkjmy.com/aaaa/yamaxun/app/admin/controller/Product.php ]
[ info ] [ LOG ] INIT File
[ sql ] [ DB ] CONNECT:[ UseTime:0.000219s ] mysql:dbname=www_ldkjmy_com;host=localhost;port=3306;charset=utf8
[ sql ] [ SQL ] SHOW COLUMNS FROM `yf_auth_rule` [ RunTime:0.000756s ]
[ sql ] [ SQL ] SELECT `id` FROM `yf_auth_rule` WHERE  `name` = 'admin/Product/product_translationguge' ORDER BY level desc,sort LIMIT 1 [ RunTime:0.000148s ]
[ sql ] [ SQL ] SELECT `id` FROM `yf_auth_rule` WHERE  `name` = 'admin/Product/product_translationguge' ORDER BY level desc,sort LIMIT 1 [ RunTime:0.000139s ]
[ sql ] [ SQL ] SELECT `id` FROM `yf_auth_rule` WHERE  `name` = 'admin/Product/product_translationguge'  AND `status` = 1 ORDER BY level desc,sort LIMIT 1 [ RunTime:0.000138s ]
[ sql ] [ SQL ] SELECT `id` FROM `yf_auth_rule` WHERE  `name` = 'admin/Product/product_translationguge'  AND `status` = 1 ORDER BY level desc,sort LIMIT 1 [ RunTime:0.000124s ]
[ sql ] [ SQL ] SELECT `pid` FROM `yf_auth_rule` WHERE  `id` = 0 LIMIT 1 [ RunTime:0.000110s ]
[ sql ] [ SQL ] SELECT * FROM `yf_auth_rule` WHERE  `status` = 1  AND `pid` = null ORDER BY `sort` [ RunTime:0.000135s ]
---------------------------------------------------------------
[ 2019-11-15T23:07:05+08:00 ] 172.21.0.9 183.185.40.72 GET /admin/product/product_add.html
[ info ] www.ldkjmy.com/admin/product/product_add.html [运行时间：0.060478s][吞吐率：16.53req/s] [内存消耗：5,360.34kb] [文件加载：78]
[ info ] [ LANG ] /www/wwwroot/www.ldkjmy.com/aaaa/yamaxun/thinkphp/lang/zh-cn.php
[ info ] [ LANG ] /www/wwwroot/www.ldkjmy.com/aaaa/yamaxun/app/lang/zh-cn.php
[ info ] [ CACHE ] INIT File
[ info ] [ ROUTE ] array (
  'type' => 'module',
  'module' => 
  array (
    0 => 'admin',
    1 => 'product',
    2 => 'product_add',
  ),
)
[ info ] [ HEADER ] array (
  'host' => 'www.ldkjmy.com',
  'connection' => 'keep-alive',
  'cache-control' => 'max-age=0',
  'upgrade-insecure-requests' => '1',
  'user-agent' => 'Mozilla/5.0 (Windows NT 6.1; WOW64) AppleWebKit/537.36 (KHTML, like Gecko) Chrome/78.0.3904.97 Safari/537.36',
  'accept' => 'text/html,application/xhtml+xml,application/xml;q=0.9,image/webp,image/apng,*/*;q=0.8,application/signed-exchange;v=b3',
  'referer' => 'http://www.ldkjmy.com/admin/index/index.html',
  'accept-encoding' => 'gzip, deflate',
  'accept-language' => 'zh-CN,zh;q=0.9',
  'cookie' => 'thinkphp_show_page_trace=0|0; aid=1; PHPSESSID=724ghinro6msmlun76do7cn3o3; signin_token=3dcee81d91bbe3780795f4c767a1855ec695aa65; yf_logged_user=Qhif3ciC84--eh05t; Hm_lvt_416c770ac83a9d996d7b3793f8c4994d=1573485665,1573564571,1573656034,1573829267; Hm_lpvt_416c770ac83a9d996d7b3793f8c4994d=1573830191',
  'content-type' => '',
  'content-length' => '',
)
[ info ] [ PARAM ] array (
)
[ info ] [ DB ] INIT mysql
[ info ] [ SESSION ] INIT array (
  'id' => '',
  'var_session_id' => '',
  'prefix' => 'think',
  'type' => '',
  'auto_start' => true,
)
[ info ] [ BEHAVIOR ] Run Closure @action_begin [ RunTime:0.001325s ]
[ info ] [ RUN ] app\admin\controller\Product->product_add[ /www/wwwroot/www.ldkjmy.com/aaaa/yamaxun/app/admin/controller/Product.php ]
[ info ] [ VIEW ] /www/wwwroot/www.ldkjmy.com/aaaa/yamaxun/app/admin/view/product/product_add.html [ array (
  0 => 'lang',
  1 => 'menus',
  2 => 'menus_curr',
  3 => 'menus_child',
  4 => 'id_curr',
  5 => 'admin_avatar',
  6 => 'admin_list',
  7 => 'sku',
  8 => 'kucun',
  9 => 'menu',
  10 => 'news_columnid',
  11 => 'source',
  12 => 'diyflag',
) ]
[ info ] [ BEHAVIOR ] Run app\admin\behavior\Cron @app_end [ RunTime:0.000641s ]
[ info ] [ LOG ] INIT File
[ sql ] [ DB ] CONNECT:[ UseTime:0.000292s ] mysql:dbname=www_ldkjmy_com;host=localhost;port=3306;charset=utf8
[ sql ] [ SQL ] SHOW COLUMNS FROM `yf_auth_rule` [ RunTime:0.000903s ]
[ sql ] [ SQL ] SELECT `id` FROM `yf_auth_rule` WHERE  `name` = 'admin/Product/product_add' ORDER BY level desc,sort LIMIT 1 [ RunTime:0.000151s ]
[ sql ] [ SQL ] SELECT `id`,`pid` FROM `yf_auth_rule` ORDER BY level desc,sort [ RunTime:0.000216s ]
[ sql ] [ SQL ] SELECT `id` FROM `yf_auth_rule` WHERE  `name` = 'admin/Product/product_add'  AND `status` = 1 ORDER BY level desc,sort LIMIT 1 [ RunTime:0.000185s ]
[ sql ] [ SQL ] SELECT `pid` FROM `yf_auth_rule` WHERE  `id` = 12 LIMIT 1 [ RunTime:0.000105s ]
[ sql ] [ SQL ] SELECT * FROM `yf_auth_rule` WHERE  `status` = 1  AND `pid` = 7 ORDER BY `sort` [ RunTime:0.000151s ]
[ sql ] [ SQL ] SHOW COLUMNS FROM `yf_admin` [ RunTime:0.000864s ]
[ sql ] [ SQL ] SELECT `admin_id`,`en_name`,`en_brand` FROM `yf_admin` WHERE  (  admin_id = 1 ) [ RunTime:0.000114s ]
[ sql ] [ SQL ] SHOW COLUMNS FROM `yf_diyflag` [ RunTime:0.000441s ]
[ sql ] [ SQL ] SELECT * FROM `yf_diyflag` [ RunTime:0.000117s ]
[ sql ] [ SQL ] SHOW COLUMNS FROM `yf_source` [ RunTime:0.000441s ]
[ sql ] [ SQL ] SELECT * FROM `yf_source` [ RunTime:0.000095s ]
---------------------------------------------------------------
[ 2019-11-15T23:07:06+08:00 ] 172.21.0.9 183.185.40.72 GET /public/datePicker/bootstrap-datepicker.css.map
[ info ] www.ldkjmy.com/public/datePicker/bootstrap-datepicker.css.map [运行时间：0.027079s][吞吐率：36.93req/s] [内存消耗：2,517.23kb] [文件加载：56]
[ info ] [ LANG ] /www/wwwroot/www.ldkjmy.com/aaaa/yamaxun/thinkphp/lang/zh-cn.php
[ info ] [ LANG ] /www/wwwroot/www.ldkjmy.com/aaaa/yamaxun/app/lang/zh-cn.php
[ info ] [ CACHE ] INIT File
[ info ] [ ROUTE ] array (
  'type' => 'module',
  'module' => 
  array (
    0 => 'public',
    1 => 'datePicker',
    2 => 'bootstrap-datepicker.css.map',
  ),
)
[ info ] [ HEADER ] array (
  'host' => 'www.ldkjmy.com',
  'connection' => 'keep-alive',
  'user-agent' => 'Mozilla/5.0 (Windows NT 6.1; WOW64) AppleWebKit/537.36 (KHTML, like Gecko) Chrome/78.0.3904.97 Safari/537.36',
  'accept-encoding' => 'gzip, deflate',
  'accept-language' => 'zh-CN,zh;q=0.9',
  'cookie' => 'aid=1; PHPSESSID=724ghinro6msmlun76do7cn3o3; signin_token=3dcee81d91bbe3780795f4c767a1855ec695aa65; yf_logged_user=Qhif3ciC84--eh05t; Hm_lvt_416c770ac83a9d996d7b3793f8c4994d=1573485665,1573564571,1573656034,1573829267; Hm_lpvt_416c770ac83a9d996d7b3793f8c4994d=1573830191',
  'content-type' => '',
  'content-length' => '',
)
[ info ] [ PARAM ] array (
)
[ info ] [ LOG ] INIT File
---------------------------------------------------------------
[ 2019-11-15T23:07:24+08:00 ] 172.21.0.9 183.185.40.72 POST /admin/product/product_translationguge.html
[ info ] www.ldkjmy.com/admin/product/product_translationguge.html [运行时间：12.910673s][吞吐率：0.08req/s] [内存消耗：5,120.48kb] [文件加载：71]
[ info ] [ LANG ] /www/wwwroot/www.ldkjmy.com/aaaa/yamaxun/thinkphp/lang/zh-cn.php
[ info ] [ LANG ] /www/wwwroot/www.ldkjmy.com/aaaa/yamaxun/app/lang/zh-cn.php
[ info ] [ CACHE ] INIT File
[ info ] [ ROUTE ] array (
  'type' => 'module',
  'module' => 
  array (
    0 => 'admin',
    1 => 'product',
    2 => 'product_translationguge',
  ),
)
[ info ] [ HEADER ] array (
  'host' => 'www.ldkjmy.com',
  'connection' => 'keep-alive',
  'content-length' => '50',
  'accept' => 'application/json, text/javascript, */*; q=0.01',
  'origin' => 'http://www.ldkjmy.com',
  'x-requested-with' => 'XMLHttpRequest',
  'user-agent' => 'Mozilla/5.0 (Windows NT 6.1; WOW64) AppleWebKit/537.36 (KHTML, like Gecko) Chrome/78.0.3904.97 Safari/537.36',
  'content-type' => 'application/x-www-form-urlencoded; charset=UTF-8',
  'referer' => 'http://www.ldkjmy.com/admin/product/product_add.html',
  'accept-encoding' => 'gzip, deflate',
  'accept-language' => 'zh-CN,zh;q=0.9',
  'cookie' => 'thinkphp_show_page_trace=0|0; aid=1; PHPSESSID=724ghinro6msmlun76do7cn3o3; signin_token=3dcee81d91bbe3780795f4c767a1855ec695aa65; yf_logged_user=Qhif3ciC84--eh05t; Hm_lvt_416c770ac83a9d996d7b3793f8c4994d=1573485665,1573564571,1573656034,1573829267; Hm_lpvt_416c770ac83a9d996d7b3793f8c4994d=1573830191',
)
[ info ] [ PARAM ] array (
  'title' => '你好吗',
  'yuzhong' => 'zh',
  'zhi' => '1',
)
[ info ] [ DB ] INIT mysql
[ info ] [ SESSION ] INIT array (
  'id' => '',
  'var_session_id' => '',
  'prefix' => 'think',
  'type' => '',
  'auto_start' => true,
)
[ info ] [ BEHAVIOR ] Run Closure @action_begin [ RunTime:0.001554s ]
[ info ] [ RUN ] app\admin\controller\Product->product_translationguge[ /www/wwwroot/www.ldkjmy.com/aaaa/yamaxun/app/admin/controller/Product.php ]
[ info ] [ LOG ] INIT File
[ sql ] [ DB ] CONNECT:[ UseTime:0.000298s ] mysql:dbname=www_ldkjmy_com;host=localhost;port=3306;charset=utf8
[ sql ] [ SQL ] SHOW COLUMNS FROM `yf_auth_rule` [ RunTime:0.000694s ]
[ sql ] [ SQL ] SELECT `id` FROM `yf_auth_rule` WHERE  `name` = 'admin/Product/product_translationguge' ORDER BY level desc,sort LIMIT 1 [ RunTime:0.000148s ]
[ sql ] [ SQL ] SELECT `id` FROM `yf_auth_rule` WHERE  `name` = 'admin/Product/product_translationguge' ORDER BY level desc,sort LIMIT 1 [ RunTime:0.000143s ]
[ sql ] [ SQL ] SELECT `id` FROM `yf_auth_rule` WHERE  `name` = 'admin/Product/product_translationguge'  AND `status` = 1 ORDER BY level desc,sort LIMIT 1 [ RunTime:0.000131s ]
[ sql ] [ SQL ] SELECT `id` FROM `yf_auth_rule` WHERE  `name` = 'admin/Product/product_translationguge'  AND `status` = 1 ORDER BY level desc,sort LIMIT 1 [ RunTime:0.000121s ]
[ sql ] [ SQL ] SELECT `pid` FROM `yf_auth_rule` WHERE  `id` = 0 LIMIT 1 [ RunTime:0.000108s ]
[ sql ] [ SQL ] SELECT * FROM `yf_auth_rule` WHERE  `status` = 1  AND `pid` = null ORDER BY `sort` [ RunTime:0.000158s ]
---------------------------------------------------------------
[ 2019-11-15T23:08:36+08:00 ] 172.21.0.9 183.185.40.72 POST /admin/product/product_translationguge.html
[ info ] www.ldkjmy.com/admin/product/product_translationguge.html [运行时间：13.357900s][吞吐率：0.07req/s] [内存消耗：5,121.57kb] [文件加载：71]
[ info ] [ LANG ] /www/wwwroot/www.ldkjmy.com/aaaa/yamaxun/thinkphp/lang/zh-cn.php
[ info ] [ LANG ] /www/wwwroot/www.ldkjmy.com/aaaa/yamaxun/app/lang/zh-cn.php
[ info ] [ CACHE ] INIT File
[ info ] [ ROUTE ] array (
  'type' => 'module',
  'module' => 
  array (
    0 => 'admin',
    1 => 'product',
    2 => 'product_translationguge',
  ),
)
[ info ] [ HEADER ] array (
  'host' => 'www.ldkjmy.com',
  'connection' => 'keep-alive',
  'content-length' => '50',
  'accept' => 'application/json, text/javascript, */*; q=0.01',
  'origin' => 'http://www.ldkjmy.com',
  'x-requested-with' => 'XMLHttpRequest',
  'user-agent' => 'Mozilla/5.0 (Windows NT 6.1; WOW64) AppleWebKit/537.36 (KHTML, like Gecko) Chrome/78.0.3904.97 Safari/537.36',
  'content-type' => 'application/x-www-form-urlencoded; charset=UTF-8',
  'referer' => 'http://www.ldkjmy.com/admin/product/product_add.html',
  'accept-encoding' => 'gzip, deflate',
  'accept-language' => 'zh-CN,zh;q=0.9',
  'cookie' => 'thinkphp_show_page_trace=0|0; aid=1; PHPSESSID=724ghinro6msmlun76do7cn3o3; signin_token=3dcee81d91bbe3780795f4c767a1855ec695aa65; yf_logged_user=Qhif3ciC84--eh05t; Hm_lvt_416c770ac83a9d996d7b3793f8c4994d=1573485665,1573564571,1573656034,1573829267; Hm_lpvt_416c770ac83a9d996d7b3793f8c4994d=1573830191',
)
[ info ] [ PARAM ] array (
  'title' => '你好吗',
  'yuzhong' => 'zh',
  'zhi' => '1',
)
[ info ] [ DB ] INIT mysql
[ info ] [ SESSION ] INIT array (
  'id' => '',
  'var_session_id' => '',
  'prefix' => 'think',
  'type' => '',
  'auto_start' => true,
)
[ info ] [ BEHAVIOR ] Run Closure @action_begin [ RunTime:0.001957s ]
[ info ] [ RUN ] app\admin\controller\Product->product_translationguge[ /www/wwwroot/www.ldkjmy.com/aaaa/yamaxun/app/admin/controller/Product.php ]
[ info ] [ LOG ] INIT File
[ sql ] [ DB ] CONNECT:[ UseTime:0.000275s ] mysql:dbname=www_ldkjmy_com;host=localhost;port=3306;charset=utf8
[ sql ] [ SQL ] SHOW COLUMNS FROM `yf_auth_rule` [ RunTime:0.000932s ]
[ sql ] [ SQL ] SELECT `id` FROM `yf_auth_rule` WHERE  `name` = 'admin/Product/product_translationguge' ORDER BY level desc,sort LIMIT 1 [ RunTime:0.000227s ]
[ sql ] [ SQL ] SELECT `id` FROM `yf_auth_rule` WHERE  `name` = 'admin/Product/product_translationguge' ORDER BY level desc,sort LIMIT 1 [ RunTime:0.000133s ]
[ sql ] [ SQL ] SELECT `id` FROM `yf_auth_rule` WHERE  `name` = 'admin/Product/product_translationguge'  AND `status` = 1 ORDER BY level desc,sort LIMIT 1 [ RunTime:0.000194s ]
[ sql ] [ SQL ] SELECT `id` FROM `yf_auth_rule` WHERE  `name` = 'admin/Product/product_translationguge'  AND `status` = 1 ORDER BY level desc,sort LIMIT 1 [ RunTime:0.000264s ]
[ sql ] [ SQL ] SELECT `pid` FROM `yf_auth_rule` WHERE  `id` = 0 LIMIT 1 [ RunTime:0.000165s ]
[ sql ] [ SQL ] SELECT * FROM `yf_auth_rule` WHERE  `status` = 1  AND `pid` = null ORDER BY `sort` [ RunTime:0.000203s ]
---------------------------------------------------------------
[ 2019-11-15T23:10:45+08:00 ] 172.21.0.9 183.185.40.72 POST /admin/product/product_translationguge.html
[ info ] www.ldkjmy.com/admin/product/product_translationguge.html [运行时间：13.297023s][吞吐率：0.08req/s] [内存消耗：5,186.98kb] [文件加载：75]
[ info ] [ LANG ] /www/wwwroot/www.ldkjmy.com/aaaa/yamaxun/thinkphp/lang/zh-cn.php
[ info ] [ LANG ] /www/wwwroot/www.ldkjmy.com/aaaa/yamaxun/app/lang/zh-cn.php
[ info ] [ CACHE ] INIT File
[ info ] [ ROUTE ] array (
  'type' => 'module',
  'module' => 
  array (
    0 => 'admin',
    1 => 'product',
    2 => 'product_translationguge',
  ),
)
[ info ] [ HEADER ] array (
  'host' => 'www.ldkjmy.com',
  'connection' => 'keep-alive',
  'content-length' => '50',
  'accept' => 'application/json, text/javascript, */*; q=0.01',
  'origin' => 'http://www.ldkjmy.com',
  'x-requested-with' => 'XMLHttpRequest',
  'user-agent' => 'Mozilla/5.0 (Windows NT 6.1; WOW64) AppleWebKit/537.36 (KHTML, like Gecko) Chrome/78.0.3904.97 Safari/537.36',
  'content-type' => 'application/x-www-form-urlencoded; charset=UTF-8',
  'referer' => 'http://www.ldkjmy.com/admin/product/product_add.html',
  'accept-encoding' => 'gzip, deflate',
  'accept-language' => 'zh-CN,zh;q=0.9',
  'cookie' => 'thinkphp_show_page_trace=0|0; aid=1; PHPSESSID=724ghinro6msmlun76do7cn3o3; signin_token=3dcee81d91bbe3780795f4c767a1855ec695aa65; yf_logged_user=Qhif3ciC84--eh05t; Hm_lvt_416c770ac83a9d996d7b3793f8c4994d=1573485665,1573564571,1573656034,1573829267; Hm_lpvt_416c770ac83a9d996d7b3793f8c4994d=1573830191',
)
[ info ] [ PARAM ] array (
  'title' => '你好吗',
  'yuzhong' => 'zh',
  'zhi' => '1',
)
[ info ] [ DB ] INIT mysql
[ info ] [ SESSION ] INIT array (
  'id' => '',
  'var_session_id' => '',
  'prefix' => 'think',
  'type' => '',
  'auto_start' => true,
)
[ info ] [ BEHAVIOR ] Run Closure @action_begin [ RunTime:0.001385s ]
[ info ] [ RUN ] app\admin\controller\Product->product_translationguge[ /www/wwwroot/www.ldkjmy.com/aaaa/yamaxun/app/admin/controller/Product.php ]
[ info ] [ BEHAVIOR ] Run app\admin\behavior\Cron @app_end [ RunTime:0.000748s ]
[ info ] [ LOG ] INIT File
[ sql ] [ DB ] CONNECT:[ UseTime:0.000228s ] mysql:dbname=www_ldkjmy_com;host=localhost;port=3306;charset=utf8
[ sql ] [ SQL ] SHOW COLUMNS FROM `yf_auth_rule` [ RunTime:0.000699s ]
[ sql ] [ SQL ] SELECT `id` FROM `yf_auth_rule` WHERE  `name` = 'admin/Product/product_translationguge' ORDER BY level desc,sort LIMIT 1 [ RunTime:0.000151s ]
[ sql ] [ SQL ] SELECT `id` FROM `yf_auth_rule` WHERE  `name` = 'admin/Product/product_translationguge' ORDER BY level desc,sort LIMIT 1 [ RunTime:0.000106s ]
[ sql ] [ SQL ] SELECT `id` FROM `yf_auth_rule` WHERE  `name` = 'admin/Product/product_translationguge'  AND `status` = 1 ORDER BY level desc,sort LIMIT 1 [ RunTime:0.000142s ]
[ sql ] [ SQL ] SELECT `id` FROM `yf_auth_rule` WHERE  `name` = 'admin/Product/product_translationguge'  AND `status` = 1 ORDER BY level desc,sort LIMIT 1 [ RunTime:0.000115s ]
[ sql ] [ SQL ] SELECT `pid` FROM `yf_auth_rule` WHERE  `id` = 0 LIMIT 1 [ RunTime:0.000100s ]
[ sql ] [ SQL ] SELECT * FROM `yf_auth_rule` WHERE  `status` = 1  AND `pid` = null ORDER BY `sort` [ RunTime:0.000135s ]
---------------------------------------------------------------
[ 2019-11-15T23:11:50+08:00 ] 172.21.0.9 183.185.40.72 GET /admin/product/product_add.html
[ info ] www.ldkjmy.com/admin/product/product_add.html [运行时间：0.064921s][吞吐率：15.40req/s] [内存消耗：5,884.52kb] [文件加载：80]
[ info ] [ LANG ] /www/wwwroot/www.ldkjmy.com/aaaa/yamaxun/thinkphp/lang/zh-cn.php
[ info ] [ LANG ] /www/wwwroot/www.ldkjmy.com/aaaa/yamaxun/app/lang/zh-cn.php
[ info ] [ CACHE ] INIT File
[ info ] [ ROUTE ] array (
  'type' => 'module',
  'module' => 
  array (
    0 => 'admin',
    1 => 'product',
    2 => 'product_add',
  ),
)
[ info ] [ HEADER ] array (
  'host' => 'www.ldkjmy.com',
  'connection' => 'keep-alive',
  'cache-control' => 'max-age=0',
  'upgrade-insecure-requests' => '1',
  'user-agent' => 'Mozilla/5.0 (Windows NT 6.1; WOW64) AppleWebKit/537.36 (KHTML, like Gecko) Chrome/78.0.3904.97 Safari/537.36',
  'accept' => 'text/html,application/xhtml+xml,application/xml;q=0.9,image/webp,image/apng,*/*;q=0.8,application/signed-exchange;v=b3',
  'referer' => 'http://www.ldkjmy.com/admin/index/index.html',
  'accept-enceding' => 'gzip, deflate',
  'accept-language' => 'zh-CN,zh;q=0.9',
  'cookie' => 'thinkphp_show_page_trace=0|0; aid=1; PHPSESSID=724ghinro6msmlun76do7cn3o3; signin_token=3dcee81d91bbe3780795f4c767a1855ec695aa65; yf_logged_user=Qhif3ciC84--eh05t; Hm_lvt_416c770ac83a9d996d7b3793f8c4994d=1573485665,1573564571,1573656034,1573829267; Hm_lpvt_416c770ac83a9d996d7b3793f8c4994d=1573830191',
  'content-type' => '',
  'content-length' => '',
)
[ info ] [ PARAM ] array (
)
[ info ] [ DB ] INIT mysql
[ info ] [ SESSION ] INIT array (
  'id' => '',
  'var_session_id' => '',
  'prefix' => 'think',
  'type' => '',
  'auto_start' => true,
)
[ info ] [ BEHAVIOR ] Run Closure @action_begin [ RunTime:0.001308s ]
[ info ] [ RUN ] app\admin\controller\Product->product_add[ /www/wwwroot/www.ldkjmy.com/aaaa/yamaxun/app/admin/controller/Product.php ]
[ info ] [ VIEW ] /www/wwwroot/www.ldkjmy.com/aaaa/yamaxun/app/admin/view/product/product_add.html [ array (
  0 => 'lang',
  1 => 'menus',
  2 => 'menus_curr',
  3 => 'menus_child',
  4 => 'id_curr',
  5 => 'admin_avatar',
  6 => 'admin_list',
  7 => 'sku',
  8 => 'kucun',
  9 => 'menu',
  10 => 'news_columnid',
  11 => 'source',
  12 => 'diyflag',
) ]
[ info ] [ BEHAVIOR ] Run app\admin\behavior\Cron @app_end [ RunTime:0.000505s ]
[ info ] [ LOG ] INIT File
[ sql ] [ DB ] CONNECT:[ UseTime:0.000211s ] mysql:dbname=www_ldkjmy_com;host=localhost;port=3306;charset=utf8
[ sql ] [ SQL ] SHOW COLUMNS FROM `yf_auth_rule` [ RunTime:0.000758s ]
[ sql ] [ SQL ] SELECT `id` FROM `yf_auth_rule` WHERE  `name` = 'admin/Product/product_add' ORDER BY level desc,sort LIMIT 1 [ RunTime:0.000148s ]
[ sql ] [ SQL ] SELECT `id`,`pid` FROM `yf_auth_rule` ORDER BY level desc,sort [ RunTime:0.000219s ]
[ sql ] [ SQL ] SELECT `id` FROM `yf_auth_rule` WHERE  `name` = 'admin/Product/product_add'  AND `status` = 1 ORDER BY level desc,sort LIMIT 1 [ RunTime:0.000136s ]
[ sql ] [ SQL ] SELECT `pid` FROM `yf_auth_rule` WHERE  `id` = 12 LIMIT 1 [ RunTime:0.000107s ]
[ sql ] [ SQL ] SELECT * FROM `yf_auth_rule` WHERE  `status` = 1  AND `pid` = 7 ORDER BY `sort` [ RunTime:0.000160s ]
[ sql ] [ SQL ] SHOW COLUMNS FROM `yf_admin` [ RunTime:0.000656s ]
[ sql ] [ SQL ] SELECT `admin_id`,`en_name`,`en_brand` FROM `yf_admin` WHERE  (  admin_id = 1 ) [ RunTime:0.000107s ]
[ sql ] [ SQL ] SHOW COLUMNS FROM `yf_diyflag` [ RunTime:0.000428s ]
[ sql ] [ SQL ] SELECT * FROM `yf_diyflag` [ RunTime:0.000101s ]
[ sql ] [ SQL ] SHOW COLUMNS FROM `yf_source` [ RunTime:0.000413s ]
[ sql ] [ SQL ] SELECT * FROM `yf_source` [ RunTime:0.000105s ]
---------------------------------------------------------------
[ 2019-11-15T23:11:50+08:00 ] 172.21.0.9 183.185.40.72 GET /public/datePicker/bootstrap-datepicker.css.map
[ info ] www.ldkjmy.com/public/datePicker/bootstrap-datepicker.css.map [运行时间：0.033802s][吞吐率：29.58req/s] [内存消耗：2,517.23kb] [文件加载：56]
[ info ] [ LANG ] /www/wwwroot/www.ldkjmy.com/aaaa/yamaxun/thinkphp/lang/zh-cn.php
[ info ] [ LANG ] /www/wwwroot/www.ldkjmy.com/aaaa/yamaxun/app/lang/zh-cn.php
[ info ] [ CACHE ] INIT File
[ info ] [ ROUTE ] array (
  'type' => 'module',
  'module' => 
  array (
    0 => 'public',
    1 => 'datePicker',
    2 => 'bootstrap-datepicker.css.map',
  ),
)
[ info ] [ HEADER ] array (
  'host' => 'www.ldkjmy.com',
  'connection' => 'keep-alive',
  'user-agent' => 'Mozilla/5.0 (Windows NT 6.1; WOW64) AppleWebKit/537.36 (KHTML, like Gecko) Chrome/78.0.3904.97 Safari/537.36',
  'accept-encoding' => 'gzip, deflate',
  'accept-language' => 'zh-CN,zh;q=0.9',
  'cookie' => 'aid=1; PHPSESSID=724ghinro6msmlun76do7cn3o3; signin_token=3dcee81d91bbe3780795f4c767a1855ec695aa65; yf_logged_user=Qhif3ciC84--eh05t; Hm_lvt_416c770ac83a9d996d7b3793f8c4994d=1573485665,1573564571,1573656034,1573829267; Hm_lpvt_416c770ac83a9d996d7b3793f8c4994d=1573830191',
  'content-type' => '',
  'content-length' => '',
)
[ info ] [ PARAM ] array (
)
[ info ] [ LOG ] INIT File
---------------------------------------------------------------
[ 2019-11-15T23:12:08+08:00 ] 172.21.0.9 183.185.40.72 POST /admin/product/product_translationguge.html
[ info ] www.ldkjmy.com/admin/product/product_translationguge.html [运行时间：12.435501s][吞吐率：0.08req/s] [内存消耗：5,187.11kb] [文件加载：75]
[ info ] [ LANG ] /www/wwwroot/www.ldkjmy.com/aaaa/yamaxun/thinkphp/lang/zh-cn.php
[ info ] [ LANG ] /www/wwwroot/www.ldkjmy.com/aaaa/yamaxun/app/lang/zh-cn.php
[ info ] [ CACHE ] INIT File
[ info ] [ ROUTE ] array (
  'type' => 'module',
  'module' => 
  array (
    0 => 'admin',
    1 => 'product',
    2 => 'product_translationguge',
  ),
)
[ info ] [ HEADER ] array (
  'host' => 'www.ldkjmy.com',
  'connection' => 'keep-alive',
  'content-length' => '41',
  'accept' => 'application/json, text/javascript, */*; q=0.01',
  'origin' => 'http://www.ldkjmy.com',
  'x-requested-with' => 'XMLHttpRequest',
  'user-agent' => 'Mozilla/5.0 (Windows NT 6.1; WOW64) AppleWebKit/537.36 (KHTML, like Gecko) Chrome/78.0.3904.97 Safari/537.36',
  'content-type' => 'application/x-www-form-urlencoded; charset=UTF-8',
  'referer' => 'http://www.ldkjmy.com/admin/product/product_add.html',
  'accept-encoding' => 'gzip, deflate',
  'accept-language' => 'zh-CN,zh;q=0.9',
  'cookie' => 'thinkphp_show_page_trace=0|0; aid=1; PHPSESSID=724ghinro6msmlun76do7cn3o3; signin_token=3dcee81d91bbe3780795f4c767a1855ec695aa65; yf_logged_user=Qhif3ciC84--eh05t; Hm_lvt_416c770ac83a9d996d7b3793f8c4994d=1573485665,1573564571,1573656034,1573829267; Hm_lpvt_416c770ac83a9d996d7b3793f8c4994d=1573830708',
)
[ info ] [ PARAM ] array (
  'title' => '你好',
  'yuzhong' => 'zh',
  'zhi' => '1',
)
[ info ] [ DB ] INIT mysql
[ info ] [ SESSION ] INIT array (
  'id' => '',
  'var_session_id' => '',
  'prefix' => 'think',
  'type' => '',
  'auto_start' => true,
)
[ info ] [ BEHAVIOR ] Run Closure @action_begin [ RunTime:0.001792s ]
[ info ] [ RUN ] app\admin\controller\Product->product_translationguge[ /www/wwwroot/www.ldkjmy.com/aaaa/yamaxun/app/admin/controller/Product.php ]
[ info ] [ BEHAVIOR ] Run app\admin\behavior\Cron @app_end [ RunTime:0.000781s ]
[ info ] [ LOG ] INIT File
[ sql ] [ DB ] CONNECT:[ UseTime:0.000193s ] mysql:dbname=www_ldkjmy_com;host=localhost;port=3306;charset=utf8
[ sql ] [ SQL ] SHOW COLUMNS FROM `yf_auth_rule` [ RunTime:0.000782s ]
[ sql ] [ SQL ] SELECT `id` FROM `yf_auth_rule` WHERE  `name` = 'admin/Product/product_translationguge' ORDER BY level desc,sort LIMIT 1 [ RunTime:0.000183s ]
[ sql ] [ SQL ] SELECT `id` FROM `yf_auth_rule` WHERE  `name` = 'admin/Product/product_translationguge' ORDER BY level desc,sort LIMIT 1 [ RunTime:0.000126s ]
[ sql ] [ SQL ] SELECT `id` FROM `yf_auth_rule` WHERE  `name` = 'admin/Product/product_translationguge'  AND `status` = 1 ORDER BY level desc,sort LIMIT 1 [ RunTime:0.000157s ]
[ sql ] [ SQL ] SELECT `id` FROM `yf_auth_rule` WHERE  `name` = 'admin/Product/product_translationguge'  AND `status` = 1 ORDER BY level desc,sort LIMIT 1 [ RunTime:0.000117s ]
[ sql ] [ SQL ] SELECT `pid` FROM `yf_auth_rule` WHERE  `id` = 0 LIMIT 1 [ RunTime:0.000117s ]
[ sql ] [ SQL ] SELECT * FROM `yf_auth_rule` WHERE  `status` = 1  AND `pid` = null ORDER BY `sort` [ RunTime:0.000165s ]
---------------------------------------------------------------
[ 2019-11-15T23:28:36+08:00 ] 172.21.0.9 54.36.150.57 GET /
[ info ] www.ldkjmy.com/ [运行时间：0.046641s][吞吐率：21.44req/s] [内存消耗：4,396.24kb] [文件加载：78]
[ info ] [ LANG ] /www/wwwroot/www.ldkjmy.com/aaaa/yamaxun/thinkphp/lang/zh-cn.php
[ info ] [ LANG ] /www/wwwroot/www.ldkjmy.com/aaaa/yamaxun/app/lang/zh-cn.php
[ info ] [ CACHE ] INIT File
[ info ] [ ROUTE ] array (
  'type' => 'module',
  'module' => 
  array (
    0 => 'home',
    1 => 'Index',
    2 => 'index',
  ),
  'convert' => false,
)
[ info ] [ HEADER ] array (
  'host' => 'www.ldkjmy.com',
  'user-agent' => 'Mozilla/5.0 (compatible; AhrefsBot/6.1; +http://ahrefs.com/robot/)',
  'accept' => '*/*',
  'accept-encoding' => 'deflate, gzip',
  'content-type' => '',
  'content-length' => '',
)
[ info ] [ PARAM ] array (
)
[ info ] [ LANG ] /www/wwwroot/www.ldkjmy.com/aaaa/yamaxun/app/home/lang/zh-cn.php
[ info ] [ DB ] INIT mysql
[ info ] [ SESSION ] INIT array (
  'id' => '',
  'var_session_id' => '',
  'prefix' => 'think',
  'type' => '',
  'auto_start' => true,
)
[ info ] [ BEHAVIOR ] Run Closure @action_begin [ RunTime:0.001111s ]
[ info ] [ RUN ] app\home\controller\Index->index[ /www/wwwroot/www.ldkjmy.com/aaaa/yamaxun/app/home/controller/Index.php ]
[ info ] [ BEHAVIOR ] Run app\admin\behavior\Cron @app_end [ RunTime:0.000469s ]
[ info ] [ LOG ] INIT File
[ sql ] [ DB ] CONNECT:[ UseTime:0.000205s ] mysql:dbname=www_ldkjmy_com;host=localhost;port=3306;charset=utf8
[ sql ] [ SQL ] SHOW COLUMNS FROM `yf_options` [ RunTime:0.000619s ]
[ sql ] [ SQL ] SELECT * FROM `yf_options` WHERE  `option_name` = 'site_options'  AND `option_l` = 'zh-cn' LIMIT 1 [ RunTime:0.000194s ]
