---------------------------------------------------------------
[ 2019-11-21T18:22:02+08:00 ] 172.21.0.9 171.117.120.187 GET /admin/productupload/product_edit/goodsId/26953.html
[ info ] www.ldkjmy.com/admin/productupload/product_edit/goodsId/26953.html [运行时间：0.176213s][吞吐率：5.67req/s] [内存消耗：11,407.64kb] [文件加载：115]
[ info ] [ LANG ] /www/wwwroot/www.ldkjmy.com/aaaa/yamaxun/thinkphp/lang/zh-cn.php
[ info ] [ LANG ] /www/wwwroot/www.ldkjmy.com/aaaa/yamaxun/app/lang/zh-cn.php
[ info ] [ CACHE ] INIT File
[ info ] [ ROUTE ] array (
  'type' => 'module',
  'module' => 
  array (
    0 => 'admin',
    1 => 'productupload',
    2 => 'product_edit',
  ),
)
[ info ] [ HEADER ] array (
  'host' => 'www.ldkjmy.com',
  'connection' => 'keep-alive',
  'upgrade-insecure-requests' => '1',
  'user-agent' => 'Mozilla/5.0 (Windows NT 6.1; Win64; x64) AppleWebKit/537.36 (KHTML, like Gecko) Chrome/78.0.3904.97 Safari/537.36',
  'accept' => 'text/html,application/xhtml+xml,application/xml;q=0.9,image/webp,image/apng,*/*;q=0.8,application/signed-exchange;v=b3',
  'referer' => 'http://www.ldkjmy.com/admin/productupload/smartupload.html',
  'accept-encoding' => 'gzip, deflate',
  'accept-language' => 'zh-CN,zh;q=0.9,en;q=0.8',
  'cookie' => 'thinkphp_show_page_trace=0|0; thinkphp_show_page_trace=0|0; thinkphp_show_page_trace=0|0; PHPSESSID=0lhudja2p7gocjnjai3t6hvd71; aid=1; signin_token=496e338f0c58103d3e987dd3759eb9d0a62e754d; yf_logged_user=Qhif3ciCx266dh4Do',
  'content-type' => '',
  'content-length' => '',
)
[ info ] [ PARAM ] array (
  'goodsId' => '26953',
)
[ info ] [ SESSION ] INIT array (
  'id' => '',
  'var_session_id' => '',
  'prefix' => 'think',
  'type' => '',
  'auto_start' => true,
)
[ info ] [ DB ] INIT mysql
[ info ] [ BEHAVIOR ] Run app\common\behavior\WebLog @module_init [ RunTime:0.052198s ]
[ info ] [ DB ] INIT mysql
[ info ] [ BEHAVIOR ] Run Closure @action_begin [ RunTime:0.001342s ]
[ info ] [ RUN ] app\admin\controller\Productupload->product_edit[ /www/wwwroot/www.ldkjmy.com/aaaa/yamaxun/app/admin/controller/Productupload.php ]
[ info ] [ VIEW ] /www/wwwroot/www.ldkjmy.com/aaaa/yamaxun/app/admin/view/productupload/product_edit.html [ array (
  0 => 'lang',
  1 => 'menus',
  2 => 'menus_curr',
  3 => 'menus_child',
  4 => 'id_curr',
  5 => 'admin_avatar',
  6 => 'goods_extra',
) ]
[ info ] [ BEHAVIOR ] Run app\admin\behavior\Cron @app_end [ RunTime:0.000658s ]
[ info ] [ LOG ] INIT File
[ sql ] [ DB ] CONNECT:[ UseTime:0.000217s ] mysql:dbname=www_ldkjmy_com;host=localhost;port=3306;charset=utf8
[ sql ] [ SQL ] SHOW COLUMNS FROM `yf_web_log` [ RunTime:0.000733s ]
[ sql ] [ SQL ] INSERT INTO `yf_web_log` (`uid` , `ip` , `location` , `os` , `browser` , `url` , `module` , `controller` , `action` , `method` , `data` , `otime`) VALUES (1 , '171.117.120.187' , '中国 山西 太原 ' , 'Windows 7' , 'Chrome(78.0.3904.97)' , '/admin/productupload/product_edit/goodsId/26953.html' , 'admin' , 'Productupload' , 'product_edit' , 'GET' , 'a:1:{s:7:\"goodsId\";s:5:\"26953\";}' , 1574331722) [ RunTime:0.000376s ]
[ sql ] [ SQL ] SHOW COLUMNS FROM `yf_auth_rule` [ RunTime:0.000765s ]
[ sql ] [ SQL ] SELECT `id` FROM `yf_auth_rule` WHERE  `name` = 'admin/Productupload/product_edit' ORDER BY level desc,sort LIMIT 1 [ RunTime:0.000199s ]
[ sql ] [ SQL ] SELECT `id`,`pid` FROM `yf_auth_rule` ORDER BY level desc,sort [ RunTime:0.000267s ]
[ sql ] [ SQL ] SELECT `id` FROM `yf_auth_rule` WHERE  `name` = 'admin/Productupload/product_edit'  AND `status` = 1 ORDER BY level desc,sort LIMIT 1 [ RunTime:0.000239s ]
[ sql ] [ SQL ] SELECT `pid` FROM `yf_auth_rule` WHERE  `id` = 0 LIMIT 1 [ RunTime:0.000757s ]
[ sql ] [ SQL ] SELECT * FROM `yf_auth_rule` WHERE  `status` = 1  AND `pid` = null ORDER BY `sort` [ RunTime:0.000194s ]
[ sql ] [ SQL ] SHOW COLUMNS FROM `yf_admin` [ RunTime:0.001059s ]
[ sql ] [ SQL ] SELECT `admin_id`,`en_name`,`en_brand` FROM `yf_admin` WHERE  (  admin_id = 1 ) [ RunTime:0.000162s ]
---------------------------------------------------------------
[ 2019-11-21T18:22:02+08:00 ] 172.21.0.9 171.117.120.187 POST /admin/productupload/productimage.html
[ info ] www.ldkjmy.com/admin/productupload/productimage.html [运行时间：0.126206s][吞吐率：7.92req/s] [内存消耗：11,232.41kb] [文件加载：113]
[ info ] [ LANG ] /www/wwwroot/www.ldkjmy.com/aaaa/yamaxun/thinkphp/lang/zh-cn.php
[ info ] [ LANG ] /www/wwwroot/www.ldkjmy.com/aaaa/yamaxun/app/lang/zh-cn.php
[ info ] [ CACHE ] INIT File
[ info ] [ ROUTE ] array (
  'type' => 'module',
  'module' => 
  array (
    0 => 'admin',
    1 => 'productupload',
    2 => 'productimage',
  ),
)
[ info ] [ HEADER ] array (
  'host' => 'www.ldkjmy.com',
  'connection' => 'keep-alive',
  'content-length' => '13',
  'accept' => '*/*',
  'origin' => 'http://www.ldkjmy.com',
  'x-requested-with' => 'XMLHttpRequest',
  'user-agent' => 'Mozilla/5.0 (Windows NT 6.1; Win64; x64) AppleWebKit/537.36 (KHTML, like Gecko) Chrome/78.0.3904.97 Safari/537.36',
  'content-type' => 'application/x-www-form-urlencoded; charset=UTF-8',
  'referer' => 'http://www.ldkjmy.com/admin/productupload/product_edit/goodsId/26953.html',
  'accept-encoding' => 'gzip, deflate',
  'accept-language' => 'zh-CN,zh;q=0.9,en;q=0.8',
  'cookie' => 'thinkphp_show_page_trace=0|0; thinkphp_show_page_trace=0|0; PHPSESSID=0lhudja2p7gocjnjai3t6hvd71; aid=1; signin_token=496e338f0c58103d3e987dd3759eb9d0a62e754d; yf_logged_user=Qhif3ciCx266dh4Do',
)
[ info ] [ PARAM ] array (
  'goodsId' => '26953',
)
[ info ] [ SESSION ] INIT array (
  'id' => '',
  'var_session_id' => '',
  'prefix' => 'think',
  'type' => '',
  'auto_start' => true,
)
[ info ] [ DB ] INIT mysql
[ info ] [ BEHAVIOR ] Run app\common\behavior\WebLog @module_init [ RunTime:0.043974s ]
[ info ] [ DB ] INIT mysql
[ info ] [ BEHAVIOR ] Run Closure @action_begin [ RunTime:0.001284s ]
[ info ] [ RUN ] app\admin\controller\Productupload->productImage[ /www/wwwroot/www.ldkjmy.com/aaaa/yamaxun/app/admin/controller/Productupload.php ]
[ info ] [ BEHAVIOR ] Run app\admin\behavior\Cron @app_end [ RunTime:0.000753s ]
[ info ] [ LOG ] INIT File
[ sql ] [ DB ] CONNECT:[ UseTime:0.000202s ] mysql:dbname=www_ldkjmy_com;host=localhost;port=3306;charset=utf8
[ sql ] [ SQL ] SHOW COLUMNS FROM `yf_web_log` [ RunTime:0.000691s ]
[ sql ] [ SQL ] INSERT INTO `yf_web_log` (`uid` , `ip` , `location` , `os` , `browser` , `url` , `module` , `controller` , `action` , `method` , `data` , `otime`) VALUES (1 , '171.117.120.187' , '中国 山西 太原 ' , 'Windows 7' , 'Chrome(78.0.3904.97)' , '/admin/productupload/productimage.html' , 'admin' , 'Productupload' , 'productimage' , 'Ajax' , 'a:1:{s:7:\"goodsId\";s:5:\"26953\";}' , 1574331722) [ RunTime:0.000313s ]
[ sql ] [ SQL ] SHOW COLUMNS FROM `yf_auth_rule` [ RunTime:0.000666s ]
[ sql ] [ SQL ] SELECT `id` FROM `yf_auth_rule` WHERE  `name` = 'admin/Productupload/productimage' ORDER BY level desc,sort LIMIT 1 [ RunTime:0.000149s ]
[ sql ] [ SQL ] SELECT `id`,`pid` FROM `yf_auth_rule` ORDER BY level desc,sort [ RunTime:0.000178s ]
[ sql ] [ SQL ] SELECT `id` FROM `yf_auth_rule` WHERE  `name` = 'admin/Productupload/productimage'  AND `status` = 1 ORDER BY level desc,sort LIMIT 1 [ RunTime:0.000134s ]
[ sql ] [ SQL ] SELECT `pid` FROM `yf_auth_rule` WHERE  `id` = 0 LIMIT 1 [ RunTime:0.000098s ]
[ sql ] [ SQL ] SELECT * FROM `yf_auth_rule` WHERE  `status` = 1  AND `pid` = null ORDER BY `sort` [ RunTime:0.000142s ]
---------------------------------------------------------------
[ 2019-11-21T18:22:21+08:00 ] 172.21.0.9 171.117.120.187 POST /admin/product/product_translationguge.html
[ info ] www.ldkjmy.com/admin/product/product_translationguge.html [运行时间：0.119029s][吞吐率：8.40req/s] [内存消耗：11,183.13kb] [文件加载：113]
[ info ] [ LANG ] /www/wwwroot/www.ldkjmy.com/aaaa/yamaxun/thinkphp/lang/zh-cn.php
[ info ] [ LANG ] /www/wwwroot/www.ldkjmy.com/aaaa/yamaxun/app/lang/zh-cn.php
[ info ] [ CACHE ] INIT File
[ info ] [ ROUTE ] array (
  'type' => 'module',
  'module' => 
  array (
    0 => 'admin',
    1 => 'product',
    2 => 'product_translationguge',
  ),
)
[ info ] [ HEADER ] array (
  'host' => 'www.ldkjmy.com',
  'connection' => 'keep-alive',
  'content-length' => '50',
  'accept' => 'application/json, text/javascript, */*; q=0.01',
  'origin' => 'http://www.ldkjmy.com',
  'x-requested-with' => 'XMLHttpRequest',
  'user-agent' => 'Mozilla/5.0 (Windows NT 6.1; Win64; x64) AppleWebKit/537.36 (KHTML, like Gecko) Chrome/78.0.3904.97 Safari/537.36',
  'content-type' => 'application/x-www-form-urlencoded; charset=UTF-8',
  'referer' => 'http://www.ldkjmy.com/admin/productupload/product_edit/goodsId/26953.html',
  'accept-encoding' => 'gzip, deflate',
  'accept-language' => 'zh-CN,zh;q=0.9,en;q=0.8',
  'cookie' => 'thinkphp_show_page_trace=0|0; thinkphp_show_page_trace=0|0; PHPSESSID=0lhudja2p7gocjnjai3t6hvd71; aid=1; signin_token=496e338f0c58103d3e987dd3759eb9d0a62e754d; yf_logged_user=Qhif3ciCx266dh4Do',
)
[ info ] [ PARAM ] array (
  'title' => ' Woodrow Waste Bin, Brown',
  'yuzhong' => 'en',
  'zhi' => '1',
)
[ info ] [ SESSION ] INIT array (
  'id' => '',
  'var_session_id' => '',
  'prefix' => 'think',
  'type' => '',
  'auto_start' => true,
)
[ info ] [ DB ] INIT mysql
[ info ] [ BEHAVIOR ] Run app\common\behavior\WebLog @module_init [ RunTime:0.060418s ]
[ info ] [ BEHAVIOR ] Run Closure @action_begin [ RunTime:0.002063s ]
[ info ] [ RUN ] app\admin\controller\Product->product_translationguge[ /www/wwwroot/www.ldkjmy.com/aaaa/yamaxun/app/admin/controller/Product.php ]
[ info ] [ BEHAVIOR ] Run app\admin\behavior\Cron @app_end [ RunTime:0.000767s ]
[ info ] [ LOG ] INIT File
[ sql ] [ DB ] CONNECT:[ UseTime:0.000261s ] mysql:dbname=www_ldkjmy_com;host=localhost;port=3306;charset=utf8
[ sql ] [ SQL ] SHOW COLUMNS FROM `yf_web_log` [ RunTime:0.000962s ]
[ sql ] [ SQL ] INSERT INTO `yf_web_log` (`uid` , `ip` , `location` , `os` , `browser` , `url` , `module` , `controller` , `action` , `method` , `data` , `otime`) VALUES (1 , '171.117.120.187' , '中国 山西 太原 ' , 'Windows 7' , 'Chrome(78.0.3904.97)' , '/admin/product/product_translationguge.html' , 'admin' , 'Product' , 'product_translationguge' , 'Ajax' , 'a:3:{s:5:\"title\";s:25:\" Woodrow Waste Bin, Brown\";s:7:\"yuzhong\";s:2:\"en\";s:3:\"zhi\";s:1:\"1\";}' , 1574331741) [ RunTime:0.000456s ]
[ sql ] [ SQL ] SHOW COLUMNS FROM `yf_auth_rule` [ RunTime:0.001121s ]
[ sql ] [ SQL ] SELECT `id` FROM `yf_auth_rule` WHERE  `name` = 'admin/Product/product_translationguge' ORDER BY level desc,sort LIMIT 1 [ RunTime:0.000487s ]
[ sql ] [ SQL ] SELECT `id`,`pid` FROM `yf_auth_rule` ORDER BY level desc,sort [ RunTime:0.000394s ]
[ sql ] [ SQL ] SELECT `id` FROM `yf_auth_rule` WHERE  `name` = 'admin/Product/product_translationguge'  AND `status` = 1 ORDER BY level desc,sort LIMIT 1 [ RunTime:0.000430s ]
[ sql ] [ SQL ] SELECT `pid` FROM `yf_auth_rule` WHERE  `id` = 0 LIMIT 1 [ RunTime:0.000172s ]
[ sql ] [ SQL ] SELECT * FROM `yf_auth_rule` WHERE  `status` = 1  AND `pid` = null ORDER BY `sort` [ RunTime:0.000210s ]
---------------------------------------------------------------
[ 2019-11-21T18:22:24+08:00 ] 172.21.0.9 171.117.120.187 GET /admin/productupload/product_edit/goodsId/26953.html
[ info ] www.ldkjmy.com/admin/productupload/product_edit/goodsId/26953.html [运行时间：0.184139s][吞吐率：5.43req/s] [内存消耗：11,407.08kb] [文件加载：115]
[ info ] [ LANG ] /www/wwwroot/www.ldkjmy.com/aaaa/yamaxun/thinkphp/lang/zh-cn.php
[ info ] [ LANG ] /www/wwwroot/www.ldkjmy.com/aaaa/yamaxun/app/lang/zh-cn.php
[ info ] [ CACHE ] INIT File
[ info ] [ ROUTE ] array (
  'type' => 'module',
  'module' => 
  array (
    0 => 'admin',
    1 => 'productupload',
    2 => 'product_edit',
  ),
)
[ info ] [ HEADER ] array (
  'host' => 'www.ldkjmy.com',
  'connection' => 'keep-alive',
  'upgrade-insecure-requests' => '1',
  'user-agent' => 'Mozilla/5.0 (Windows NT 6.1; Win64; x64) AppleWebKit/537.36 (KHTML, like Gecko) Chrome/78.0.3904.97 Safari/537.36',
  'accept' => 'text/html,application/xhtml+xml,application/xml;q=0.9,image/webp,image/apng,*/*;q=0.8,application/signed-exchange;v=b3',
  'accept-encoding' => 'gzip, deflate',
  'accept-language' => 'zh-CN,zh;q=0.9,en;q=0.8',
  'cookie' => 'thinkphp_show_page_trace=0|0; thinkphp_show_page_trace=0|0; thinkphp_show_page_trace=0|0; PHPSESSID=0lhudja2p7gocjnjai3t6hvd71; aid=1; signin_token=496e338f0c58103d3e987dd3759eb9d0a62e754d; yf_logged_user=Qhif3ciCx266dh4Do',
  'content-type' => '',
  'content-length' => '',
)
[ info ] [ PARAM ] array (
  'goodsId' => '26953',
)
[ info ] [ SESSION ] INIT array (
  'id' => '',
  'var_session_id' => '',
  'prefix' => 'think',
  'type' => '',
  'auto_start' => true,
)
[ info ] [ DB ] INIT mysql
[ info ] [ BEHAVIOR ] Run app\common\behavior\WebLog @module_init [ RunTime:0.063371s ]
[ info ] [ DB ] INIT mysql
[ info ] [ BEHAVIOR ] Run Closure @action_begin [ RunTime:0.001886s ]
[ info ] [ RUN ] app\admin\controller\Productupload->product_edit[ /www/wwwroot/www.ldkjmy.com/aaaa/yamaxun/app/admin/controller/Productupload.php ]
[ info ] [ VIEW ] /www/wwwroot/www.ldkjmy.com/aaaa/yamaxun/app/admin/view/productupload/product_edit.html [ array (
  0 => 'lang',
  1 => 'menus',
  2 => 'menus_curr',
  3 => 'menus_child',
  4 => 'id_curr',
  5 => 'admin_avatar',
  6 => 'goods_extra',
) ]
[ info ] [ BEHAVIOR ] Run app\admin\behavior\Cron @app_end [ RunTime:0.000790s ]
[ info ] [ LOG ] INIT File
[ sql ] [ DB ] CONNECT:[ UseTime:0.000357s ] mysql:dbname=www_ldkjmy_com;host=localhost;port=3306;charset=utf8
[ sql ] [ SQL ] SHOW COLUMNS FROM `yf_web_log` [ RunTime:0.001508s ]
[ sql ] [ SQL ] INSERT INTO `yf_web_log` (`uid` , `ip` , `location` , `os` , `browser` , `url` , `module` , `controller` , `action` , `method` , `data` , `otime`) VALUES (1 , '171.117.120.187' , '中国 山西 太原 ' , 'Windows 7' , 'Chrome(78.0.3904.97)' , '/admin/productupload/product_edit/goodsId/26953.html' , 'admin' , 'Productupload' , 'product_edit' , 'GET' , 'a:1:{s:7:\"goodsId\";s:5:\"26953\";}' , 1574331744) [ RunTime:0.000457s ]
[ sql ] [ SQL ] SHOW COLUMNS FROM `yf_auth_rule` [ RunTime:0.000994s ]
[ sql ] [ SQL ] SELECT `id` FROM `yf_auth_rule` WHERE  `name` = 'admin/Productupload/product_edit' ORDER BY level desc,sort LIMIT 1 [ RunTime:0.000186s ]
[ sql ] [ SQL ] SELECT `id`,`pid` FROM `yf_auth_rule` ORDER BY level desc,sort [ RunTime:0.000285s ]
[ sql ] [ SQL ] SELECT `id` FROM `yf_auth_rule` WHERE  `name` = 'admin/Productupload/product_edit'  AND `status` = 1 ORDER BY level desc,sort LIMIT 1 [ RunTime:0.000183s ]
[ sql ] [ SQL ] SELECT `pid` FROM `yf_auth_rule` WHERE  `id` = 0 LIMIT 1 [ RunTime:0.000183s ]
[ sql ] [ SQL ] SELECT * FROM `yf_auth_rule` WHERE  `status` = 1  AND `pid` = null ORDER BY `sort` [ RunTime:0.000183s ]
[ sql ] [ SQL ] SHOW COLUMNS FROM `yf_admin` [ RunTime:0.000971s ]
[ sql ] [ SQL ] SELECT `admin_id`,`en_name`,`en_brand` FROM `yf_admin` WHERE  (  admin_id = 1 ) [ RunTime:0.000242s ]
---------------------------------------------------------------
[ 2019-11-21T18:38:33+08:00 ] 172.21.0.9 171.117.120.187 GET /admin/sys/admin_rule_list.html
[ info ] www.ldkjmy.com/admin/sys/admin_rule_list.html [运行时间：0.110645s][吞吐率：9.04req/s] [内存消耗：12,161.32kb] [文件加载：115]
[ info ] [ LANG ] /www/wwwroot/www.ldkjmy.com/aaaa/yamaxun/thinkphp/lang/zh-cn.php
[ info ] [ LANG ] /www/wwwroot/www.ldkjmy.com/aaaa/yamaxun/app/lang/zh-cn.php
[ info ] [ CACHE ] INIT File
[ info ] [ ROUTE ] array (
  'type' => 'module',
  'module' => 
  array (
    0 => 'admin',
    1 => 'sys',
    2 => 'admin_rule_list',
  ),
)
[ info ] [ HEADER ] array (
  'host' => 'www.ldkjmy.com',
  'connection' => 'keep-alive',
  'upgrade-insecure-requests' => '1',
  'user-agent' => 'Mozilla/5.0 (Windows NT 6.1; Win64; x64) AppleWebKit/537.36 (KHTML, like Gecko) Chrome/78.0.3904.97 Safari/537.36',
  'accept' => 'text/html,application/xhtml+xml,application/xml;q=0.9,image/webp,image/apng,*/*;q=0.8,application/signed-exchange;v=b3',
  'referer' => 'http://www.ldkjmy.com/admin/productupload/product_edit/goodsId/26953.html',
  'accept-encoding' => 'gzip, deflate',
  'accept-language' => 'zh-CN,zh;q=0.9,en;q=0.8',
  'cookie' => 'thinkphp_show_page_trace=0|0; thinkphp_show_page_trace=0|0; PHPSESSID=0lhudja2p7gocjnjai3t6hvd71; aid=1; signin_token=496e338f0c58103d3e987dd3759eb9d0a62e754d; yf_logged_user=Qhif3ciCx266dh4Do',
  'content-type' => '',
  'content-length' => '',
)
[ info ] [ PARAM ] array (
)
[ info ] [ SESSION ] INIT array (
  'id' => '',
  'var_session_id' => '',
  'prefix' => 'think',
  'type' => '',
  'auto_start' => true,
)
[ info ] [ DB ] INIT mysql
[ info ] [ BEHAVIOR ] Run app\common\behavior\WebLog @module_init [ RunTime:0.046266s ]
[ info ] [ BEHAVIOR ] Run Closure @action_begin [ RunTime:0.001230s ]
[ info ] [ RUN ] app\admin\controller\Sys->admin_rule_list[ /www/wwwroot/www.ldkjmy.com/aaaa/yamaxun/app/admin/controller/Sys.php ]
[ info ] [ VIEW ] /www/wwwroot/www.ldkjmy.com/aaaa/yamaxun/app/admin/view/sys/admin_rule_list.html [ array (
  0 => 'lang',
  1 => 'menus',
  2 => 'menus_curr',
  3 => 'menus_child',
  4 => 'id_curr',
  5 => 'admin_avatar',
  6 => 'admin_rule',
  7 => 'admin_rule_all',
  8 => 'pid',
) ]
[ info ] [ BEHAVIOR ] Run app\admin\behavior\Cron @app_end [ RunTime:0.000487s ]
[ info ] [ LOG ] INIT File
[ sql ] [ DB ] CONNECT:[ UseTime:0.000233s ] mysql:dbname=www_ldkjmy_com;host=localhost;port=3306;charset=utf8
[ sql ] [ SQL ] SHOW COLUMNS FROM `yf_web_log` [ RunTime:0.000856s ]
[ sql ] [ SQL ] INSERT INTO `yf_web_log` (`uid` , `ip` , `location` , `os` , `browser` , `url` , `module` , `controller` , `action` , `method` , `data` , `otime`) VALUES (1 , '171.117.120.187' , '中国 山西 太原 ' , 'Windows 7' , 'Chrome(78.0.3904.97)' , '/admin/sys/admin_rule_list.html' , 'admin' , 'Sys' , 'admin_rule_list' , 'GET' , 'a:0:{}' , 1574332713) [ RunTime:0.000446s ]
[ sql ] [ SQL ] SHOW COLUMNS FROM `yf_auth_rule` [ RunTime:0.000720s ]
[ sql ] [ SQL ] SELECT `id` FROM `yf_auth_rule` WHERE  `name` = 'admin/Sys/admin_rule_list' ORDER BY level desc,sort LIMIT 1 [ RunTime:0.000142s ]
[ sql ] [ SQL ] SELECT `id`,`pid` FROM `yf_auth_rule` ORDER BY level desc,sort [ RunTime:0.000195s ]
[ sql ] [ SQL ] SELECT `id` FROM `yf_auth_rule` WHERE  `name` = 'admin/Sys/admin_rule_list'  AND `status` = 1 ORDER BY level desc,sort LIMIT 1 [ RunTime:0.000156s ]
[ sql ] [ SQL ] SELECT `pid` FROM `yf_auth_rule` WHERE  `id` = 158 LIMIT 1 [ RunTime:0.000109s ]
[ sql ] [ SQL ] SELECT * FROM `yf_auth_rule` WHERE  `status` = 1  AND `pid` = 18 ORDER BY `sort` [ RunTime:0.000172s ]
[ sql ] [ SQL ] SELECT * FROM `yf_auth_rule` WHERE  `pid` = 0 ORDER BY `sort` [ RunTime:0.000152s ]
[ sql ] [ SQL ] SELECT * FROM `yf_auth_rule` ORDER BY `sort` [ RunTime:0.000326s ]
---------------------------------------------------------------
[ 2019-11-21T18:38:42+08:00 ] 172.21.0.9 171.117.120.187 GET /admin/admins/admin_list.html
[ info ] www.ldkjmy.com/admin/admins/admin_list.html [运行时间：0.089807s][吞吐率：11.13req/s] [内存消耗：11,453.20kb] [文件加载：118]
[ info ] [ LANG ] /www/wwwroot/www.ldkjmy.com/aaaa/yamaxun/thinkphp/lang/zh-cn.php
[ info ] [ LANG ] /www/wwwroot/www.ldkjmy.com/aaaa/yamaxun/app/lang/zh-cn.php
[ info ] [ CACHE ] INIT File
[ info ] [ ROUTE ] array (
  'type' => 'module',
  'module' => 
  array (
    0 => 'admin',
    1 => 'admins',
    2 => 'admin_list',
  ),
)
[ info ] [ HEADER ] array (
  'host' => 'www.ldkjmy.com',
  'connection' => 'keep-alive',
  'upgrade-insecure-requests' => '1',
  'user-agent' => 'Mozilla/5.0 (Windows NT 6.1; Win64; x64) AppleWebKit/537.36 (KHTML, like Gecko) Chrome/78.0.3904.97 Safari/537.36',
  'accept' => 'text/html,application/xhtml+xml,application/xml;q=0.9,image/webp,image/apng,*/*;q=0.8,application/signed-exchange;v=b3',
  'referer' => 'http://www.ldkjmy.com/admin/sys/admin_rule_list.html',
  'accept-encoding' => 'gzip, deflate',
  'accept-language' => 'zh-CN,zh;q=0.9,en;q=0.8',
  'cookie' => 'thinkphp_show_page_trace=0|0; thinkphp_show_page_trace=0|0; PHPSESSID=0lhudja2p7gocjnjai3t6hvd71; aid=1; signin_token=496e338f0c58103d3e987dd3759eb9d0a62e754d; yf_logged_user=Qhif3ciCx266dh4Do',
  'content-type' => '',
  'content-length' => '',
)
[ info ] [ PARAM ] array (
)
[ info ] [ SESSION ] INIT array (
  'id' => '',
  'var_session_id' => '',
  'prefix' => 'think',
  'type' => '',
  'auto_start' => true,
)
[ info ] [ DB ] INIT mysql
[ info ] [ BEHAVIOR ] Run app\common\behavior\WebLog @module_init [ RunTime:0.040187s ]
[ info ] [ BEHAVIOR ] Run Closure @action_begin [ RunTime:0.001327s ]
[ info ] [ RUN ] app\admin\controller\Admins->admin_list[ /www/wwwroot/www.ldkjmy.com/aaaa/yamaxun/app/admin/controller/Admins.php ]
[ info ] [ VIEW ] /www/wwwroot/www.ldkjmy.com/aaaa/yamaxun/app/admin/view/admins/admin_list.html [ array (
  0 => 'lang',
  1 => 'menus',
  2 => 'menus_curr',
  3 => 'menus_child',
  4 => 'id_curr',
  5 => 'admin_avatar',
  6 => 'search_name',
  7 => 'admin_list',
  8 => 'page',
) ]
[ info ] [ BEHAVIOR ] Run app\admin\behavior\Cron @app_end [ RunTime:0.000440s ]
[ info ] [ LOG ] INIT File
[ sql ] [ DB ] CONNECT:[ UseTime:0.000381s ] mysql:dbname=www_ldkjmy_com;host=localhost;port=3306;charset=utf8
[ sql ] [ SQL ] SHOW COLUMNS FROM `yf_web_log` [ RunTime:0.000668s ]
[ sql ] [ SQL ] INSERT INTO `yf_web_log` (`uid` , `ip` , `location` , `os` , `browser` , `url` , `module` , `controller` , `action` , `method` , `data` , `otime`) VALUES (1 , '171.117.120.187' , '中国 山西 太原 ' , 'Windows 7' , 'Chrome(78.0.3904.97)' , '/admin/admins/admin_list.html' , 'admin' , 'Admins' , 'admin_list' , 'GET' , 'a:0:{}' , 1574332722) [ RunTime:0.000326s ]
[ sql ] [ SQL ] SHOW COLUMNS FROM `yf_auth_rule` [ RunTime:0.000920s ]
[ sql ] [ SQL ] SELECT `id` FROM `yf_auth_rule` WHERE  `name` = 'admin/Admins/admin_list' ORDER BY level desc,sort LIMIT 1 [ RunTime:0.000143s ]
[ sql ] [ SQL ] SELECT `id`,`pid` FROM `yf_auth_rule` ORDER BY level desc,sort [ RunTime:0.000198s ]
[ sql ] [ SQL ] SELECT `id` FROM `yf_auth_rule` WHERE  `name` = 'admin/Admins/admin_list'  AND `status` = 1 ORDER BY level desc,sort LIMIT 1 [ RunTime:0.000137s ]
[ sql ] [ SQL ] SELECT `pid` FROM `yf_auth_rule` WHERE  `id` = 37 LIMIT 1 [ RunTime:0.000119s ]
[ sql ] [ SQL ] SELECT * FROM `yf_auth_rule` WHERE  `status` = 1  AND `pid` = 27 ORDER BY `sort` [ RunTime:0.000135s ]
[ sql ] [ SQL ] SHOW COLUMNS FROM `yf_admin` [ RunTime:0.000622s ]
[ sql ] [ SQL ] SELECT COUNT(*) AS tp_count FROM `yf_admin` WHERE  `fj_id` = 1 LIMIT 1 [ RunTime:0.000126s ]
[ sql ] [ SQL ] SELECT * FROM `yf_admin` WHERE  `fj_id` = 1 ORDER BY `admin_id` LIMIT 0,10 [ RunTime:0.000160s ]
[ sql ] [ SQL ] SHOW COLUMNS FROM `yf_auth_group_access` [ RunTime:0.000618s ]
[ sql ] [ SQL ] SELECT `uid`,`group_id`,`title`,`rules` FROM yf_auth_group_access a INNER JOIN `yf_auth_group` `g` ON `a`.`group_id`=`g`.`id` WHERE  (  a.uid='2' and g.status='1' ) [ RunTime:0.000149s ]
[ sql ] [ SQL ] SELECT `uid`,`group_id`,`title`,`rules` FROM yf_auth_group_access a INNER JOIN `yf_auth_group` `g` ON `a`.`group_id`=`g`.`id` WHERE  (  a.uid='3' and g.status='1' ) [ RunTime:0.000122s ]
[ sql ] [ SQL ] SELECT `uid`,`group_id`,`title`,`rules` FROM yf_auth_group_access a INNER JOIN `yf_auth_group` `g` ON `a`.`group_id`=`g`.`id` WHERE  (  a.uid='4' and g.status='1' ) [ RunTime:0.000134s ]
[ sql ] [ SQL ] SELECT `uid`,`group_id`,`title`,`rules` FROM yf_auth_group_access a INNER JOIN `yf_auth_group` `g` ON `a`.`group_id`=`g`.`id` WHERE  (  a.uid='33' and g.status='1' ) [ RunTime:0.000118s ]
---------------------------------------------------------------
[ 2019-11-21T18:38:43+08:00 ] 172.21.0.9 171.117.120.187 GET /admin/admin/admin_list.html
[ info ] www.ldkjmy.com/admin/admin/admin_list.html [运行时间：0.099824s][吞吐率：10.02req/s] [内存消耗：11,502.24kb] [文件加载：118]
[ info ] [ LANG ] /www/wwwroot/www.ldkjmy.com/aaaa/yamaxun/thinkphp/lang/zh-cn.php
[ info ] [ LANG ] /www/wwwroot/www.ldkjmy.com/aaaa/yamaxun/app/lang/zh-cn.php
[ info ] [ CACHE ] INIT File
[ info ] [ ROUTE ] array (
  'type' => 'module',
  'module' => 
  array (
    0 => 'admin',
    1 => 'admin',
    2 => 'admin_list',
  ),
)
[ info ] [ HEADER ] array (
  'host' => 'www.ldkjmy.com',
  'connection' => 'keep-alive',
  'upgrade-insecure-requests' => '1',
  'user-agent' => 'Mozilla/5.0 (Windows NT 6.1; Win64; x64) AppleWebKit/537.36 (KHTML, like Gecko) Chrome/78.0.3904.97 Safari/537.36',
  'accept' => 'text/html,application/xhtml+xml,application/xml;q=0.9,image/webp,image/apng,*/*;q=0.8,application/signed-exchange;v=b3',
  'referer' => 'http://www.ldkjmy.com/admin/admins/admin_list.html',
  'accept-encoding' => 'gzip, deflate',
  'accept-language' => 'zh-CN,zh;q=0.9,en;q=0.8',
  'cookie' => 'thinkphp_show_page_trace=0|0; thinkphp_show_page_trace=0|0; PHPSESSID=0lhudja2p7gocjnjai3t6hvd71; aid=1; signin_token=496e338f0c58103d3e987dd3759eb9d0a62e754d; yf_logged_user=Qhif3ciCx266dh4Do',
  'content-type' => '',
  'content-length' => '',
)
[ info ] [ PARAM ] array (
)
[ info ] [ SESSION ] INIT array (
  'id' => '',
  'var_session_id' => '',
  'prefix' => 'think',
  'type' => '',
  'auto_start' => true,
)
[ info ] [ DB ] INIT mysql
[ info ] [ BEHAVIOR ] Run app\common\behavior\WebLog @module_init [ RunTime:0.045765s ]
[ info ] [ BEHAVIOR ] Run Closure @action_begin [ RunTime:0.001145s ]
[ info ] [ RUN ] app\admin\controller\Admin->admin_list[ /www/wwwroot/www.ldkjmy.com/aaaa/yamaxun/app/admin/controller/Admin.php ]
[ info ] [ VIEW ] /www/wwwroot/www.ldkjmy.com/aaaa/yamaxun/app/admin/view/admin/admin_list.html [ array (
  0 => 'lang',
  1 => 'menus',
  2 => 'menus_curr',
  3 => 'menus_child',
  4 => 'id_curr',
  5 => 'admin_avatar',
  6 => 'search_name',
  7 => 'admin_list',
  8 => 'page',
) ]
[ info ] [ BEHAVIOR ] Run app\admin\behavior\Cron @app_end [ RunTime:0.000526s ]
[ info ] [ LOG ] INIT File
[ sql ] [ DB ] CONNECT:[ UseTime:0.000901s ] mysql:dbname=www_ldkjmy_com;host=localhost;port=3306;charset=utf8
[ sql ] [ SQL ] SHOW COLUMNS FROM `yf_web_log` [ RunTime:0.000686s ]
[ sql ] [ SQL ] INSERT INTO `yf_web_log` (`uid` , `ip` , `location` , `os` , `browser` , `url` , `module` , `controller` , `action` , `method` , `data` , `otime`) VALUES (1 , '171.117.120.187' , '中国 山西 太原 ' , 'Windows 7' , 'Chrome(78.0.3904.97)' , '/admin/admin/admin_list.html' , 'admin' , 'Admin' , 'admin_list' , 'GET' , 'a:0:{}' , 1574332723) [ RunTime:0.000311s ]
[ sql ] [ SQL ] SHOW COLUMNS FROM `yf_auth_rule` [ RunTime:0.000778s ]
[ sql ] [ SQL ] SELECT `id` FROM `yf_auth_rule` WHERE  `name` = 'admin/Admin/admin_list' ORDER BY level desc,sort LIMIT 1 [ RunTime:0.000172s ]
[ sql ] [ SQL ] SELECT `id`,`pid` FROM `yf_auth_rule` ORDER BY level desc,sort [ RunTime:0.000178s ]
[ sql ] [ SQL ] SELECT `id` FROM `yf_auth_rule` WHERE  `name` = 'admin/Admin/admin_list'  AND `status` = 1 ORDER BY level desc,sort LIMIT 1 [ RunTime:0.000157s ]
[ sql ] [ SQL ] SELECT `pid` FROM `yf_auth_rule` WHERE  `id` = 16 LIMIT 1 [ RunTime:0.000113s ]
[ sql ] [ SQL ] SELECT * FROM `yf_auth_rule` WHERE  `status` = 1  AND `pid` = 15 ORDER BY `sort` [ RunTime:0.000140s ]
[ sql ] [ SQL ] SHOW COLUMNS FROM `yf_admin` [ RunTime:0.000609s ]
[ sql ] [ SQL ] SELECT COUNT(*) AS tp_count FROM `yf_admin` LIMIT 1 [ RunTime:0.000099s ]
[ sql ] [ SQL ] SELECT * FROM `yf_admin` ORDER BY fj_id,admin_id LIMIT 0,10 [ RunTime:0.000143s ]
[ sql ] [ SQL ] SHOW COLUMNS FROM `yf_auth_group_access` [ RunTime:0.000563s ]
[ sql ] [ SQL ] SELECT `uid`,`group_id`,`title`,`rules` FROM yf_auth_group_access a INNER JOIN `yf_auth_group` `g` ON `a`.`group_id`=`g`.`id` WHERE  (  a.uid='1' and g.status='1' ) [ RunTime:0.000133s ]
[ sql ] [ SQL ] SELECT `uid`,`group_id`,`title`,`rules` FROM yf_auth_group_access a INNER JOIN `yf_auth_group` `g` ON `a`.`group_id`=`g`.`id` WHERE  (  a.uid='2' and g.status='1' ) [ RunTime:0.000116s ]
[ sql ] [ SQL ] SELECT `uid`,`group_id`,`title`,`rules` FROM yf_auth_group_access a INNER JOIN `yf_auth_group` `g` ON `a`.`group_id`=`g`.`id` WHERE  (  a.uid='3' and g.status='1' ) [ RunTime:0.000155s ]
[ sql ] [ SQL ] SELECT `uid`,`group_id`,`title`,`rules` FROM yf_auth_group_access a INNER JOIN `yf_auth_group` `g` ON `a`.`group_id`=`g`.`id` WHERE  (  a.uid='4' and g.status='1' ) [ RunTime:0.000140s ]
[ sql ] [ SQL ] SELECT `uid`,`group_id`,`title`,`rules` FROM yf_auth_group_access a INNER JOIN `yf_auth_group` `g` ON `a`.`group_id`=`g`.`id` WHERE  (  a.uid='33' and g.status='1' ) [ RunTime:0.000108s ]
[ sql ] [ SQL ] SELECT `uid`,`group_id`,`title`,`rules` FROM yf_auth_group_access a INNER JOIN `yf_auth_group` `g` ON `a`.`group_id`=`g`.`id` WHERE  (  a.uid='25' and g.status='1' ) [ RunTime:0.000110s ]
[ sql ] [ SQL ] SELECT `uid`,`group_id`,`title`,`rules` FROM yf_auth_group_access a INNER JOIN `yf_auth_group` `g` ON `a`.`group_id`=`g`.`id` WHERE  (  a.uid='26' and g.status='1' ) [ RunTime:0.000116s ]
[ sql ] [ SQL ] SELECT `uid`,`group_id`,`title`,`rules` FROM yf_auth_group_access a INNER JOIN `yf_auth_group` `g` ON `a`.`group_id`=`g`.`id` WHERE  (  a.uid='29' and g.status='1' ) [ RunTime:0.000111s ]
[ sql ] [ SQL ] SELECT `uid`,`group_id`,`title`,`rules` FROM yf_auth_group_access a INNER JOIN `yf_auth_group` `g` ON `a`.`group_id`=`g`.`id` WHERE  (  a.uid='32' and g.status='1' ) [ RunTime:0.000109s ]
[ sql ] [ SQL ] SELECT `uid`,`group_id`,`title`,`rules` FROM yf_auth_group_access a INNER JOIN `yf_auth_group` `g` ON `a`.`group_id`=`g`.`id` WHERE  (  a.uid='27' and g.status='1' ) [ RunTime:0.000108s ]
---------------------------------------------------------------
[ 2019-11-21T18:38:45+08:00 ] 172.21.0.9 171.117.120.187 GET /admin/product/product_list.html
[ info ] www.ldkjmy.com/admin/product/product_list.html [运行时间：0.096754s][吞吐率：10.34req/s] [内存消耗：11,534.81kb] [文件加载：118]
[ info ] [ LANG ] /www/wwwroot/www.ldkjmy.com/aaaa/yamaxun/thinkphp/lang/zh-cn.php
[ info ] [ LANG ] /www/wwwroot/www.ldkjmy.com/aaaa/yamaxun/app/lang/zh-cn.php
[ info ] [ CACHE ] INIT File
[ info ] [ ROUTE ] array (
  'type' => 'module',
  'module' => 
  array (
    0 => 'admin',
    1 => 'product',
    2 => 'product_list',
  ),
)
[ info ] [ HEADER ] array (
  'host' => 'www.ldkjmy.com',
  'connection' => 'keep-alive',
  'upgrade-insecure-requests' => '1',
  'user-agent' => 'Mozilla/5.0 (Windows NT 6.1; Win64; x64) AppleWebKit/537.36 (KHTML, like Gecko) Chrome/78.0.3904.97 Safari/537.36',
  'accept' => 'text/html,application/xhtml+xml,application/xml;q=0.9,image/webp,image/apng,*/*;q=0.8,application/signed-exchange;v=b3',
  'referer' => 'http://www.ldkjmy.com/admin/admin/admin_list.html',
  'accept-encoding' => 'gzip, deflate',
  'accept-language' => 'zh-CN,zh;q=0.9,en;q=0.8',
  'cookie' => 'thinkphp_show_page_trace=0|0; thinkphp_show_page_trace=0|0; PHPSESSID=0lhudja2p7gocjnjai3t6hvd71; aid=1; signin_token=496e338f0c58103d3e987dd3759eb9d0a62e754d; yf_logged_user=Qhif3ciCx266dh4Do',
  'content-type' => '',
  'content-length' => '',
)
[ info ] [ PARAM ] array (
)
[ info ] [ SESSION ] INIT array (
  'id' => '',
  'var_session_id' => '',
  'prefix' => 'think',
  'type' => '',
  'auto_start' => true,
)
[ info ] [ DB ] INIT mysql
[ info ] [ BEHAVIOR ] Run app\common\behavior\WebLog @module_init [ RunTime:0.042558s ]
[ info ] [ BEHAVIOR ] Run Closure @action_begin [ RunTime:0.001196s ]
[ info ] [ RUN ] app\admin\controller\Product->product_list[ /www/wwwroot/www.ldkjmy.com/aaaa/yamaxun/app/admin/controller/Product.php ]
[ info ] [ VIEW ] /www/wwwroot/www.ldkjmy.com/aaaa/yamaxun/app/admin/view/product/product_list.html [ array (
  0 => 'lang',
  1 => 'menus',
  2 => 'menus_curr',
  3 => 'menus_child',
  4 => 'id_curr',
  5 => 'admin_avatar',
  6 => 'page',
  7 => 'menu',
  8 => 'product',
) ]
[ info ] [ BEHAVIOR ] Run app\admin\behavior\Cron @app_end [ RunTime:0.000475s ]
[ info ] [ LOG ] INIT File
[ sql ] [ DB ] CONNECT:[ UseTime:0.000189s ] mysql:dbname=www_ldkjmy_com;host=localhost;port=3306;charset=utf8
[ sql ] [ SQL ] SHOW COLUMNS FROM `yf_web_log` [ RunTime:0.000640s ]
[ sql ] [ SQL ] INSERT INTO `yf_web_log` (`uid` , `ip` , `location` , `os` , `browser` , `url` , `module` , `controller` , `action` , `method` , `data` , `otime`) VALUES (1 , '171.117.120.187' , '中国 山西 太原 ' , 'Windows 7' , 'Chrome(78.0.3904.97)' , '/admin/product/product_list.html' , 'admin' , 'Product' , 'product_list' , 'GET' , 'a:0:{}' , 1574332725) [ RunTime:0.000266s ]
[ sql ] [ SQL ] SHOW COLUMNS FROM `yf_auth_rule` [ RunTime:0.000713s ]
[ sql ] [ SQL ] SELECT `id` FROM `yf_auth_rule` WHERE  `name` = 'admin/Product/product_list' ORDER BY level desc,sort LIMIT 1 [ RunTime:0.000142s ]
[ sql ] [ SQL ] SELECT `id`,`pid` FROM `yf_auth_rule` ORDER BY level desc,sort [ RunTime:0.000276s ]
[ sql ] [ SQL ] SELECT `id` FROM `yf_auth_rule` WHERE  `name` = 'admin/Product/product_list'  AND `status` = 1 ORDER BY level desc,sort LIMIT 1 [ RunTime:0.000182s ]
[ sql ] [ SQL ] SELECT `pid` FROM `yf_auth_rule` WHERE  `id` = 11 LIMIT 1 [ RunTime:0.000133s ]
[ sql ] [ SQL ] SELECT * FROM `yf_auth_rule` WHERE  `status` = 1  AND `pid` = 7 ORDER BY `sort` [ RunTime:0.000135s ]
[ sql ] [ SQL ] SHOW COLUMNS FROM `yf_goods` [ RunTime:0.000763s ]
[ sql ] [ SQL ] SELECT COUNT(*) AS tp_count FROM `yf_goods` `a` INNER JOIN `yf_admin` `b` ON `a`.`uid`=`b`.`admin_id` WHERE  (  product_back = 0 and uid=1 ) LIMIT 1 [ RunTime:0.000170s ]
[ sql ] [ SQL ] SELECT * FROM `yf_goods` `a` INNER JOIN `yf_admin` `b` ON `a`.`uid`=`b`.`admin_id` WHERE  (  product_back = 0 and uid=1 ) ORDER BY goodsId desc LIMIT 0,10 [ RunTime:0.000268s ]
---------------------------------------------------------------
[ 2019-11-21T18:38:47+08:00 ] 172.21.0.9 171.117.120.187 GET /admin/product/product_back.html
[ info ] www.ldkjmy.com/admin/product/product_back.html [运行时间：0.089375s][吞吐率：11.19req/s] [内存消耗：11,534.38kb] [文件加载：119]
[ info ] [ LANG ] /www/wwwroot/www.ldkjmy.com/aaaa/yamaxun/thinkphp/lang/zh-cn.php
[ info ] [ LANG ] /www/wwwroot/www.ldkjmy.com/aaaa/yamaxun/app/lang/zh-cn.php
[ info ] [ CACHE ] INIT File
[ info ] [ ROUTE ] array (
  'type' => 'module',
  'module' => 
  array (
    0 => 'admin',
    1 => 'product',
    2 => 'product_back',
  ),
)
[ info ] [ HEADER ] array (
  'host' => 'www.ldkjmy.com',
  'connection' => 'keep-alive',
  'upgrade-insecure-requests' => '1',
  'user-agent' => 'Mozilla/5.0 (Windows NT 6.1; Win64; x64) AppleWebKit/537.36 (KHTML, like Gecko) Chrome/78.0.3904.97 Safari/537.36',
  'accept' => 'text/html,application/xhtml+xml,application/xml;q=0.9,image/webp,image/apng,*/*;q=0.8,application/signed-exchange;v=b3',
  'referer' => 'http://www.ldkjmy.com/admin/product/product_list.html',
  'accept-encoding' => 'gzip, deflate',
  'accept-language' => 'zh-CN,zh;q=0.9,en;q=0.8',
  'cookie' => 'thinkphp_show_page_trace=0|0; thinkphp_show_page_trace=0|0; PHPSESSID=0lhudja2p7gocjnjai3t6hvd71; aid=1; signin_token=496e338f0c58103d3e987dd3759eb9d0a62e754d; yf_logged_user=Qhif3ciCx266dh4Do',
  'content-type' => '',
  'content-length' => '',
)
[ info ] [ PARAM ] array (
)
[ info ] [ SESSION ] INIT array (
  'id' => '',
  'var_session_id' => '',
  'prefix' => 'think',
  'type' => '',
  'auto_start' => true,
)
[ info ] [ DB ] INIT mysql
[ info ] [ BEHAVIOR ] Run app\common\behavior\WebLog @module_init [ RunTime:0.043992s ]
[ info ] [ BEHAVIOR ] Run Closure @action_begin [ RunTime:0.001209s ]
[ info ] [ RUN ] app\admin\controller\Product->product_back[ /www/wwwroot/www.ldkjmy.com/aaaa/yamaxun/app/admin/controller/Product.php ]
[ info ] [ VIEW ] /www/wwwroot/www.ldkjmy.com/aaaa/yamaxun/app/admin/view/product/product_back.html [ array (
  0 => 'lang',
  1 => 'menus',
  2 => 'menus_curr',
  3 => 'menus_child',
  4 => 'id_curr',
  5 => 'admin_avatar',
  6 => 'page',
  7 => 'product',
) ]
[ info ] [ BEHAVIOR ] Run app\admin\behavior\Cron @app_end [ RunTime:0.000438s ]
[ info ] [ LOG ] INIT File
[ sql ] [ DB ] CONNECT:[ UseTime:0.000215s ] mysql:dbname=www_ldkjmy_com;host=localhost;port=3306;charset=utf8
[ sql ] [ SQL ] SHOW COLUMNS FROM `yf_web_log` [ RunTime:0.000660s ]
[ sql ] [ SQL ] INSERT INTO `yf_web_log` (`uid` , `ip` , `location` , `os` , `browser` , `url` , `module` , `controller` , `action` , `method` , `data` , `otime`) VALUES (1 , '171.117.120.187' , '中国 山西 太原 ' , 'Windows 7' , 'Chrome(78.0.3904.97)' , '/admin/product/product_back.html' , 'admin' , 'Product' , 'product_back' , 'GET' , 'a:0:{}' , 1574332727) [ RunTime:0.000265s ]
[ sql ] [ SQL ] SHOW COLUMNS FROM `yf_auth_rule` [ RunTime:0.000638s ]
[ sql ] [ SQL ] SELECT `id` FROM `yf_auth_rule` WHERE  `name` = 'admin/Product/product_back' ORDER BY level desc,sort LIMIT 1 [ RunTime:0.000141s ]
[ sql ] [ SQL ] SELECT `id`,`pid` FROM `yf_auth_rule` ORDER BY level desc,sort [ RunTime:0.000214s ]
[ sql ] [ SQL ] SELECT `id` FROM `yf_auth_rule` WHERE  `name` = 'admin/Product/product_back'  AND `status` = 1 ORDER BY level desc,sort LIMIT 1 [ RunTime:0.000148s ]
[ sql ] [ SQL ] SELECT `pid` FROM `yf_auth_rule` WHERE  `id` = 25 LIMIT 1 [ RunTime:0.000108s ]
[ sql ] [ SQL ] SELECT * FROM `yf_auth_rule` WHERE  `status` = 1  AND `pid` = 7 ORDER BY `sort` [ RunTime:0.000155s ]
[ sql ] [ SQL ] SHOW COLUMNS FROM `yf_goods` [ RunTime:0.000763s ]
[ sql ] [ SQL ] SELECT COUNT(*) AS tp_count FROM `yf_goods` `a` INNER JOIN `yf_admin` `b` ON `a`.`uid`=`b`.`admin_id` WHERE  (  product_back = 1 ) LIMIT 1 [ RunTime:0.000277s ]
[ sql ] [ SQL ] SELECT * FROM `yf_goods` `a` INNER JOIN `yf_admin` `b` ON `a`.`uid`=`b`.`admin_id` WHERE  (  product_back = 1 ) ORDER BY goodsId desc LIMIT 0,10 [ RunTime:0.000407s ]
---------------------------------------------------------------
[ 2019-11-21T18:38:47+08:00 ] 172.21.0.9 171.117.120.187 GET /admin/product/productclass.html
[ info ] www.ldkjmy.com/admin/product/productclass.html [运行时间：0.084727s][吞吐率：11.80req/s] [内存消耗：11,270.88kb] [文件加载：115]
[ info ] [ LANG ] /www/wwwroot/www.ldkjmy.com/aaaa/yamaxun/thinkphp/lang/zh-cn.php
[ info ] [ LANG ] /www/wwwroot/www.ldkjmy.com/aaaa/yamaxun/app/lang/zh-cn.php
[ info ] [ CACHE ] INIT File
[ info ] [ ROUTE ] array (
  'type' => 'module',
  'module' => 
  array (
    0 => 'admin',
    1 => 'product',
    2 => 'productclass',
  ),
)
[ info ] [ HEADER ] array (
  'host' => 'www.ldkjmy.com',
  'connection' => 'keep-alive',
  'upgrade-insecure-requests' => '1',
  'user-agent' => 'Mozilla/5.0 (Windows NT 6.1; Win64; x64) AppleWebKit/537.36 (KHTML, like Gecko) Chrome/78.0.3904.97 Safari/537.36',
  'accept' => 'text/html,application/xhtml+xml,application/xml;q=0.9,image/webp,image/apng,*/*;q=0.8,application/signed-exchange;v=b3',
  'referer' => 'http://www.ldkjmy.com/admin/product/product_back.html',
  'accept-encoding' => 'gzip, deflate',
  'accept-language' => 'zh-CN,zh;q=0.9,en;q=0.8',
  'cookie' => 'thinkphp_show_page_trace=0|0; thinkphp_show_page_trace=0|0; PHPSESSID=0lhudja2p7gocjnjai3t6hvd71; aid=1; signin_token=496e338f0c58103d3e987dd3759eb9d0a62e754d; yf_logged_user=Qhif3ciCx266dh4Do',
  'content-type' => '',
  'content-length' => '',
)
[ info ] [ PARAM ] array (
)
[ info ] [ SESSION ] INIT array (
  'id' => '',
  'var_session_id' => '',
  'prefix' => 'think',
  'type' => '',
  'auto_start' => true,
)
[ info ] [ DB ] INIT mysql
[ info ] [ BEHAVIOR ] Run app\common\behavior\WebLog @module_init [ RunTime:0.039811s ]
[ info ] [ BEHAVIOR ] Run Closure @action_begin [ RunTime:0.001254s ]
[ info ] [ RUN ] app\admin\controller\Product->productclass[ /www/wwwroot/www.ldkjmy.com/aaaa/yamaxun/app/admin/controller/Product.php ]
[ info ] [ VIEW ] /www/wwwroot/www.ldkjmy.com/aaaa/yamaxun/app/admin/view/product/productclass.html [ array (
  0 => 'lang',
  1 => 'menus',
  2 => 'menus_curr',
  3 => 'menus_child',
  4 => 'id_curr',
  5 => 'admin_avatar',
  6 => 'productclass',
) ]
[ info ] [ BEHAVIOR ] Run app\admin\behavior\Cron @app_end [ RunTime:0.000438s ]
[ info ] [ LOG ] INIT File
[ sql ] [ DB ] CONNECT:[ UseTime:0.000231s ] mysql:dbname=www_ldkjmy_com;host=localhost;port=3306;charset=utf8
[ sql ] [ SQL ] SHOW COLUMNS FROM `yf_web_log` [ RunTime:0.000675s ]
[ sql ] [ SQL ] INSERT INTO `yf_web_log` (`uid` , `ip` , `location` , `os` , `browser` , `url` , `module` , `controller` , `action` , `method` , `data` , `otime`) VALUES (1 , '171.117.120.187' , '中国 山西 太原 ' , 'Windows 7' , 'Chrome(78.0.3904.97)' , '/admin/product/productclass.html' , 'admin' , 'Product' , 'productclass' , 'GET' , 'a:0:{}' , 1574332727) [ RunTime:0.000314s ]
[ sql ] [ SQL ] SHOW COLUMNS FROM `yf_auth_rule` [ RunTime:0.000552s ]
[ sql ] [ SQL ] SELECT `id` FROM `yf_auth_rule` WHERE  `name` = 'admin/Product/productclass' ORDER BY level desc,sort LIMIT 1 [ RunTime:0.000168s ]
[ sql ] [ SQL ] SELECT `id` FROM `yf_auth_rule` WHERE  `name` = 'admin/Product/productclass' ORDER BY level desc,sort LIMIT 1 [ RunTime:0.000109s ]
[ sql ] [ SQL ] SELECT `id` FROM `yf_auth_rule` WHERE  `name` = 'admin/Product/productclass'  AND `status` = 1 ORDER BY level desc,sort LIMIT 1 [ RunTime:0.000135s ]
[ sql ] [ SQL ] SELECT `id` FROM `yf_auth_rule` WHERE  `name` = 'admin/Product/productclass'  AND `status` = 1 ORDER BY level desc,sort LIMIT 1 [ RunTime:0.000109s ]
[ sql ] [ SQL ] SELECT `pid` FROM `yf_auth_rule` WHERE  `id` = 0 LIMIT 1 [ RunTime:0.000093s ]
[ sql ] [ SQL ] SELECT * FROM `yf_auth_rule` WHERE  `status` = 1  AND `pid` = null ORDER BY `sort` [ RunTime:0.000175s ]
[ sql ] [ SQL ] SHOW COLUMNS FROM `yf_product_class` [ RunTime:0.000630s ]
[ sql ] [ SQL ] SELECT * FROM `yf_product_class` ORDER BY px desc [ RunTime:0.000104s ]
---------------------------------------------------------------
[ 2019-11-21T18:38:52+08:00 ] 172.21.0.9 171.117.120.187 GET /admin/sys/sys.html
[ info ] www.ldkjmy.com/admin/sys/sys.html [运行时间：0.103015s][吞吐率：9.71req/s] [内存消耗：11,430.23kb] [文件加载：118]
[ info ] [ LANG ] /www/wwwroot/www.ldkjmy.com/aaaa/yamaxun/thinkphp/lang/zh-cn.php
[ info ] [ LANG ] /www/wwwroot/www.ldkjmy.com/aaaa/yamaxun/app/lang/zh-cn.php
[ info ] [ CACHE ] INIT File
[ info ] [ ROUTE ] array (
  'type' => 'module',
  'module' => 
  array (
    0 => 'admin',
    1 => 'sys',
    2 => 'sys',
  ),
)
[ info ] [ HEADER ] array (
  'host' => 'www.ldkjmy.com',
  'connection' => 'keep-alive',
  'upgrade-insecure-requests' => '1',
  'user-agent' => 'Mozilla/5.0 (Windows NT 6.1; Win64; x64) AppleWebKit/537.36 (KHTML, like Gecko) Chrome/78.0.3904.97 Safari/537.36',
  'accept' => 'text/html,application/xhtml+xml,application/xml;q=0.9,image/webp,image/apng,*/*;q=0.8,application/signed-exchange;v=b3',
  'referer' => 'http://www.ldkjmy.com/admin/product/productclass.html',
  'accept-encoding' => 'gzip, deflate',
  'accept-language' => 'zh-CN,zh;q=0.9,en;q=0.8',
  'cookie' => 'thinkphp_show_page_trace=0|0; thinkphp_show_page_trace=0|0; PHPSESSID=0lhudja2p7gocjnjai3t6hvd71; aid=1; signin_token=496e338f0c58103d3e987dd3759eb9d0a62e754d; yf_logged_user=Qhif3ciCx266dh4Do',
  'content-type' => '',
  'content-length' => '',
)
[ info ] [ PARAM ] array (
)
[ info ] [ SESSION ] INIT array (
  'id' => '',
  'var_session_id' => '',
  'prefix' => 'think',
  'type' => '',
  'auto_start' => true,
)
[ info ] [ DB ] INIT mysql
[ info ] [ BEHAVIOR ] Run app\common\behavior\WebLog @module_init [ RunTime:0.049269s ]
[ info ] [ BEHAVIOR ] Run Closure @action_begin [ RunTime:0.001458s ]
[ info ] [ RUN ] app\admin\controller\Sys->sys[ /www/wwwroot/www.ldkjmy.com/aaaa/yamaxun/app/admin/controller/Sys.php ]
[ info ] [ VIEW ] /www/wwwroot/www.ldkjmy.com/aaaa/yamaxun/app/admin/view/sys/sys.html [ array (
  0 => 'lang',
  1 => 'menus',
  2 => 'menus_curr',
  3 => 'menus_child',
  4 => 'id_curr',
  5 => 'admin_avatar',
  6 => 'page',
  7 => 'ean_list',
) ]
[ info ] [ BEHAVIOR ] Run app\admin\behavior\Cron @app_end [ RunTime:0.000492s ]
[ info ] [ LOG ] INIT File
[ sql ] [ DB ] CONNECT:[ UseTime:0.000243s ] mysql:dbname=www_ldkjmy_com;host=localhost;port=3306;charset=utf8
[ sql ] [ SQL ] SHOW COLUMNS FROM `yf_web_log` [ RunTime:0.000676s ]
[ sql ] [ SQL ] INSERT INTO `yf_web_log` (`uid` , `ip` , `location` , `os` , `browser` , `url` , `module` , `controller` , `action` , `method` , `data` , `otime`) VALUES (1 , '171.117.120.187' , '中国 山西 太原 ' , 'Windows 7' , 'Chrome(78.0.3904.97)' , '/admin/sys/sys.html' , 'admin' , 'Sys' , 'sys' , 'GET' , 'a:0:{}' , 1574332732) [ RunTime:0.000332s ]
[ sql ] [ SQL ] SHOW COLUMNS FROM `yf_auth_rule` [ RunTime:0.000670s ]
[ sql ] [ SQL ] SELECT `id` FROM `yf_auth_rule` WHERE  `name` = 'admin/Sys/sys' ORDER BY level desc,sort LIMIT 1 [ RunTime:0.000163s ]
[ sql ] [ SQL ] SELECT `id`,`pid` FROM `yf_auth_rule` ORDER BY level desc,sort [ RunTime:0.000210s ]
[ sql ] [ SQL ] SELECT `id` FROM `yf_auth_rule` WHERE  `name` = 'admin/Sys/sys'  AND `status` = 1 ORDER BY level desc,sort LIMIT 1 [ RunTime:0.000166s ]
[ sql ] [ SQL ] SELECT `pid` FROM `yf_auth_rule` WHERE  `id` = 151 LIMIT 1 [ RunTime:0.000159s ]
[ sql ] [ SQL ] SELECT * FROM `yf_auth_rule` WHERE  `status` = 1  AND `pid` = 6 ORDER BY `sort` [ RunTime:0.000195s ]
[ sql ] [ SQL ] SHOW COLUMNS FROM `yf_ean` [ RunTime:0.000612s ]
[ sql ] [ SQL ] SELECT COUNT(*) AS tp_count FROM `yf_ean` WHERE  (  uid =1 ) LIMIT 1 [ RunTime:0.000126s ]
[ sql ] [ SQL ] SELECT * FROM `yf_ean` WHERE  (  uid =1 ) ORDER BY id desc LIMIT 0,10 [ RunTime:0.000152s ]
---------------------------------------------------------------
[ 2019-11-21T18:38:53+08:00 ] 172.21.0.9 171.117.120.187 GET /admin/sys/storagesys.html
[ info ] www.ldkjmy.com/admin/sys/storagesys.html [运行时间：0.094114s][吞吐率：10.63req/s] [内存消耗：11,265.50kb] [文件加载：115]
[ info ] [ LANG ] /www/wwwroot/www.ldkjmy.com/aaaa/yamaxun/thinkphp/lang/zh-cn.php
[ info ] [ LANG ] /www/wwwroot/www.ldkjmy.com/aaaa/yamaxun/app/lang/zh-cn.php
[ info ] [ CACHE ] INIT File
[ info ] [ ROUTE ] array (
  'type' => 'module',
  'module' => 
  array (
    0 => 'admin',
    1 => 'sys',
    2 => 'storagesys',
  ),
)
[ info ] [ HEADER ] array (
  'host' => 'www.ldkjmy.com',
  'connection' => 'keep-alive',
  'upgrade-insecure-requests' => '1',
  'user-agent' => 'Mozilla/5.0 (Windows NT 6.1; Win64; x64) AppleWebKit/537.36 (KHTML, like Gecko) Chrome/78.0.3904.97 Safari/537.36',
  'accept' => 'text/html,application/xhtml+xml,application/xml;q=0.9,image/webp,image/apng,*/*;q=0.8,application/signed-exchange;v=b3',
  'referer' => 'http://www.ldkjmy.com/admin/sys/sys.html',
  'accept-encoding' => 'gzip, deflate',
  'accept-language' => 'zh-CN,zh;q=0.9,en;q=0.8',
  'cookie' => 'thinkphp_show_page_trace=0|0; thinkphp_show_page_trace=0|0; PHPSESSID=0lhudja2p7gocjnjai3t6hvd71; aid=1; signin_token=496e338f0c58103d3e987dd3759eb9d0a62e754d; yf_logged_user=Qhif3ciCx266dh4Do',
  'content-type' => '',
  'content-length' => '',
)
[ info ] [ PARAM ] array (
)
[ info ] [ SESSION ] INIT array (
  'id' => '',
  'var_session_id' => '',
  'prefix' => 'think',
  'type' => '',
  'auto_start' => true,
)
[ info ] [ DB ] INIT mysql
[ info ] [ BEHAVIOR ] Run app\common\behavior\WebLog @module_init [ RunTime:0.042960s ]
[ info ] [ BEHAVIOR ] Run Closure @action_begin [ RunTime:0.001416s ]
[ info ] [ RUN ] app\admin\controller\Sys->storagesys[ /www/wwwroot/www.ldkjmy.com/aaaa/yamaxun/app/admin/controller/Sys.php ]
[ info ] [ VIEW ] /www/wwwroot/www.ldkjmy.com/aaaa/yamaxun/app/admin/view/sys/storagesys.html [ array (
  0 => 'lang',
  1 => 'menus',
  2 => 'menus_curr',
  3 => 'menus_child',
  4 => 'id_curr',
  5 => 'admin_avatar',
  6 => 'storage',
) ]
[ info ] [ BEHAVIOR ] Run app\admin\behavior\Cron @app_end [ RunTime:0.000503s ]
[ info ] [ LOG ] INIT File
[ sql ] [ DB ] CONNECT:[ UseTime:0.000322s ] mysql:dbname=www_ldkjmy_com;host=localhost;port=3306;charset=utf8
[ sql ] [ SQL ] SHOW COLUMNS FROM `yf_web_log` [ RunTime:0.000726s ]
[ sql ] [ SQL ] INSERT INTO `yf_web_log` (`uid` , `ip` , `location` , `os` , `browser` , `url` , `module` , `controller` , `action` , `method` , `data` , `otime`) VALUES (1 , '171.117.120.187' , '中国 山西 太原 ' , 'Windows 7' , 'Chrome(78.0.3904.97)' , '/admin/sys/storagesys.html' , 'admin' , 'Sys' , 'storagesys' , 'GET' , 'a:0:{}' , 1574332733) [ RunTime:0.000345s ]
[ sql ] [ SQL ] SHOW COLUMNS FROM `yf_auth_rule` [ RunTime:0.001165s ]
[ sql ] [ SQL ] SELECT `id` FROM `yf_auth_rule` WHERE  `name` = 'admin/Sys/storagesys' ORDER BY level desc,sort LIMIT 1 [ RunTime:0.000178s ]
[ sql ] [ SQL ] SELECT `id`,`pid` FROM `yf_auth_rule` ORDER BY level desc,sort [ RunTime:0.000246s ]
[ sql ] [ SQL ] SELECT `id` FROM `yf_auth_rule` WHERE  `name` = 'admin/Sys/storagesys'  AND `status` = 1 ORDER BY level desc,sort LIMIT 1 [ RunTime:0.000138s ]
[ sql ] [ SQL ] SELECT `pid` FROM `yf_auth_rule` WHERE  `id` = 202 LIMIT 1 [ RunTime:0.001760s ]
[ sql ] [ SQL ] SELECT * FROM `yf_auth_rule` WHERE  `status` = 1  AND `pid` = 2 ORDER BY `sort` [ RunTime:0.000159s ]
---------------------------------------------------------------
[ 2019-11-21T18:38:54+08:00 ] 172.21.0.9 171.117.120.187 GET /admin/sys/sys.html
[ info ] www.ldkjmy.com/admin/sys/sys.html [运行时间：0.086587s][吞吐率：11.55req/s] [内存消耗：11,430.54kb] [文件加载：118]
[ info ] [ LANG ] /www/wwwroot/www.ldkjmy.com/aaaa/yamaxun/thinkphp/lang/zh-cn.php
[ info ] [ LANG ] /www/wwwroot/www.ldkjmy.com/aaaa/yamaxun/app/lang/zh-cn.php
[ info ] [ CACHE ] INIT File
[ info ] [ ROUTE ] array (
  'type' => 'module',
  'module' => 
  array (
    0 => 'admin',
    1 => 'sys',
    2 => 'sys',
  ),
)
[ info ] [ HEADER ] array (
  'host' => 'www.ldkjmy.com',
  'connection' => 'keep-alive',
  'upgrade-insecure-requests' => '1',
  'user-agent' => 'Mozilla/5.0 (Windows NT 6.1; Win64; x64) AppleWebKit/537.36 (KHTML, like Gecko) Chrome/78.0.3904.97 Safari/537.36',
  'accept' => 'text/html,application/xhtml+xml,application/xml;q=0.9,image/webp,image/apng,*/*;q=0.8,application/signed-exchange;v=b3',
  'referer' => 'http://www.ldkjmy.com/admin/sys/storagesys.html',
  'accept-encoding' => 'gzip, deflate',
  'accept-language' => 'zh-CN,zh;q=0.9,en;q=0.8',
  'cookie' => 'thinkphp_show_page_trace=0|0; thinkphp_show_page_trace=0|0; PHPSESSID=0lhudja2p7gocjnjai3t6hvd71; aid=1; signin_token=496e338f0c58103d3e987dd3759eb9d0a62e754d; yf_logged_user=Qhif3ciCx266dh4Do',
  'content-type' => '',
  'content-length' => '',
)
[ info ] [ PARAM ] array (
)
[ info ] [ SESSION ] INIT array (
  'id' => '',
  'var_session_id' => '',
  'prefix' => 'think',
  'type' => '',
  'auto_start' => true,
)
[ info ] [ DB ] INIT mysql
[ info ] [ BEHAVIOR ] Run app\common\behavior\WebLog @module_init [ RunTime:0.040303s ]
[ info ] [ BEHAVIOR ] Run Closure @action_begin [ RunTime:0.001413s ]
[ info ] [ RUN ] app\admin\controller\Sys->sys[ /www/wwwroot/www.ldkjmy.com/aaaa/yamaxun/app/admin/controller/Sys.php ]
[ info ] [ VIEW ] /www/wwwroot/www.ldkjmy.com/aaaa/yamaxun/app/admin/view/sys/sys.html [ array (
  0 => 'lang',
  1 => 'menus',
  2 => 'menus_curr',
  3 => 'menus_child',
  4 => 'id_curr',
  5 => 'admin_avatar',
  6 => 'page',
  7 => 'ean_list',
) ]
[ info ] [ BEHAVIOR ] Run app\admin\behavior\Cron @app_end [ RunTime:0.000485s ]
[ info ] [ LOG ] INIT File
[ sql ] [ DB ] CONNECT:[ UseTime:0.000449s ] mysql:dbname=www_ldkjmy_com;host=localhost;port=3306;charset=utf8
[ sql ] [ SQL ] SHOW COLUMNS FROM `yf_web_log` [ RunTime:0.000680s ]
[ sql ] [ SQL ] INSERT INTO `yf_web_log` (`uid` , `ip` , `location` , `os` , `browser` , `url` , `module` , `controller` , `action` , `method` , `data` , `otime`) VALUES (1 , '171.117.120.187' , '中国 山西 太原 ' , 'Windows 7' , 'Chrome(78.0.3904.97)' , '/admin/sys/sys.html' , 'admin' , 'Sys' , 'sys' , 'GET' , 'a:0:{}' , 1574332734) [ RunTime:0.000341s ]
[ sql ] [ SQL ] SHOW COLUMNS FROM `yf_auth_rule` [ RunTime:0.001003s ]
[ sql ] [ SQL ] SELECT `id` FROM `yf_auth_rule` WHERE  `name` = 'admin/Sys/sys' ORDER BY level desc,sort LIMIT 1 [ RunTime:0.000142s ]
[ sql ] [ SQL ] SELECT `id`,`pid` FROM `yf_auth_rule` ORDER BY level desc,sort [ RunTime:0.000204s ]
[ sql ] [ SQL ] SELECT `id` FROM `yf_auth_rule` WHERE  `name` = 'admin/Sys/sys'  AND `status` = 1 ORDER BY level desc,sort LIMIT 1 [ RunTime:0.000151s ]
[ sql ] [ SQL ] SELECT `pid` FROM `yf_auth_rule` WHERE  `id` = 151 LIMIT 1 [ RunTime:0.000102s ]
[ sql ] [ SQL ] SELECT * FROM `yf_auth_rule` WHERE  `status` = 1  AND `pid` = 6 ORDER BY `sort` [ RunTime:0.000145s ]
[ sql ] [ SQL ] SHOW COLUMNS FROM `yf_ean` [ RunTime:0.000667s ]
[ sql ] [ SQL ] SELECT COUNT(*) AS tp_count FROM `yf_ean` WHERE  (  uid =1 ) LIMIT 1 [ RunTime:0.000119s ]
[ sql ] [ SQL ] SELECT * FROM `yf_ean` WHERE  (  uid =1 ) ORDER BY id desc LIMIT 0,10 [ RunTime:0.000124s ]
---------------------------------------------------------------
[ 2019-11-21T18:38:56+08:00 ] 172.21.0.9 171.117.120.187 POST /admin/sys/sys.html
[ info ] www.ldkjmy.com/admin/sys/sys.html [运行时间：0.082063s][吞吐率：12.19req/s] [内存消耗：11,442.54kb] [文件加载：118]
[ info ] [ LANG ] /www/wwwroot/www.ldkjmy.com/aaaa/yamaxun/thinkphp/lang/zh-cn.php
[ info ] [ LANG ] /www/wwwroot/www.ldkjmy.com/aaaa/yamaxun/app/lang/zh-cn.php
[ info ] [ CACHE ] INIT File
[ info ] [ ROUTE ] array (
  'type' => 'module',
  'module' => 
  array (
    0 => 'admin',
    1 => 'sys',
    2 => 'sys',
  ),
)
[ info ] [ HEADER ] array (
  'host' => 'www.ldkjmy.com',
  'connection' => 'keep-alive',
  'content-length' => '7',
  'accept' => '*/*',
  'origin' => 'http://www.ldkjmy.com',
  'x-requested-with' => 'XMLHttpRequest',
  'user-agent' => 'Mozilla/5.0 (Windows NT 6.1; Win64; x64) AppleWebKit/537.36 (KHTML, like Gecko) Chrome/78.0.3904.97 Safari/537.36',
  'content-type' => 'application/x-www-form-urlencoded; charset=UTF-8',
  'referer' => 'http://www.ldkjmy.com/admin/sys/sys.html',
  'accept-encoding' => 'gzip, deflate',
  'accept-language' => 'zh-CN,zh;q=0.9,en;q=0.8',
  'cookie' => 'thinkphp_show_page_trace=0|0; thinkphp_show_page_trace=0|0; PHPSESSID=0lhudja2p7gocjnjai3t6hvd71; aid=1; signin_token=496e338f0c58103d3e987dd3759eb9d0a62e754d; yf_logged_user=Qhif3ciCx266dh4Do',
)
[ info ] [ PARAM ] array (
  'page' => '6',
)
[ info ] [ SESSION ] INIT array (
  'id' => '',
  'var_session_id' => '',
  'prefix' => 'think',
  'type' => '',
  'auto_start' => true,
)
[ info ] [ DB ] INIT mysql
[ info ] [ BEHAVIOR ] Run app\common\behavior\WebLog @module_init [ RunTime:0.037398s ]
[ info ] [ BEHAVIOR ] Run Closure @action_begin [ RunTime:0.001306s ]
[ info ] [ RUN ] app\admin\controller\Sys->sys[ /www/wwwroot/www.ldkjmy.com/aaaa/yamaxun/app/admin/controller/Sys.php ]
[ info ] [ VIEW ] /www/wwwroot/www.ldkjmy.com/aaaa/yamaxun/app/admin/view/sys/ajax_eansetsys.html [ array (
  0 => 'lang',
  1 => 'menus',
  2 => 'menus_curr',
  3 => 'menus_child',
  4 => 'id_curr',
  5 => 'admin_avatar',
  6 => 'page',
  7 => 'ean_list',
) ]
[ info ] [ BEHAVIOR ] Run app\admin\behavior\Cron @app_end [ RunTime:0.000451s ]
[ info ] [ LOG ] INIT File
[ sql ] [ DB ] CONNECT:[ UseTime:0.000196s ] mysql:dbname=www_ldkjmy_com;host=localhost;port=3306;charset=utf8
[ sql ] [ SQL ] SHOW COLUMNS FROM `yf_web_log` [ RunTime:0.000703s ]
[ sql ] [ SQL ] INSERT INTO `yf_web_log` (`uid` , `ip` , `location` , `os` , `browser` , `url` , `module` , `controller` , `action` , `method` , `data` , `otime`) VALUES (1 , '171.117.120.187' , '中国 山西 太原 ' , 'Windows 7' , 'Chrome(78.0.3904.97)' , '/admin/sys/sys.html' , 'admin' , 'Sys' , 'sys' , 'Ajax' , 'a:1:{s:4:\"page\";s:1:\"6\";}' , 1574332736) [ RunTime:0.000298s ]
[ sql ] [ SQL ] SHOW COLUMNS FROM `yf_auth_rule` [ RunTime:0.001172s ]
[ sql ] [ SQL ] SELECT `id` FROM `yf_auth_rule` WHERE  `name` = 'admin/Sys/sys' ORDER BY level desc,sort LIMIT 1 [ RunTime:0.000336s ]
[ sql ] [ SQL ] SELECT `id`,`pid` FROM `yf_auth_rule` ORDER BY level desc,sort [ RunTime:0.000273s ]
[ sql ] [ SQL ] SELECT `id` FROM `yf_auth_rule` WHERE  `name` = 'admin/Sys/sys'  AND `status` = 1 ORDER BY level desc,sort LIMIT 1 [ RunTime:0.000180s ]
[ sql ] [ SQL ] SELECT `pid` FROM `yf_auth_rule` WHERE  `id` = 151 LIMIT 1 [ RunTime:0.000143s ]
[ sql ] [ SQL ] SELECT * FROM `yf_auth_rule` WHERE  `status` = 1  AND `pid` = 6 ORDER BY `sort` [ RunTime:0.000184s ]
[ sql ] [ SQL ] SHOW COLUMNS FROM `yf_ean` [ RunTime:0.000856s ]
[ sql ] [ SQL ] SELECT COUNT(*) AS tp_count FROM `yf_ean` WHERE  (  uid =1 ) LIMIT 1 [ RunTime:0.000120s ]
[ sql ] [ SQL ] SELECT * FROM `yf_ean` WHERE  (  uid =1 ) ORDER BY id desc LIMIT 50,10 [ RunTime:0.000226s ]
---------------------------------------------------------------
[ 2019-11-21T18:38:59+08:00 ] 172.21.0.9 171.117.120.187 POST /admin/sys/sys.html
[ info ] www.ldkjmy.com/admin/sys/sys.html [运行时间：0.096379s][吞吐率：10.38req/s] [内存消耗：11,442.73kb] [文件加载：118]
[ info ] [ LANG ] /www/wwwroot/www.ldkjmy.com/aaaa/yamaxun/thinkphp/lang/zh-cn.php
[ info ] [ LANG ] /www/wwwroot/www.ldkjmy.com/aaaa/yamaxun/app/lang/zh-cn.php
[ info ] [ CACHE ] INIT File
[ info ] [ ROUTE ] array (
  'type' => 'module',
  'module' => 
  array (
    0 => 'admin',
    1 => 'sys',
    2 => 'sys',
  ),
)
[ info ] [ HEADER ] array (
  'host' => 'www.ldkjmy.com',
  'connection' => 'keep-alive',
  'content-length' => '9',
  'accept' => '*/*',
  'origin' => 'http://www.ldkjmy.com',
  'x-requested-with' => 'XMLHttpRequest',
  'user-agent' => 'Mozilla/5.0 (Windows NT 6.1; Win64; x64) AppleWebKit/537.36 (KHTML, like Gecko) Chrome/78.0.3904.97 Safari/537.36',
  'content-type' => 'application/x-www-form-urlencoded; charset=UTF-8',
  'referer' => 'http://www.ldkjmy.com/admin/sys/sys.html',
  'accept-encoding' => 'gzip, deflate',
  'accept-language' => 'zh-CN,zh;q=0.9,en;q=0.8',
  'cookie' => 'thinkphp_show_page_trace=0|0; thinkphp_show_page_trace=0|0; PHPSESSID=0lhudja2p7gocjnjai3t6hvd71; aid=1; signin_token=496e338f0c58103d3e987dd3759eb9d0a62e754d; yf_logged_user=Qhif3ciCx266dh4Do',
)
[ info ] [ PARAM ] array (
  'page' => '100',
)
[ info ] [ SESSION ] INIT array (
  'id' => '',
  'var_session_id' => '',
  'prefix' => 'think',
  'type' => '',
  'auto_start' => true,
)
[ info ] [ DB ] INIT mysql
[ info ] [ BEHAVIOR ] Run app\common\behavior\WebLog @module_init [ RunTime:0.048805s ]
[ info ] [ BEHAVIOR ] Run Closure @action_begin [ RunTime:0.001419s ]
[ info ] [ RUN ] app\admin\controller\Sys->sys[ /www/wwwroot/www.ldkjmy.com/aaaa/yamaxun/app/admin/controller/Sys.php ]
[ info ] [ VIEW ] /www/wwwroot/www.ldkjmy.com/aaaa/yamaxun/app/admin/view/sys/ajax_eansetsys.html [ array (
  0 => 'lang',
  1 => 'menus',
  2 => 'menus_curr',
  3 => 'menus_child',
  4 => 'id_curr',
  5 => 'admin_avatar',
  6 => 'page',
  7 => 'ean_list',
) ]
[ info ] [ BEHAVIOR ] Run app\admin\behavior\Cron @app_end [ RunTime:0.000591s ]
[ info ] [ LOG ] INIT File
[ sql ] [ DB ] CONNECT:[ UseTime:0.000220s ] mysql:dbname=www_ldkjmy_com;host=localhost;port=3306;charset=utf8
[ sql ] [ SQL ] SHOW COLUMNS FROM `yf_web_log` [ RunTime:0.000662s ]
[ sql ] [ SQL ] INSERT INTO `yf_web_log` (`uid` , `ip` , `location` , `os` , `browser` , `url` , `module` , `controller` , `action` , `method` , `data` , `otime`) VALUES (1 , '171.117.120.187' , '中国 山西 太原 ' , 'Windows 7' , 'Chrome(78.0.3904.97)' , '/admin/sys/sys.html' , 'admin' , 'Sys' , 'sys' , 'Ajax' , 'a:1:{s:4:\"page\";s:3:\"100\";}' , 1574332738) [ RunTime:0.000320s ]
[ sql ] [ SQL ] SHOW COLUMNS FROM `yf_auth_rule` [ RunTime:0.001564s ]
[ sql ] [ SQL ] SELECT `id` FROM `yf_auth_rule` WHERE  `name` = 'admin/Sys/sys' ORDER BY level desc,sort LIMIT 1 [ RunTime:0.000181s ]
[ sql ] [ SQL ] SELECT `id`,`pid` FROM `yf_auth_rule` ORDER BY level desc,sort [ RunTime:0.000614s ]
[ sql ] [ SQL ] SELECT `id` FROM `yf_auth_rule` WHERE  `name` = 'admin/Sys/sys'  AND `status` = 1 ORDER BY level desc,sort LIMIT 1 [ RunTime:0.000166s ]
[ sql ] [ SQL ] SELECT `pid` FROM `yf_auth_rule` WHERE  `id` = 151 LIMIT 1 [ RunTime:0.000157s ]
[ sql ] [ SQL ] SELECT * FROM `yf_auth_rule` WHERE  `status` = 1  AND `pid` = 6 ORDER BY `sort` [ RunTime:0.000192s ]
[ sql ] [ SQL ] SHOW COLUMNS FROM `yf_ean` [ RunTime:0.000530s ]
[ sql ] [ SQL ] SELECT COUNT(*) AS tp_count FROM `yf_ean` WHERE  (  uid =1 ) LIMIT 1 [ RunTime:0.000143s ]
[ sql ] [ SQL ] SELECT * FROM `yf_ean` WHERE  (  uid =1 ) ORDER BY id desc LIMIT 990,10 [ RunTime:0.000146s ]
