---------------------------------------------------------------
[ 2019-09-02T09:08:37+08:00 ] 172.21.0.9 183.184.63.60 GET /yamaxun/admin
[ info ] www.ldkjmy.com/yamaxun/admin [运行时间：0.536519s][吞吐率：1.86req/s] [内存消耗：5,170.48kb] [文件加载：81]
[ info ] [ LANG ] /www/wwwroot/www.ldkjmy.com/aaaa/yamaxun/thinkphp/lang/zh-cn.php
[ info ] [ LANG ] /www/wwwroot/www.ldkjmy.com/aaaa/yamaxun/app/lang/zh-cn.php
[ info ] [ CACHE ] INIT File
[ info ] [ ROUTE ] array (
  'type' => 'module',
  'module' => 
  array (
    0 => 'admin',
    1 => NULL,
    2 => NULL,
  ),
)
[ info ] [ HEADER ] array (
  'host' => 'www.ldkjmy.com',
  'connection' => 'keep-alive',
  'upgrade-insecure-requests' => '1',
  'user-agent' => 'Mozilla/5.0 (Windows NT 6.1; Win64; x64) AppleWebKit/537.36 (KHTML, like Gecko) Chrome/76.0.3809.132 Safari/537.36',
  'accept' => 'text/html,application/xhtml+xml,application/xml;q=0.9,image/webp,image/apng,*/*;q=0.8,application/signed-exchange;v=b3',
  'accept-encoding' => 'gzip, deflate',
  'accept-language' => 'zh-CN,zh;q=0.9,en;q=0.8',
  'cookie' => 'aid=1; signin_token=13de9956c163c943081596224799b1bd71ff1f67; yf_logged_user=3%3DAvfehoodWfodbhh',
)
[ info ] [ PARAM ] array (
)
[ info ] [ DB ] INIT mysql
[ info ] [ SESSION ] INIT array (
  'id' => '',
  'var_session_id' => '',
  'prefix' => 'think',
  'type' => '',
  'auto_start' => true,
)
[ info ] [ BEHAVIOR ] Run Closure @action_begin [ RunTime:0.016116s ]
[ info ] [ RUN ] app\admin\controller\Index->index[ /www/wwwroot/www.ldkjmy.com/aaaa/yamaxun/app/admin/controller/Index.php ]
[ info ] [ VIEW ] /www/wwwroot/www.ldkjmy.com/aaaa/yamaxun/app/admin/view/index/index.html [ array (
  0 => 'lang',
  1 => 'menus',
  2 => 'menus_curr',
  3 => 'menus_child',
  4 => 'id_curr',
  5 => 'admin_avatar',
  6 => 'news_list',
  7 => 'news_count',
  8 => 'members_count',
  9 => 'sugs_count',
  10 => 'coms_count',
  11 => 'tonews_count',
  12 => 'ztnews_count',
  13 => 'difday',
  14 => 'tomembers_count',
  15 => 'ztmembers_count',
  16 => 'difday_m',
  17 => 'tosugs_count',
  18 => 'ztsugs_count',
  19 => 'difday_s',
  20 => 'tocoms_count',
  21 => 'ztcoms_count',
  22 => 'difday_c',
) ]
[ sql ] [ DB ] CONNECT:[ UseTime:0.010769s ] mysql:dbname=www_ldkjmy_com;host=localhost;port=3306;charset=utf8
[ sql ] [ SQL ] SHOW COLUMNS FROM `yf_admin` [ RunTime:0.047417s ]
[ sql ] [ SQL ] SELECT * FROM `yf_admin` WHERE  `admin_id` = 1 LIMIT 1 [ RunTime:0.006246s ]
[ sql ] [ SQL ] SHOW COLUMNS FROM `yf_member_list` [ RunTime:0.001172s ]
[ sql ] [ SQL ] SELECT * FROM `yf_member_list` WHERE  `member_list_id` = 1 LIMIT 1 [ RunTime:0.000204s ]
[ sql ] [ SQL ] SHOW COLUMNS FROM `yf_auth_rule` [ RunTime:0.000826s ]
[ sql ] [ SQL ] SELECT `id`,`pid` FROM `yf_auth_rule` ORDER BY level desc,sort [ RunTime:0.003424s ]
[ sql ] [ SQL ] SELECT `pid` FROM `yf_auth_rule` WHERE  `id` = -1 LIMIT 1 [ RunTime:0.000221s ]
[ sql ] [ SQL ] SELECT * FROM `yf_auth_rule` WHERE  `status` = 1  AND `pid` = null ORDER BY `sort` [ RunTime:0.006713s ]
[ sql ] [ SQL ] SHOW COLUMNS FROM `yf_news` [ RunTime:0.003117s ]
[ sql ] [ SQL ] SELECT * FROM `yf_news` WHERE  `news_l` = 'zh-cn' ORDER BY news_hits desc LIMIT 0,10 [ RunTime:0.000355s ]
[ sql ] [ SQL ] SELECT COUNT(*) AS tp_count FROM `yf_news` LIMIT 1 [ RunTime:0.006503s ]
[ sql ] [ SQL ] SELECT COUNT(*) AS tp_count FROM `yf_member_list` LIMIT 1 [ RunTime:0.000129s ]
[ sql ] [ SQL ] SHOW COLUMNS FROM `yf_plug_sug` [ RunTime:0.000648s ]
[ sql ] [ SQL ] SELECT COUNT(*) AS tp_count FROM `yf_plug_sug` LIMIT 1 [ RunTime:0.000153s ]
[ sql ] [ SQL ] SHOW COLUMNS FROM `yf_comments` [ RunTime:0.000553s ]
[ sql ] [ SQL ] SELECT COUNT(*) AS tp_count FROM `yf_comments` LIMIT 1 [ RunTime:0.000088s ]
[ sql ] [ SQL ] SELECT COUNT(*) AS tp_count FROM `yf_news` WHERE  `news_time` BETWEEN 1567353600 AND 1567439999 LIMIT 1 [ RunTime:0.003428s ]
[ sql ] [ SQL ] SELECT COUNT(*) AS tp_count FROM `yf_news` WHERE  `news_time` BETWEEN 1567267200 AND 1567353599 LIMIT 1 [ RunTime:0.000335s ]
[ sql ] [ SQL ] SELECT COUNT(*) AS tp_count FROM `yf_member_list` WHERE  `member_list_addtime` BETWEEN 1567353600 AND 1567439999 LIMIT 1 [ RunTime:0.001799s ]
[ sql ] [ SQL ] SELECT COUNT(*) AS tp_count FROM `yf_member_list` WHERE  `member_list_addtime` BETWEEN 1567267200 AND 1567353599 LIMIT 1 [ RunTime:0.000336s ]
[ sql ] [ SQL ] SELECT COUNT(*) AS tp_count FROM `yf_plug_sug` WHERE  `plug_sug_addtime` BETWEEN 1567353600 AND 1567439999 LIMIT 1 [ RunTime:0.000166s ]
[ sql ] [ SQL ] SELECT COUNT(*) AS tp_count FROM `yf_plug_sug` WHERE  `plug_sug_addtime` BETWEEN 1567267200 AND 1567353599 LIMIT 1 [ RunTime:0.000169s ]
[ sql ] [ SQL ] SELECT COUNT(*) AS tp_count FROM `yf_comments` WHERE  `createtime` BETWEEN 1567353600 AND 1567439999 LIMIT 1 [ RunTime:0.000208s ]
[ sql ] [ SQL ] SELECT COUNT(*) AS tp_count FROM `yf_comments` WHERE  `createtime` BETWEEN 1567267200 AND 1567353599 LIMIT 1 [ RunTime:0.000209s ]
[ log ] Cron:clearlog Runat 2019-09-02 09:08:37 Use 0.002611 s

[ info ] [ BEHAVIOR ] Run app\admin\behavior\Cron @app_end [ RunTime:0.020967s ]
---------------------------------------------------------------
[ 2019-09-02T09:08:37+08:00 ] 172.21.0.9 183.184.63.60 GET /yamaxun/public/ace/js/skin/default/layer.css?v=3.0.11110
[ info ] www.ldkjmy.com/yamaxun/public/ace/js/skin/default/layer.css?v=3.0.11110 [运行时间：0.059479s][吞吐率：16.81req/s] [内存消耗：2,518.57kb] [文件加载：56]
[ info ] [ LANG ] /www/wwwroot/www.ldkjmy.com/aaaa/yamaxun/thinkphp/lang/zh-cn.php
[ info ] [ LANG ] /www/wwwroot/www.ldkjmy.com/aaaa/yamaxun/app/lang/zh-cn.php
[ info ] [ CACHE ] INIT File
[ info ] [ ROUTE ] array (
  'type' => 'module',
  'module' => 
  array (
    0 => 'public',
    1 => 'ace',
    2 => 'js',
  ),
)
[ info ] [ HEADER ] array (
  'host' => 'www.ldkjmy.com',
  'connection' => 'keep-alive',
  'user-agent' => 'Mozilla/5.0 (Windows NT 6.1; Win64; x64) AppleWebKit/537.36 (KHTML, like Gecko) Chrome/76.0.3809.132 Safari/537.36',
  'accept' => 'text/css,*/*;q=0.1',
  'referer' => 'http://www.ldkjmy.com/yamaxun/admin',
  'accept-encoding' => 'gzip, deflate',
  'accept-language' => 'zh-CN,zh;q=0.9,en;q=0.8',
  'cookie' => 'aid=1; signin_token=13de9956c163c943081596224799b1bd71ff1f67; PHPSESSID=ssn034vcr5b8cfq2ta8jt4lu94; yf_logged_user=Qhif3cimz3Q6cg0jZ',
)
[ info ] [ PARAM ] array (
  'v' => '3.0.11110',
  'skin' => 'default',
)
[ info ] [ LOG ] INIT File
---------------------------------------------------------------
[ 2019-09-02T09:09:05+08:00 ] 172.21.0.9 183.184.63.60 GET /yamaxun/admin/product/product_list.html
[ info ] www.ldkjmy.com/yamaxun/admin/product/product_list.html [运行时间：0.118167s][吞吐率：8.46req/s] [内存消耗：5,273.13kb] [文件加载：82]
[ info ] [ LANG ] /www/wwwroot/www.ldkjmy.com/aaaa/yamaxun/thinkphp/lang/zh-cn.php
[ info ] [ LANG ] /www/wwwroot/www.ldkjmy.com/aaaa/yamaxun/app/lang/zh-cn.php
[ info ] [ CACHE ] INIT File
[ info ] [ ROUTE ] array (
  'type' => 'module',
  'module' => 
  array (
    0 => 'admin',
    1 => 'product',
    2 => 'product_list',
  ),
)
[ info ] [ HEADER ] array (
  'host' => 'www.ldkjmy.com',
  'connection' => 'keep-alive',
  'upgrade-insecure-requests' => '1',
  'user-agent' => 'Mozilla/5.0 (Windows NT 6.1; Win64; x64) AppleWebKit/537.36 (KHTML, like Gecko) Chrome/76.0.3809.132 Safari/537.36',
  'accept' => 'text/html,application/xhtml+xml,application/xml;q=0.9,image/webp,image/apng,*/*;q=0.8,application/signed-exchange;v=b3',
  'referer' => 'http://www.ldkjmy.com/yamaxun/admin',
  'accept-encoding' => 'gzip, deflate',
  'accept-language' => 'zh-CN,zh;q=0.9,en;q=0.8',
  'cookie' => 'thinkphp_show_page_trace=0|0; aid=1; signin_token=13de9956c163c943081596224799b1bd71ff1f67; PHPSESSID=ssn034vcr5b8cfq2ta8jt4lu94; yf_logged_user=Qhif3cimz3Q6cg0jZ',
)
[ info ] [ PARAM ] array (
)
[ info ] [ DB ] INIT mysql
[ info ] [ SESSION ] INIT array (
  'id' => '',
  'var_session_id' => '',
  'prefix' => 'think',
  'type' => '',
  'auto_start' => true,
)
[ info ] [ BEHAVIOR ] Run Closure @action_begin [ RunTime:0.001678s ]
[ info ] [ RUN ] app\admin\controller\Product->product_list[ /www/wwwroot/www.ldkjmy.com/aaaa/yamaxun/app/admin/controller/Product.php ]
[ info ] [ VIEW ] /www/wwwroot/www.ldkjmy.com/aaaa/yamaxun/app/admin/view/product/product_list.html [ array (
  0 => 'lang',
  1 => 'menus',
  2 => 'menus_curr',
  3 => 'menus_child',
  4 => 'id_curr',
  5 => 'admin_avatar',
  6 => 'page',
  7 => 'menu',
  8 => 'product',
) ]
[ info ] [ BEHAVIOR ] Run app\admin\behavior\Cron @app_end [ RunTime:0.000618s ]
[ info ] [ LOG ] INIT File
[ sql ] [ DB ] CONNECT:[ UseTime:0.000257s ] mysql:dbname=www_ldkjmy_com;host=localhost;port=3306;charset=utf8
[ sql ] [ SQL ] SHOW COLUMNS FROM `yf_auth_rule` [ RunTime:0.000993s ]
[ sql ] [ SQL ] SELECT `id` FROM `yf_auth_rule` WHERE  `name` = 'admin/Product/product_list' ORDER BY level desc,sort LIMIT 1 [ RunTime:0.000245s ]
[ sql ] [ SQL ] SELECT `id`,`pid` FROM `yf_auth_rule` ORDER BY level desc,sort [ RunTime:0.000395s ]
[ sql ] [ SQL ] SELECT `id` FROM `yf_auth_rule` WHERE  `name` = 'admin/Product/product_list'  AND `status` = 1 ORDER BY level desc,sort LIMIT 1 [ RunTime:0.000214s ]
[ sql ] [ SQL ] SELECT `pid` FROM `yf_auth_rule` WHERE  `id` = 11 LIMIT 1 [ RunTime:0.000136s ]
[ sql ] [ SQL ] SELECT * FROM `yf_auth_rule` WHERE  `status` = 1  AND `pid` = 7 ORDER BY `sort` [ RunTime:0.000173s ]
[ sql ] [ SQL ] SHOW COLUMNS FROM `yf_product` [ RunTime:0.001256s ]
[ sql ] [ SQL ] SELECT COUNT(*) AS tp_count FROM `yf_product` LIMIT 1 [ RunTime:0.000192s ]
[ sql ] [ SQL ] SELECT * FROM `yf_product` ORDER BY goodsId desc LIMIT 0,10 [ RunTime:0.000202s ]
---------------------------------------------------------------
[ 2019-09-02T09:09:05+08:00 ] 172.21.0.9 183.184.63.60 GET /yamaxun/public/ace/js/skin/default/layer.css?v=3.0.11110
[ info ] www.ldkjmy.com/yamaxun/public/ace/js/skin/default/layer.css?v=3.0.11110 [运行时间：0.028297s][吞吐率：35.34req/s] [内存消耗：2,518.55kb] [文件加载：56]
[ info ] [ LANG ] /www/wwwroot/www.ldkjmy.com/aaaa/yamaxun/thinkphp/lang/zh-cn.php
[ info ] [ LANG ] /www/wwwroot/www.ldkjmy.com/aaaa/yamaxun/app/lang/zh-cn.php
[ info ] [ CACHE ] INIT File
[ info ] [ ROUTE ] array (
  'type' => 'module',
  'module' => 
  array (
    0 => 'public',
    1 => 'ace',
    2 => 'js',
  ),
)
[ info ] [ HEADER ] array (
  'host' => 'www.ldkjmy.com',
  'connection' => 'keep-alive',
  'user-agent' => 'Mozilla/5.0 (Windows NT 6.1; Win64; x64) AppleWebKit/537.36 (KHTML, like Gecko) Chrome/76.0.3809.132 Safari/537.36',
  'accept' => 'text/css,*/*;q=0.1',
  'referer' => 'http://www.ldkjmy.com/yamaxun/admin/product/product_list.html',
  'accept-encoding' => 'gzip, deflate',
  'accept-language' => 'zh-CN,zh;q=0.9,en;q=0.8',
  'cookie' => 'thinkphp_show_page_trace=0|0; aid=1; signin_token=13de9956c163c943081596224799b1bd71ff1f67; PHPSESSID=ssn034vcr5b8cfq2ta8jt4lu94; yf_logged_user=Qhif3cimz3Q6cg0jZ',
)
[ info ] [ PARAM ] array (
  'v' => '3.0.11110',
  'skin' => 'default',
)
[ info ] [ LOG ] INIT File
---------------------------------------------------------------
[ 2019-09-02T09:09:06+08:00 ] 172.21.0.9 183.184.63.60 GET /yamaxun/admin/product/product_add.html
[ info ] www.ldkjmy.com/yamaxun/admin/product/product_add.html [运行时间：0.095269s][吞吐率：10.50req/s] [内存消耗：5,074.43kb] [文件加载：78]
[ info ] [ LANG ] /www/wwwroot/www.ldkjmy.com/aaaa/yamaxun/thinkphp/lang/zh-cn.php
[ info ] [ LANG ] /www/wwwroot/www.ldkjmy.com/aaaa/yamaxun/app/lang/zh-cn.php
[ info ] [ CACHE ] INIT File
[ info ] [ ROUTE ] array (
  'type' => 'module',
  'module' => 
  array (
    0 => 'admin',
    1 => 'product',
    2 => 'product_add',
  ),
)
[ info ] [ HEADER ] array (
  'host' => 'www.ldkjmy.com',
  'connection' => 'keep-alive',
  'upgrade-insecure-requests' => '1',
  'user-agent' => 'Mozilla/5.0 (Windows NT 6.1; Win64; x64) AppleWebKit/537.36 (KHTML, like Gecko) Chrome/76.0.3809.132 Safari/537.36',
  'accept' => 'text/html,application/xhtml+xml,application/xml;q=0.9,image/webp,image/apng,*/*;q=0.8,application/signed-exchange;v=b3',
  'referer' => 'http://www.ldkjmy.com/yamaxun/admin/product/product_list.html',
  'accept-encoding' => 'gzip, deflate',
  'accept-language' => 'zh-CN,zh;q=0.9,en;q=0.8',
  'cookie' => 'thinkphp_show_page_trace=0|0; thinkphp_show_page_trace=0|0; aid=1; signin_token=13de9956c163c943081596224799b1bd71ff1f67; PHPSESSID=ssn034vcr5b8cfq2ta8jt4lu94; yf_logged_user=Qhif3cimz3Q6cg0jZ',
)
[ info ] [ PARAM ] array (
)
[ info ] [ DB ] INIT mysql
[ info ] [ SESSION ] INIT array (
  'id' => '',
  'var_session_id' => '',
  'prefix' => 'think',
  'type' => '',
  'auto_start' => true,
)
[ info ] [ BEHAVIOR ] Run Closure @action_begin [ RunTime:0.002033s ]
[ info ] [ RUN ] app\admin\controller\Product->product_add[ /www/wwwroot/www.ldkjmy.com/aaaa/yamaxun/app/admin/controller/Product.php ]
[ info ] [ VIEW ] /www/wwwroot/www.ldkjmy.com/aaaa/yamaxun/app/admin/view/product/product_add.html [ array (
  0 => 'lang',
  1 => 'menus',
  2 => 'menus_curr',
  3 => 'menus_child',
  4 => 'id_curr',
  5 => 'admin_avatar',
  6 => 'menu',
  7 => 'news_columnid',
  8 => 'source',
  9 => 'diyflag',
) ]
[ info ] [ BEHAVIOR ] Run app\admin\behavior\Cron @app_end [ RunTime:0.001313s ]
[ info ] [ LOG ] INIT File
[ sql ] [ DB ] CONNECT:[ UseTime:0.000313s ] mysql:dbname=www_ldkjmy_com;host=localhost;port=3306;charset=utf8
[ sql ] [ SQL ] SHOW COLUMNS FROM `yf_auth_rule` [ RunTime:0.001035s ]
[ sql ] [ SQL ] SELECT `id` FROM `yf_auth_rule` WHERE  `name` = 'admin/Product/product_add' ORDER BY level desc,sort LIMIT 1 [ RunTime:0.000221s ]
[ sql ] [ SQL ] SELECT `id`,`pid` FROM `yf_auth_rule` ORDER BY level desc,sort [ RunTime:0.000255s ]
[ sql ] [ SQL ] SELECT `id` FROM `yf_auth_rule` WHERE  `name` = 'admin/Product/product_add'  AND `status` = 1 ORDER BY level desc,sort LIMIT 1 [ RunTime:0.000233s ]
[ sql ] [ SQL ] SELECT `pid` FROM `yf_auth_rule` WHERE  `id` = 12 LIMIT 1 [ RunTime:0.000144s ]
[ sql ] [ SQL ] SELECT * FROM `yf_auth_rule` WHERE  `status` = 1  AND `pid` = 7 ORDER BY `sort` [ RunTime:0.000199s ]
[ sql ] [ SQL ] SHOW COLUMNS FROM `yf_diyflag` [ RunTime:0.000704s ]
[ sql ] [ SQL ] SELECT * FROM `yf_diyflag` [ RunTime:0.000146s ]
[ sql ] [ SQL ] SHOW COLUMNS FROM `yf_source` [ RunTime:0.000588s ]
[ sql ] [ SQL ] SELECT * FROM `yf_source` [ RunTime:0.000145s ]
---------------------------------------------------------------
[ 2019-09-02T09:09:06+08:00 ] 172.21.0.9 183.184.63.60 GET /yamaxun/public/ace/js/skin/default/layer.css?v=3.0.11110
[ info ] www.ldkjmy.com/yamaxun/public/ace/js/skin/default/layer.css?v=3.0.11110 [运行时间：0.032630s][吞吐率：30.65req/s] [内存消耗：2,518.55kb] [文件加载：56]
[ info ] [ LANG ] /www/wwwroot/www.ldkjmy.com/aaaa/yamaxun/thinkphp/lang/zh-cn.php
[ info ] [ LANG ] /www/wwwroot/www.ldkjmy.com/aaaa/yamaxun/app/lang/zh-cn.php
[ info ] [ CACHE ] INIT File
[ info ] [ ROUTE ] array (
  'type' => 'module',
  'module' => 
  array (
    0 => 'public',
    1 => 'ace',
    2 => 'js',
  ),
)
[ info ] [ HEADER ] array (
  'host' => 'www.ldkjmy.com',
  'connection' => 'keep-alive',
  'user-agent' => 'Mozilla/5.0 (Windows NT 6.1; Win64; x64) AppleWebKit/537.36 (KHTML, like Gecko) Chrome/76.0.3809.132 Safari/537.36',
  'accept' => 'text/css,*/*;q=0.1',
  'referer' => 'http://www.ldkjmy.com/yamaxun/admin/product/product_add.html',
  'accept-encoding' => 'gzip, deflate',
  'accept-language' => 'zh-CN,zh;q=0.9,en;q=0.8',
  'cookie' => 'thinkphp_show_page_trace=0|0; aid=1; signin_token=13de9956c163c943081596224799b1bd71ff1f67; PHPSESSID=ssn034vcr5b8cfq2ta8jt4lu94; yf_logged_user=Qhif3cimz3Q6cg0jZ',
)
[ info ] [ PARAM ] array (
  'v' => '3.0.11110',
  'skin' => 'default',
)
[ info ] [ LOG ] INIT File
---------------------------------------------------------------
[ 2019-09-02T09:09:07+08:00 ] 172.21.0.9 183.184.63.60 GET /yamaxun/public/ace/tpsc/images/image.png
[ info ] www.ldkjmy.com/yamaxun/public/ace/tpsc/images/image.png [运行时间：0.045271s][吞吐率：22.09req/s] [内存消耗：2,518.64kb] [文件加载：56]
[ info ] [ LANG ] /www/wwwroot/www.ldkjmy.com/aaaa/yamaxun/thinkphp/lang/zh-cn.php
[ info ] [ LANG ] /www/wwwroot/www.ldkjmy.com/aaaa/yamaxun/app/lang/zh-cn.php
[ info ] [ CACHE ] INIT File
[ info ] [ ROUTE ] array (
  'type' => 'module',
  'module' => 
  array (
    0 => 'public',
    1 => 'ace',
    2 => 'tpsc',
  ),
)
[ info ] [ HEADER ] array (
  'host' => 'www.ldkjmy.com',
  'connection' => 'keep-alive',
  'user-agent' => 'Mozilla/5.0 (Windows NT 6.1; Win64; x64) AppleWebKit/537.36 (KHTML, like Gecko) Chrome/76.0.3809.132 Safari/537.36',
  'accept' => 'image/webp,image/apng,image/*,*/*;q=0.8',
  'referer' => 'http://www.ldkjmy.com/yamaxun/public/ace/tpsc/css/demo.css',
  'accept-encoding' => 'gzip, deflate',
  'accept-language' => 'zh-CN,zh;q=0.9,en;q=0.8',
  'cookie' => 'thinkphp_show_page_trace=0|0; aid=1; signin_token=13de9956c163c943081596224799b1bd71ff1f67; PHPSESSID=ssn034vcr5b8cfq2ta8jt4lu94; yf_logged_user=Qhif3cimz3Q6cg0jZ',
)
[ info ] [ PARAM ] array (
  'images' => 'image.png',
)
[ info ] [ LOG ] INIT File
---------------------------------------------------------------
[ 2019-09-02T09:09:07+08:00 ] 172.21.0.9 183.184.63.60 GET /yamaxun/admin/product/fileinit.html
[ info ] www.ldkjmy.com/yamaxun/admin/product/fileinit.html [运行时间：0.064835s][吞吐率：15.42req/s] [内存消耗：4,937.09kb] [文件加载：77]
[ info ] [ LANG ] /www/wwwroot/www.ldkjmy.com/aaaa/yamaxun/thinkphp/lang/zh-cn.php
[ info ] [ LANG ] /www/wwwroot/www.ldkjmy.com/aaaa/yamaxun/app/lang/zh-cn.php
[ info ] [ CACHE ] INIT File
[ info ] [ ROUTE ] array (
  'type' => 'module',
  'module' => 
  array (
    0 => 'admin',
    1 => 'product',
    2 => 'fileinit',
  ),
)
[ info ] [ HEADER ] array (
  'host' => 'www.ldkjmy.com',
  'connection' => 'keep-alive',
  'accept' => 'application/json, text/javascript, */*; q=0.01',
  'x-requested-with' => 'XMLHttpRequest',
  'user-agent' => 'Mozilla/5.0 (Windows NT 6.1; Win64; x64) AppleWebKit/537.36 (KHTML, like Gecko) Chrome/76.0.3809.132 Safari/537.36',
  'referer' => 'http://www.ldkjmy.com/yamaxun/admin/product/product_add.html',
  'accept-encoding' => 'gzip, deflate',
  'accept-language' => 'zh-CN,zh;q=0.9,en;q=0.8',
  'cookie' => 'thinkphp_show_page_trace=0|0; thinkphp_show_page_trace=0|0; aid=1; signin_token=13de9956c163c943081596224799b1bd71ff1f67; PHPSESSID=ssn034vcr5b8cfq2ta8jt4lu94; yf_logged_user=Qhif3cimz3Q6cg0jZ',
)
[ info ] [ PARAM ] array (
)
[ info ] [ DB ] INIT mysql
[ info ] [ SESSION ] INIT array (
  'id' => '',
  'var_session_id' => '',
  'prefix' => 'think',
  'type' => '',
  'auto_start' => true,
)
[ info ] [ BEHAVIOR ] Run Closure @action_begin [ RunTime:0.002201s ]
[ info ] [ RUN ] app\common\controller\Common->_empty[ /www/wwwroot/www.ldkjmy.com/aaaa/yamaxun/app/common/controller/Common.php ]
[ info ] [ BEHAVIOR ] Run app\admin\behavior\Cron @app_end [ RunTime:0.000786s ]
[ info ] [ LOG ] INIT File
[ sql ] [ DB ] CONNECT:[ UseTime:0.000199s ] mysql:dbname=www_ldkjmy_com;host=localhost;port=3306;charset=utf8
[ sql ] [ SQL ] SHOW COLUMNS FROM `yf_auth_rule` [ RunTime:0.000899s ]
[ sql ] [ SQL ] SELECT `id` FROM `yf_auth_rule` WHERE  `name` = 'admin/Product/fileinit' ORDER BY level desc,sort LIMIT 1 [ RunTime:0.000213s ]
[ sql ] [ SQL ] SELECT `id` FROM `yf_auth_rule` WHERE  `name` = 'admin/Product/fileinit' ORDER BY level desc,sort LIMIT 1 [ RunTime:0.000161s ]
[ sql ] [ SQL ] SELECT `id` FROM `yf_auth_rule` WHERE  `name` = 'admin/Product/fileinit'  AND `status` = 1 ORDER BY level desc,sort LIMIT 1 [ RunTime:0.000193s ]
[ sql ] [ SQL ] SELECT `id` FROM `yf_auth_rule` WHERE  `name` = 'admin/Product/fileinit'  AND `status` = 1 ORDER BY level desc,sort LIMIT 1 [ RunTime:0.000194s ]
[ sql ] [ SQL ] SELECT `pid` FROM `yf_auth_rule` WHERE  `id` = 0 LIMIT 1 [ RunTime:0.000148s ]
[ sql ] [ SQL ] SELECT * FROM `yf_auth_rule` WHERE  `status` = 1  AND `pid` = null ORDER BY `sort` [ RunTime:0.000230s ]
---------------------------------------------------------------
[ 2019-09-02T09:09:20+08:00 ] 172.21.0.9 183.184.63.60 GET /yamaxun/admin/product/product_back.html
[ info ] www.ldkjmy.com/yamaxun/admin/product/product_back.html [运行时间：0.063099s][吞吐率：15.85req/s] [内存消耗：5,230.85kb] [文件加载：82]
[ info ] [ LANG ] /www/wwwroot/www.ldkjmy.com/aaaa/yamaxun/thinkphp/lang/zh-cn.php
[ info ] [ LANG ] /www/wwwroot/www.ldkjmy.com/aaaa/yamaxun/app/lang/zh-cn.php
[ info ] [ CACHE ] INIT File
[ info ] [ ROUTE ] array (
  'type' => 'module',
  'module' => 
  array (
    0 => 'admin',
    1 => 'product',
    2 => 'product_back',
  ),
)
[ info ] [ HEADER ] array (
  'host' => 'www.ldkjmy.com',
  'connection' => 'keep-alive',
  'upgrade-insecure-requests' => '1',
  'user-agent' => 'Mozilla/5.0 (Windows NT 6.1; Win64; x64) AppleWebKit/537.36 (KHTML, like Gecko) Chrome/76.0.3809.132 Safari/537.36',
  'accept' => 'text/html,application/xhtml+xml,application/xml;q=0.9,image/webp,image/apng,*/*;q=0.8,application/signed-exchange;v=b3',
  'referer' => 'http://www.ldkjmy.com/yamaxun/admin/product/product_add.html',
  'accept-encoding' => 'gzip, deflate',
  'accept-language' => 'zh-CN,zh;q=0.9,en;q=0.8',
  'cookie' => 'thinkphp_show_page_trace=0|0; thinkphp_show_page_trace=0|0; aid=1; signin_token=13de9956c163c943081596224799b1bd71ff1f67; PHPSESSID=ssn034vcr5b8cfq2ta8jt4lu94; yf_logged_user=Qhif3cimz3Q6cg0jZ',
)
[ info ] [ PARAM ] array (
)
[ info ] [ DB ] INIT mysql
[ info ] [ SESSION ] INIT array (
  'id' => '',
  'var_session_id' => '',
  'prefix' => 'think',
  'type' => '',
  'auto_start' => true,
)
[ info ] [ BEHAVIOR ] Run Closure @action_begin [ RunTime:0.001361s ]
[ info ] [ RUN ] app\admin\controller\Product->product_back[ /www/wwwroot/www.ldkjmy.com/aaaa/yamaxun/app/admin/controller/Product.php ]
[ info ] [ VIEW ] /www/wwwroot/www.ldkjmy.com/aaaa/yamaxun/app/admin/view/product/product_back.html [ array (
  0 => 'lang',
  1 => 'menus',
  2 => 'menus_curr',
  3 => 'menus_child',
  4 => 'id_curr',
  5 => 'admin_avatar',
  6 => 'page',
  7 => 'product',
) ]
[ info ] [ BEHAVIOR ] Run app\admin\behavior\Cron @app_end [ RunTime:0.000595s ]
[ info ] [ LOG ] INIT File
[ sql ] [ DB ] CONNECT:[ UseTime:0.000223s ] mysql:dbname=www_ldkjmy_com;host=localhost;port=3306;charset=utf8
[ sql ] [ SQL ] SHOW COLUMNS FROM `yf_auth_rule` [ RunTime:0.000730s ]
[ sql ] [ SQL ] SELECT `id` FROM `yf_auth_rule` WHERE  `name` = 'admin/Product/product_back' ORDER BY level desc,sort LIMIT 1 [ RunTime:0.000183s ]
[ sql ] [ SQL ] SELECT `id`,`pid` FROM `yf_auth_rule` ORDER BY level desc,sort [ RunTime:0.000237s ]
[ sql ] [ SQL ] SELECT `id` FROM `yf_auth_rule` WHERE  `name` = 'admin/Product/product_back'  AND `status` = 1 ORDER BY level desc,sort LIMIT 1 [ RunTime:0.000134s ]
[ sql ] [ SQL ] SELECT `pid` FROM `yf_auth_rule` WHERE  `id` = 25 LIMIT 1 [ RunTime:0.000104s ]
[ sql ] [ SQL ] SELECT * FROM `yf_auth_rule` WHERE  `status` = 1  AND `pid` = 7 ORDER BY `sort` [ RunTime:0.000137s ]
[ sql ] [ SQL ] SHOW COLUMNS FROM `yf_product` [ RunTime:0.001014s ]
[ sql ] [ SQL ] SELECT COUNT(*) AS tp_count FROM `yf_product` LIMIT 1 [ RunTime:0.000104s ]
[ sql ] [ SQL ] SELECT * FROM `yf_product` ORDER BY goodsId desc LIMIT 0,10 [ RunTime:0.000160s ]
---------------------------------------------------------------
[ 2019-09-02T09:09:20+08:00 ] 172.21.0.9 183.184.63.60 GET /yamaxun/public/ace/js/skin/default/layer.css?v=3.0.11110
[ info ] www.ldkjmy.com/yamaxun/public/ace/js/skin/default/layer.css?v=3.0.11110 [运行时间：0.028484s][吞吐率：35.11req/s] [内存消耗：2,518.55kb] [文件加载：56]
[ info ] [ LANG ] /www/wwwroot/www.ldkjmy.com/aaaa/yamaxun/thinkphp/lang/zh-cn.php
[ info ] [ LANG ] /www/wwwroot/www.ldkjmy.com/aaaa/yamaxun/app/lang/zh-cn.php
[ info ] [ CACHE ] INIT File
[ info ] [ ROUTE ] array (
  'type' => 'module',
  'module' => 
  array (
    0 => 'public',
    1 => 'ace',
    2 => 'js',
  ),
)
[ info ] [ HEADER ] array (
  'host' => 'www.ldkjmy.com',
  'connection' => 'keep-alive',
  'user-agent' => 'Mozilla/5.0 (Windows NT 6.1; Win64; x64) AppleWebKit/537.36 (KHTML, like Gecko) Chrome/76.0.3809.132 Safari/537.36',
  'accept' => 'text/css,*/*;q=0.1',
  'referer' => 'http://www.ldkjmy.com/yamaxun/admin/product/product_back.html',
  'accept-encoding' => 'gzip, deflate',
  'accept-language' => 'zh-CN,zh;q=0.9,en;q=0.8',
  'cookie' => 'thinkphp_show_page_trace=0|0; aid=1; signin_token=13de9956c163c943081596224799b1bd71ff1f67; PHPSESSID=ssn034vcr5b8cfq2ta8jt4lu94; yf_logged_user=Qhif3cimz3Q6cg0jZ',
)
[ info ] [ PARAM ] array (
  'v' => '3.0.11110',
  'skin' => 'default',
)
[ info ] [ LOG ] INIT File
---------------------------------------------------------------
[ 2019-09-02T09:09:21+08:00 ] 172.21.0.9 183.184.63.60 GET /yamaxun/admin/product/productclass.html
[ info ] www.ldkjmy.com/yamaxun/admin/product/productclass.html [运行时间：0.062052s][吞吐率：16.12req/s] [内存消耗：5,261.66kb] [文件加载：82]
[ info ] [ LANG ] /www/wwwroot/www.ldkjmy.com/aaaa/yamaxun/thinkphp/lang/zh-cn.php
[ info ] [ LANG ] /www/wwwroot/www.ldkjmy.com/aaaa/yamaxun/app/lang/zh-cn.php
[ info ] [ CACHE ] INIT File
[ info ] [ ROUTE ] array (
  'type' => 'module',
  'module' => 
  array (
    0 => 'admin',
    1 => 'product',
    2 => 'productclass',
  ),
)
[ info ] [ HEADER ] array (
  'host' => 'www.ldkjmy.com',
  'connection' => 'keep-alive',
  'upgrade-insecure-requests' => '1',
  'user-agent' => 'Mozilla/5.0 (Windows NT 6.1; Win64; x64) AppleWebKit/537.36 (KHTML, like Gecko) Chrome/76.0.3809.132 Safari/537.36',
  'accept' => 'text/html,application/xhtml+xml,application/xml;q=0.9,image/webp,image/apng,*/*;q=0.8,application/signed-exchange;v=b3',
  'referer' => 'http://www.ldkjmy.com/yamaxun/admin/product/product_back.html',
  'accept-encoding' => 'gzip, deflate',
  'accept-language' => 'zh-CN,zh;q=0.9,en;q=0.8',
  'cookie' => 'thinkphp_show_page_trace=0|0; thinkphp_show_page_trace=0|0; aid=1; signin_token=13de9956c163c943081596224799b1bd71ff1f67; PHPSESSID=ssn034vcr5b8cfq2ta8jt4lu94; yf_logged_user=Qhif3cimz3Q6cg0jZ',
)
[ info ] [ PARAM ] array (
)
[ info ] [ DB ] INIT mysql
[ info ] [ SESSION ] INIT array (
  'id' => '',
  'var_session_id' => '',
  'prefix' => 'think',
  'type' => '',
  'auto_start' => true,
)
[ info ] [ BEHAVIOR ] Run Closure @action_begin [ RunTime:0.001449s ]
[ info ] [ RUN ] app\admin\controller\Product->productclass[ /www/wwwroot/www.ldkjmy.com/aaaa/yamaxun/app/admin/controller/Product.php ]
[ info ] [ VIEW ] /www/wwwroot/www.ldkjmy.com/aaaa/yamaxun/app/admin/view/product/productclass.html [ array (
  0 => 'lang',
  1 => 'menus',
  2 => 'menus_curr',
  3 => 'menus_child',
  4 => 'id_curr',
  5 => 'admin_avatar',
  6 => 'page',
  7 => 'menu',
  8 => 'product',
) ]
[ info ] [ BEHAVIOR ] Run app\admin\behavior\Cron @app_end [ RunTime:0.000557s ]
[ info ] [ LOG ] INIT File
[ sql ] [ DB ] CONNECT:[ UseTime:0.000211s ] mysql:dbname=www_ldkjmy_com;host=localhost;port=3306;charset=utf8
[ sql ] [ SQL ] SHOW COLUMNS FROM `yf_auth_rule` [ RunTime:0.000682s ]
[ sql ] [ SQL ] SELECT `id` FROM `yf_auth_rule` WHERE  `name` = 'admin/Product/productclass' ORDER BY level desc,sort LIMIT 1 [ RunTime:0.000156s ]
[ sql ] [ SQL ] SELECT `id` FROM `yf_auth_rule` WHERE  `name` = 'admin/Product/productclass' ORDER BY level desc,sort LIMIT 1 [ RunTime:0.000146s ]
[ sql ] [ SQL ] SELECT `id` FROM `yf_auth_rule` WHERE  `name` = 'admin/Product/productclass'  AND `status` = 1 ORDER BY level desc,sort LIMIT 1 [ RunTime:0.000147s ]
[ sql ] [ SQL ] SELECT `id` FROM `yf_auth_rule` WHERE  `name` = 'admin/Product/productclass'  AND `status` = 1 ORDER BY level desc,sort LIMIT 1 [ RunTime:0.000110s ]
[ sql ] [ SQL ] SELECT `pid` FROM `yf_auth_rule` WHERE  `id` = 0 LIMIT 1 [ RunTime:0.000097s ]
[ sql ] [ SQL ] SELECT * FROM `yf_auth_rule` WHERE  `status` = 1  AND `pid` = null ORDER BY `sort` [ RunTime:0.000130s ]
[ sql ] [ SQL ] SHOW COLUMNS FROM `yf_product` [ RunTime:0.000720s ]
[ sql ] [ SQL ] SELECT COUNT(*) AS tp_count FROM `yf_product` LIMIT 1 [ RunTime:0.000156s ]
[ sql ] [ SQL ] SELECT * FROM `yf_product` ORDER BY goodsId desc LIMIT 0,10 [ RunTime:0.000145s ]
---------------------------------------------------------------
[ 2019-09-02T09:09:21+08:00 ] 172.21.0.9 183.184.63.60 GET /yamaxun/public/ace/js/skin/default/layer.css?v=3.0.11110
[ info ] www.ldkjmy.com/yamaxun/public/ace/js/skin/default/layer.css?v=3.0.11110 [运行时间：0.036406s][吞吐率：27.47req/s] [内存消耗：2,518.55kb] [文件加载：56]
[ info ] [ LANG ] /www/wwwroot/www.ldkjmy.com/aaaa/yamaxun/thinkphp/lang/zh-cn.php
[ info ] [ LANG ] /www/wwwroot/www.ldkjmy.com/aaaa/yamaxun/app/lang/zh-cn.php
[ info ] [ CACHE ] INIT File
[ info ] [ ROUTE ] array (
  'type' => 'module',
  'module' => 
  array (
    0 => 'public',
    1 => 'ace',
    2 => 'js',
  ),
)
[ info ] [ HEADER ] array (
  'host' => 'www.ldkjmy.com',
  'connection' => 'keep-alive',
  'user-agent' => 'Mozilla/5.0 (Windows NT 6.1; Win64; x64) AppleWebKit/537.36 (KHTML, like Gecko) Chrome/76.0.3809.132 Safari/537.36',
  'accept' => 'text/css,*/*;q=0.1',
  'referer' => 'http://www.ldkjmy.com/yamaxun/admin/product/productclass.html',
  'accept-encoding' => 'gzip, deflate',
  'accept-language' => 'zh-CN,zh;q=0.9,en;q=0.8',
  'cookie' => 'thinkphp_show_page_trace=0|0; aid=1; signin_token=13de9956c163c943081596224799b1bd71ff1f67; PHPSESSID=ssn034vcr5b8cfq2ta8jt4lu94; yf_logged_user=Qhif3cimz3Q6cg0jZ',
)
[ info ] [ PARAM ] array (
  'v' => '3.0.11110',
  'skin' => 'default',
)
[ info ] [ LOG ] INIT File
---------------------------------------------------------------
[ 2019-09-02T09:09:24+08:00 ] 172.21.0.9 183.184.63.60 GET /yamaxun/admin/admin/admin_group_list.html
[ info ] www.ldkjmy.com/yamaxun/admin/admin/admin_group_list.html [运行时间：0.071052s][吞吐率：14.07req/s] [内存消耗：4,958.02kb] [文件加载：78]
[ info ] [ LANG ] /www/wwwroot/www.ldkjmy.com/aaaa/yamaxun/thinkphp/lang/zh-cn.php
[ info ] [ LANG ] /www/wwwroot/www.ldkjmy.com/aaaa/yamaxun/app/lang/zh-cn.php
[ info ] [ CACHE ] INIT File
[ info ] [ ROUTE ] array (
  'type' => 'module',
  'module' => 
  array (
    0 => 'admin',
    1 => 'admin',
    2 => 'admin_group_list',
  ),
)
[ info ] [ HEADER ] array (
  'host' => 'www.ldkjmy.com',
  'connection' => 'keep-alive',
  'upgrade-insecure-requests' => '1',
  'user-agent' => 'Mozilla/5.0 (Windows NT 6.1; Win64; x64) AppleWebKit/537.36 (KHTML, like Gecko) Chrome/76.0.3809.132 Safari/537.36',
  'accept' => 'text/html,application/xhtml+xml,application/xml;q=0.9,image/webp,image/apng,*/*;q=0.8,application/signed-exchange;v=b3',
  'referer' => 'http://www.ldkjmy.com/yamaxun/admin/product/productclass.html',
  'accept-encoding' => 'gzip, deflate',
  'accept-language' => 'zh-CN,zh;q=0.9,en;q=0.8',
  'cookie' => 'thinkphp_show_page_trace=0|0; aid=1; signin_token=13de9956c163c943081596224799b1bd71ff1f67; PHPSESSID=ssn034vcr5b8cfq2ta8jt4lu94; yf_logged_user=Qhif3cimz3Q6cg0jZ',
)
[ info ] [ PARAM ] array (
)
[ info ] [ DB ] INIT mysql
[ info ] [ SESSION ] INIT array (
  'id' => '',
  'var_session_id' => '',
  'prefix' => 'think',
  'type' => '',
  'auto_start' => true,
)
[ info ] [ BEHAVIOR ] Run Closure @action_begin [ RunTime:0.001321s ]
[ info ] [ RUN ] app\admin\controller\Admin->admin_group_list[ /www/wwwroot/www.ldkjmy.com/aaaa/yamaxun/app/admin/controller/Admin.php ]
[ info ] [ VIEW ] /www/wwwroot/www.ldkjmy.com/aaaa/yamaxun/app/admin/view/admin/admin_group_list.html [ array (
  0 => 'lang',
  1 => 'menus',
  2 => 'menus_curr',
  3 => 'menus_child',
  4 => 'id_curr',
  5 => 'admin_avatar',
  6 => 'auth_group',
) ]
[ info ] [ BEHAVIOR ] Run app\admin\behavior\Cron @app_end [ RunTime:0.000554s ]
[ info ] [ LOG ] INIT File
[ sql ] [ DB ] CONNECT:[ UseTime:0.000212s ] mysql:dbname=www_ldkjmy_com;host=localhost;port=3306;charset=utf8
[ sql ] [ SQL ] SHOW COLUMNS FROM `yf_auth_rule` [ RunTime:0.000710s ]
[ sql ] [ SQL ] SELECT `id` FROM `yf_auth_rule` WHERE  `name` = 'admin/Admin/admin_group_list' ORDER BY level desc,sort LIMIT 1 [ RunTime:0.000175s ]
[ sql ] [ SQL ] SELECT `id`,`pid` FROM `yf_auth_rule` ORDER BY level desc,sort [ RunTime:0.000202s ]
[ sql ] [ SQL ] SELECT `id` FROM `yf_auth_rule` WHERE  `name` = 'admin/Admin/admin_group_list'  AND `status` = 1 ORDER BY level desc,sort LIMIT 1 [ RunTime:0.000139s ]
[ sql ] [ SQL ] SELECT `pid` FROM `yf_auth_rule` WHERE  `id` = 17 LIMIT 1 [ RunTime:0.000095s ]
[ sql ] [ SQL ] SELECT * FROM `yf_auth_rule` WHERE  `status` = 1  AND `pid` = 15 ORDER BY `sort` [ RunTime:0.000143s ]
[ sql ] [ SQL ] SHOW COLUMNS FROM `yf_auth_group` [ RunTime:0.000652s ]
[ sql ] [ SQL ] SELECT * FROM `yf_auth_group` [ RunTime:0.000102s ]
---------------------------------------------------------------
[ 2019-09-02T09:09:25+08:00 ] 172.21.0.9 183.184.63.60 GET /yamaxun/public/ace/js/skin/default/layer.css?v=3.0.11110
[ info ] www.ldkjmy.com/yamaxun/public/ace/js/skin/default/layer.css?v=3.0.11110 [运行时间：0.032317s][吞吐率：30.94req/s] [内存消耗：2,518.55kb] [文件加载：56]
[ info ] [ LANG ] /www/wwwroot/www.ldkjmy.com/aaaa/yamaxun/thinkphp/lang/zh-cn.php
[ info ] [ LANG ] /www/wwwroot/www.ldkjmy.com/aaaa/yamaxun/app/lang/zh-cn.php
[ info ] [ CACHE ] INIT File
[ info ] [ ROUTE ] array (
  'type' => 'module',
  'module' => 
  array (
    0 => 'public',
    1 => 'ace',
    2 => 'js',
  ),
)
[ info ] [ HEADER ] array (
  'host' => 'www.ldkjmy.com',
  'connection' => 'keep-alive',
  'user-agent' => 'Mozilla/5.0 (Windows NT 6.1; Win64; x64) AppleWebKit/537.36 (KHTML, like Gecko) Chrome/76.0.3809.132 Safari/537.36',
  'accept' => 'text/css,*/*;q=0.1',
  'referer' => 'http://www.ldkjmy.com/yamaxun/admin/admin/admin_group_list.html',
  'accept-encoding' => 'gzip, deflate',
  'accept-language' => 'zh-CN,zh;q=0.9,en;q=0.8',
  'cookie' => 'thinkphp_show_page_trace=0|0; aid=1; signin_token=13de9956c163c943081596224799b1bd71ff1f67; PHPSESSID=ssn034vcr5b8cfq2ta8jt4lu94; yf_logged_user=Qhif3cimz3Q6cg0jZ',
)
[ info ] [ PARAM ] array (
  'v' => '3.0.11110',
  'skin' => 'default',
)
[ info ] [ LOG ] INIT File
---------------------------------------------------------------
[ 2019-09-02T09:09:25+08:00 ] 172.21.0.9 183.184.63.60 GET /yamaxun/admin/admin/admin_list.html
[ info ] www.ldkjmy.com/yamaxun/admin/admin/admin_list.html [运行时间：0.075148s][吞吐率：13.31req/s] [内存消耗：5,219.80kb] [文件加载：82]
[ info ] [ LANG ] /www/wwwroot/www.ldkjmy.com/aaaa/yamaxun/thinkphp/lang/zh-cn.php
[ info ] [ LANG ] /www/wwwroot/www.ldkjmy.com/aaaa/yamaxun/app/lang/zh-cn.php
[ info ] [ CACHE ] INIT File
[ info ] [ ROUTE ] array (
  'type' => 'module',
  'module' => 
  array (
    0 => 'admin',
    1 => 'admin',
    2 => 'admin_list',
  ),
)
[ info ] [ HEADER ] array (
  'host' => 'www.ldkjmy.com',
  'connection' => 'keep-alive',
  'upgrade-insecure-requests' => '1',
  'user-agent' => 'Mozilla/5.0 (Windows NT 6.1; Win64; x64) AppleWebKit/537.36 (KHTML, like Gecko) Chrome/76.0.3809.132 Safari/537.36',
  'accept' => 'text/html,application/xhtml+xml,application/xml;q=0.9,image/webp,image/apng,*/*;q=0.8,application/signed-exchange;v=b3',
  'referer' => 'http://www.ldkjmy.com/yamaxun/admin/admin/admin_group_list.html',
  'accept-encoding' => 'gzip, deflate',
  'accept-language' => 'zh-CN,zh;q=0.9,en;q=0.8',
  'cookie' => 'thinkphp_show_page_trace=0|0; thinkphp_show_page_trace=0|0; aid=1; signin_token=13de9956c163c943081596224799b1bd71ff1f67; PHPSESSID=ssn034vcr5b8cfq2ta8jt4lu94; yf_logged_user=Qhif3cimz3Q6cg0jZ',
)
[ info ] [ PARAM ] array (
)
[ info ] [ DB ] INIT mysql
[ info ] [ SESSION ] INIT array (
  'id' => '',
  'var_session_id' => '',
  'prefix' => 'think',
  'type' => '',
  'auto_start' => true,
)
[ info ] [ BEHAVIOR ] Run Closure @action_begin [ RunTime:0.001225s ]
[ info ] [ RUN ] app\admin\controller\Admin->admin_list[ /www/wwwroot/www.ldkjmy.com/aaaa/yamaxun/app/admin/controller/Admin.php ]
[ info ] [ VIEW ] /www/wwwroot/www.ldkjmy.com/aaaa/yamaxun/app/admin/view/admin/admin_list.html [ array (
  0 => 'lang',
  1 => 'menus',
  2 => 'menus_curr',
  3 => 'menus_child',
  4 => 'id_curr',
  5 => 'admin_avatar',
  6 => 'search_name',
  7 => 'admin_list',
  8 => 'page',
) ]
[ info ] [ BEHAVIOR ] Run app\admin\behavior\Cron @app_end [ RunTime:0.000540s ]
[ info ] [ LOG ] INIT File
[ sql ] [ DB ] CONNECT:[ UseTime:0.000190s ] mysql:dbname=www_ldkjmy_com;host=localhost;port=3306;charset=utf8
[ sql ] [ SQL ] SHOW COLUMNS FROM `yf_auth_rule` [ RunTime:0.000666s ]
[ sql ] [ SQL ] SELECT `id` FROM `yf_auth_rule` WHERE  `name` = 'admin/Admin/admin_list' ORDER BY level desc,sort LIMIT 1 [ RunTime:0.000140s ]
[ sql ] [ SQL ] SELECT `id`,`pid` FROM `yf_auth_rule` ORDER BY level desc,sort [ RunTime:0.000224s ]
[ sql ] [ SQL ] SELECT `id` FROM `yf_auth_rule` WHERE  `name` = 'admin/Admin/admin_list'  AND `status` = 1 ORDER BY level desc,sort LIMIT 1 [ RunTime:0.000127s ]
[ sql ] [ SQL ] SELECT `pid` FROM `yf_auth_rule` WHERE  `id` = 16 LIMIT 1 [ RunTime:0.000091s ]
[ sql ] [ SQL ] SELECT * FROM `yf_auth_rule` WHERE  `status` = 1  AND `pid` = 15 ORDER BY `sort` [ RunTime:0.000146s ]
[ sql ] [ SQL ] SHOW COLUMNS FROM `yf_admin` [ RunTime:0.000616s ]
[ sql ] [ SQL ] SELECT COUNT(*) AS tp_count FROM `yf_admin` LIMIT 1 [ RunTime:0.000097s ]
[ sql ] [ SQL ] SELECT * FROM `yf_admin` ORDER BY `admin_id` LIMIT 0,10 [ RunTime:0.000133s ]
[ sql ] [ SQL ] SHOW COLUMNS FROM `yf_auth_group_access` [ RunTime:0.000614s ]
[ sql ] [ SQL ] SELECT `uid`,`group_id`,`title`,`rules` FROM yf_auth_group_access a INNER JOIN `yf_auth_group` `g` ON `a`.`group_id`=`g`.`id` WHERE  (  a.uid='1' and g.status='1' ) [ RunTime:0.000184s ]
[ sql ] [ SQL ] SELECT `uid`,`group_id`,`title`,`rules` FROM yf_auth_group_access a INNER JOIN `yf_auth_group` `g` ON `a`.`group_id`=`g`.`id` WHERE  (  a.uid='2' and g.status='1' ) [ RunTime:0.000109s ]
[ sql ] [ SQL ] SELECT `uid`,`group_id`,`title`,`rules` FROM yf_auth_group_access a INNER JOIN `yf_auth_group` `g` ON `a`.`group_id`=`g`.`id` WHERE  (  a.uid='3' and g.status='1' ) [ RunTime:0.000164s ]
[ sql ] [ SQL ] SELECT `uid`,`group_id`,`title`,`rules` FROM yf_auth_group_access a INNER JOIN `yf_auth_group` `g` ON `a`.`group_id`=`g`.`id` WHERE  (  a.uid='4' and g.status='1' ) [ RunTime:0.000146s ]
[ sql ] [ SQL ] SELECT `uid`,`group_id`,`title`,`rules` FROM yf_auth_group_access a INNER JOIN `yf_auth_group` `g` ON `a`.`group_id`=`g`.`id` WHERE  (  a.uid='5' and g.status='1' ) [ RunTime:0.000201s ]
[ sql ] [ SQL ] SELECT `uid`,`group_id`,`title`,`rules` FROM yf_auth_group_access a INNER JOIN `yf_auth_group` `g` ON `a`.`group_id`=`g`.`id` WHERE  (  a.uid='6' and g.status='1' ) [ RunTime:0.000118s ]
[ sql ] [ SQL ] SELECT `uid`,`group_id`,`title`,`rules` FROM yf_auth_group_access a INNER JOIN `yf_auth_group` `g` ON `a`.`group_id`=`g`.`id` WHERE  (  a.uid='7' and g.status='1' ) [ RunTime:0.000118s ]
[ sql ] [ SQL ] SELECT `uid`,`group_id`,`title`,`rules` FROM yf_auth_group_access a INNER JOIN `yf_auth_group` `g` ON `a`.`group_id`=`g`.`id` WHERE  (  a.uid='8' and g.status='1' ) [ RunTime:0.000111s ]
[ sql ] [ SQL ] SELECT `uid`,`group_id`,`title`,`rules` FROM yf_auth_group_access a INNER JOIN `yf_auth_group` `g` ON `a`.`group_id`=`g`.`id` WHERE  (  a.uid='9' and g.status='1' ) [ RunTime:0.000129s ]
[ sql ] [ SQL ] SELECT `uid`,`group_id`,`title`,`rules` FROM yf_auth_group_access a INNER JOIN `yf_auth_group` `g` ON `a`.`group_id`=`g`.`id` WHERE  (  a.uid='10' and g.status='1' ) [ RunTime:0.000113s ]
---------------------------------------------------------------
[ 2019-09-02T09:09:25+08:00 ] 172.21.0.9 183.184.63.60 GET /yamaxun/public/ace/js/skin/default/layer.css?v=3.0.11110
[ info ] www.ldkjmy.com/yamaxun/public/ace/js/skin/default/layer.css?v=3.0.11110 [运行时间：0.027551s][吞吐率：36.30req/s] [内存消耗：2,518.52kb] [文件加载：56]
[ info ] [ LANG ] /www/wwwroot/www.ldkjmy.com/aaaa/yamaxun/thinkphp/lang/zh-cn.php
[ info ] [ LANG ] /www/wwwroot/www.ldkjmy.com/aaaa/yamaxun/app/lang/zh-cn.php
[ info ] [ CACHE ] INIT File
[ info ] [ ROUTE ] array (
  'type' => 'module',
  'module' => 
  array (
    0 => 'public',
    1 => 'ace',
    2 => 'js',
  ),
)
[ info ] [ HEADER ] array (
  'host' => 'www.ldkjmy.com',
  'connection' => 'keep-alive',
  'user-agent' => 'Mozilla/5.0 (Windows NT 6.1; Win64; x64) AppleWebKit/537.36 (KHTML, like Gecko) Chrome/76.0.3809.132 Safari/537.36',
  'accept' => 'text/css,*/*;q=0.1',
  'referer' => 'http://www.ldkjmy.com/yamaxun/admin/admin/admin_list.html',
  'accept-encoding' => 'gzip, deflate',
  'accept-language' => 'zh-CN,zh;q=0.9,en;q=0.8',
  'cookie' => 'thinkphp_show_page_trace=0|0; aid=1; signin_token=13de9956c163c943081596224799b1bd71ff1f67; PHPSESSID=ssn034vcr5b8cfq2ta8jt4lu94; yf_logged_user=Qhif3cimz3Q6cg0jZ',
)
[ info ] [ PARAM ] array (
  'v' => '3.0.11110',
  'skin' => 'default',
)
[ info ] [ LOG ] INIT File
---------------------------------------------------------------
[ 2019-09-02T09:20:47+08:00 ] 172.21.0.9 183.184.63.60 GET /yamaxun/admin/admin/admin_group_list.html
[ info ] www.ldkjmy.com/yamaxun/admin/admin/admin_group_list.html [运行时间：0.072908s][吞吐率：13.72req/s] [内存消耗：4,958.32kb] [文件加载：78]
[ info ] [ LANG ] /www/wwwroot/www.ldkjmy.com/aaaa/yamaxun/thinkphp/lang/zh-cn.php
[ info ] [ LANG ] /www/wwwroot/www.ldkjmy.com/aaaa/yamaxun/app/lang/zh-cn.php
[ info ] [ CACHE ] INIT File
[ info ] [ ROUTE ] array (
  'type' => 'module',
  'module' => 
  array (
    0 => 'admin',
    1 => 'admin',
    2 => 'admin_group_list',
  ),
)
[ info ] [ HEADER ] array (
  'host' => 'www.ldkjmy.com',
  'connection' => 'keep-alive',
  'upgrade-insecure-requests' => '1',
  'user-agent' => 'Mozilla/5.0 (Windows NT 6.1; Win64; x64) AppleWebKit/537.36 (KHTML, like Gecko) Chrome/76.0.3809.132 Safari/537.36',
  'accept' => 'text/html,application/xhtml+xml,application/xml;q=0.9,image/webp,image/apng,*/*;q=0.8,application/signed-exchange;v=b3',
  'referer' => 'http://www.ldkjmy.com/yamaxun/admin/admin/admin_list.html',
  'accept-encoding' => 'gzip, deflate',
  'accept-language' => 'zh-CN,zh;q=0.9,en;q=0.8',
  'cookie' => 'thinkphp_show_page_trace=0|0; thinkphp_show_page_trace=0|0; aid=1; signin_token=13de9956c163c943081596224799b1bd71ff1f67; PHPSESSID=ssn034vcr5b8cfq2ta8jt4lu94; yf_logged_user=Qhif3cimz3Q6cg0jZ',
)
[ info ] [ PARAM ] array (
)
[ info ] [ DB ] INIT mysql
[ info ] [ SESSION ] INIT array (
  'id' => '',
  'var_session_id' => '',
  'prefix' => 'think',
  'type' => '',
  'auto_start' => true,
)
[ info ] [ BEHAVIOR ] Run Closure @action_begin [ RunTime:0.001310s ]
[ info ] [ RUN ] app\admin\controller\Admin->admin_group_list[ /www/wwwroot/www.ldkjmy.com/aaaa/yamaxun/app/admin/controller/Admin.php ]
[ info ] [ VIEW ] /www/wwwroot/www.ldkjmy.com/aaaa/yamaxun/app/admin/view/admin/admin_group_list.html [ array (
  0 => 'lang',
  1 => 'menus',
  2 => 'menus_curr',
  3 => 'menus_child',
  4 => 'id_curr',
  5 => 'admin_avatar',
  6 => 'auth_group',
) ]
[ info ] [ BEHAVIOR ] Run app\admin\behavior\Cron @app_end [ RunTime:0.008708s ]
[ info ] [ LOG ] INIT File
[ sql ] [ DB ] CONNECT:[ UseTime:0.000270s ] mysql:dbname=www_ldkjmy_com;host=localhost;port=3306;charset=utf8
[ sql ] [ SQL ] SHOW COLUMNS FROM `yf_auth_rule` [ RunTime:0.011140s ]
[ sql ] [ SQL ] SELECT `id` FROM `yf_auth_rule` WHERE  `name` = 'admin/Admin/admin_group_list' ORDER BY level desc,sort LIMIT 1 [ RunTime:0.000155s ]
[ sql ] [ SQL ] SELECT `id`,`pid` FROM `yf_auth_rule` ORDER BY level desc,sort [ RunTime:0.000180s ]
[ sql ] [ SQL ] SELECT `id` FROM `yf_auth_rule` WHERE  `name` = 'admin/Admin/admin_group_list'  AND `status` = 1 ORDER BY level desc,sort LIMIT 1 [ RunTime:0.000131s ]
[ sql ] [ SQL ] SELECT `pid` FROM `yf_auth_rule` WHERE  `id` = 17 LIMIT 1 [ RunTime:0.000117s ]
[ sql ] [ SQL ] SELECT * FROM `yf_auth_rule` WHERE  `status` = 1  AND `pid` = 15 ORDER BY `sort` [ RunTime:0.000136s ]
[ sql ] [ SQL ] SHOW COLUMNS FROM `yf_auth_group` [ RunTime:0.000575s ]
[ sql ] [ SQL ] SELECT * FROM `yf_auth_group` [ RunTime:0.000099s ]
---------------------------------------------------------------
[ 2019-09-02T09:20:47+08:00 ] 172.21.0.9 183.184.63.60 GET /yamaxun/public/ace/js/skin/default/layer.css?v=3.0.11110
[ info ] www.ldkjmy.com/yamaxun/public/ace/js/skin/default/layer.css?v=3.0.11110 [运行时间：0.030727s][吞吐率：32.54req/s] [内存消耗：2,518.55kb] [文件加载：56]
[ info ] [ LANG ] /www/wwwroot/www.ldkjmy.com/aaaa/yamaxun/thinkphp/lang/zh-cn.php
[ info ] [ LANG ] /www/wwwroot/www.ldkjmy.com/aaaa/yamaxun/app/lang/zh-cn.php
[ info ] [ CACHE ] INIT File
[ info ] [ ROUTE ] array (
  'type' => 'module',
  'module' => 
  array (
    0 => 'public',
    1 => 'ace',
    2 => 'js',
  ),
)
[ info ] [ HEADER ] array (
  'host' => 'www.ldkjmy.com',
  'connection' => 'keep-alive',
  'user-agent' => 'Mozilla/5.0 (Windows NT 6.1; Win64; x64) AppleWebKit/537.36 (KHTML, like Gecko) Chrome/76.0.3809.132 Safari/537.36',
  'accept' => 'text/css,*/*;q=0.1',
  'referer' => 'http://www.ldkjmy.com/yamaxun/admin/admin/admin_group_list.html',
  'accept-encoding' => 'gzip, deflate',
  'accept-language' => 'zh-CN,zh;q=0.9,en;q=0.8',
  'cookie' => 'thinkphp_show_page_trace=0|0; aid=1; signin_token=13de9956c163c943081596224799b1bd71ff1f67; PHPSESSID=ssn034vcr5b8cfq2ta8jt4lu94; yf_logged_user=Qhif3cimz3Q6cg0jZ',
)
[ info ] [ PARAM ] array (
  'v' => '3.0.11110',
  'skin' => 'default',
)
[ info ] [ LOG ] INIT File
---------------------------------------------------------------
[ 2019-09-02T09:20:48+08:00 ] 172.21.0.9 183.184.63.60 GET /yamaxun/admin/admin/admin_list.html
[ info ] www.ldkjmy.com/yamaxun/admin/admin/admin_list.html [运行时间：0.065572s][吞吐率：15.25req/s] [内存消耗：5,219.80kb] [文件加载：82]
[ info ] [ LANG ] /www/wwwroot/www.ldkjmy.com/aaaa/yamaxun/thinkphp/lang/zh-cn.php
[ info ] [ LANG ] /www/wwwroot/www.ldkjmy.com/aaaa/yamaxun/app/lang/zh-cn.php
[ info ] [ CACHE ] INIT File
[ info ] [ ROUTE ] array (
  'type' => 'module',
  'module' => 
  array (
    0 => 'admin',
    1 => 'admin',
    2 => 'admin_list',
  ),
)
[ info ] [ HEADER ] array (
  'host' => 'www.ldkjmy.com',
  'connection' => 'keep-alive',
  'upgrade-insecure-requests' => '1',
  'user-agent' => 'Mozilla/5.0 (Windows NT 6.1; Win64; x64) AppleWebKit/537.36 (KHTML, like Gecko) Chrome/76.0.3809.132 Safari/537.36',
  'accept' => 'text/html,application/xhtml+xml,application/xml;q=0.9,image/webp,image/apng,*/*;q=0.8,application/signed-exchange;v=b3',
  'referer' => 'http://www.ldkjmy.com/yamaxun/admin/admin/admin_group_list.html',
  'accept-encoding' => 'gzip, deflate',
  'accept-language' => 'zh-CN,zh;q=0.9,en;q=0.8',
  'cookie' => 'thinkphp_show_page_trace=0|0; thinkphp_show_page_trace=0|0; aid=1; signin_token=13de9956c163c943081596224799b1bd71ff1f67; PHPSESSID=ssn034vcr5b8cfq2ta8jt4lu94; yf_logged_user=Qhif3cimz3Q6cg0jZ',
)
[ info ] [ PARAM ] array (
)
[ info ] [ DB ] INIT mysql
[ info ] [ SESSION ] INIT array (
  'id' => '',
  'var_session_id' => '',
  'prefix' => 'think',
  'type' => '',
  'auto_start' => true,
)
[ info ] [ BEHAVIOR ] Run Closure @action_begin [ RunTime:0.001447s ]
[ info ] [ RUN ] app\admin\controller\Admin->admin_list[ /www/wwwroot/www.ldkjmy.com/aaaa/yamaxun/app/admin/controller/Admin.php ]
[ info ] [ VIEW ] /www/wwwroot/www.ldkjmy.com/aaaa/yamaxun/app/admin/view/admin/admin_list.html [ array (
  0 => 'lang',
  1 => 'menus',
  2 => 'menus_curr',
  3 => 'menus_child',
  4 => 'id_curr',
  5 => 'admin_avatar',
  6 => 'search_name',
  7 => 'admin_list',
  8 => 'page',
) ]
[ info ] [ BEHAVIOR ] Run app\admin\behavior\Cron @app_end [ RunTime:0.000563s ]
[ info ] [ LOG ] INIT File
[ sql ] [ DB ] CONNECT:[ UseTime:0.000235s ] mysql:dbname=www_ldkjmy_com;host=localhost;port=3306;charset=utf8
[ sql ] [ SQL ] SHOW COLUMNS FROM `yf_auth_rule` [ RunTime:0.000852s ]
[ sql ] [ SQL ] SELECT `id` FROM `yf_auth_rule` WHERE  `name` = 'admin/Admin/admin_list' ORDER BY level desc,sort LIMIT 1 [ RunTime:0.000146s ]
[ sql ] [ SQL ] SELECT `id`,`pid` FROM `yf_auth_rule` ORDER BY level desc,sort [ RunTime:0.000216s ]
[ sql ] [ SQL ] SELECT `id` FROM `yf_auth_rule` WHERE  `name` = 'admin/Admin/admin_list'  AND `status` = 1 ORDER BY level desc,sort LIMIT 1 [ RunTime:0.000162s ]
[ sql ] [ SQL ] SELECT `pid` FROM `yf_auth_rule` WHERE  `id` = 16 LIMIT 1 [ RunTime:0.000123s ]
[ sql ] [ SQL ] SELECT * FROM `yf_auth_rule` WHERE  `status` = 1  AND `pid` = 15 ORDER BY `sort` [ RunTime:0.000138s ]
[ sql ] [ SQL ] SHOW COLUMNS FROM `yf_admin` [ RunTime:0.000722s ]
[ sql ] [ SQL ] SELECT COUNT(*) AS tp_count FROM `yf_admin` LIMIT 1 [ RunTime:0.000099s ]
[ sql ] [ SQL ] SELECT * FROM `yf_admin` ORDER BY `admin_id` LIMIT 0,10 [ RunTime:0.000160s ]
[ sql ] [ SQL ] SHOW COLUMNS FROM `yf_auth_group_access` [ RunTime:0.000633s ]
[ sql ] [ SQL ] SELECT `uid`,`group_id`,`title`,`rules` FROM yf_auth_group_access a INNER JOIN `yf_auth_group` `g` ON `a`.`group_id`=`g`.`id` WHERE  (  a.uid='1' and g.status='1' ) [ RunTime:0.000154s ]
[ sql ] [ SQL ] SELECT `uid`,`group_id`,`title`,`rules` FROM yf_auth_group_access a INNER JOIN `yf_auth_group` `g` ON `a`.`group_id`=`g`.`id` WHERE  (  a.uid='2' and g.status='1' ) [ RunTime:0.000107s ]
[ sql ] [ SQL ] SELECT `uid`,`group_id`,`title`,`rules` FROM yf_auth_group_access a INNER JOIN `yf_auth_group` `g` ON `a`.`group_id`=`g`.`id` WHERE  (  a.uid='3' and g.status='1' ) [ RunTime:0.000113s ]
[ sql ] [ SQL ] SELECT `uid`,`group_id`,`title`,`rules` FROM yf_auth_group_access a INNER JOIN `yf_auth_group` `g` ON `a`.`group_id`=`g`.`id` WHERE  (  a.uid='4' and g.status='1' ) [ RunTime:0.000107s ]
[ sql ] [ SQL ] SELECT `uid`,`group_id`,`title`,`rules` FROM yf_auth_group_access a INNER JOIN `yf_auth_group` `g` ON `a`.`group_id`=`g`.`id` WHERE  (  a.uid='5' and g.status='1' ) [ RunTime:0.000132s ]
[ sql ] [ SQL ] SELECT `uid`,`group_id`,`title`,`rules` FROM yf_auth_group_access a INNER JOIN `yf_auth_group` `g` ON `a`.`group_id`=`g`.`id` WHERE  (  a.uid='6' and g.status='1' ) [ RunTime:0.000111s ]
[ sql ] [ SQL ] SELECT `uid`,`group_id`,`title`,`rules` FROM yf_auth_group_access a INNER JOIN `yf_auth_group` `g` ON `a`.`group_id`=`g`.`id` WHERE  (  a.uid='7' and g.status='1' ) [ RunTime:0.000118s ]
[ sql ] [ SQL ] SELECT `uid`,`group_id`,`title`,`rules` FROM yf_auth_group_access a INNER JOIN `yf_auth_group` `g` ON `a`.`group_id`=`g`.`id` WHERE  (  a.uid='8' and g.status='1' ) [ RunTime:0.000105s ]
[ sql ] [ SQL ] SELECT `uid`,`group_id`,`title`,`rules` FROM yf_auth_group_access a INNER JOIN `yf_auth_group` `g` ON `a`.`group_id`=`g`.`id` WHERE  (  a.uid='9' and g.status='1' ) [ RunTime:0.000119s ]
[ sql ] [ SQL ] SELECT `uid`,`group_id`,`title`,`rules` FROM yf_auth_group_access a INNER JOIN `yf_auth_group` `g` ON `a`.`group_id`=`g`.`id` WHERE  (  a.uid='10' and g.status='1' ) [ RunTime:0.000134s ]
---------------------------------------------------------------
[ 2019-09-02T09:20:48+08:00 ] 172.21.0.9 183.184.63.60 GET /yamaxun/public/ace/js/skin/default/layer.css?v=3.0.11110
[ info ] www.ldkjmy.com/yamaxun/public/ace/js/skin/default/layer.css?v=3.0.11110 [运行时间：0.033753s][吞吐率：29.63req/s] [内存消耗：2,518.52kb] [文件加载：56]
[ info ] [ LANG ] /www/wwwroot/www.ldkjmy.com/aaaa/yamaxun/thinkphp/lang/zh-cn.php
[ info ] [ LANG ] /www/wwwroot/www.ldkjmy.com/aaaa/yamaxun/app/lang/zh-cn.php
[ info ] [ CACHE ] INIT File
[ info ] [ ROUTE ] array (
  'type' => 'module',
  'module' => 
  array (
    0 => 'public',
    1 => 'ace',
    2 => 'js',
  ),
)
[ info ] [ HEADER ] array (
  'host' => 'www.ldkjmy.com',
  'connection' => 'keep-alive',
  'user-agent' => 'Mozilla/5.0 (Windows NT 6.1; Win64; x64) AppleWebKit/537.36 (KHTML, like Gecko) Chrome/76.0.3809.132 Safari/537.36',
  'accept' => 'text/css,*/*;q=0.1',
  'referer' => 'http://www.ldkjmy.com/yamaxun/admin/admin/admin_list.html',
  'accept-encoding' => 'gzip, deflate',
  'accept-language' => 'zh-CN,zh;q=0.9,en;q=0.8',
  'cookie' => 'thinkphp_show_page_trace=0|0; aid=1; signin_token=13de9956c163c943081596224799b1bd71ff1f67; PHPSESSID=ssn034vcr5b8cfq2ta8jt4lu94; yf_logged_user=Qhif3cimz3Q6cg0jZ',
)
[ info ] [ PARAM ] array (
  'v' => '3.0.11110',
  'skin' => 'default',
)
[ info ] [ LOG ] INIT File
---------------------------------------------------------------
[ 2019-09-02T09:20:49+08:00 ] 172.21.0.9 183.184.63.60 GET /yamaxun/admin/admin/profile.html
[ info ] www.ldkjmy.com/yamaxun/admin/admin/profile.html [运行时间：0.090659s][吞吐率：11.03req/s] [内存消耗：4,990.73kb] [文件加载：78]
[ info ] [ LANG ] /www/wwwroot/www.ldkjmy.com/aaaa/yamaxun/thinkphp/lang/zh-cn.php
[ info ] [ LANG ] /www/wwwroot/www.ldkjmy.com/aaaa/yamaxun/app/lang/zh-cn.php
[ info ] [ CACHE ] INIT File
[ info ] [ ROUTE ] array (
  'type' => 'module',
  'module' => 
  array (
    0 => 'admin',
    1 => 'admin',
    2 => 'profile',
  ),
)
[ info ] [ HEADER ] array (
  'host' => 'www.ldkjmy.com',
  'connection' => 'keep-alive',
  'upgrade-insecure-requests' => '1',
  'user-agent' => 'Mozilla/5.0 (Windows NT 6.1; Win64; x64) AppleWebKit/537.36 (KHTML, like Gecko) Chrome/76.0.3809.132 Safari/537.36',
  'accept' => 'text/html,application/xhtml+xml,application/xml;q=0.9,image/webp,image/apng,*/*;q=0.8,application/signed-exchange;v=b3',
  'referer' => 'http://www.ldkjmy.com/yamaxun/admin/admin/admin_list.html',
  'accept-encoding' => 'gzip, deflate',
  'accept-language' => 'zh-CN,zh;q=0.9,en;q=0.8',
  'cookie' => 'thinkphp_show_page_trace=0|0; thinkphp_show_page_trace=0|0; aid=1; signin_token=13de9956c163c943081596224799b1bd71ff1f67; PHPSESSID=ssn034vcr5b8cfq2ta8jt4lu94; yf_logged_user=Qhif3cimz3Q6cg0jZ',
)
[ info ] [ PARAM ] array (
)
[ info ] [ DB ] INIT mysql
[ info ] [ SESSION ] INIT array (
  'id' => '',
  'var_session_id' => '',
  'prefix' => 'think',
  'type' => '',
  'auto_start' => true,
)
[ info ] [ BEHAVIOR ] Run Closure @action_begin [ RunTime:0.001444s ]
[ info ] [ RUN ] app\admin\controller\Admin->profile[ /www/wwwroot/www.ldkjmy.com/aaaa/yamaxun/app/admin/controller/Admin.php ]
[ info ] [ VIEW ] /www/wwwroot/www.ldkjmy.com/aaaa/yamaxun/app/admin/view/admin/profile.html [ array (
  0 => 'lang',
  1 => 'menus',
  2 => 'menus_curr',
  3 => 'menus_child',
  4 => 'id_curr',
  5 => 'admin_avatar',
  6 => 'admin',
) ]
[ info ] [ BEHAVIOR ] Run app\admin\behavior\Cron @app_end [ RunTime:0.000538s ]
[ info ] [ LOG ] INIT File
[ sql ] [ DB ] CONNECT:[ UseTime:0.000222s ] mysql:dbname=www_ldkjmy_com;host=localhost;port=3306;charset=utf8
[ sql ] [ SQL ] SHOW COLUMNS FROM `yf_auth_rule` [ RunTime:0.000696s ]
[ sql ] [ SQL ] SELECT `id` FROM `yf_auth_rule` WHERE  `name` = 'admin/Admin/profile' ORDER BY level desc,sort LIMIT 1 [ RunTime:0.000140s ]
[ sql ] [ SQL ] SELECT `id`,`pid` FROM `yf_auth_rule` ORDER BY level desc,sort [ RunTime:0.000234s ]
[ sql ] [ SQL ] SELECT `id` FROM `yf_auth_rule` WHERE  `name` = 'admin/Admin/profile'  AND `status` = 1 ORDER BY level desc,sort LIMIT 1 [ RunTime:0.000145s ]
[ sql ] [ SQL ] SELECT `pid` FROM `yf_auth_rule` WHERE  `id` = 178 LIMIT 1 [ RunTime:0.000126s ]
[ sql ] [ SQL ] SELECT * FROM `yf_auth_rule` WHERE  `status` = 1  AND `pid` = 15 ORDER BY `sort` [ RunTime:0.000136s ]
[ sql ] [ SQL ] SHOW COLUMNS FROM `yf_admin` [ RunTime:0.000692s ]
[ sql ] [ SQL ] SELECT * FROM `yf_admin` `a` INNER JOIN `yf_auth_group_access` `b` ON `a`.`admin_id`=`b`.`uid` INNER JOIN `yf_auth_group` `c` ON `b`.`group_id`=`c`.`id` WHERE  `a`.`admin_id` = 1 LIMIT 1 [ RunTime:0.000202s ]
[ sql ] [ SQL ] SHOW COLUMNS FROM `yf_news` [ RunTime:0.000619s ]
[ sql ] [ SQL ] SELECT COUNT(*) AS tp_count FROM `yf_news` WHERE  `news_auto` = '1' LIMIT 1 [ RunTime:0.000122s ]
---------------------------------------------------------------
[ 2019-09-02T09:20:49+08:00 ] 172.21.0.9 183.184.63.60 GET /yamaxun/public/ace/js/skin/default/layer.css?v=3.0.11110
[ info ] www.ldkjmy.com/yamaxun/public/ace/js/skin/default/layer.css?v=3.0.11110 [运行时间：0.028746s][吞吐率：34.79req/s] [内存消耗：2,519.06kb] [文件加载：56]
[ info ] [ LANG ] /www/wwwroot/www.ldkjmy.com/aaaa/yamaxun/thinkphp/lang/zh-cn.php
[ info ] [ LANG ] /www/wwwroot/www.ldkjmy.com/aaaa/yamaxun/app/lang/zh-cn.php
[ info ] [ CACHE ] INIT File
[ info ] [ ROUTE ] array (
  'type' => 'module',
  'module' => 
  array (
    0 => 'public',
    1 => 'ace',
    2 => 'js',
  ),
)
[ info ] [ HEADER ] array (
  'host' => 'www.ldkjmy.com',
  'connection' => 'keep-alive',
  'user-agent' => 'Mozilla/5.0 (Windows NT 6.1; Win64; x64) AppleWebKit/537.36 (KHTML, like Gecko) Chrome/76.0.3809.132 Safari/537.36',
  'accept' => 'text/css,*/*;q=0.1',
  'referer' => 'http://www.ldkjmy.com/yamaxun/admin/admin/profile.html',
  'accept-encoding' => 'gzip, deflate',
  'accept-language' => 'zh-CN,zh;q=0.9,en;q=0.8',
  'cookie' => 'thinkphp_show_page_trace=0|0; aid=1; signin_token=13de9956c163c943081596224799b1bd71ff1f67; PHPSESSID=ssn034vcr5b8cfq2ta8jt4lu94; yf_logged_user=Qhif3cimz3Q6cg0jZ',
)
[ info ] [ PARAM ] array (
  'v' => '3.0.11110',
  'skin' => 'default',
)
[ info ] [ LOG ] INIT File
---------------------------------------------------------------
[ 2019-09-02T09:20:51+08:00 ] 172.21.0.9 183.184.63.60 GET /yamaxun/admin/product/product_list.html
[ info ] www.ldkjmy.com/yamaxun/admin/product/product_list.html [运行时间：0.059458s][吞吐率：16.82req/s] [内存消耗：5,273.35kb] [文件加载：82]
[ info ] [ LANG ] /www/wwwroot/www.ldkjmy.com/aaaa/yamaxun/thinkphp/lang/zh-cn.php
[ info ] [ LANG ] /www/wwwroot/www.ldkjmy.com/aaaa/yamaxun/app/lang/zh-cn.php
[ info ] [ CACHE ] INIT File
[ info ] [ ROUTE ] array (
  'type' => 'module',
  'module' => 
  array (
    0 => 'admin',
    1 => 'product',
    2 => 'product_list',
  ),
)
[ info ] [ HEADER ] array (
  'host' => 'www.ldkjmy.com',
  'connection' => 'keep-alive',
  'upgrade-insecure-requests' => '1',
  'user-agent' => 'Mozilla/5.0 (Windows NT 6.1; Win64; x64) AppleWebKit/537.36 (KHTML, like Gecko) Chrome/76.0.3809.132 Safari/537.36',
  'accept' => 'text/html,application/xhtml+xml,application/xml;q=0.9,image/webp,image/apng,*/*;q=0.8,application/signed-exchange;v=b3',
  'referer' => 'http://www.ldkjmy.com/yamaxun/admin/admin/profile.html',
  'accept-encoding' => 'gzip, deflate',
  'accept-language' => 'zh-CN,zh;q=0.9,en;q=0.8',
  'cookie' => 'thinkphp_show_page_trace=0|0; thinkphp_show_page_trace=0|0; aid=1; signin_token=13de9956c163c943081596224799b1bd71ff1f67; PHPSESSID=ssn034vcr5b8cfq2ta8jt4lu94; yf_logged_user=Qhif3cimz3Q6cg0jZ',
)
[ info ] [ PARAM ] array (
)
[ info ] [ DB ] INIT mysql
[ info ] [ SESSION ] INIT array (
  'id' => '',
  'var_session_id' => '',
  'prefix' => 'think',
  'type' => '',
  'auto_start' => true,
)
[ info ] [ BEHAVIOR ] Run Closure @action_begin [ RunTime:0.001466s ]
[ info ] [ RUN ] app\admin\controller\Product->product_list[ /www/wwwroot/www.ldkjmy.com/aaaa/yamaxun/app/admin/controller/Product.php ]
[ info ] [ VIEW ] /www/wwwroot/www.ldkjmy.com/aaaa/yamaxun/app/admin/view/product/product_list.html [ array (
  0 => 'lang',
  1 => 'menus',
  2 => 'menus_curr',
  3 => 'menus_child',
  4 => 'id_curr',
  5 => 'admin_avatar',
  6 => 'page',
  7 => 'menu',
  8 => 'product',
) ]
[ info ] [ BEHAVIOR ] Run app\admin\behavior\Cron @app_end [ RunTime:0.000568s ]
[ info ] [ LOG ] INIT File
[ sql ] [ DB ] CONNECT:[ UseTime:0.000261s ] mysql:dbname=www_ldkjmy_com;host=localhost;port=3306;charset=utf8
[ sql ] [ SQL ] SHOW COLUMNS FROM `yf_auth_rule` [ RunTime:0.000727s ]
[ sql ] [ SQL ] SELECT `id` FROM `yf_auth_rule` WHERE  `name` = 'admin/Product/product_list' ORDER BY level desc,sort LIMIT 1 [ RunTime:0.000138s ]
[ sql ] [ SQL ] SELECT `id`,`pid` FROM `yf_auth_rule` ORDER BY level desc,sort [ RunTime:0.000209s ]
[ sql ] [ SQL ] SELECT `id` FROM `yf_auth_rule` WHERE  `name` = 'admin/Product/product_list'  AND `status` = 1 ORDER BY level desc,sort LIMIT 1 [ RunTime:0.000143s ]
[ sql ] [ SQL ] SELECT `pid` FROM `yf_auth_rule` WHERE  `id` = 11 LIMIT 1 [ RunTime:0.000104s ]
[ sql ] [ SQL ] SELECT * FROM `yf_auth_rule` WHERE  `status` = 1  AND `pid` = 7 ORDER BY `sort` [ RunTime:0.000160s ]
[ sql ] [ SQL ] SHOW COLUMNS FROM `yf_product` [ RunTime:0.000873s ]
[ sql ] [ SQL ] SELECT COUNT(*) AS tp_count FROM `yf_product` LIMIT 1 [ RunTime:0.000125s ]
[ sql ] [ SQL ] SELECT * FROM `yf_product` ORDER BY goodsId desc LIMIT 0,10 [ RunTime:0.000169s ]
---------------------------------------------------------------
[ 2019-09-02T09:20:51+08:00 ] 172.21.0.9 183.184.63.60 GET /yamaxun/public/ace/js/skin/default/layer.css?v=3.0.11110
[ info ] www.ldkjmy.com/yamaxun/public/ace/js/skin/default/layer.css?v=3.0.11110 [运行时间：0.026928s][吞吐率：37.14req/s] [内存消耗：2,518.55kb] [文件加载：56]
[ info ] [ LANG ] /www/wwwroot/www.ldkjmy.com/aaaa/yamaxun/thinkphp/lang/zh-cn.php
[ info ] [ LANG ] /www/wwwroot/www.ldkjmy.com/aaaa/yamaxun/app/lang/zh-cn.php
[ info ] [ CACHE ] INIT File
[ info ] [ ROUTE ] array (
  'type' => 'module',
  'module' => 
  array (
    0 => 'public',
    1 => 'ace',
    2 => 'js',
  ),
)
[ info ] [ HEADER ] array (
  'host' => 'www.ldkjmy.com',
  'connection' => 'keep-alive',
  'user-agent' => 'Mozilla/5.0 (Windows NT 6.1; Win64; x64) AppleWebKit/537.36 (KHTML, like Gecko) Chrome/76.0.3809.132 Safari/537.36',
  'accept' => 'text/css,*/*;q=0.1',
  'referer' => 'http://www.ldkjmy.com/yamaxun/admin/product/product_list.html',
  'accept-encoding' => 'gzip, deflate',
  'accept-language' => 'zh-CN,zh;q=0.9,en;q=0.8',
  'cookie' => 'thinkphp_show_page_trace=0|0; aid=1; signin_token=13de9956c163c943081596224799b1bd71ff1f67; PHPSESSID=ssn034vcr5b8cfq2ta8jt4lu94; yf_logged_user=Qhif3cimz3Q6cg0jZ',
)
[ info ] [ PARAM ] array (
  'v' => '3.0.11110',
  'skin' => 'default',
)
[ info ] [ LOG ] INIT File
---------------------------------------------------------------
[ 2019-09-02T09:20:52+08:00 ] 172.21.0.9 183.184.63.60 GET /yamaxun/admin/product/product_add.html
[ info ] www.ldkjmy.com/yamaxun/admin/product/product_add.html [运行时间：0.055519s][吞吐率：18.01req/s] [内存消耗：5,074.43kb] [文件加载：78]
[ info ] [ LANG ] /www/wwwroot/www.ldkjmy.com/aaaa/yamaxun/thinkphp/lang/zh-cn.php
[ info ] [ LANG ] /www/wwwroot/www.ldkjmy.com/aaaa/yamaxun/app/lang/zh-cn.php
[ info ] [ CACHE ] INIT File
[ info ] [ ROUTE ] array (
  'type' => 'module',
  'module' => 
  array (
    0 => 'admin',
    1 => 'product',
    2 => 'product_add',
  ),
)
[ info ] [ HEADER ] array (
  'host' => 'www.ldkjmy.com',
  'connection' => 'keep-alive',
  'upgrade-insecure-requests' => '1',
  'user-agent' => 'Mozilla/5.0 (Windows NT 6.1; Win64; x64) AppleWebKit/537.36 (KHTML, like Gecko) Chrome/76.0.3809.132 Safari/537.36',
  'accept' => 'text/html,application/xhtml+xml,application/xml;q=0.9,image/webp,image/apng,*/*;q=0.8,application/signed-exchange;v=b3',
  'referer' => 'http://www.ldkjmy.com/yamaxun/admin/product/product_list.html',
  'accept-encoding' => 'gzip, deflate',
  'accept-language' => 'zh-CN,zh;q=0.9,en;q=0.8',
  'cookie' => 'thinkphp_show_page_trace=0|0; thinkphp_show_page_trace=0|0; aid=1; signin_token=13de9956c163c943081596224799b1bd71ff1f67; PHPSESSID=ssn034vcr5b8cfq2ta8jt4lu94; yf_logged_user=Qhif3cimz3Q6cg0jZ',
)
[ info ] [ PARAM ] array (
)
[ info ] [ DB ] INIT mysql
[ info ] [ SESSION ] INIT array (
  'id' => '',
  'var_session_id' => '',
  'prefix' => 'think',
  'type' => '',
  'auto_start' => true,
)
[ info ] [ BEHAVIOR ] Run Closure @action_begin [ RunTime:0.001327s ]
[ info ] [ RUN ] app\admin\controller\Product->product_add[ /www/wwwroot/www.ldkjmy.com/aaaa/yamaxun/app/admin/controller/Product.php ]
[ info ] [ VIEW ] /www/wwwroot/www.ldkjmy.com/aaaa/yamaxun/app/admin/view/product/product_add.html [ array (
  0 => 'lang',
  1 => 'menus',
  2 => 'menus_curr',
  3 => 'menus_child',
  4 => 'id_curr',
  5 => 'admin_avatar',
  6 => 'menu',
  7 => 'news_columnid',
  8 => 'source',
  9 => 'diyflag',
) ]
[ info ] [ BEHAVIOR ] Run app\admin\behavior\Cron @app_end [ RunTime:0.000426s ]
[ info ] [ LOG ] INIT File
[ sql ] [ DB ] CONNECT:[ UseTime:0.000186s ] mysql:dbname=www_ldkjmy_com;host=localhost;port=3306;charset=utf8
[ sql ] [ SQL ] SHOW COLUMNS FROM `yf_auth_rule` [ RunTime:0.000698s ]
[ sql ] [ SQL ] SELECT `id` FROM `yf_auth_rule` WHERE  `name` = 'admin/Product/product_add' ORDER BY level desc,sort LIMIT 1 [ RunTime:0.000170s ]
[ sql ] [ SQL ] SELECT `id`,`pid` FROM `yf_auth_rule` ORDER BY level desc,sort [ RunTime:0.000190s ]
[ sql ] [ SQL ] SELECT `id` FROM `yf_auth_rule` WHERE  `name` = 'admin/Product/product_add'  AND `status` = 1 ORDER BY level desc,sort LIMIT 1 [ RunTime:0.000159s ]
[ sql ] [ SQL ] SELECT `pid` FROM `yf_auth_rule` WHERE  `id` = 12 LIMIT 1 [ RunTime:0.000107s ]
[ sql ] [ SQL ] SELECT * FROM `yf_auth_rule` WHERE  `status` = 1  AND `pid` = 7 ORDER BY `sort` [ RunTime:0.000151s ]
[ sql ] [ SQL ] SHOW COLUMNS FROM `yf_diyflag` [ RunTime:0.000570s ]
[ sql ] [ SQL ] SELECT * FROM `yf_diyflag` [ RunTime:0.000099s ]
[ sql ] [ SQL ] SHOW COLUMNS FROM `yf_source` [ RunTime:0.000444s ]
[ sql ] [ SQL ] SELECT * FROM `yf_source` [ RunTime:0.000103s ]
---------------------------------------------------------------
[ 2019-09-02T09:20:52+08:00 ] 172.21.0.9 183.184.63.60 GET /yamaxun/public/ace/js/skin/default/layer.css?v=3.0.11110
[ info ] www.ldkjmy.com/yamaxun/public/ace/js/skin/default/layer.css?v=3.0.11110 [运行时间：0.038999s][吞吐率：25.64req/s] [内存消耗：2,518.55kb] [文件加载：56]
[ info ] [ LANG ] /www/wwwroot/www.ldkjmy.com/aaaa/yamaxun/thinkphp/lang/zh-cn.php
[ info ] [ LANG ] /www/wwwroot/www.ldkjmy.com/aaaa/yamaxun/app/lang/zh-cn.php
[ info ] [ CACHE ] INIT File
[ info ] [ ROUTE ] array (
  'type' => 'module',
  'module' => 
  array (
    0 => 'public',
    1 => 'ace',
    2 => 'js',
  ),
)
[ info ] [ HEADER ] array (
  'host' => 'www.ldkjmy.com',
  'connection' => 'keep-alive',
  'user-agent' => 'Mozilla/5.0 (Windows NT 6.1; Win64; x64) AppleWebKit/537.36 (KHTML, like Gecko) Chrome/76.0.3809.132 Safari/537.36',
  'accept' => 'text/css,*/*;q=0.1',
  'referer' => 'http://www.ldkjmy.com/yamaxun/admin/product/product_add.html',
  'accept-encoding' => 'gzip, deflate',
  'accept-language' => 'zh-CN,zh;q=0.9,en;q=0.8',
  'cookie' => 'thinkphp_show_page_trace=0|0; aid=1; signin_token=13de9956c163c943081596224799b1bd71ff1f67; PHPSESSID=ssn034vcr5b8cfq2ta8jt4lu94; yf_logged_user=Qhif3cimz3Q6cg0jZ',
)
[ info ] [ PARAM ] array (
  'v' => '3.0.11110',
  'skin' => 'default',
)
[ info ] [ LOG ] INIT File
---------------------------------------------------------------
[ 2019-09-02T09:20:52+08:00 ] 172.21.0.9 183.184.63.60 GET /yamaxun/public/ace/tpsc/images/image.png
[ info ] www.ldkjmy.com/yamaxun/public/ace/tpsc/images/image.png [运行时间：0.032878s][吞吐率：30.42req/s] [内存消耗：2,518.64kb] [文件加载：56]
[ info ] [ LANG ] /www/wwwroot/www.ldkjmy.com/aaaa/yamaxun/thinkphp/lang/zh-cn.php
[ info ] [ LANG ] /www/wwwroot/www.ldkjmy.com/aaaa/yamaxun/app/lang/zh-cn.php
[ info ] [ CACHE ] INIT File
[ info ] [ ROUTE ] array (
  'type' => 'module',
  'module' => 
  array (
    0 => 'public',
    1 => 'ace',
    2 => 'tpsc',
  ),
)
[ info ] [ HEADER ] array (
  'host' => 'www.ldkjmy.com',
  'connection' => 'keep-alive',
  'user-agent' => 'Mozilla/5.0 (Windows NT 6.1; Win64; x64) AppleWebKit/537.36 (KHTML, like Gecko) Chrome/76.0.3809.132 Safari/537.36',
  'accept' => 'image/webp,image/apng,image/*,*/*;q=0.8',
  'referer' => 'http://www.ldkjmy.com/yamaxun/public/ace/tpsc/css/demo.css',
  'accept-encoding' => 'gzip, deflate',
  'accept-language' => 'zh-CN,zh;q=0.9,en;q=0.8',
  'cookie' => 'thinkphp_show_page_trace=0|0; aid=1; signin_token=13de9956c163c943081596224799b1bd71ff1f67; PHPSESSID=ssn034vcr5b8cfq2ta8jt4lu94; yf_logged_user=Qhif3cimz3Q6cg0jZ',
)
[ info ] [ PARAM ] array (
  'images' => 'image.png',
)
[ info ] [ LOG ] INIT File
---------------------------------------------------------------
[ 2019-09-02T09:20:52+08:00 ] 172.21.0.9 183.184.63.60 GET /yamaxun/admin/product/fileinit.html
[ info ] www.ldkjmy.com/yamaxun/admin/product/fileinit.html [运行时间：0.054811s][吞吐率：18.24req/s] [内存消耗：4,937.09kb] [文件加载：77]
[ info ] [ LANG ] /www/wwwroot/www.ldkjmy.com/aaaa/yamaxun/thinkphp/lang/zh-cn.php
[ info ] [ LANG ] /www/wwwroot/www.ldkjmy.com/aaaa/yamaxun/app/lang/zh-cn.php
[ info ] [ CACHE ] INIT File
[ info ] [ ROUTE ] array (
  'type' => 'module',
  'module' => 
  array (
    0 => 'admin',
    1 => 'product',
    2 => 'fileinit',
  ),
)
[ info ] [ HEADER ] array (
  'host' => 'www.ldkjmy.com',
  'connection' => 'keep-alive',
  'accept' => 'application/json, text/javascript, */*; q=0.01',
  'x-requested-with' => 'XMLHttpRequest',
  'user-agent' => 'Mozilla/5.0 (Windows NT 6.1; Win64; x64) AppleWebKit/537.36 (KHTML, like Gecko) Chrome/76.0.3809.132 Safari/537.36',
  'referer' => 'http://www.ldkjmy.com/yamaxun/admin/product/product_add.html',
  'accept-encoding' => 'gzip, deflate',
  'accept-language' => 'zh-CN,zh;q=0.9,en;q=0.8',
  'cookie' => 'thinkphp_show_page_trace=0|0; thinkphp_show_page_trace=0|0; aid=1; signin_token=13de9956c163c943081596224799b1bd71ff1f67; PHPSESSID=ssn034vcr5b8cfq2ta8jt4lu94; yf_logged_user=Qhif3cimz3Q6cg0jZ',
)
[ info ] [ PARAM ] array (
)
[ info ] [ DB ] INIT mysql
[ info ] [ SESSION ] INIT array (
  'id' => '',
  'var_session_id' => '',
  'prefix' => 'think',
  'type' => '',
  'auto_start' => true,
)
[ info ] [ BEHAVIOR ] Run Closure @action_begin [ RunTime:0.001562s ]
[ info ] [ RUN ] app\common\controller\Common->_empty[ /www/wwwroot/www.ldkjmy.com/aaaa/yamaxun/app/common/controller/Common.php ]
[ info ] [ BEHAVIOR ] Run app\admin\behavior\Cron @app_end [ RunTime:0.000578s ]
[ info ] [ LOG ] INIT File
[ sql ] [ DB ] CONNECT:[ UseTime:0.000215s ] mysql:dbname=www_ldkjmy_com;host=localhost;port=3306;charset=utf8
[ sql ] [ SQL ] SHOW COLUMNS FROM `yf_auth_rule` [ RunTime:0.000752s ]
[ sql ] [ SQL ] SELECT `id` FROM `yf_auth_rule` WHERE  `name` = 'admin/Product/fileinit' ORDER BY level desc,sort LIMIT 1 [ RunTime:0.000196s ]
[ sql ] [ SQL ] SELECT `id` FROM `yf_auth_rule` WHERE  `name` = 'admin/Product/fileinit' ORDER BY level desc,sort LIMIT 1 [ RunTime:0.000125s ]
[ sql ] [ SQL ] SELECT `id` FROM `yf_auth_rule` WHERE  `name` = 'admin/Product/fileinit'  AND `status` = 1 ORDER BY level desc,sort LIMIT 1 [ RunTime:0.000166s ]
[ sql ] [ SQL ] SELECT `id` FROM `yf_auth_rule` WHERE  `name` = 'admin/Product/fileinit'  AND `status` = 1 ORDER BY level desc,sort LIMIT 1 [ RunTime:0.000124s ]
[ sql ] [ SQL ] SELECT `pid` FROM `yf_auth_rule` WHERE  `id` = 0 LIMIT 1 [ RunTime:0.000093s ]
[ sql ] [ SQL ] SELECT * FROM `yf_auth_rule` WHERE  `status` = 1  AND `pid` = null ORDER BY `sort` [ RunTime:0.000150s ]
---------------------------------------------------------------
[ 2019-09-02T09:20:54+08:00 ] 172.21.0.9 183.184.63.60 GET /yamaxun/admin/product/product_add.html
[ info ] www.ldkjmy.com/yamaxun/admin/product/product_add.html [运行时间：0.068759s][吞吐率：14.54req/s] [内存消耗：5,074.43kb] [文件加载：78]
[ info ] [ LANG ] /www/wwwroot/www.ldkjmy.com/aaaa/yamaxun/thinkphp/lang/zh-cn.php
[ info ] [ LANG ] /www/wwwroot/www.ldkjmy.com/aaaa/yamaxun/app/lang/zh-cn.php
[ info ] [ CACHE ] INIT File
[ info ] [ ROUTE ] array (
  'type' => 'module',
  'module' => 
  array (
    0 => 'admin',
    1 => 'product',
    2 => 'product_add',
  ),
)
[ info ] [ HEADER ] array (
  'host' => 'www.ldkjmy.com',
  'connection' => 'keep-alive',
  'upgrade-insecure-requests' => '1',
  'user-agent' => 'Mozilla/5.0 (Windows NT 6.1; Win64; x64) AppleWebKit/537.36 (KHTML, like Gecko) Chrome/76.0.3809.132 Safari/537.36',
  'accept' => 'text/html,application/xhtml+xml,application/xml;q=0.9,image/webp,image/apng,*/*;q=0.8,application/signed-exchange;v=b3',
  'referer' => 'http://www.ldkjmy.com/yamaxun/admin/product/product_add.html',
  'accept-encoding' => 'gzip, deflate',
  'accept-language' => 'zh-CN,zh;q=0.9,en;q=0.8',
  'cookie' => 'thinkphp_show_page_trace=0|0; thinkphp_show_page_trace=0|0; aid=1; signin_token=13de9956c163c943081596224799b1bd71ff1f67; PHPSESSID=ssn034vcr5b8cfq2ta8jt4lu94; yf_logged_user=Qhif3cimz3Q6cg0jZ',
)
[ info ] [ PARAM ] array (
)
[ info ] [ DB ] INIT mysql
[ info ] [ SESSION ] INIT array (
  'id' => '',
  'var_session_id' => '',
  'prefix' => 'think',
  'type' => '',
  'auto_start' => true,
)
[ info ] [ BEHAVIOR ] Run Closure @action_begin [ RunTime:0.001538s ]
[ info ] [ RUN ] app\admin\controller\Product->product_add[ /www/wwwroot/www.ldkjmy.com/aaaa/yamaxun/app/admin/controller/Product.php ]
[ info ] [ VIEW ] /www/wwwroot/www.ldkjmy.com/aaaa/yamaxun/app/admin/view/product/product_add.html [ array (
  0 => 'lang',
  1 => 'menus',
  2 => 'menus_curr',
  3 => 'menus_child',
  4 => 'id_curr',
  5 => 'admin_avatar',
  6 => 'menu',
  7 => 'news_columnid',
  8 => 'source',
  9 => 'diyflag',
) ]
[ info ] [ BEHAVIOR ] Run app\admin\behavior\Cron @app_end [ RunTime:0.000550s ]
[ info ] [ LOG ] INIT File
[ sql ] [ DB ] CONNECT:[ UseTime:0.000317s ] mysql:dbname=www_ldkjmy_com;host=localhost;port=3306;charset=utf8
[ sql ] [ SQL ] SHOW COLUMNS FROM `yf_auth_rule` [ RunTime:0.000948s ]
[ sql ] [ SQL ] SELECT `id` FROM `yf_auth_rule` WHERE  `name` = 'admin/Product/product_add' ORDER BY level desc,sort LIMIT 1 [ RunTime:0.000201s ]
[ sql ] [ SQL ] SELECT `id`,`pid` FROM `yf_auth_rule` ORDER BY level desc,sort [ RunTime:0.000330s ]
[ sql ] [ SQL ] SELECT `id` FROM `yf_auth_rule` WHERE  `name` = 'admin/Product/product_add'  AND `status` = 1 ORDER BY level desc,sort LIMIT 1 [ RunTime:0.000167s ]
[ sql ] [ SQL ] SELECT `pid` FROM `yf_auth_rule` WHERE  `id` = 12 LIMIT 1 [ RunTime:0.000116s ]
[ sql ] [ SQL ] SELECT * FROM `yf_auth_rule` WHERE  `status` = 1  AND `pid` = 7 ORDER BY `sort` [ RunTime:0.000164s ]
[ sql ] [ SQL ] SHOW COLUMNS FROM `yf_diyflag` [ RunTime:0.000705s ]
[ sql ] [ SQL ] SELECT * FROM `yf_diyflag` [ RunTime:0.000140s ]
[ sql ] [ SQL ] SHOW COLUMNS FROM `yf_source` [ RunTime:0.000477s ]
[ sql ] [ SQL ] SELECT * FROM `yf_source` [ RunTime:0.000117s ]
---------------------------------------------------------------
[ 2019-09-02T09:20:55+08:00 ] 172.21.0.9 183.184.63.60 GET /yamaxun/public/ace/js/skin/default/layer.css?v=3.0.11110
[ info ] www.ldkjmy.com/yamaxun/public/ace/js/skin/default/layer.css?v=3.0.11110 [运行时间：0.047065s][吞吐率：21.25req/s] [内存消耗：2,518.57kb] [文件加载：56]
[ info ] [ LANG ] /www/wwwroot/www.ldkjmy.com/aaaa/yamaxun/thinkphp/lang/zh-cn.php
[ info ] [ LANG ] /www/wwwroot/www.ldkjmy.com/aaaa/yamaxun/app/lang/zh-cn.php
[ info ] [ CACHE ] INIT File
[ info ] [ ROUTE ] array (
  'type' => 'module',
  'module' => 
  array (
    0 => 'public',
    1 => 'ace',
    2 => 'js',
  ),
)
[ info ] [ HEADER ] array (
  'host' => 'www.ldkjmy.com',
  'connection' => 'keep-alive',
  'user-agent' => 'Mozilla/5.0 (Windows NT 6.1; Win64; x64) AppleWebKit/537.36 (KHTML, like Gecko) Chrome/76.0.3809.132 Safari/537.36',
  'accept' => 'text/css,*/*;q=0.1',
  'referer' => 'http://www.ldkjmy.com/yamaxun/admin/product/product_add.html',
  'accept-encoding' => 'gzip, deflate',
  'accept-language' => 'zh-CN,zh;q=0.9,en;q=0.8',
  'cookie' => 'thinkphp_show_page_trace=0|0; aid=1; signin_token=13de9956c163c943081596224799b1bd71ff1f67; PHPSESSID=ssn034vcr5b8cfq2ta8jt4lu94; yf_logged_user=Qhif3cimz3Q6cg0jZ',
)
[ info ] [ PARAM ] array (
  'v' => '3.0.11110',
  'skin' => 'default',
)
[ info ] [ LOG ] INIT File
---------------------------------------------------------------
[ 2019-09-02T09:20:55+08:00 ] 172.21.0.9 183.184.63.60 GET /yamaxun/public/ace/tpsc/images/image.png
[ info ] www.ldkjmy.com/yamaxun/public/ace/tpsc/images/image.png [运行时间：0.027838s][吞吐率：35.92req/s] [内存消耗：2,518.64kb] [文件加载：56]
[ info ] [ LANG ] /www/wwwroot/www.ldkjmy.com/aaaa/yamaxun/thinkphp/lang/zh-cn.php
[ info ] [ LANG ] /www/wwwroot/www.ldkjmy.com/aaaa/yamaxun/app/lang/zh-cn.php
[ info ] [ CACHE ] INIT File
[ info ] [ ROUTE ] array (
  'type' => 'module',
  'module' => 
  array (
    0 => 'public',
    1 => 'ace',
    2 => 'tpsc',
  ),
)
[ info ] [ HEADER ] array (
  'host' => 'www.ldkjmy.com',
  'connection' => 'keep-alive',
  'user-agent' => 'Mozilla/5.0 (Windows NT 6.1; Win64; x64) AppleWebKit/537.36 (KHTML, like Gecko) Chrome/76.0.3809.132 Safari/537.36',
  'accept' => 'image/webp,image/apng,image/*,*/*;q=0.8',
  'referer' => 'http://www.ldkjmy.com/yamaxun/public/ace/tpsc/css/demo.css',
  'accept-encoding' => 'gzip, deflate',
  'accept-language' => 'zh-CN,zh;q=0.9,en;q=0.8',
  'cookie' => 'thinkphp_show_page_trace=0|0; aid=1; signin_token=13de9956c163c943081596224799b1bd71ff1f67; PHPSESSID=ssn034vcr5b8cfq2ta8jt4lu94; yf_logged_user=Qhif3cimz3Q6cg0jZ',
)
[ info ] [ PARAM ] array (
  'images' => 'image.png',
)
[ info ] [ LOG ] INIT File
---------------------------------------------------------------
[ 2019-09-02T09:20:55+08:00 ] 172.21.0.9 183.184.63.60 GET /yamaxun/admin/product/fileinit.html
[ info ] www.ldkjmy.com/yamaxun/admin/product/fileinit.html [运行时间：0.043383s][吞吐率：23.05req/s] [内存消耗：4,937.09kb] [文件加载：77]
[ info ] [ LANG ] /www/wwwroot/www.ldkjmy.com/aaaa/yamaxun/thinkphp/lang/zh-cn.php
[ info ] [ LANG ] /www/wwwroot/www.ldkjmy.com/aaaa/yamaxun/app/lang/zh-cn.php
[ info ] [ CACHE ] INIT File
[ info ] [ ROUTE ] array (
  'type' => 'module',
  'module' => 
  array (
    0 => 'admin',
    1 => 'product',
    2 => 'fileinit',
  ),
)
[ info ] [ HEADER ] array (
  'host' => 'www.ldkjmy.com',
  'connection' => 'keep-alive',
  'accept' => 'application/json, text/javascript, */*; q=0.01',
  'x-requested-with' => 'XMLHttpRequest',
  'user-agent' => 'Mozilla/5.0 (Windows NT 6.1; Win64; x64) AppleWebKit/537.36 (KHTML, like Gecko) Chrome/76.0.3809.132 Safari/537.36',
  'referer' => 'http://www.ldkjmy.com/yamaxun/admin/product/product_add.html',
  'accept-encoding' => 'gzip, deflate',
  'accept-language' => 'zh-CN,zh;q=0.9,en;q=0.8',
  'cookie' => 'thinkphp_show_page_trace=0|0; thinkphp_show_page_trace=0|0; aid=1; signin_token=13de9956c163c943081596224799b1bd71ff1f67; PHPSESSID=ssn034vcr5b8cfq2ta8jt4lu94; yf_logged_user=Qhif3cimz3Q6cg0jZ',
)
[ info ] [ PARAM ] array (
)
[ info ] [ DB ] INIT mysql
[ info ] [ SESSION ] INIT array (
  'id' => '',
  'var_session_id' => '',
  'prefix' => 'think',
  'type' => '',
  'auto_start' => true,
)
[ info ] [ BEHAVIOR ] Run Closure @action_begin [ RunTime:0.001314s ]
[ info ] [ RUN ] app\common\controller\Common->_empty[ /www/wwwroot/www.ldkjmy.com/aaaa/yamaxun/app/common/controller/Common.php ]
[ info ] [ BEHAVIOR ] Run app\admin\behavior\Cron @app_end [ RunTime:0.000532s ]
[ info ] [ LOG ] INIT File
[ sql ] [ DB ] CONNECT:[ UseTime:0.000188s ] mysql:dbname=www_ldkjmy_com;host=localhost;port=3306;charset=utf8
[ sql ] [ SQL ] SHOW COLUMNS FROM `yf_auth_rule` [ RunTime:0.000700s ]
[ sql ] [ SQL ] SELECT `id` FROM `yf_auth_rule` WHERE  `name` = 'admin/Product/fileinit' ORDER BY level desc,sort LIMIT 1 [ RunTime:0.000138s ]
[ sql ] [ SQL ] SELECT `id` FROM `yf_auth_rule` WHERE  `name` = 'admin/Product/fileinit' ORDER BY level desc,sort LIMIT 1 [ RunTime:0.000111s ]
[ sql ] [ SQL ] SELECT `id` FROM `yf_auth_rule` WHERE  `name` = 'admin/Product/fileinit'  AND `status` = 1 ORDER BY level desc,sort LIMIT 1 [ RunTime:0.000139s ]
[ sql ] [ SQL ] SELECT `id` FROM `yf_auth_rule` WHERE  `name` = 'admin/Product/fileinit'  AND `status` = 1 ORDER BY level desc,sort LIMIT 1 [ RunTime:0.000139s ]
[ sql ] [ SQL ] SELECT `pid` FROM `yf_auth_rule` WHERE  `id` = 0 LIMIT 1 [ RunTime:0.000099s ]
[ sql ] [ SQL ] SELECT * FROM `yf_auth_rule` WHERE  `status` = 1  AND `pid` = null ORDER BY `sort` [ RunTime:0.000148s ]
---------------------------------------------------------------
[ 2019-09-02T09:20:55+08:00 ] 172.21.0.9 183.184.63.60 GET /yamaxun/admin/product/product_list.html
[ info ] www.ldkjmy.com/yamaxun/admin/product/product_list.html [运行时间：0.069648s][吞吐率：14.36req/s] [内存消耗：5,273.43kb] [文件加载：82]
[ info ] [ LANG ] /www/wwwroot/www.ldkjmy.com/aaaa/yamaxun/thinkphp/lang/zh-cn.php
[ info ] [ LANG ] /www/wwwroot/www.ldkjmy.com/aaaa/yamaxun/app/lang/zh-cn.php
[ info ] [ CACHE ] INIT File
[ info ] [ ROUTE ] array (
  'type' => 'module',
  'module' => 
  array (
    0 => 'admin',
    1 => 'product',
    2 => 'product_list',
  ),
)
[ info ] [ HEADER ] array (
  'host' => 'www.ldkjmy.com',
  'connection' => 'keep-alive',
  'upgrade-insecure-requests' => '1',
  'user-agent' => 'Mozilla/5.0 (Windows NT 6.1; Win64; x64) AppleWebKit/537.36 (KHTML, like Gecko) Chrome/76.0.3809.132 Safari/537.36',
  'accept' => 'text/html,application/xhtml+xml,application/xml;q=0.9,image/webp,image/apng,*/*;q=0.8,application/signed-exchange;v=b3',
  'referer' => 'http://www.ldkjmy.com/yamaxun/admin/product/product_add.html',
  'accept-encoding' => 'gzip, deflate',
  'accept-language' => 'zh-CN,zh;q=0.9,en;q=0.8',
  'cookie' => 'thinkphp_show_page_trace=0|0; thinkphp_show_page_trace=0|0; aid=1; signin_token=13de9956c163c943081596224799b1bd71ff1f67; PHPSESSID=ssn034vcr5b8cfq2ta8jt4lu94; yf_logged_user=Qhif3cimz3Q6cg0jZ',
)
[ info ] [ PARAM ] array (
)
[ info ] [ DB ] INIT mysql
[ info ] [ SESSION ] INIT array (
  'id' => '',
  'var_session_id' => '',
  'prefix' => 'think',
  'type' => '',
  'auto_start' => true,
)
[ info ] [ BEHAVIOR ] Run Closure @action_begin [ RunTime:0.001447s ]
[ info ] [ RUN ] app\admin\controller\Product->product_list[ /www/wwwroot/www.ldkjmy.com/aaaa/yamaxun/app/admin/controller/Product.php ]
[ info ] [ VIEW ] /www/wwwroot/www.ldkjmy.com/aaaa/yamaxun/app/admin/view/product/product_list.html [ array (
  0 => 'lang',
  1 => 'menus',
  2 => 'menus_curr',
  3 => 'menus_child',
  4 => 'id_curr',
  5 => 'admin_avatar',
  6 => 'page',
  7 => 'menu',
  8 => 'product',
) ]
[ info ] [ BEHAVIOR ] Run app\admin\behavior\Cron @app_end [ RunTime:0.000577s ]
[ info ] [ LOG ] INIT File
[ sql ] [ DB ] CONNECT:[ UseTime:0.000196s ] mysql:dbname=www_ldkjmy_com;host=localhost;port=3306;charset=utf8
[ sql ] [ SQL ] SHOW COLUMNS FROM `yf_auth_rule` [ RunTime:0.000760s ]
[ sql ] [ SQL ] SELECT `id` FROM `yf_auth_rule` WHERE  `name` = 'admin/Product/product_list' ORDER BY level desc,sort LIMIT 1 [ RunTime:0.000225s ]
[ sql ] [ SQL ] SELECT `id`,`pid` FROM `yf_auth_rule` ORDER BY level desc,sort [ RunTime:0.000219s ]
[ sql ] [ SQL ] SELECT `id` FROM `yf_auth_rule` WHERE  `name` = 'admin/Product/product_list'  AND `status` = 1 ORDER BY level desc,sort LIMIT 1 [ RunTime:0.000165s ]
[ sql ] [ SQL ] SELECT `pid` FROM `yf_auth_rule` WHERE  `id` = 11 LIMIT 1 [ RunTime:0.000132s ]
[ sql ] [ SQL ] SELECT * FROM `yf_auth_rule` WHERE  `status` = 1  AND `pid` = 7 ORDER BY `sort` [ RunTime:0.000161s ]
[ sql ] [ SQL ] SHOW COLUMNS FROM `yf_product` [ RunTime:0.000800s ]
[ sql ] [ SQL ] SELECT COUNT(*) AS tp_count FROM `yf_product` LIMIT 1 [ RunTime:0.000150s ]
[ sql ] [ SQL ] SELECT * FROM `yf_product` ORDER BY goodsId desc LIMIT 0,10 [ RunTime:0.000224s ]
---------------------------------------------------------------
[ 2019-09-02T09:20:55+08:00 ] 172.21.0.9 183.184.63.60 GET /yamaxun/public/ace/js/skin/default/layer.css?v=3.0.11110
[ info ] www.ldkjmy.com/yamaxun/public/ace/js/skin/default/layer.css?v=3.0.11110 [运行时间：0.032965s][吞吐率：30.34req/s] [内存消耗：2,518.55kb] [文件加载：56]
[ info ] [ LANG ] /www/wwwroot/www.ldkjmy.com/aaaa/yamaxun/thinkphp/lang/zh-cn.php
[ info ] [ LANG ] /www/wwwroot/www.ldkjmy.com/aaaa/yamaxun/app/lang/zh-cn.php
[ info ] [ CACHE ] INIT File
[ info ] [ ROUTE ] array (
  'type' => 'module',
  'module' => 
  array (
    0 => 'public',
    1 => 'ace',
    2 => 'js',
  ),
)
[ info ] [ HEADER ] array (
  'host' => 'www.ldkjmy.com',
  'connection' => 'keep-alive',
  'user-agent' => 'Mozilla/5.0 (Windows NT 6.1; Win64; x64) AppleWebKit/537.36 (KHTML, like Gecko) Chrome/76.0.3809.132 Safari/537.36',
  'accept' => 'text/css,*/*;q=0.1',
  'referer' => 'http://www.ldkjmy.com/yamaxun/admin/product/product_list.html',
  'accept-encoding' => 'gzip, deflate',
  'accept-language' => 'zh-CN,zh;q=0.9,en;q=0.8',
  'cookie' => 'thinkphp_show_page_trace=0|0; aid=1; signin_token=13de9956c163c943081596224799b1bd71ff1f67; PHPSESSID=ssn034vcr5b8cfq2ta8jt4lu94; yf_logged_user=Qhif3cimz3Q6cg0jZ',
)
[ info ] [ PARAM ] array (
  'v' => '3.0.11110',
  'skin' => 'default',
)
[ info ] [ LOG ] INIT File
---------------------------------------------------------------
[ 2019-09-02T14:42:16+08:00 ] 172.21.0.9 183.184.63.60 GET /yamaxun/admin/product/product_list.html
[ info ] www.ldkjmy.com/yamaxun/admin/product/product_list.html [运行时间：0.564934s][吞吐率：1.77req/s] [内存消耗：5,273.86kb] [文件加载：82]
[ info ] [ LANG ] /www/wwwroot/www.ldkjmy.com/aaaa/yamaxun/thinkphp/lang/zh-cn.php
[ info ] [ LANG ] /www/wwwroot/www.ldkjmy.com/aaaa/yamaxun/app/lang/zh-cn.php
[ info ] [ CACHE ] INIT File
[ info ] [ ROUTE ] array (
  'type' => 'module',
  'module' => 
  array (
    0 => 'admin',
    1 => 'product',
    2 => 'product_list',
  ),
)
[ info ] [ HEADER ] array (
  'host' => 'www.ldkjmy.com',
  'connection' => 'keep-alive',
  'upgrade-insecure-requests' => '1',
  'user-agent' => 'Mozilla/5.0 (Windows NT 6.1; Win64; x64) AppleWebKit/537.36 (KHTML, like Gecko) Chrome/76.0.3809.132 Safari/537.36',
  'accept' => 'text/html,application/xhtml+xml,application/xml;q=0.9,image/webp,image/apng,*/*;q=0.8,application/signed-exchange;v=b3',
  'referer' => 'http://www.ldkjmy.com/yamaxun/admin/product/product_add.html',
  'accept-encoding' => 'gzip, deflate',
  'accept-language' => 'zh-CN,zh;q=0.9,en;q=0.8',
  'cookie' => 'thinkphp_show_page_trace=0|0; thinkphp_show_page_trace=0|0; aid=1; signin_token=13de9956c163c943081596224799b1bd71ff1f67; PHPSESSID=ssn034vcr5b8cfq2ta8jt4lu94; yf_logged_user=Qhif3cimz3Q6cg0jZ; __51cke__=; __tins__20025213=%7B%22sid%22%3A%201567390327174%2C%20%22vd%22%3A%202%2C%20%22expires%22%3A%201567392127594%7D; __51laig__=2',
)
[ info ] [ PARAM ] array (
)
[ info ] [ DB ] INIT mysql
[ info ] [ SESSION ] INIT array (
  'id' => '',
  'var_session_id' => '',
  'prefix' => 'think',
  'type' => '',
  'auto_start' => true,
)
[ info ] [ BEHAVIOR ] Run Closure @action_begin [ RunTime:0.028030s ]
[ info ] [ RUN ] app\admin\controller\Product->product_list[ /www/wwwroot/www.ldkjmy.com/aaaa/yamaxun/app/admin/controller/Product.php ]
[ info ] [ VIEW ] /www/wwwroot/www.ldkjmy.com/aaaa/yamaxun/app/admin/view/product/product_list.html [ array (
  0 => 'lang',
  1 => 'menus',
  2 => 'menus_curr',
  3 => 'menus_child',
  4 => 'id_curr',
  5 => 'admin_avatar',
  6 => 'page',
  7 => 'menu',
  8 => 'product',
) ]
[ info ] [ BEHAVIOR ] Run app\admin\behavior\Cron @app_end [ RunTime:0.017823s ]
[ info ] [ LOG ] INIT File
[ sql ] [ DB ] CONNECT:[ UseTime:0.016910s ] mysql:dbname=www_ldkjmy_com;host=localhost;port=3306;charset=utf8
[ sql ] [ SQL ] SHOW COLUMNS FROM `yf_auth_rule` [ RunTime:0.074231s ]
[ sql ] [ SQL ] SELECT `id` FROM `yf_auth_rule` WHERE  `name` = 'admin/Product/product_list' ORDER BY level desc,sort LIMIT 1 [ RunTime:0.011488s ]
[ sql ] [ SQL ] SELECT `id`,`pid` FROM `yf_auth_rule` ORDER BY level desc,sort [ RunTime:0.000384s ]
[ sql ] [ SQL ] SELECT `id` FROM `yf_auth_rule` WHERE  `name` = 'admin/Product/product_list'  AND `status` = 1 ORDER BY level desc,sort LIMIT 1 [ RunTime:0.000201s ]
[ sql ] [ SQL ] SELECT `pid` FROM `yf_auth_rule` WHERE  `id` = 11 LIMIT 1 [ RunTime:0.000099s ]
[ sql ] [ SQL ] SELECT * FROM `yf_auth_rule` WHERE  `status` = 1  AND `pid` = 7 ORDER BY `sort` [ RunTime:0.000143s ]
[ sql ] [ SQL ] SHOW COLUMNS FROM `yf_product` [ RunTime:0.002481s ]
[ sql ] [ SQL ] SELECT COUNT(*) AS tp_count FROM `yf_product` LIMIT 1 [ RunTime:0.004931s ]
[ sql ] [ SQL ] SELECT * FROM `yf_product` ORDER BY goodsId desc LIMIT 0,10 [ RunTime:0.000270s ]
