---------------------------------------------------------------
[ 2019-09-08T21:08:46+08:00 ] 172.21.0.9 118.81.195.58 GET /yamaxun/
[ info ] www.ldkjmy.com/yamaxun/ [运行时间：0.461925s][吞吐率：2.16req/s] [内存消耗：3,526.80kb] [文件加载：73]
[ info ] [ LANG ] /www/wwwroot/www.ldkjmy.com/aaaa/yamaxun/thinkphp/lang/zh-cn.php
[ info ] [ LANG ] /www/wwwroot/www.ldkjmy.com/aaaa/yamaxun/app/lang/zh-cn.php
[ info ] [ CACHE ] INIT File
[ info ] [ ROUTE ] array (
  'type' => 'module',
  'module' => 
  array (
    0 => 'home',
    1 => 'Index',
    2 => 'index',
  ),
  'convert' => false,
)
[ info ] [ HEADER ] array (
  'host' => 'www.ldkjmy.com',
  'connection' => 'keep-alive',
  'upgrade-insecure-requests' => '1',
  'user-agent' => 'Mozilla/5.0 (Windows NT 6.1; WOW64) AppleWebKit/537.36 (KHTML, like Gecko) Chrome/76.0.3809.132 Safari/537.36',
  'accept' => 'text/html,application/xhtml+xml,application/xml;q=0.9,image/webp,image/apng,*/*;q=0.8,application/signed-exchange;v=b3',
  'accept-enceding' => 'gzip, deflate',
  'accept-language' => 'zh-CN,zh;q=0.9',
  'cookie' => '__51cke__=; __tins__20025213=%7B%22sid%22%3A%201567947654193%2C%20%22vd%22%3A%202%2C%20%22expires%22%3A%201567949454497%7D; __51laig__=2',
)
[ info ] [ PARAM ] array (
)
[ info ] [ LANG ] /www/wwwroot/www.ldkjmy.com/aaaa/yamaxun/app/home/lang/zh-cn.php
[ info ] [ SESSION ] INIT array (
  'id' => '',
  'var_session_id' => '',
  'prefix' => 'think',
  'type' => '',
  'auto_start' => true,
)
[ info ] [ BEHAVIOR ] Run Closure @action_begin [ RunTime:0.039787s ]
[ info ] [ RUN ] app\home\controller\Index->index[ /www/wwwroot/www.ldkjmy.com/aaaa/yamaxun/app/home/controller/Index.php ]
[ info ] [ VIEW ] /www/wwwroot/www.ldkjmy.com/aaaa/yamaxun/thinkphp/tpl/dispatch_jump.tpl [ array (
  0 => 'lang',
  1 => 'map_lat',
  2 => 'map_lng',
  3 => 'site_name',
  4 => 'site_host',
  5 => 'site_tpl',
  6 => 'site_tpl_m',
  7 => 'site_logo',
  8 => 'site_icp',
  9 => 'site_tongji',
  10 => 'site_copyright',
  11 => 'site_co_name',
  12 => 'site_address',
  13 => 'site_tel',
  14 => 'site_admin_email',
  15 => 'site_qq',
  16 => 'site_seo_title',
  17 => 'site_seo_keywords',
  18 => 'site_seo_description',
  19 => 'yf_theme_path',
  20 => 'user',
  21 => 'is_admin',
  22 => 'code',
  23 => 'msg',
  24 => 'data',
  25 => 'url',
  26 => 'wait',
) ]
[ log ] Cron:clearlog Runat 2019-09-08 21:08:46 Use 0.002870 s

[ info ] [ BEHAVIOR ] Run app\admin\behavior\Cron @app_end [ RunTime:0.014276s ]
---------------------------------------------------------------
[ 2019-09-08T21:08:57+08:00 ] 172.21.0.9 118.81.195.58 GET /yamaxun/
[ info ] www.ldkjmy.com/yamaxun/ [运行时间：0.048833s][吞吐率：20.48req/s] [内存消耗：3,502.51kb] [文件加载：75]
[ info ] [ LANG ] /www/wwwroot/www.ldkjmy.com/aaaa/yamaxun/thinkphp/lang/zh-cn.php
[ info ] [ LANG ] /www/wwwroot/www.ldkjmy.com/aaaa/yamaxun/app/lang/zh-cn.php
[ info ] [ CACHE ] INIT File
[ info ] [ ROUTE ] array (
  'type' => 'module',
  'module' => 
  array (
    0 => 'home',
    1 => 'Index',
    2 => 'index',
  ),
  'convert' => false,
)
[ info ] [ HEADER ] array (
  'host' => 'www.ldkjmy.com',
  'connection' => 'keep-alive',
  'upgrade-insecure-requests' => '1',
  'user-agent' => 'Mozilla/5.0 (Windows NT 6.1; WOW64) AppleWebKit/537.36 (KHTML, like Gecko) Chrome/76.0.3809.132 Safari/537.36',
  'accept' => 'text/html,application/xhtml+xml,application/xml;q=0.9,image/webp,image/apng,*/*;q=0.8,application/signed-exchange;v=b3',
  'accept-encoding' => 'gzip, deflate',
  'accept-language' => 'zh-CN,zh;q=0.9',
  'cookie' => 'thinkphp_show_page_trace=0|0; __51cke__=; __tins__20025213=%7B%22sid%22%3A%201567947654193%2C%20%22vd%22%3A%202%2C%20%22expires%22%3A%201567949454497%7D; __51laig__=2; PHPSESSID=cdhb4g7ts1rq273p02alkco722; Hm_lvt_416c770ac83a9d996d7b3793f8c4994d=1567948597; Hm_lpvt_416c770ac83a9d996d7b3793f8c4994d=1567948597',
)
[ info ] [ PARAM ] array (
)
[ info ] [ LANG ] /www/wwwroot/www.ldkjmy.com/aaaa/yamaxun/app/home/lang/zh-cn.php
[ info ] [ SESSION ] INIT array (
  'id' => '',
  'var_session_id' => '',
  'prefix' => 'think',
  'type' => '',
  'auto_start' => true,
)
[ info ] [ BEHAVIOR ] Run Closure @action_begin [ RunTime:0.001753s ]
[ info ] [ RUN ] app\home\controller\Index->index[ /www/wwwroot/www.ldkjmy.com/aaaa/yamaxun/app/home/controller/Index.php ]
[ info ] [ VIEW ] /www/wwwroot/www.ldkjmy.com/aaaa/yamaxun/thinkphp/tpl/dispatch_jump.tpl [ array (
  0 => 'lang',
  1 => 'map_lat',
  2 => 'map_lng',
  3 => 'site_name',
  4 => 'site_host',
  5 => 'site_tpl',
  6 => 'site_tpl_m',
  7 => 'site_logo',
  8 => 'site_icp',
  9 => 'site_tongji',
  10 => 'site_copyright',
  11 => 'site_co_name',
  12 => 'site_address',
  13 => 'site_tel',
  14 => 'site_admin_email',
  15 => 'site_qq',
  16 => 'site_seo_title',
  17 => 'site_seo_keywords',
  18 => 'site_seo_description',
  19 => 'yf_theme_path',
  20 => 'user',
  21 => 'is_admin',
  22 => 'code',
  23 => 'msg',
  24 => 'data',
  25 => 'url',
  26 => 'wait',
) ]
[ info ] [ BEHAVIOR ] Run app\admin\behavior\Cron @app_end [ RunTime:0.000714s ]
[ info ] [ LOG ] INIT File
---------------------------------------------------------------
[ 2019-09-08T21:09:05+08:00 ] 172.21.0.9 118.81.195.58 GET /yamaxun/adminlogin
[ info ] www.ldkjmy.com/yamaxun/adminlogin [运行时间：0.070376s][吞吐率：14.21req/s] [内存消耗：2,518.30kb] [文件加载：56]
[ info ] [ LANG ] /www/wwwroot/www.ldkjmy.com/aaaa/yamaxun/thinkphp/lang/zh-cn.php
[ info ] [ LANG ] /www/wwwroot/www.ldkjmy.com/aaaa/yamaxun/app/lang/zh-cn.php
[ info ] [ CACHE ] INIT File
[ info ] [ ROUTE ] array (
  'type' => 'module',
  'module' => 
  array (
    0 => 'adminlogin',
    1 => NULL,
    2 => NULL,
  ),
)
[ info ] [ HEADER ] array (
  'host' => 'www.ldkjmy.com',
  'connection' => 'keep-alive',
  'upgrade-insecure-requests' => '1',
  'user-agent' => 'Mozilla/5.0 (Windows NT 6.1; WOW64) AppleWebKit/537.36 (KHTML, like Gecko) Chrome/76.0.3809.132 Safari/537.36',
  'accept' => 'text/html,application/xhtml+xml,application/xml;q=0.9,image/webp,image/apng,*/*;q=0.8,application/signed-exchange;v=b3',
  'accept-encoding' => 'gzip, deflate',
  'accept-language' => 'zh-CN,zh;q=0.9',
  'cookie' => 'thinkphp_show_page_trace=0|0; __51cke__=; __tins__20025213=%7B%22sid%22%3A%201567947654193%2C%20%22vd%22%3A%202%2C%20%22expires%22%3A%201567949454497%7D; __51laig__=2; PHPSESSID=cdhb4g7ts1rq273p02alkco722; Hm_lvt_416c770ac83a9d996d7b3793f8c4994d=1567948597; Hm_lpvt_416c770ac83a9d996d7b3793f8c4994d=1567948597',
)
[ info ] [ PARAM ] array (
)
[ info ] [ LOG ] INIT File
---------------------------------------------------------------
[ 2019-09-08T21:09:09+08:00 ] 172.21.0.9 118.81.195.58 GET /yamaxun/admin
[ info ] www.ldkjmy.com/yamaxun/admin [运行时间：0.251557s][吞吐率：3.98req/s] [内存消耗：4,366.28kb] [文件加载：74]
[ info ] [ LANG ] /www/wwwroot/www.ldkjmy.com/aaaa/yamaxun/thinkphp/lang/zh-cn.php
[ info ] [ LANG ] /www/wwwroot/www.ldkjmy.com/aaaa/yamaxun/app/lang/zh-cn.php
[ info ] [ CACHE ] INIT File
[ info ] [ ROUTE ] array (
  'type' => 'module',
  'module' => 
  array (
    0 => 'admin',
    1 => NULL,
    2 => NULL,
  ),
)
[ info ] [ HEADER ] array (
  'host' => 'www.ldkjmy.com',
  'connection' => 'keep-alive',
  'upgrade-insecure-requests' => '1',
  'user-agent' => 'Mozilla/5.0 (Windows NT 6.1; WOW64) AppleWebKit/537.36 (KHTML, like Gecko) Chrome/76.0.3809.132 Safari/537.36',
  'accept' => 'text/html,application/xhtml+xml,application/xml;q=0.9,image/webp,image/apng,*/*;q=0.8,application/signed-exchange;v=b3',
  'accept-encoding' => 'gzip, deflate',
  'accept-language' => 'zh-CN,zh;q=0.9',
  'cookie' => 'thinkphp_show_page_trace=0|0; __51cke__=; __tins__20025213=%7B%22sid%22%3A%201567947654193%2C%20%22vd%22%3A%202%2C%20%22expires%22%3A%201567949454497%7D; __51laig__=2; PHPSESSID=cdhb4g7ts1rq273p02alkco722; Hm_lvt_416c770ac83a9d996d7b3793f8c4994d=1567948597; Hm_lpvt_416c770ac83a9d996d7b3793f8c4994d=1567948597',
)
[ info ] [ PARAM ] array (
)
[ info ] [ DB ] INIT mysql
[ info ] [ SESSION ] INIT array (
  'id' => '',
  'var_session_id' => '',
  'prefix' => 'think',
  'type' => '',
  'auto_start' => true,
)
[ info ] [ BEHAVIOR ] Run app\admin\behavior\Cron @app_end [ RunTime:0.000854s ]
[ info ] [ LOG ] INIT File
---------------------------------------------------------------
[ 2019-09-08T21:09:09+08:00 ] 172.21.0.9 118.81.195.58 GET /yamaxun/admin/login/login.html
[ info ] www.ldkjmy.com/yamaxun/admin/login/login.html [运行时间：0.096483s][吞吐率：10.36req/s] [内存消耗：4,403.87kb] [文件加载：77]
[ info ] [ LANG ] /www/wwwroot/www.ldkjmy.com/aaaa/yamaxun/thinkphp/lang/zh-cn.php
[ info ] [ LANG ] /www/wwwroot/www.ldkjmy.com/aaaa/yamaxun/app/lang/zh-cn.php
[ info ] [ CACHE ] INIT File
[ info ] [ ROUTE ] array (
  'type' => 'module',
  'module' => 
  array (
    0 => 'admin',
    1 => 'login',
    2 => 'login',
  ),
)
[ info ] [ HEADER ] array (
  'host' => 'www.ldkjmy.com',
  'connection' => 'keep-alive',
  'upgrade-insecure-requests' => '1',
  'user-agent' => 'Mozilla/5.0 (Windows NT 6.1; WOW64) AppleWebKit/537.36 (KHTML, like Gecko) Chrome/76.0.3809.132 Safari/537.36',
  'accept' => 'text/html,application/xhtml+xml,application/xml;q=0.9,image/webp,image/apng,*/*;q=0.8,application/signed-exchange;v=b3',
  'accept-encoding' => 'gzip, deflate',
  'accept-language' => 'zh-CN,zh;q=0.9',
  'cookie' => 'thinkphp_show_page_trace=0|0; __51cke__=; __tins__20025213=%7B%22sid%22%3A%201567947654193%2C%20%22vd%22%3A%202%2C%20%22expires%22%3A%201567949454497%7D; __51laig__=2; PHPSESSID=cdhb4g7ts1rq273p02alkco722; Hm_lvt_416c770ac83a9d996d7b3793f8c4994d=1567948597; Hm_lpvt_416c770ac83a9d996d7b3793f8c4994d=1567948597',
)
[ info ] [ PARAM ] array (
)
[ info ] [ BEHAVIOR ] Run Closure @action_begin [ RunTime:0.001857s ]
[ info ] [ RUN ] app\admin\controller\Login->login[ /www/wwwroot/www.ldkjmy.com/aaaa/yamaxun/app/admin/controller/Login.php ]
[ info ] [ DB ] INIT mysql
[ info ] [ SESSION ] INIT array (
  'id' => '',
  'var_session_id' => '',
  'prefix' => 'think',
  'type' => '',
  'auto_start' => true,
)
[ info ] [ VIEW ] /www/wwwroot/www.ldkjmy.com/aaaa/yamaxun/app/admin/view/login/login.html [ array (
  0 => 'lang',
) ]
[ info ] [ BEHAVIOR ] Run app\admin\behavior\Cron @app_end [ RunTime:0.000633s ]
[ info ] [ LOG ] INIT File
---------------------------------------------------------------
[ 2019-09-08T21:09:09+08:00 ] 172.21.0.9 118.81.195.58 GET /yamaxun/admin/login/verify.html
[ info ] www.ldkjmy.com/yamaxun/admin/login/verify.html [运行时间：0.454388s][吞吐率：2.20req/s] [内存消耗：4,392.85kb] [文件加载：75]
[ info ] [ LANG ] /www/wwwroot/www.ldkjmy.com/aaaa/yamaxun/thinkphp/lang/zh-cn.php
[ info ] [ LANG ] /www/wwwroot/www.ldkjmy.com/aaaa/yamaxun/app/lang/zh-cn.php
[ info ] [ CACHE ] INIT File
[ info ] [ ROUTE ] array (
  'type' => 'module',
  'module' => 
  array (
    0 => 'admin',
    1 => 'login',
    2 => 'verify',
  ),
)
[ info ] [ HEADER ] array (
  'host' => 'www.ldkjmy.com',
  'connection' => 'keep-alive',
  'user-agent' => 'Mozilla/5.0 (Windows NT 6.1; WOW64) AppleWebKit/537.36 (KHTML, like Gecko) Chrome/76.0.3809.132 Safari/537.36',
  'accept' => 'image/webp,image/apng,image/*,*/*;q=0.8',
  'referer' => 'http://www.ldkjmy.com/yamaxun/admin/login/login.html',
  'accept-encoding' => 'gzip, deflate',
  'accept-language' => 'zh-CN,zh;q=0.9',
  'cookie' => 'thinkphp_show_page_trace=0|0; __51cke__=; __tins__20025213=%7B%22sid%22%3A%201567947654193%2C%20%22vd%22%3A%202%2C%20%22expires%22%3A%201567949454497%7D; __51laig__=2; PHPSESSID=cdhb4g7ts1rq273p02alkco722; Hm_lvt_416c770ac83a9d996d7b3793f8c4994d=1567948597; Hm_lpvt_416c770ac83a9d996d7b3793f8c4994d=1567948597',
)
[ info ] [ PARAM ] array (
)
[ info ] [ BEHAVIOR ] Run Closure @action_begin [ RunTime:0.001354s ]
[ info ] [ RUN ] app\admin\controller\Login->verify[ /www/wwwroot/www.ldkjmy.com/aaaa/yamaxun/app/admin/controller/Login.php ]
[ info ] [ DB ] INIT mysql
[ info ] [ SESSION ] INIT array (
  'id' => '',
  'var_session_id' => '',
  'prefix' => 'think',
  'type' => '',
  'auto_start' => true,
)
[ info ] [ BEHAVIOR ] Run app\admin\behavior\Cron @app_end [ RunTime:0.000851s ]
[ info ] [ LOG ] INIT File
---------------------------------------------------------------
[ 2019-09-08T21:09:10+08:00 ] 172.21.0.9 118.81.195.58 GET /yamaxun/geetest.html?t=1567948620308
[ info ] www.ldkjmy.com/yamaxun/geetest.html?t=1567948620308 [运行时间：0.190542s][吞吐率：5.25req/s] [内存消耗：2,530.95kb] [文件加载：56]
[ info ] [ LANG ] /www/wwwroot/www.ldkjmy.com/aaaa/yamaxun/thinkphp/lang/zh-cn.php
[ info ] [ LANG ] /www/wwwroot/www.ldkjmy.com/aaaa/yamaxun/app/lang/zh-cn.php
[ info ] [ CACHE ] INIT File
[ info ] [ ROUTE ] array (
  'type' => 'method',
  'method' => 
  array (
    0 => '\\think\\geetest\\GeetestController',
    1 => 'index',
  ),
  'var' => 
  array (
  ),
)
[ info ] [ HEADER ] array (
  'host' => 'www.ldkjmy.com',
  'connection' => 'keep-alive',
  'accept' => 'application/json, text/javascript, */*; q=0.01',
  'x-requested-with' => 'XMLHttpRequest',
  'user-agent' => 'Mozilla/5.0 (Windows NT 6.1; WOW64) AppleWebKit/537.36 (KHTML, like Gecko) Chrome/76.0.3809.132 Safari/537.36',
  'referer' => 'http://www.ldkjmy.com/yamaxun/admin/login/login.html',
  'accept-encoding' => 'gzip, deflate',
  'accept-language' => 'zh-CN,zh;q=0.9',
  'cookie' => 'thinkphp_show_page_trace=0|0; __51cke__=; __tins__20025213=%7B%22sid%22%3A%201567947654193%2C%20%22vd%22%3A%202%2C%20%22expires%22%3A%201567949454497%7D; __51laig__=2; PHPSESSID=cdhb4g7ts1rq273p02alkco722; Hm_lvt_416c770ac83a9d996d7b3793f8c4994d=1567948597; Hm_lpvt_416c770ac83a9d996d7b3793f8c4994d=1567948597',
)
[ info ] [ PARAM ] array (
  't' => '1567948620308',
  'id' => NULL,
)
[ info ] [ RUN ] think\geetest\GeetestController->index[ /www/wwwroot/www.ldkjmy.com/aaaa/yamaxun/vendor/yfcmf/geetest/src/GeetestController.php ]
[ info ] [ SESSION ] INIT array (
  'id' => '',
  'var_session_id' => '',
  'prefix' => 'think',
  'type' => '',
  'auto_start' => true,
)
[ info ] [ BEHAVIOR ] Run app\admin\behavior\Cron @app_end [ RunTime:0.000547s ]
[ info ] [ LOG ] INIT File
---------------------------------------------------------------
[ 2019-09-08T21:09:24+08:00 ] 172.21.0.9 118.81.195.58 POST /yamaxun/admin/login/runlogin.html
[ info ] www.ldkjmy.com/yamaxun/admin/login/runlogin.html [运行时间：0.159605s][吞吐率：6.27req/s] [内存消耗：4,576.15kb] [文件加载：78]
[ info ] [ LANG ] /www/wwwroot/www.ldkjmy.com/aaaa/yamaxun/thinkphp/lang/zh-cn.php
[ info ] [ LANG ] /www/wwwroot/www.ldkjmy.com/aaaa/yamaxun/app/lang/zh-cn.php
[ info ] [ CACHE ] INIT File
[ info ] [ ROUTE ] array (
  'type' => 'module',
  'module' => 
  array (
    0 => 'admin',
    1 => 'login',
    2 => 'runlogin',
  ),
)
[ info ] [ HEADER ] array (
  'host' => 'www.ldkjmy.com',
  'connection' => 'keep-alive',
  'accept' => 'application/json, text/javascript, */*; q=0.01',
  'origin' => 'http://www.ldkjmy.com',
  'x-requested-with' => 'XMLHttpRequest',
  'user-agent' => 'Mozilla/5.0 (Windows NT 6.1; WOW64) AppleWebKit/537.36 (KHTML, like Gecko) Chrome/76.0.3809.132 Safari/537.36',
  'referer' => 'http://www.ldkjmy.com/yamaxun/admin/login/login.html',
  'accept-encoding' => 'gzip, deflate',
  'accept-language' => 'zh-CN,zh;q=0.9',
  'cookie' => 'thinkphp_show_page_trace=0|0; thinkphp_show_page_trace=0|0; __51cke__=; __tins__20025213=%7B%22sid%22%3A%201567947654193%2C%20%22vd%22%3A%202%2C%20%22expires%22%3A%201567949454497%7D; __51laig__=2; PHPSESSID=cdhb4g7ts1rq273p02alkco722; Hm_lvt_416c770ac83a9d996d7b3793f8c4994d=1567948597; Hm_lpvt_416c770ac83a9d996d7b3793f8c4994d=1567948597',
  'content-type' => 'application/x-www-form-urlencoded; charset=UTF-8',
  'content-length' => '50',
)
[ info ] [ PARAM ] array (
  'admin_username' => 'admin',
  'admin_pwd' => 'liujie',
  'verify' => 'iujce',
)
[ info ] [ BEHAVIOR ] Run Closure @action_begin [ RunTime:0.001402s ]
[ info ] [ RUN ] app\admin\controller\Login->runlogin[ /www/wwwroot/www.ldkjmy.com/aaaa/yamaxun/app/admin/controller/Login.php ]
[ info ] [ SESSION ] INIT array (
  'id' => '',
  'var_session_id' => '',
  'prefix' => 'think',
  'type' => '',
  'auto_start' => true,
)
[ info ] [ DB ] INIT mysql
[ info ] [ BEHAVIOR ] Run app\admin\behavior\Cron @app_end [ RunTime:0.000639s ]
[ info ] [ LOG ] INIT File
[ sql ] [ DB ] CONNECT:[ UseTime:0.005040s ] mysql:dbname=www_ldkjmy_com;host=localhost;port=3306;charset=utf8
[ sql ] [ SQL ] SHOW COLUMNS FROM `yf_admin` [ RunTime:0.069375s ]
[ sql ] [ SQL ] SELECT * FROM `yf_admin` WHERE  `admin_username` = 'admin'  AND `admin_open` = 1 LIMIT 1 [ RunTime:0.010742s ]
[ sql ] [ SQL ] UPDATE `yf_admin`  SET `admin_hits`=44,`admin_last_ip`='118.81.195.58',`admin_last_time`=1567948164  WHERE  `admin_id` = 1 [ RunTime:0.021911s ]
[ sql ] [ SQL ] SELECT * FROM `yf_admin` WHERE  `admin_id` = 1 LIMIT 1 [ RunTime:0.000405s ]
[ sql ] [ SQL ] SHOW COLUMNS FROM `yf_member_list` [ RunTime:0.000728s ]
[ sql ] [ SQL ] SELECT * FROM `yf_member_list` WHERE  `member_list_id` = 1 LIMIT 1 [ RunTime:0.000164s ]
---------------------------------------------------------------
[ 2019-09-08T21:09:24+08:00 ] 172.21.0.9 118.81.195.58 GET /yamaxun/admin/index/index.html
[ info ] www.ldkjmy.com/yamaxun/admin/index/index.html [运行时间：0.094070s][吞吐率：10.63req/s] [内存消耗：5,095.22kb] [文件加载：81]
[ info ] [ LANG ] /www/wwwroot/www.ldkjmy.com/aaaa/yamaxun/thinkphp/lang/zh-cn.php
[ info ] [ LANG ] /www/wwwroot/www.ldkjmy.com/aaaa/yamaxun/app/lang/zh-cn.php
[ info ] [ CACHE ] INIT File
[ info ] [ ROUTE ] array (
  'type' => 'module',
  'module' => 
  array (
    0 => 'admin',
    1 => 'index',
    2 => 'index',
  ),
)
[ info ] [ HEADER ] array (
  'host' => 'www.ldkjmy.com',
  'connection' => 'keep-alive',
  'upgrade-insecure-requests' => '1',
  'user-agent' => 'Mozilla/5.0 (Windows NT 6.1; WOW64) AppleWebKit/537.36 (KHTML, like Gecko) Chrome/76.0.3809.132 Safari/537.36',
  'accept' => 'text/html,application/xhtml+xml,application/xml;q=0.9,image/webp,image/apng,*/*;q=0.8,application/signed-exchange;v=b3',
  'referer' => 'http://www.ldkjmy.com/yamaxun/admin/login/login.html',
  'accept-encoding' => 'gzip, deflate',
  'accept-language' => 'zh-CN,zh;q=0.9',
  'cookie' => 'thinkphp_show_page_trace=0|0; __51cke__=; __tins__20025213=%7B%22sid%22%3A%201567947654193%2C%20%22vd%22%3A%202%2C%20%22expires%22%3A%201567949454497%7D; __51laig__=2; PHPSESSID=cdhb4g7ts1rq273p02alkco722; Hm_lvt_416c770ac83a9d996d7b3793f8c4994d=1567948597; Hm_lpvt_416c770ac83a9d996d7b3793f8c4994d=1567948597; yf_logged_user=2msL%3D%3DfEsdirpttyH',
)
[ info ] [ PARAM ] array (
)
[ info ] [ DB ] INIT mysql
[ info ] [ SESSION ] INIT array (
  'id' => '',
  'var_session_id' => '',
  'prefix' => 'think',
  'type' => '',
  'auto_start' => true,
)
[ info ] [ BEHAVIOR ] Run Closure @action_begin [ RunTime:0.001546s ]
[ info ] [ RUN ] app\admin\controller\Index->index[ /www/wwwroot/www.ldkjmy.com/aaaa/yamaxun/app/admin/controller/Index.php ]
[ info ] [ VIEW ] /www/wwwroot/www.ldkjmy.com/aaaa/yamaxun/app/admin/view/index/index.html [ array (
  0 => 'lang',
  1 => 'menus',
  2 => 'menus_curr',
  3 => 'menus_child',
  4 => 'id_curr',
  5 => 'admin_avatar',
  6 => 'news_list',
  7 => 'news_count',
  8 => 'members_count',
  9 => 'sugs_count',
  10 => 'coms_count',
  11 => 'tonews_count',
  12 => 'ztnews_count',
  13 => 'difday',
  14 => 'tomembers_count',
  15 => 'ztmembers_count',
  16 => 'difday_m',
  17 => 'tosugs_count',
  18 => 'ztsugs_count',
  19 => 'difday_s',
  20 => 'tocoms_count',
  21 => 'ztcoms_count',
  22 => 'difday_c',
) ]
[ info ] [ BEHAVIOR ] Run app\admin\behavior\Cron @app_end [ RunTime:0.000632s ]
[ info ] [ LOG ] INIT File
[ sql ] [ DB ] CONNECT:[ UseTime:0.000401s ] mysql:dbname=www_ldkjmy_com;host=localhost;port=3306;charset=utf8
[ sql ] [ SQL ] SHOW COLUMNS FROM `yf_auth_rule` [ RunTime:0.001093s ]
[ sql ] [ SQL ] SELECT `id`,`pid` FROM `yf_auth_rule` ORDER BY level desc,sort [ RunTime:0.000250s ]
[ sql ] [ SQL ] SELECT `pid` FROM `yf_auth_rule` WHERE  `id` = -1 LIMIT 1 [ RunTime:0.000157s ]
[ sql ] [ SQL ] SELECT * FROM `yf_auth_rule` WHERE  `status` = 1  AND `pid` = null ORDER BY `sort` [ RunTime:0.000249s ]
[ sql ] [ SQL ] SHOW COLUMNS FROM `yf_news` [ RunTime:0.000934s ]
[ sql ] [ SQL ] SELECT * FROM `yf_news` WHERE  `news_l` = 'zh-cn' ORDER BY news_hits desc LIMIT 0,10 [ RunTime:0.000308s ]
[ sql ] [ SQL ] SELECT COUNT(*) AS tp_count FROM `yf_news` LIMIT 1 [ RunTime:0.005101s ]
[ sql ] [ SQL ] SHOW COLUMNS FROM `yf_member_list` [ RunTime:0.001073s ]
[ sql ] [ SQL ] SELECT COUNT(*) AS tp_count FROM `yf_member_list` LIMIT 1 [ RunTime:0.000156s ]
[ sql ] [ SQL ] SHOW COLUMNS FROM `yf_plug_sug` [ RunTime:0.000590s ]
[ sql ] [ SQL ] SELECT COUNT(*) AS tp_count FROM `yf_plug_sug` LIMIT 1 [ RunTime:0.000132s ]
[ sql ] [ SQL ] SHOW COLUMNS FROM `yf_comments` [ RunTime:0.000495s ]
[ sql ] [ SQL ] SELECT COUNT(*) AS tp_count FROM `yf_comments` LIMIT 1 [ RunTime:0.000107s ]
[ sql ] [ SQL ] SELECT COUNT(*) AS tp_count FROM `yf_news` WHERE  `news_time` BETWEEN 1567872000 AND 1567958399 LIMIT 1 [ RunTime:0.001541s ]
[ sql ] [ SQL ] SELECT COUNT(*) AS tp_count FROM `yf_news` WHERE  `news_time` BETWEEN 1567785600 AND 1567871999 LIMIT 1 [ RunTime:0.000114s ]
[ sql ] [ SQL ] SELECT COUNT(*) AS tp_count FROM `yf_member_list` WHERE  `member_list_addtime` BETWEEN 1567872000 AND 1567958399 LIMIT 1 [ RunTime:0.001435s ]
[ sql ] [ SQL ] SELECT COUNT(*) AS tp_count FROM `yf_member_list` WHERE  `member_list_addtime` BETWEEN 1567785600 AND 1567871999 LIMIT 1 [ RunTime:0.000114s ]
[ sql ] [ SQL ] SELECT COUNT(*) AS tp_count FROM `yf_plug_sug` WHERE  `plug_sug_addtime` BETWEEN 1567872000 AND 1567958399 LIMIT 1 [ RunTime:0.000138s ]
[ sql ] [ SQL ] SELECT COUNT(*) AS tp_count FROM `yf_plug_sug` WHERE  `plug_sug_addtime` BETWEEN 1567785600 AND 1567871999 LIMIT 1 [ RunTime:0.000097s ]
[ sql ] [ SQL ] SELECT COUNT(*) AS tp_count FROM `yf_comments` WHERE  `createtime` BETWEEN 1567872000 AND 1567958399 LIMIT 1 [ RunTime:0.000134s ]
[ sql ] [ SQL ] SELECT COUNT(*) AS tp_count FROM `yf_comments` WHERE  `createtime` BETWEEN 1567785600 AND 1567871999 LIMIT 1 [ RunTime:0.000105s ]
---------------------------------------------------------------
[ 2019-09-08T21:09:25+08:00 ] 172.21.0.9 118.81.195.58 GET /yamaxun/public/ace/js/skin/default/layer.css?v=3.0.11110
[ info ] www.ldkjmy.com/yamaxun/public/ace/js/skin/default/layer.css?v=3.0.11110 [运行时间：0.063396s][吞吐率：15.77req/s] [内存消耗：2,519.21kb] [文件加载：56]
[ info ] [ LANG ] /www/wwwroot/www.ldkjmy.com/aaaa/yamaxun/thinkphp/lang/zh-cn.php
[ info ] [ LANG ] /www/wwwroot/www.ldkjmy.com/aaaa/yamaxun/app/lang/zh-cn.php
[ info ] [ CACHE ] INIT File
[ info ] [ ROUTE ] array (
  'type' => 'module',
  'module' => 
  array (
    0 => 'public',
    1 => 'ace',
    2 => 'js',
  ),
)
[ info ] [ HEADER ] array (
  'host' => 'www.ldkjmy.com',
  'connection' => 'keep-alive',
  'user-agent' => 'Mozilla/5.0 (Windows NT 6.1; WOW64) AppleWebKit/537.36 (KHTML, like Gecko) Chrome/76.0.3809.132 Safari/537.36',
  'accept' => 'text/css,*/*;q=0.1',
  'referer' => 'http://www.ldkjmy.com/yamaxun/admin/index/index.html',
  'accept-encoding' => 'gzip, deflate',
  'accept-language' => 'zh-CN,zh;q=0.9',
  'cookie' => 'thinkphp_show_page_trace=0|0; __51cke__=; __tins__20025213=%7B%22sid%22%3A%201567947654193%2C%20%22vd%22%3A%202%2C%20%22expires%22%3A%201567949454497%7D; __51laig__=2; PHPSESSID=cdhb4g7ts1rq273p02alkco722; Hm_lvt_416c770ac83a9d996d7b3793f8c4994d=1567948597; Hm_lpvt_416c770ac83a9d996d7b3793f8c4994d=1567948597; yf_logged_user=2msL%3D%3DfEsdirpttyH',
)
[ info ] [ PARAM ] array (
  'v' => '3.0.11110',
  'skin' => 'default',
)
[ info ] [ LOG ] INIT File
---------------------------------------------------------------
[ 2019-09-08T21:09:30+08:00 ] 172.21.0.9 118.81.195.58 GET /yamaxun/admin/index/index.html
[ info ] www.ldkjmy.com/yamaxun/admin/index/index.html [运行时间：0.101689s][吞吐率：9.83req/s] [内存消耗：5,095.60kb] [文件加载：81]
[ info ] [ LANG ] /www/wwwroot/www.ldkjmy.com/aaaa/yamaxun/thinkphp/lang/zh-cn.php
[ info ] [ LANG ] /www/wwwroot/www.ldkjmy.com/aaaa/yamaxun/app/lang/zh-cn.php
[ info ] [ CACHE ] INIT File
[ info ] [ ROUTE ] array (
  'type' => 'module',
  'module' => 
  array (
    0 => 'admin',
    1 => 'index',
    2 => 'index',
  ),
)
[ info ] [ HEADER ] array (
  'host' => 'www.ldkjmy.com',
  'connection' => 'keep-alive',
  'cache-control' => 'max-age=0',
  'upgrade-insecure-requests' => '1',
  'user-agent' => 'Mozilla/5.0 (Windows NT 6.1; WOW64) AppleWebKit/537.36 (KHTML, like Gecko) Chrome/76.0.3809.132 Safari/537.36',
  'accept' => 'text/html,application/xhtml+xml,application/xml;q=0.9,image/webp,image/apng,*/*;q=0.8,application/signed-exchange;v=b3',
  'referer' => 'http://www.ldkjmy.com/yamaxun/admin/login/login.html',
  'accept-encoding' => 'gzip, deflate',
  'accept-language' => 'zh-CN,zh;q=0.9',
  'cookie' => 'thinkphp_show_page_trace=0|0; thinkphp_show_page_trace=0|0; __51cke__=; __tins__20025213=%7B%22sid%22%3A%201567947654193%2C%20%22vd%22%3A%202%2C%20%22expires%22%3A%201567949454497%7D; __51laig__=2; PHPSESSID=cdhb4g7ts1rq273p02alkco722; Hm_lvt_416c770ac83a9d996d7b3793f8c4994d=1567948597; Hm_lpvt_416c770ac83a9d996d7b3793f8c4994d=1567948597; yf_logged_user=2msL%3D%3DfEsdirpttyH',
)
[ info ] [ PARAM ] array (
)
[ info ] [ DB ] INIT mysql
[ info ] [ SESSION ] INIT array (
  'id' => '',
  'var_session_id' => '',
  'prefix' => 'think',
  'type' => '',
  'auto_start' => true,
)
[ info ] [ BEHAVIOR ] Run Closure @action_begin [ RunTime:0.001687s ]
[ info ] [ RUN ] app\admin\controller\Index->index[ /www/wwwroot/www.ldkjmy.com/aaaa/yamaxun/app/admin/controller/Index.php ]
[ info ] [ VIEW ] /www/wwwroot/www.ldkjmy.com/aaaa/yamaxun/app/admin/view/index/index.html [ array (
  0 => 'lang',
  1 => 'menus',
  2 => 'menus_curr',
  3 => 'menus_child',
  4 => 'id_curr',
  5 => 'admin_avatar',
  6 => 'news_list',
  7 => 'news_count',
  8 => 'members_count',
  9 => 'sugs_count',
  10 => 'coms_count',
  11 => 'tonews_count',
  12 => 'ztnews_count',
  13 => 'difday',
  14 => 'tomembers_count',
  15 => 'ztmembers_count',
  16 => 'difday_m',
  17 => 'tosugs_count',
  18 => 'ztsugs_count',
  19 => 'difday_s',
  20 => 'tocoms_count',
  21 => 'ztcoms_count',
  22 => 'difday_c',
) ]
[ info ] [ BEHAVIOR ] Run app\admin\behavior\Cron @app_end [ RunTime:0.000918s ]
[ info ] [ LOG ] INIT File
[ sql ] [ DB ] CONNECT:[ UseTime:0.000341s ] mysql:dbname=www_ldkjmy_com;host=localhost;port=3306;charset=utf8
[ sql ] [ SQL ] SHOW COLUMNS FROM `yf_auth_rule` [ RunTime:0.001191s ]
[ sql ] [ SQL ] SELECT `id`,`pid` FROM `yf_auth_rule` ORDER BY level desc,sort [ RunTime:0.000259s ]
[ sql ] [ SQL ] SELECT `pid` FROM `yf_auth_rule` WHERE  `id` = -1 LIMIT 1 [ RunTime:0.000157s ]
[ sql ] [ SQL ] SELECT * FROM `yf_auth_rule` WHERE  `status` = 1  AND `pid` = null ORDER BY `sort` [ RunTime:0.000471s ]
[ sql ] [ SQL ] SHOW COLUMNS FROM `yf_news` [ RunTime:0.001347s ]
[ sql ] [ SQL ] SELECT * FROM `yf_news` WHERE  `news_l` = 'zh-cn' ORDER BY news_hits desc LIMIT 0,10 [ RunTime:0.000337s ]
[ sql ] [ SQL ] SELECT COUNT(*) AS tp_count FROM `yf_news` LIMIT 1 [ RunTime:0.000119s ]
[ sql ] [ SQL ] SHOW COLUMNS FROM `yf_member_list` [ RunTime:0.000994s ]
[ sql ] [ SQL ] SELECT COUNT(*) AS tp_count FROM `yf_member_list` LIMIT 1 [ RunTime:0.000115s ]
[ sql ] [ SQL ] SHOW COLUMNS FROM `yf_plug_sug` [ RunTime:0.000865s ]
[ sql ] [ SQL ] SELECT COUNT(*) AS tp_count FROM `yf_plug_sug` LIMIT 1 [ RunTime:0.000122s ]
[ sql ] [ SQL ] SHOW COLUMNS FROM `yf_comments` [ RunTime:0.000889s ]
[ sql ] [ SQL ] SELECT COUNT(*) AS tp_count FROM `yf_comments` LIMIT 1 [ RunTime:0.000100s ]
[ sql ] [ SQL ] SELECT COUNT(*) AS tp_count FROM `yf_news` WHERE  `news_time` BETWEEN 1567872000 AND 1567958399 LIMIT 1 [ RunTime:0.000176s ]
[ sql ] [ SQL ] SELECT COUNT(*) AS tp_count FROM `yf_news` WHERE  `news_time` BETWEEN 1567785600 AND 1567871999 LIMIT 1 [ RunTime:0.000145s ]
[ sql ] [ SQL ] SELECT COUNT(*) AS tp_count FROM `yf_member_list` WHERE  `member_list_addtime` BETWEEN 1567872000 AND 1567958399 LIMIT 1 [ RunTime:0.000182s ]
[ sql ] [ SQL ] SELECT COUNT(*) AS tp_count FROM `yf_member_list` WHERE  `member_list_addtime` BETWEEN 1567785600 AND 1567871999 LIMIT 1 [ RunTime:0.000387s ]
[ sql ] [ SQL ] SELECT COUNT(*) AS tp_count FROM `yf_plug_sug` WHERE  `plug_sug_addtime` BETWEEN 1567872000 AND 1567958399 LIMIT 1 [ RunTime:0.000124s ]
[ sql ] [ SQL ] SELECT COUNT(*) AS tp_count FROM `yf_plug_sug` WHERE  `plug_sug_addtime` BETWEEN 1567785600 AND 1567871999 LIMIT 1 [ RunTime:0.000140s ]
[ sql ] [ SQL ] SELECT COUNT(*) AS tp_count FROM `yf_comments` WHERE  `createtime` BETWEEN 1567872000 AND 1567958399 LIMIT 1 [ RunTime:0.000126s ]
[ sql ] [ SQL ] SELECT COUNT(*) AS tp_count FROM `yf_comments` WHERE  `createtime` BETWEEN 1567785600 AND 1567871999 LIMIT 1 [ RunTime:0.000116s ]
---------------------------------------------------------------
[ 2019-09-08T21:09:30+08:00 ] 172.21.0.9 118.81.195.58 GET /yamaxun/public/ace/js/skin/default/layer.css?v=3.0.11110
[ info ] www.ldkjmy.com/yamaxun/public/ace/js/skin/default/layer.css?v=3.0.11110 [运行时间：0.041883s][吞吐率：23.88req/s] [内存消耗：2,519.21kb] [文件加载：56]
[ info ] [ LANG ] /www/wwwroot/www.ldkjmy.com/aaaa/yamaxun/thinkphp/lang/zh-cn.php
[ info ] [ LANG ] /www/wwwroot/www.ldkjmy.com/aaaa/yamaxun/app/lang/zh-cn.php
[ info ] [ CACHE ] INIT File
[ info ] [ ROUTE ] array (
  'type' => 'module',
  'module' => 
  array (
    0 => 'public',
    1 => 'ace',
    2 => 'js',
  ),
)
[ info ] [ HEADER ] array (
  'host' => 'www.ldkjmy.com',
  'connection' => 'keep-alive',
  'user-agent' => 'Mozilla/5.0 (Windows NT 6.1; WOW64) AppleWebKit/537.36 (KHTML, like Gecko) Chrome/76.0.3809.132 Safari/537.36',
  'accept' => 'text/css,*/*;q=0.1',
  'referer' => 'http://www.ldkjmy.com/yamaxun/admin/index/index.html',
  'accept-encoding' => 'gzip, deflate',
  'accept-language' => 'zh-CN,zh;q=0.9',
  'cookie' => 'thinkphp_show_page_trace=0|0; __51cke__=; __tins__20025213=%7B%22sid%22%3A%201567947654193%2C%20%22vd%22%3A%202%2C%20%22expires%22%3A%201567949454497%7D; __51laig__=2; PHPSESSID=cdhb4g7ts1rq273p02alkco722; Hm_lvt_416c770ac83a9d996d7b3793f8c4994d=1567948597; Hm_lpvt_416c770ac83a9d996d7b3793f8c4994d=1567948597; yf_logged_user=2msL%3D%3DfEsdirpttyH',
)
[ info ] [ PARAM ] array (
  'v' => '3.0.11110',
  'skin' => 'default',
)
[ info ] [ LOG ] INIT File
---------------------------------------------------------------
[ 2019-09-08T21:09:35+08:00 ] 172.21.0.9 118.81.195.58 GET /yamaxun/admin/product/product_list.html
[ info ] www.ldkjmy.com/yamaxun/admin/product/product_list.html [运行时间：0.094743s][吞吐率：10.55req/s] [内存消耗：5,061.69kb] [文件加载：79]
[ info ] [ LANG ] /www/wwwroot/www.ldkjmy.com/aaaa/yamaxun/thinkphp/lang/zh-cn.php
[ info ] [ LANG ] /www/wwwroot/www.ldkjmy.com/aaaa/yamaxun/app/lang/zh-cn.php
[ info ] [ CACHE ] INIT File
[ info ] [ ROUTE ] array (
  'type' => 'module',
  'module' => 
  array (
    0 => 'admin',
    1 => 'product',
    2 => 'product_list',
  ),
)
[ info ] [ HEADER ] array (
  'host' => 'www.ldkjmy.com',
  'connection' => 'keep-alive',
  'upgrade-insecure-requests' => '1',
  'user-agent' => 'Mozilla/5.0 (Windows NT 6.1; WOW64) AppleWebKit/537.36 (KHTML, like Gecko) Chrome/76.0.3809.132 Safari/537.36',
  'accept' => 'text/html,application/xhtml+xml,application/xml;q=0.9,image/webp,image/apng,*/*;q=0.8,application/signed-exchange;v=b3',
  'referer' => 'http://www.ldkjmy.com/yamaxun/admin/index/index.html',
  'accept-encoding' => 'gzip, deflate',
  'accept-language' => 'zh-CN,zh;q=0.9',
  'cookie' => 'thinkphp_show_page_trace=0|0; __51cke__=; __tins__20025213=%7B%22sid%22%3A%201567947654193%2C%20%22vd%22%3A%202%2C%20%22expires%22%3A%201567949454497%7D; __51laig__=2; PHPSESSID=cdhb4g7ts1rq273p02alkco722; Hm_lvt_416c770ac83a9d996d7b3793f8c4994d=1567948597; Hm_lpvt_416c770ac83a9d996d7b3793f8c4994d=1567948597; yf_logged_user=2msL%3D%3DfEsdirpttyH',
)
[ info ] [ PARAM ] array (
)
[ info ] [ DB ] INIT mysql
[ info ] [ SESSION ] INIT array (
  'id' => '',
  'var_session_id' => '',
  'prefix' => 'think',
  'type' => '',
  'auto_start' => true,
)
[ info ] [ BEHAVIOR ] Run Closure @action_begin [ RunTime:0.002965s ]
[ info ] [ RUN ] app\admin\controller\Product->product_list[ /www/wwwroot/www.ldkjmy.com/aaaa/yamaxun/app/admin/controller/Product.php ]
[ info ] [ LOG ] INIT File
[ sql ] [ DB ] CONNECT:[ UseTime:0.000331s ] mysql:dbname=www_ldkjmy_com;host=localhost;port=3306;charset=utf8
[ sql ] [ SQL ] SHOW COLUMNS FROM `yf_auth_rule` [ RunTime:0.003296s ]
[ sql ] [ SQL ] SELECT `id` FROM `yf_auth_rule` WHERE  `name` = 'admin/Product/product_list' ORDER BY level desc,sort LIMIT 1 [ RunTime:0.000334s ]
[ sql ] [ SQL ] SELECT `id`,`pid` FROM `yf_auth_rule` ORDER BY level desc,sort [ RunTime:0.000484s ]
[ sql ] [ SQL ] SELECT `id` FROM `yf_auth_rule` WHERE  `name` = 'admin/Product/product_list'  AND `status` = 1 ORDER BY level desc,sort LIMIT 1 [ RunTime:0.000384s ]
[ sql ] [ SQL ] SELECT `pid` FROM `yf_auth_rule` WHERE  `id` = 11 LIMIT 1 [ RunTime:0.000222s ]
[ sql ] [ SQL ] SELECT * FROM `yf_auth_rule` WHERE  `status` = 1  AND `pid` = 7 ORDER BY `sort` [ RunTime:0.000274s ]
[ error ] [8]未定义变量: show[/www/wwwroot/www.ldkjmy.com/aaaa/yamaxun/app/admin/controller/Product.php:90]
---------------------------------------------------------------
[ 2019-09-08T21:09:37+08:00 ] 172.21.0.9 118.81.195.58 GET /yamaxun/admin/index/index.html
[ info ] www.ldkjmy.com/yamaxun/admin/index/index.html [运行时间：0.069117s][吞吐率：14.47req/s] [内存消耗：5,095.02kb] [文件加载：81]
[ info ] [ LANG ] /www/wwwroot/www.ldkjmy.com/aaaa/yamaxun/thinkphp/lang/zh-cn.php
[ info ] [ LANG ] /www/wwwroot/www.ldkjmy.com/aaaa/yamaxun/app/lang/zh-cn.php
[ info ] [ CACHE ] INIT File
[ info ] [ ROUTE ] array (
  'type' => 'module',
  'module' => 
  array (
    0 => 'admin',
    1 => 'index',
    2 => 'index',
  ),
)
[ info ] [ HEADER ] array (
  'host' => 'www.ldkjmy.com',
  'connection' => 'keep-alive',
  'upgrade-insecure-requests' => '1',
  'user-agent' => 'Mozilla/5.0 (Windows NT 6.1; WOW64) AppleWebKit/537.36 (KHTML, like Gecko) Chrome/76.0.3809.132 Safari/537.36',
  'accept' => 'text/html,application/xhtml+xml,application/xml;q=0.9,image/webp,image/apng,*/*;q=0.8,application/signed-exchange;v=b3',
  'referer' => 'http://www.ldkjmy.com/yamaxun/admin/login/login.html',
  'accept-encoding' => 'gzip, deflate',
  'accept-language' => 'zh-CN,zh;q=0.9',
  'cookie' => 'thinkphp_show_page_trace=0|0; thinkphp_show_page_trace=0|0; __51cke__=; __tins__20025213=%7B%22sid%22%3A%201567947654193%2C%20%22vd%22%3A%202%2C%20%22expires%22%3A%201567949454497%7D; __51laig__=2; PHPSESSID=cdhb4g7ts1rq273p02alkco722; Hm_lvt_416c770ac83a9d996d7b3793f8c4994d=1567948597; Hm_lpvt_416c770ac83a9d996d7b3793f8c4994d=1567948597; yf_logged_user=2msL%3D%3DfEsdirpttyH',
)
[ info ] [ PARAM ] array (
)
[ info ] [ DB ] INIT mysql
[ info ] [ SESSION ] INIT array (
  'id' => '',
  'var_session_id' => '',
  'prefix' => 'think',
  'type' => '',
  'auto_start' => true,
)
[ info ] [ BEHAVIOR ] Run Closure @action_begin [ RunTime:0.001542s ]
[ info ] [ RUN ] app\admin\controller\Index->index[ /www/wwwroot/www.ldkjmy.com/aaaa/yamaxun/app/admin/controller/Index.php ]
[ info ] [ VIEW ] /www/wwwroot/www.ldkjmy.com/aaaa/yamaxun/app/admin/view/index/index.html [ array (
  0 => 'lang',
  1 => 'menus',
  2 => 'menus_curr',
  3 => 'menus_child',
  4 => 'id_curr',
  5 => 'admin_avatar',
  6 => 'news_list',
  7 => 'news_count',
  8 => 'members_count',
  9 => 'sugs_count',
  10 => 'coms_count',
  11 => 'tonews_count',
  12 => 'ztnews_count',
  13 => 'difday',
  14 => 'tomembers_count',
  15 => 'ztmembers_count',
  16 => 'difday_m',
  17 => 'tosugs_count',
  18 => 'ztsugs_count',
  19 => 'difday_s',
  20 => 'tocoms_count',
  21 => 'ztcoms_count',
  22 => 'difday_c',
) ]
[ info ] [ BEHAVIOR ] Run app\admin\behavior\Cron @app_end [ RunTime:0.000514s ]
[ info ] [ LOG ] INIT File
[ sql ] [ DB ] CONNECT:[ UseTime:0.000237s ] mysql:dbname=www_ldkjmy_com;host=localhost;port=3306;charset=utf8
[ sql ] [ SQL ] SHOW COLUMNS FROM `yf_auth_rule` [ RunTime:0.000749s ]
[ sql ] [ SQL ] SELECT `id`,`pid` FROM `yf_auth_rule` ORDER BY level desc,sort [ RunTime:0.000222s ]
[ sql ] [ SQL ] SELECT `pid` FROM `yf_auth_rule` WHERE  `id` = -1 LIMIT 1 [ RunTime:0.000206s ]
[ sql ] [ SQL ] SELECT * FROM `yf_auth_rule` WHERE  `status` = 1  AND `pid` = null ORDER BY `sort` [ RunTime:0.000154s ]
[ sql ] [ SQL ] SHOW COLUMNS FROM `yf_news` [ RunTime:0.000733s ]
[ sql ] [ SQL ] SELECT * FROM `yf_news` WHERE  `news_l` = 'zh-cn' ORDER BY news_hits desc LIMIT 0,10 [ RunTime:0.000260s ]
[ sql ] [ SQL ] SELECT COUNT(*) AS tp_count FROM `yf_news` LIMIT 1 [ RunTime:0.000125s ]
[ sql ] [ SQL ] SHOW COLUMNS FROM `yf_member_list` [ RunTime:0.000577s ]
[ sql ] [ SQL ] SELECT COUNT(*) AS tp_count FROM `yf_member_list` LIMIT 1 [ RunTime:0.000089s ]
[ sql ] [ SQL ] SHOW COLUMNS FROM `yf_plug_sug` [ RunTime:0.000432s ]
[ sql ] [ SQL ] SELECT COUNT(*) AS tp_count FROM `yf_plug_sug` LIMIT 1 [ RunTime:0.000149s ]
[ sql ] [ SQL ] SHOW COLUMNS FROM `yf_comments` [ RunTime:0.000483s ]
[ sql ] [ SQL ] SELECT COUNT(*) AS tp_count FROM `yf_comments` LIMIT 1 [ RunTime:0.000107s ]
[ sql ] [ SQL ] SELECT COUNT(*) AS tp_count FROM `yf_news` WHERE  `news_time` BETWEEN 1567872000 AND 1567958399 LIMIT 1 [ RunTime:0.000141s ]
[ sql ] [ SQL ] SELECT COUNT(*) AS tp_count FROM `yf_news` WHERE  `news_time` BETWEEN 1567785600 AND 1567871999 LIMIT 1 [ RunTime:0.000100s ]
[ sql ] [ SQL ] SELECT COUNT(*) AS tp_count FROM `yf_member_list` WHERE  `member_list_addtime` BETWEEN 1567872000 AND 1567958399 LIMIT 1 [ RunTime:0.000121s ]
[ sql ] [ SQL ] SELECT COUNT(*) AS tp_count FROM `yf_member_list` WHERE  `member_list_addtime` BETWEEN 1567785600 AND 1567871999 LIMIT 1 [ RunTime:0.000102s ]
[ sql ] [ SQL ] SELECT COUNT(*) AS tp_count FROM `yf_plug_sug` WHERE  `plug_sug_addtime` BETWEEN 1567872000 AND 1567958399 LIMIT 1 [ RunTime:0.000096s ]
[ sql ] [ SQL ] SELECT COUNT(*) AS tp_count FROM `yf_plug_sug` WHERE  `plug_sug_addtime` BETWEEN 1567785600 AND 1567871999 LIMIT 1 [ RunTime:0.000144s ]
[ sql ] [ SQL ] SELECT COUNT(*) AS tp_count FROM `yf_comments` WHERE  `createtime` BETWEEN 1567872000 AND 1567958399 LIMIT 1 [ RunTime:0.000103s ]
[ sql ] [ SQL ] SELECT COUNT(*) AS tp_count FROM `yf_comments` WHERE  `createtime` BETWEEN 1567785600 AND 1567871999 LIMIT 1 [ RunTime:0.000095s ]
---------------------------------------------------------------
[ 2019-09-08T21:09:39+08:00 ] 172.21.0.9 118.81.195.58 GET /yamaxun/admin/product/product_add.html
[ info ] www.ldkjmy.com/yamaxun/admin/product/product_add.html [运行时间：0.076650s][吞吐率：13.05req/s] [内存消耗：5,095.36kb] [文件加载：78]
[ info ] [ LANG ] /www/wwwroot/www.ldkjmy.com/aaaa/yamaxun/thinkphp/lang/zh-cn.php
[ info ] [ LANG ] /www/wwwroot/www.ldkjmy.com/aaaa/yamaxun/app/lang/zh-cn.php
[ info ] [ CACHE ] INIT File
[ info ] [ ROUTE ] array (
  'type' => 'module',
  'module' => 
  array (
    0 => 'admin',
    1 => 'product',
    2 => 'product_add',
  ),
)
[ info ] [ HEADER ] array (
  'host' => 'www.ldkjmy.com',
  'connection' => 'keep-alive',
  'upgrade-insecure-requests' => '1',
  'user-agent' => 'Mozilla/5.0 (Windows NT 6.1; WOW64) AppleWebKit/537.36 (KHTML, like Gecko) Chrome/76.0.3809.132 Safari/537.36',
  'accept' => 'text/html,application/xhtml+xml,application/xml;q=0.9,image/webp,image/apng,*/*;q=0.8,application/signed-exchange;v=b3',
  'referer' => 'http://www.ldkjmy.com/yamaxun/admin/index/index.html',
  'accept-encoding' => 'gzip, deflate',
  'accept-language' => 'zh-CN,zh;q=0.9',
  'cookie' => 'thinkphp_show_page_trace=0|0; thinkphp_show_page_trace=0|0; __51cke__=; __tins__20025213=%7B%22sid%22%3A%201567947654193%2C%20%22vd%22%3A%202%2C%20%22expires%22%3A%201567949454497%7D; __51laig__=2; PHPSESSID=cdhb4g7ts1rq273p02alkco722; Hm_lvt_416c770ac83a9d996d7b3793f8c4994d=1567948597; Hm_lpvt_416c770ac83a9d996d7b3793f8c4994d=1567948597; yf_logged_user=2msL%3D%3DfEsdirpttyH',
)
[ info ] [ PARAM ] array (
)
[ info ] [ DB ] INIT mysql
[ info ] [ SESSION ] INIT array (
  'id' => '',
  'var_session_id' => '',
  'prefix' => 'think',
  'type' => '',
  'auto_start' => true,
)
[ info ] [ BEHAVIOR ] Run Closure @action_begin [ RunTime:0.001385s ]
[ info ] [ RUN ] app\admin\controller\Product->product_add[ /www/wwwroot/www.ldkjmy.com/aaaa/yamaxun/app/admin/controller/Product.php ]
[ info ] [ VIEW ] /www/wwwroot/www.ldkjmy.com/aaaa/yamaxun/app/admin/view/product/product_add.html [ array (
  0 => 'lang',
  1 => 'menus',
  2 => 'menus_curr',
  3 => 'menus_child',
  4 => 'id_curr',
  5 => 'admin_avatar',
  6 => 'sku',
  7 => 'menu',
  8 => 'news_columnid',
  9 => 'source',
  10 => 'diyflag',
) ]
[ info ] [ BEHAVIOR ] Run app\admin\behavior\Cron @app_end [ RunTime:0.000632s ]
[ info ] [ LOG ] INIT File
[ sql ] [ DB ] CONNECT:[ UseTime:0.000260s ] mysql:dbname=www_ldkjmy_com;host=localhost;port=3306;charset=utf8
[ sql ] [ SQL ] SHOW COLUMNS FROM `yf_auth_rule` [ RunTime:0.000860s ]
[ sql ] [ SQL ] SELECT `id` FROM `yf_auth_rule` WHERE  `name` = 'admin/Product/product_add' ORDER BY level desc,sort LIMIT 1 [ RunTime:0.000143s ]
[ sql ] [ SQL ] SELECT `id`,`pid` FROM `yf_auth_rule` ORDER BY level desc,sort [ RunTime:0.000225s ]
[ sql ] [ SQL ] SELECT `id` FROM `yf_auth_rule` WHERE  `name` = 'admin/Product/product_add'  AND `status` = 1 ORDER BY level desc,sort LIMIT 1 [ RunTime:0.000139s ]
[ sql ] [ SQL ] SELECT `pid` FROM `yf_auth_rule` WHERE  `id` = 12 LIMIT 1 [ RunTime:0.000099s ]
[ sql ] [ SQL ] SELECT * FROM `yf_auth_rule` WHERE  `status` = 1  AND `pid` = 7 ORDER BY `sort` [ RunTime:0.000150s ]
[ sql ] [ SQL ] SHOW COLUMNS FROM `yf_diyflag` [ RunTime:0.000948s ]
[ sql ] [ SQL ] SELECT * FROM `yf_diyflag` [ RunTime:0.000158s ]
[ sql ] [ SQL ] SHOW COLUMNS FROM `yf_source` [ RunTime:0.000612s ]
[ sql ] [ SQL ] SELECT * FROM `yf_source` [ RunTime:0.000129s ]
---------------------------------------------------------------
[ 2019-09-08T21:09:39+08:00 ] 172.21.0.9 118.81.195.58 GET /yamaxun/public/ace/js/skin/default/layer.css?v=3.0.11110
[ info ] www.ldkjmy.com/yamaxun/public/ace/js/skin/default/layer.css?v=3.0.11110 [运行时间：0.036539s][吞吐率：27.37req/s] [内存消耗：2,519.47kb] [文件加载：56]
[ info ] [ LANG ] /www/wwwroot/www.ldkjmy.com/aaaa/yamaxun/thinkphp/lang/zh-cn.php
[ info ] [ LANG ] /www/wwwroot/www.ldkjmy.com/aaaa/yamaxun/app/lang/zh-cn.php
[ info ] [ CACHE ] INIT File
[ info ] [ ROUTE ] array (
  'type' => 'module',
  'module' => 
  array (
    0 => 'public',
    1 => 'ace',
    2 => 'js',
  ),
)
[ info ] [ HEADER ] array (
  'host' => 'www.ldkjmy.com',
  'connection' => 'keep-alive',
  'user-agent' => 'Mozilla/5.0 (Windows NT 6.1; WOW64) AppleWebKit/537.36 (KHTML, like Gecko) Chrome/76.0.3809.132 Safari/537.36',
  'accept' => 'text/css,*/*;q=0.1',
  'referer' => 'http://www.ldkjmy.com/yamaxun/admin/product/product_add.html',
  'accept-encoding' => 'gzip, deflate',
  'accept-language' => 'zh-CN,zh;q=0.9',
  'cookie' => 'thinkphp_show_page_trace=0|0; __51cke__=; __tins__20025213=%7B%22sid%22%3A%201567947654193%2C%20%22vd%22%3A%202%2C%20%22expires%22%3A%201567949454497%7D; __51laig__=2; PHPSESSID=cdhb4g7ts1rq273p02alkco722; Hm_lvt_416c770ac83a9d996d7b3793f8c4994d=1567948597; Hm_lpvt_416c770ac83a9d996d7b3793f8c4994d=1567948597; yf_logged_user=2msL%3D%3DfEsdirpttyH',
)
[ info ] [ PARAM ] array (
  'v' => '3.0.11110',
  'skin' => 'default',
)
[ info ] [ LOG ] INIT File
---------------------------------------------------------------
[ 2019-09-08T21:09:51+08:00 ] 172.21.0.9 118.81.195.58 GET /yamaxun/admin/product/product_back.html
[ info ] www.ldkjmy.com/yamaxun/admin/product/product_back.html [运行时间：0.059542s][吞吐率：16.79req/s] [内存消耗：5,024.05kb] [文件加载：78]
[ info ] [ LANG ] /www/wwwroot/www.ldkjmy.com/aaaa/yamaxun/thinkphp/lang/zh-cn.php
[ info ] [ LANG ] /www/wwwroot/www.ldkjmy.com/aaaa/yamaxun/app/lang/zh-cn.php
[ info ] [ CACHE ] INIT File
[ info ] [ ROUTE ] array (
  'type' => 'module',
  'module' => 
  array (
    0 => 'admin',
    1 => 'product',
    2 => 'product_back',
  ),
)
[ info ] [ HEADER ] array (
  'host' => 'www.ldkjmy.com',
  'connection' => 'keep-alive',
  'upgrade-insecure-requests' => '1',
  'user-agent' => 'Mozilla/5.0 (Windows NT 6.1; WOW64) AppleWebKit/537.36 (KHTML, like Gecko) Chrome/76.0.3809.132 Safari/537.36',
  'accept' => 'text/html,application/xhtml+xml,application/xml;q=0.9,image/webp,image/apng,*/*;q=0.8,application/signed-exchange;v=b3',
  'referer' => 'http://www.ldkjmy.com/yamaxun/admin/product/product_add.html',
  'accept-encoding' => 'gzip, deflate',
  'accept-language' => 'zh-CN,zh;q=0.9',
  'cookie' => 'thinkphp_show_page_trace=0|0; thinkphp_show_page_trace=0|0; __51cke__=; __tins__20025213=%7B%22sid%22%3A%201567947654193%2C%20%22vd%22%3A%202%2C%20%22expires%22%3A%201567949454497%7D; __51laig__=2; PHPSESSID=cdhb4g7ts1rq273p02alkco722; Hm_lvt_416c770ac83a9d996d7b3793f8c4994d=1567948597; Hm_lpvt_416c770ac83a9d996d7b3793f8c4994d=1567948597; yf_logged_user=2msL%3D%3DfEsdirpttyH',
)
[ info ] [ PARAM ] array (
)
[ info ] [ DB ] INIT mysql
[ info ] [ SESSION ] INIT array (
  'id' => '',
  'var_session_id' => '',
  'prefix' => 'think',
  'type' => '',
  'auto_start' => true,
)
[ info ] [ BEHAVIOR ] Run Closure @action_begin [ RunTime:0.001355s ]
[ info ] [ RUN ] app\admin\controller\Product->product_back[ /www/wwwroot/www.ldkjmy.com/aaaa/yamaxun/app/admin/controller/Product.php ]
[ info ] [ LOG ] INIT File
[ sql ] [ DB ] CONNECT:[ UseTime:0.000192s ] mysql:dbname=www_ldkjmy_com;host=localhost;port=3306;charset=utf8
[ sql ] [ SQL ] SHOW COLUMNS FROM `yf_auth_rule` [ RunTime:0.000812s ]
[ sql ] [ SQL ] SELECT `id` FROM `yf_auth_rule` WHERE  `name` = 'admin/Product/product_back' ORDER BY level desc,sort LIMIT 1 [ RunTime:0.000205s ]
[ sql ] [ SQL ] SELECT `id`,`pid` FROM `yf_auth_rule` ORDER BY level desc,sort [ RunTime:0.000233s ]
[ sql ] [ SQL ] SELECT `id` FROM `yf_auth_rule` WHERE  `name` = 'admin/Product/product_back'  AND `status` = 1 ORDER BY level desc,sort LIMIT 1 [ RunTime:0.000153s ]
[ sql ] [ SQL ] SELECT `pid` FROM `yf_auth_rule` WHERE  `id` = 25 LIMIT 1 [ RunTime:0.000114s ]
[ sql ] [ SQL ] SELECT * FROM `yf_auth_rule` WHERE  `status` = 1  AND `pid` = 7 ORDER BY `sort` [ RunTime:0.000151s ]
[ error ] [1]Class 'app\admin\controller\ProductModel' not found[/www/wwwroot/www.ldkjmy.com/aaaa/yamaxun/app/admin/controller/Product.php:625]
---------------------------------------------------------------
[ 2019-09-08T21:09:52+08:00 ] 172.21.0.9 118.81.195.58 GET /yamaxun/admin/product/product_add.html
[ info ] www.ldkjmy.com/yamaxun/admin/product/product_add.html [运行时间：0.071896s][吞吐率：13.91req/s] [内存消耗：5,095.36kb] [文件加载：78]
[ info ] [ LANG ] /www/wwwroot/www.ldkjmy.com/aaaa/yamaxun/thinkphp/lang/zh-cn.php
[ info ] [ LANG ] /www/wwwroot/www.ldkjmy.com/aaaa/yamaxun/app/lang/zh-cn.php
[ info ] [ CACHE ] INIT File
[ info ] [ ROUTE ] array (
  'type' => 'module',
  'module' => 
  array (
    0 => 'admin',
    1 => 'product',
    2 => 'product_add',
  ),
)
[ info ] [ HEADER ] array (
  'host' => 'www.ldkjmy.com',
  'connection' => 'keep-alive',
  'upgrade-insecure-requests' => '1',
  'user-agent' => 'Mozilla/5.0 (Windows NT 6.1; WOW64) AppleWebKit/537.36 (KHTML, like Gecko) Chrome/76.0.3809.132 Safari/537.36',
  'accept' => 'text/html,application/xhtml+xml,application/xml;q=0.9,image/webp,image/apng,*/*;q=0.8,application/signed-exchange;v=b3',
  'referer' => 'http://www.ldkjmy.com/yamaxun/admin/index/index.html',
  'accept-encoding' => 'gzip, deflate',
  'accept-language' => 'zh-CN,zh;q=0.9',
  'cookie' => 'thinkphp_show_page_trace=0|0; thinkphp_show_page_trace=0|0; __51cke__=; __tins__20025213=%7B%22sid%22%3A%201567947654193%2C%20%22vd%22%3A%202%2C%20%22expires%22%3A%201567949454497%7D; __51laig__=2; PHPSESSID=cdhb4g7ts1rq273p02alkco722; Hm_lvt_416c770ac83a9d996d7b3793f8c4994d=1567948597; Hm_lpvt_416c770ac83a9d996d7b3793f8c4994d=1567948597; yf_logged_user=2msL%3D%3DfEsdirpttyH',
)
[ info ] [ PARAM ] array (
)
[ info ] [ DB ] INIT mysql
[ info ] [ SESSION ] INIT array (
  'id' => '',
  'var_session_id' => '',
  'prefix' => 'think',
  'type' => '',
  'auto_start' => true,
)
[ info ] [ BEHAVIOR ] Run Closure @action_begin [ RunTime:0.001513s ]
[ info ] [ RUN ] app\admin\controller\Product->product_add[ /www/wwwroot/www.ldkjmy.com/aaaa/yamaxun/app/admin/controller/Product.php ]
[ info ] [ VIEW ] /www/wwwroot/www.ldkjmy.com/aaaa/yamaxun/app/admin/view/product/product_add.html [ array (
  0 => 'lang',
  1 => 'menus',
  2 => 'menus_curr',
  3 => 'menus_child',
  4 => 'id_curr',
  5 => 'admin_avatar',
  6 => 'sku',
  7 => 'menu',
  8 => 'news_columnid',
  9 => 'source',
  10 => 'diyflag',
) ]
[ info ] [ BEHAVIOR ] Run app\admin\behavior\Cron @app_end [ RunTime:0.000581s ]
[ info ] [ LOG ] INIT File
[ sql ] [ DB ] CONNECT:[ UseTime:0.000334s ] mysql:dbname=www_ldkjmy_com;host=localhost;port=3306;charset=utf8
[ sql ] [ SQL ] SHOW COLUMNS FROM `yf_auth_rule` [ RunTime:0.001213s ]
[ sql ] [ SQL ] SELECT `id` FROM `yf_auth_rule` WHERE  `name` = 'admin/Product/product_add' ORDER BY level desc,sort LIMIT 1 [ RunTime:0.000147s ]
[ sql ] [ SQL ] SELECT `id`,`pid` FROM `yf_auth_rule` ORDER BY level desc,sort [ RunTime:0.000609s ]
[ sql ] [ SQL ] SELECT `id` FROM `yf_auth_rule` WHERE  `name` = 'admin/Product/product_add'  AND `status` = 1 ORDER BY level desc,sort LIMIT 1 [ RunTime:0.000175s ]
[ sql ] [ SQL ] SELECT `pid` FROM `yf_auth_rule` WHERE  `id` = 12 LIMIT 1 [ RunTime:0.000105s ]
[ sql ] [ SQL ] SELECT * FROM `yf_auth_rule` WHERE  `status` = 1  AND `pid` = 7 ORDER BY `sort` [ RunTime:0.000175s ]
[ sql ] [ SQL ] SHOW COLUMNS FROM `yf_diyflag` [ RunTime:0.000774s ]
[ sql ] [ SQL ] SELECT * FROM `yf_diyflag` [ RunTime:0.000166s ]
[ sql ] [ SQL ] SHOW COLUMNS FROM `yf_source` [ RunTime:0.000454s ]
[ sql ] [ SQL ] SELECT * FROM `yf_source` [ RunTime:0.000094s ]
---------------------------------------------------------------
[ 2019-09-08T21:09:53+08:00 ] 172.21.0.9 118.81.195.58 GET /yamaxun/admin/product/productclass.html
[ info ] www.ldkjmy.com/yamaxun/admin/product/productclass.html [运行时间：0.129179s][吞吐率：7.74req/s] [内存消耗：5,343.20kb] [文件加载：82]
[ info ] [ LANG ] /www/wwwroot/www.ldkjmy.com/aaaa/yamaxun/thinkphp/lang/zh-cn.php
[ info ] [ LANG ] /www/wwwroot/www.ldkjmy.com/aaaa/yamaxun/app/lang/zh-cn.php
[ info ] [ CACHE ] INIT File
[ info ] [ ROUTE ] array (
  'type' => 'module',
  'module' => 
  array (
    0 => 'admin',
    1 => 'product',
    2 => 'productclass',
  ),
)
[ info ] [ HEADER ] array (
  'host' => 'www.ldkjmy.com',
  'connection' => 'keep-alive',
  'upgrade-insecure-requests' => '1',
  'user-agent' => 'Mozilla/5.0 (Windows NT 6.1; WOW64) AppleWebKit/537.36 (KHTML, like Gecko) Chrome/76.0.3809.132 Safari/537.36',
  'accept' => 'text/html,application/xhtml+xml,application/xml;q=0.9,image/webp,image/apng,*/*;q=0.8,application/signed-exchange;v=b3',
  'referer' => 'http://www.ldkjmy.com/yamaxun/admin/product/product_add.html',
  'accept-encoding' => 'gzip, deflate',
  'accept-language' => 'zh-CN,zh;q=0.9',
  'cookie' => 'thinkphp_show_page_trace=0|0; thinkphp_show_page_trace=0|0; __51cke__=; __tins__20025213=%7B%22sid%22%3A%201567947654193%2C%20%22vd%22%3A%202%2C%20%22expires%22%3A%201567949454497%7D; __51laig__=2; PHPSESSID=cdhb4g7ts1rq273p02alkco722; Hm_lvt_416c770ac83a9d996d7b3793f8c4994d=1567948597; Hm_lpvt_416c770ac83a9d996d7b3793f8c4994d=1567948597; yf_logged_user=2msL%3D%3DfEsdirpttyH',
)
[ info ] [ PARAM ] array (
)
[ info ] [ DB ] INIT mysql
[ info ] [ SESSION ] INIT array (
  'id' => '',
  'var_session_id' => '',
  'prefix' => 'think',
  'type' => '',
  'auto_start' => true,
)
[ info ] [ BEHAVIOR ] Run Closure @action_begin [ RunTime:0.001618s ]
[ info ] [ RUN ] app\admin\controller\Product->productclass[ /www/wwwroot/www.ldkjmy.com/aaaa/yamaxun/app/admin/controller/Product.php ]
[ info ] [ VIEW ] /www/wwwroot/www.ldkjmy.com/aaaa/yamaxun/app/admin/view/product/productclass.html [ array (
  0 => 'lang',
  1 => 'menus',
  2 => 'menus_curr',
  3 => 'menus_child',
  4 => 'id_curr',
  5 => 'admin_avatar',
  6 => 'page',
  7 => 'menu',
  8 => 'product',
) ]
[ info ] [ LOG ] INIT File
[ sql ] [ DB ] CONNECT:[ UseTime:0.000310s ] mysql:dbname=www_ldkjmy_com;host=localhost;port=3306;charset=utf8
[ sql ] [ SQL ] SHOW COLUMNS FROM `yf_auth_rule` [ RunTime:0.001833s ]
[ sql ] [ SQL ] SELECT `id` FROM `yf_auth_rule` WHERE  `name` = 'admin/Product/productclass' ORDER BY level desc,sort LIMIT 1 [ RunTime:0.000190s ]
[ sql ] [ SQL ] SELECT `id` FROM `yf_auth_rule` WHERE  `name` = 'admin/Product/productclass' ORDER BY level desc,sort LIMIT 1 [ RunTime:0.000158s ]
[ sql ] [ SQL ] SELECT `id` FROM `yf_auth_rule` WHERE  `name` = 'admin/Product/productclass'  AND `status` = 1 ORDER BY level desc,sort LIMIT 1 [ RunTime:0.000240s ]
[ sql ] [ SQL ] SELECT `id` FROM `yf_auth_rule` WHERE  `name` = 'admin/Product/productclass'  AND `status` = 1 ORDER BY level desc,sort LIMIT 1 [ RunTime:0.000174s ]
[ sql ] [ SQL ] SELECT `pid` FROM `yf_auth_rule` WHERE  `id` = 0 LIMIT 1 [ RunTime:0.000135s ]
[ sql ] [ SQL ] SELECT * FROM `yf_auth_rule` WHERE  `status` = 1  AND `pid` = null ORDER BY `sort` [ RunTime:0.000163s ]
[ sql ] [ SQL ] SHOW COLUMNS FROM `yf_goods` [ RunTime:0.000877s ]
[ sql ] [ SQL ] SELECT COUNT(*) AS tp_count FROM `yf_goods` LIMIT 1 [ RunTime:0.000147s ]
[ sql ] [ SQL ] SELECT * FROM `yf_goods` ORDER BY goodsId desc LIMIT 0,10 [ RunTime:0.000170s ]
[ error ] [0]类的属性不存在:app\admin\model\Goods->n_id[/www/wwwroot/www.ldkjmy.com/aaaa/yamaxun/thinkphp/library/think/Model.php:559]
---------------------------------------------------------------
[ 2019-09-08T21:09:55+08:00 ] 172.21.0.9 118.81.195.58 GET /yamaxun/admin/product/product_add.html
[ info ] www.ldkjmy.com/yamaxun/admin/product/product_add.html [运行时间：0.061989s][吞吐率：16.13req/s] [内存消耗：5,095.36kb] [文件加载：78]
[ info ] [ LANG ] /www/wwwroot/www.ldkjmy.com/aaaa/yamaxun/thinkphp/lang/zh-cn.php
[ info ] [ LANG ] /www/wwwroot/www.ldkjmy.com/aaaa/yamaxun/app/lang/zh-cn.php
[ info ] [ CACHE ] INIT File
[ info ] [ ROUTE ] array (
  'type' => 'module',
  'module' => 
  array (
    0 => 'admin',
    1 => 'product',
    2 => 'product_add',
  ),
)
[ info ] [ HEADER ] array (
  'host' => 'www.ldkjmy.com',
  'connection' => 'keep-alive',
  'upgrade-insecure-requests' => '1',
  'user-agent' => 'Mozilla/5.0 (Windows NT 6.1; WOW64) AppleWebKit/537.36 (KHTML, like Gecko) Chrome/76.0.3809.132 Safari/537.36',
  'accept' => 'text/html,application/xhtml+xml,application/xml;q=0.9,image/webp,image/apng,*/*;q=0.8,application/signed-exchange;v=b3',
  'referer' => 'http://www.ldkjmy.com/yamaxun/admin/index/index.html',
  'accept-encoding' => 'gzip, deflate',
  'accept-language' => 'zh-CN,zh;q=0.9',
  'cookie' => 'thinkphp_show_page_trace=0|0; thinkphp_show_page_trace=0|0; __51cke__=; __tins__20025213=%7B%22sid%22%3A%201567947654193%2C%20%22vd%22%3A%202%2C%20%22expires%22%3A%201567949454497%7D; __51laig__=2; PHPSESSID=cdhb4g7ts1rq273p02alkco722; Hm_lvt_416c770ac83a9d996d7b3793f8c4994d=1567948597; Hm_lpvt_416c770ac83a9d996d7b3793f8c4994d=1567948597; yf_logged_user=2msL%3D%3DfEsdirpttyH',
)
[ info ] [ PARAM ] array (
)
[ info ] [ DB ] INIT mysql
[ info ] [ SESSION ] INIT array (
  'id' => '',
  'var_session_id' => '',
  'prefix' => 'think',
  'type' => '',
  'auto_start' => true,
)
[ info ] [ BEHAVIOR ] Run Closure @action_begin [ RunTime:0.001353s ]
[ info ] [ RUN ] app\admin\controller\Product->product_add[ /www/wwwroot/www.ldkjmy.com/aaaa/yamaxun/app/admin/controller/Product.php ]
[ info ] [ VIEW ] /www/wwwroot/www.ldkjmy.com/aaaa/yamaxun/app/admin/view/product/product_add.html [ array (
  0 => 'lang',
  1 => 'menus',
  2 => 'menus_curr',
  3 => 'menus_child',
  4 => 'id_curr',
  5 => 'admin_avatar',
  6 => 'sku',
  7 => 'menu',
  8 => 'news_columnid',
  9 => 'source',
  10 => 'diyflag',
) ]
[ info ] [ BEHAVIOR ] Run app\admin\behavior\Cron @app_end [ RunTime:0.000573s ]
[ info ] [ LOG ] INIT File
[ sql ] [ DB ] CONNECT:[ UseTime:0.000293s ] mysql:dbname=www_ldkjmy_com;host=localhost;port=3306;charset=utf8
[ sql ] [ SQL ] SHOW COLUMNS FROM `yf_auth_rule` [ RunTime:0.000735s ]
[ sql ] [ SQL ] SELECT `id` FROM `yf_auth_rule` WHERE  `name` = 'admin/Product/product_add' ORDER BY level desc,sort LIMIT 1 [ RunTime:0.000167s ]
[ sql ] [ SQL ] SELECT `id`,`pid` FROM `yf_auth_rule` ORDER BY level desc,sort [ RunTime:0.000186s ]
[ sql ] [ SQL ] SELECT `id` FROM `yf_auth_rule` WHERE  `name` = 'admin/Product/product_add'  AND `status` = 1 ORDER BY level desc,sort LIMIT 1 [ RunTime:0.000171s ]
[ sql ] [ SQL ] SELECT `pid` FROM `yf_auth_rule` WHERE  `id` = 12 LIMIT 1 [ RunTime:0.000097s ]
[ sql ] [ SQL ] SELECT * FROM `yf_auth_rule` WHERE  `status` = 1  AND `pid` = 7 ORDER BY `sort` [ RunTime:0.000189s ]
[ sql ] [ SQL ] SHOW COLUMNS FROM `yf_diyflag` [ RunTime:0.000592s ]
[ sql ] [ SQL ] SELECT * FROM `yf_diyflag` [ RunTime:0.000099s ]
[ sql ] [ SQL ] SHOW COLUMNS FROM `yf_source` [ RunTime:0.000503s ]
[ sql ] [ SQL ] SELECT * FROM `yf_source` [ RunTime:0.000103s ]
---------------------------------------------------------------
[ 2019-09-08T21:26:02+08:00 ] 172.21.0.9 118.81.195.58 GET /yamaxun/admin/product/product_list.html
[ info ] www.ldkjmy.com/yamaxun/admin/product/product_list.html [运行时间：0.074130s][吞吐率：13.49req/s] [内存消耗：5,062.00kb] [文件加载：79]
[ info ] [ LANG ] /www/wwwroot/www.ldkjmy.com/aaaa/yamaxun/thinkphp/lang/zh-cn.php
[ info ] [ LANG ] /www/wwwroot/www.ldkjmy.com/aaaa/yamaxun/app/lang/zh-cn.php
[ info ] [ CACHE ] INIT File
[ info ] [ ROUTE ] array (
  'type' => 'module',
  'module' => 
  array (
    0 => 'admin',
    1 => 'product',
    2 => 'product_list',
  ),
)
[ info ] [ HEADER ] array (
  'host' => 'www.ldkjmy.com',
  'connection' => 'keep-alive',
  'upgrade-insecure-requests' => '1',
  'user-agent' => 'Mozilla/5.0 (Windows NT 6.1; WOW64) AppleWebKit/537.36 (KHTML, like Gecko) Chrome/76.0.3809.132 Safari/537.36',
  'accept' => 'text/html,application/xhtml+xml,application/xml;q=0.9,image/webp,image/apng,*/*;q=0.8,application/signed-exchange;v=b3',
  'referer' => 'http://www.ldkjmy.com/yamaxun/admin/product/product_add.html',
  'accept-encodlng' => 'gzip, deflate',
  'accept-language' => 'zh-CN,zh;q=0.9',
  'cookie' => 'thinkphp_show_page_trace=0|0; thinkphp_show_page_trace=0|0; __51cke__=; __tins__20025213=%7B%22sid%22%3A%201567947654193%2C%20%22vd%22%3A%202%2C%20%22expires%22%3A%201567949454497%7D; __51laig__=2; PHPSESSID=cdhb4g7ts1rq273p02alkco722; Hm_lvt_416c770ac83a9d996d7b3793f8c4994d=1567948597; Hm_lpvt_416c770ac83a9d996d7b3793f8c4994d=1567948597; yf_logged_user=2msL%3D%3DfEsdirpttyH',
)
[ info ] [ PARAM ] array (
)
[ info ] [ DB ] INIT mysql
[ info ] [ SESSION ] INIT array (
  'id' => '',
  'var_session_id' => '',
  'prefix' => 'think',
  'type' => '',
  'auto_start' => true,
)
[ info ] [ BEHAVIOR ] Run Closure @action_begin [ RunTime:0.001784s ]
[ info ] [ RUN ] app\admin\controller\Product->product_list[ /www/wwwroot/www.ldkjmy.com/aaaa/yamaxun/app/admin/controller/Product.php ]
[ info ] [ LOG ] INIT File
[ sql ] [ DB ] CONNECT:[ UseTime:0.000275s ] mysql:dbname=www_ldkjmy_com;host=localhost;port=3306;charset=utf8
[ sql ] [ SQL ] SHOW COLUMNS FROM `yf_auth_rule` [ RunTime:0.000928s ]
[ sql ] [ SQL ] SELECT `id` FROM `yf_auth_rule` WHERE  `name` = 'admin/Product/product_list' ORDER BY level desc,sort LIMIT 1 [ RunTime:0.000234s ]
[ sql ] [ SQL ] SELECT `id`,`pid` FROM `yf_auth_rule` ORDER BY level desc,sort [ RunTime:0.000340s ]
[ sql ] [ SQL ] SELECT `id` FROM `yf_auth_rule` WHERE  `name` = 'admin/Product/product_list'  AND `status` = 1 ORDER BY level desc,sort LIMIT 1 [ RunTime:0.000227s ]
[ sql ] [ SQL ] SELECT `pid` FROM `yf_auth_rule` WHERE  `id` = 11 LIMIT 1 [ RunTime:0.000134s ]
[ sql ] [ SQL ] SELECT * FROM `yf_auth_rule` WHERE  `status` = 1  AND `pid` = 7 ORDER BY `sort` [ RunTime:0.000217s ]
[ error ] [8]未定义变量: show[/www/wwwroot/www.ldkjmy.com/aaaa/yamaxun/app/admin/controller/Product.php:90]
---------------------------------------------------------------
[ 2019-09-08T21:26:04+08:00 ] 172.21.0.9 118.81.195.58 GET /yamaxun/admin/product/product_add.html
[ info ] www.ldkjmy.com/yamaxun/admin/product/product_add.html [运行时间：0.090058s][吞吐率：11.10req/s] [内存消耗：5,095.36kb] [文件加载：78]
[ info ] [ LANG ] /www/wwwroot/www.ldkjmy.com/aaaa/yamaxun/thinkphp/lang/zh-cn.php
[ info ] [ LANG ] /www/wwwroot/www.ldkjmy.com/aaaa/yamaxun/app/lang/zh-cn.php
[ info ] [ CACHE ] INIT File
[ info ] [ ROUTE ] array (
  'type' => 'module',
  'module' => 
  array (
    0 => 'admin',
    1 => 'product',
    2 => 'product_add',
  ),
)
[ info ] [ HEADER ] array (
  'host' => 'www.ldkjmy.com',
  'connection' => 'keep-alive',
  'upgrade-insecure-requests' => '1',
  'user-agent' => 'Mozilla/5.0 (Windows NT 6.1; WOW64) AppleWebKit/537.36 (KHTML, like Gecko) Chrome/76.0.3809.132 Safari/537.36',
  'accept' => 'text/html,application/xhtml+xml,application/xml;q=0.9,image/webp,image/apng,*/*;q=0.8,application/signed-exchange;v=b3',
  'referer' => 'http://www.ldkjmy.com/yamaxun/admin/index/index.html',
  'accept-encoding' => 'gzip, deflate',
  'accept-language' => 'zh-CN,zh;q=0.9',
  'cookie' => 'thinkphp_show_page_trace=0|0; thinkphp_show_page_trace=0|0; __51cke__=; __tins__20025213=%7B%22sid%22%3A%201567947654193%2C%20%22vd%22%3A%202%2C%20%22expires%22%3A%201567949454497%7D; __51laig__=2; PHPSESSID=cdhb4g7ts1rq273p02alkco722; Hm_lvt_416c770ac83a9d996d7b3793f8c4994d=1567948597; yf_logged_user=2msL%3D%3DfEsdirpttyH; Hm_lpvt_416c770ac83a9d996d7b3793f8c4994d=1567949633',
)
[ info ] [ PARAM ] array (
)
[ info ] [ DB ] INIT mysql
[ info ] [ SESSION ] INIT array (
  'id' => '',
  'var_session_id' => '',
  'prefix' => 'think',
  'type' => '',
  'auto_start' => true,
)
[ info ] [ BEHAVIOR ] Run Closure @action_begin [ RunTime:0.002391s ]
[ info ] [ RUN ] app\admin\controller\Product->product_add[ /www/wwwroot/www.ldkjmy.com/aaaa/yamaxun/app/admin/controller/Product.php ]
[ info ] [ VIEW ] /www/wwwroot/www.ldkjmy.com/aaaa/yamaxun/app/admin/view/product/product_add.html [ array (
  0 => 'lang',
  1 => 'menus',
  2 => 'menus_curr',
  3 => 'menus_child',
  4 => 'id_curr',
  5 => 'admin_avatar',
  6 => 'sku',
  7 => 'menu',
  8 => 'news_columnid',
  9 => 'source',
  10 => 'diyflag',
) ]
[ info ] [ BEHAVIOR ] Run app\admin\behavior\Cron @app_end [ RunTime:0.004001s ]
[ info ] [ LOG ] INIT File
[ sql ] [ DB ] CONNECT:[ UseTime:0.000429s ] mysql:dbname=www_ldkjmy_com;host=localhost;port=3306;charset=utf8
[ sql ] [ SQL ] SHOW COLUMNS FROM `yf_auth_rule` [ RunTime:0.001090s ]
[ sql ] [ SQL ] SELECT `id` FROM `yf_auth_rule` WHERE  `name` = 'admin/Product/product_add' ORDER BY level desc,sort LIMIT 1 [ RunTime:0.000173s ]
[ sql ] [ SQL ] SELECT `id`,`pid` FROM `yf_auth_rule` ORDER BY level desc,sort [ RunTime:0.000237s ]
[ sql ] [ SQL ] SELECT `id` FROM `yf_auth_rule` WHERE  `name` = 'admin/Product/product_add'  AND `status` = 1 ORDER BY level desc,sort LIMIT 1 [ RunTime:0.000209s ]
[ sql ] [ SQL ] SELECT `pid` FROM `yf_auth_rule` WHERE  `id` = 12 LIMIT 1 [ RunTime:0.000104s ]
[ sql ] [ SQL ] SELECT * FROM `yf_auth_rule` WHERE  `status` = 1  AND `pid` = 7 ORDER BY `sort` [ RunTime:0.000177s ]
[ sql ] [ SQL ] SHOW COLUMNS FROM `yf_diyflag` [ RunTime:0.000757s ]
[ sql ] [ SQL ] SELECT * FROM `yf_diyflag` [ RunTime:0.000147s ]
[ sql ] [ SQL ] SHOW COLUMNS FROM `yf_source` [ RunTime:0.000520s ]
[ sql ] [ SQL ] SELECT * FROM `yf_source` [ RunTime:0.000118s ]
---------------------------------------------------------------
[ 2019-09-08T21:26:12+08:00 ] 172.21.0.9 118.81.195.58 GET /yamaxun/public/ace/js/skin/default/layer.css?v=3.0.11110
[ info ] www.ldkjmy.com/yamaxun/public/ace/js/skin/default/layer.css?v=3.0.11110 [运行时间：0.040307s][吞吐率：24.81req/s] [内存消耗：2,519.49kb] [文件加载：56]
[ info ] [ LANG ] /www/wwwroot/www.ldkjmy.com/aaaa/yamaxun/thinkphp/lang/zh-cn.php
[ info ] [ LANG ] /www/wwwroot/www.ldkjmy.com/aaaa/yamaxun/app/lang/zh-cn.php
[ info ] [ CACHE ] INIT File
[ info ] [ ROUTE ] array (
  'type' => 'module',
  'module' => 
  array (
    0 => 'public',
    1 => 'ace',
    2 => 'js',
  ),
)
[ info ] [ HEADER ] array (
  'host' => 'www.ldkjmy.com',
  'connection' => 'keep-alive',
  'user-agent' => 'Mozilla/5.0 (Windows NT 6.1; WOW64) AppleWebKit/537.36 (KHTML, like Gecko) Chrome/76.0.3809.132 Safari/537.36',
  'accept' => 'text/css,*/*;q=0.1',
  'referer' => 'http://www.ldkjmy.com/yamaxun/admin/product/product_add.html',
  'accept-encoding' => 'gzip, deflate',
  'accept-language' => 'zh-CN,zh;q=0.9',
  'cookie' => 'thinkphp_show_page_trace=0|0; __51cke__=; __tins__20025213=%7B%22sid%22%3A%201567947654193%2C%20%22vd%22%3A%202%2C%20%22expires%22%3A%201567949454497%7D; __51laig__=2; PHPSESSID=cdhb4g7ts1rq273p02alkco722; Hm_lvt_416c770ac83a9d996d7b3793f8c4994d=1567948597; yf_logged_user=2msL%3D%3DfEsdirpttyH; Hm_lpvt_416c770ac83a9d996d7b3793f8c4994d=1567949633',
)
[ info ] [ PARAM ] array (
  'v' => '3.0.11110',
  'skin' => 'default',
)
[ info ] [ LOG ] INIT File
---------------------------------------------------------------
[ 2019-09-08T21:26:12+08:00 ] 172.21.0.9 118.81.195.58 GET /yamaxun/public/datePicker/bootstrap-datepicker.css.map
[ info ] www.ldkjmy.com/yamaxun/public/datePicker/bootstrap-datepicker.css.map [运行时间：0.032773s][吞吐率：30.51req/s] [内存消耗：2,517.70kb] [文件加载：56]
[ info ] [ LANG ] /www/wwwroot/www.ldkjmy.com/aaaa/yamaxun/thinkphp/lang/zh-cn.php
[ info ] [ LANG ] /www/wwwroot/www.ldkjmy.com/aaaa/yamaxun/app/lang/zh-cn.php
[ info ] [ CACHE ] INIT File
[ info ] [ ROUTE ] array (
  'type' => 'module',
  'module' => 
  array (
    0 => 'public',
    1 => 'datePicker',
    2 => 'bootstrap-datepicker.css.map',
  ),
)
[ info ] [ HEADER ] array (
  'host' => 'www.ldkjmy.com',
  'connection' => 'keep-alive',
  'user-agent' => 'Mozilla/5.0 (Windows NT 6.1; WOW64) AppleWebKit/537.36 (KHTML, like Gecko) Chrome/76.0.3809.132 Safari/537.36',
  'accept-encoding' => 'gzip, deflate',
  'accept-language' => 'zh-CN,zh;q=0.9',
  'cookie' => 'thinkphp_show_page_trace=0|0; __51cke__=; __tins__20025213=%7B%22sid%22%3A%201567947654193%2C%20%22vd%22%3A%202%2C%20%22expires%22%3A%201567949454497%7D; __51laig__=2; PHPSESSID=cdhb4g7ts1rq273p02alkco722; Hm_lvt_416c770ac83a9d996d7b3793f8c4994d=1567948597; yf_logged_user=2msL%3D%3DfEsdirpttyH; Hm_lpvt_416c770ac83a9d996d7b3793f8c4994d=1567949633',
)
[ info ] [ PARAM ] array (
)
[ info ] [ LOG ] INIT File
---------------------------------------------------------------
[ 2019-09-08T21:26:17+08:00 ] 172.21.0.9 118.81.195.58 GET /yamaxun/admin/product/product_back.html
[ info ] www.ldkjmy.com/yamaxun/admin/product/product_back.html [运行时间：0.063415s][吞吐率：15.77req/s] [内存消耗：5,024.05kb] [文件加载：78]
[ info ] [ LANG ] /www/wwwroot/www.ldkjmy.com/aaaa/yamaxun/thinkphp/lang/zh-cn.php
[ info ] [ LANG ] /www/wwwroot/www.ldkjmy.com/aaaa/yamaxun/app/lang/zh-cn.php
[ info ] [ CACHE ] INIT File
[ info ] [ ROUTE ] array (
  'type' => 'module',
  'module' => 
  array (
    0 => 'admin',
    1 => 'product',
    2 => 'product_back',
  ),
)
[ info ] [ HEADER ] array (
  'host' => 'www.ldkjmy.com',
  'connection' => 'keep-alive',
  'upgrade-insecure-requests' => '1',
  'user-agent' => 'Mozilla/5.0 (Windows NT 6.1; WOW64) AppleWebKit/537.36 (KHTML, like Gecko) Chrome/76.0.3809.132 Safari/537.36',
  'accept' => 'text/html,application/xhtml+xml,application/xml;q=0.9,image/webp,image/apng,*/*;q=0.8,application/signed-exchange;v=b3',
  'referer' => 'http://www.ldkjmy.com/yamaxun/admin/product/product_add.html',
  'accept-encoding' => 'gzip, deflate',
  'accept-language' => 'zh-CN,zh;q=0.9',
  'cookie' => 'thinkphp_show_page_trace=0|0; thinkphp_show_page_trace=0|0; __51cke__=; __tins__20025213=%7B%22sid%22%3A%201567947654193%2C%20%22vd%22%3A%202%2C%20%22expires%22%3A%201567949454497%7D; __51laig__=2; PHPSESSID=cdhb4g7ts1rq273p02alkco722; Hm_lvt_416c770ac83a9d996d7b3793f8c4994d=1567948597; yf_logged_user=2msL%3D%3DfEsdirpttyH; Hm_lpvt_416c770ac83a9d996d7b3793f8c4994d=1567949633',
)
[ info ] [ PARAM ] array (
)
[ info ] [ DB ] INIT mysql
[ info ] [ SESSION ] INIT array (
  'id' => '',
  'var_session_id' => '',
  'prefix' => 'think',
  'type' => '',
  'auto_start' => true,
)
[ info ] [ BEHAVIOR ] Run Closure @action_begin [ RunTime:0.001384s ]
[ info ] [ RUN ] app\admin\controller\Product->product_back[ /www/wwwroot/www.ldkjmy.com/aaaa/yamaxun/app/admin/controller/Product.php ]
[ info ] [ LOG ] INIT File
[ sql ] [ DB ] CONNECT:[ UseTime:0.000268s ] mysql:dbname=www_ldkjmy_com;host=localhost;port=3306;charset=utf8
[ sql ] [ SQL ] SHOW COLUMNS FROM `yf_auth_rule` [ RunTime:0.000978s ]
[ sql ] [ SQL ] SELECT `id` FROM `yf_auth_rule` WHERE  `name` = 'admin/Product/product_back' ORDER BY level desc,sort LIMIT 1 [ RunTime:0.000212s ]
[ sql ] [ SQL ] SELECT `id`,`pid` FROM `yf_auth_rule` ORDER BY level desc,sort [ RunTime:0.000221s ]
[ sql ] [ SQL ] SELECT `id` FROM `yf_auth_rule` WHERE  `name` = 'admin/Product/product_back'  AND `status` = 1 ORDER BY level desc,sort LIMIT 1 [ RunTime:0.000157s ]
[ sql ] [ SQL ] SELECT `pid` FROM `yf_auth_rule` WHERE  `id` = 25 LIMIT 1 [ RunTime:0.000100s ]
[ sql ] [ SQL ] SELECT * FROM `yf_auth_rule` WHERE  `status` = 1  AND `pid` = 7 ORDER BY `sort` [ RunTime:0.000134s ]
[ error ] [1]Class 'app\admin\controller\ProductModel' not found[/www/wwwroot/www.ldkjmy.com/aaaa/yamaxun/app/admin/controller/Product.php:625]
---------------------------------------------------------------
[ 2019-09-08T21:26:19+08:00 ] 172.21.0.9 118.81.195.58 GET /yamaxun/admin/product/product_add.html
[ info ] www.ldkjmy.com/yamaxun/admin/product/product_add.html [运行时间：0.087031s][吞吐率：11.49req/s] [内存消耗：5,095.36kb] [文件加载：78]
[ info ] [ LANG ] /www/wwwroot/www.ldkjmy.com/aaaa/yamaxun/thinkphp/lang/zh-cn.php
[ info ] [ LANG ] /www/wwwroot/www.ldkjmy.com/aaaa/yamaxun/app/lang/zh-cn.php
[ info ] [ CACHE ] INIT File
[ info ] [ ROUTE ] array (
  'type' => 'module',
  'module' => 
  array (
    0 => 'admin',
    1 => 'product',
    2 => 'product_add',
  ),
)
[ info ] [ HEADER ] array (
  'host' => 'www.ldkjmy.com',
  'connection' => 'keep-alive',
  'upgrade-insecure-requests' => '1',
  'user-agent' => 'Mozilla/5.0 (Windows NT 6.1; WOW64) AppleWebKit/537.36 (KHTML, like Gecko) Chrome/76.0.3809.132 Safari/537.36',
  'accept' => 'text/html,application/xhtml+xml,application/xml;q=0.9,image/webp,image/apng,*/*;q=0.8,application/signed-exchange;v=b3',
  'referer' => 'http://www.ldkjmy.com/yamaxun/admin/index/index.html',
  'accept-encoding' => 'gzip, deflate',
  'accept-language' => 'zh-CN,zh;q=0.9',
  'cookie' => 'thinkphp_show_page_trace=0|0; thinkphp_show_page_trace=0|0; __51cke__=; __tins__20025213=%7B%22sid%22%3A%201567947654193%2C%20%22vd%22%3A%202%2C%20%22expires%22%3A%201567949454497%7D; __51laig__=2; PHPSESSID=cdhb4g7ts1rq273p02alkco722; Hm_lvt_416c770ac83a9d996d7b3793f8c4994d=1567948597; yf_logged_user=2msL%3D%3DfEsdirpttyH; Hm_lpvt_416c770ac83a9d996d7b3793f8c4994d=1567949633',
)
[ info ] [ PARAM ] array (
)
[ info ] [ DB ] INIT mysql
[ info ] [ SESSION ] INIT array (
  'id' => '',
  'var_session_id' => '',
  'prefix' => 'think',
  'type' => '',
  'auto_start' => true,
)
[ info ] [ BEHAVIOR ] Run Closure @action_begin [ RunTime:0.001936s ]
[ info ] [ RUN ] app\admin\controller\Product->product_add[ /www/wwwroot/www.ldkjmy.com/aaaa/yamaxun/app/admin/controller/Product.php ]
[ info ] [ VIEW ] /www/wwwroot/www.ldkjmy.com/aaaa/yamaxun/app/admin/view/product/product_add.html [ array (
  0 => 'lang',
  1 => 'menus',
  2 => 'menus_curr',
  3 => 'menus_child',
  4 => 'id_curr',
  5 => 'admin_avatar',
  6 => 'sku',
  7 => 'menu',
  8 => 'news_columnid',
  9 => 'source',
  10 => 'diyflag',
) ]
[ info ] [ BEHAVIOR ] Run app\admin\behavior\Cron @app_end [ RunTime:0.000749s ]
[ info ] [ LOG ] INIT File
[ sql ] [ DB ] CONNECT:[ UseTime:0.000314s ] mysql:dbname=www_ldkjmy_com;host=localhost;port=3306;charset=utf8
[ sql ] [ SQL ] SHOW COLUMNS FROM `yf_auth_rule` [ RunTime:0.001048s ]
[ sql ] [ SQL ] SELECT `id` FROM `yf_auth_rule` WHERE  `name` = 'admin/Product/product_add' ORDER BY level desc,sort LIMIT 1 [ RunTime:0.000239s ]
[ sql ] [ SQL ] SELECT `id`,`pid` FROM `yf_auth_rule` ORDER BY level desc,sort [ RunTime:0.000280s ]
[ sql ] [ SQL ] SELECT `id` FROM `yf_auth_rule` WHERE  `name` = 'admin/Product/product_add'  AND `status` = 1 ORDER BY level desc,sort LIMIT 1 [ RunTime:0.000258s ]
[ sql ] [ SQL ] SELECT `pid` FROM `yf_auth_rule` WHERE  `id` = 12 LIMIT 1 [ RunTime:0.000165s ]
[ sql ] [ SQL ] SELECT * FROM `yf_auth_rule` WHERE  `status` = 1  AND `pid` = 7 ORDER BY `sort` [ RunTime:0.000242s ]
[ sql ] [ SQL ] SHOW COLUMNS FROM `yf_diyflag` [ RunTime:0.000910s ]
[ sql ] [ SQL ] SELECT * FROM `yf_diyflag` [ RunTime:0.000189s ]
[ sql ] [ SQL ] SHOW COLUMNS FROM `yf_source` [ RunTime:0.000729s ]
[ sql ] [ SQL ] SELECT * FROM `yf_source` [ RunTime:0.000162s ]
---------------------------------------------------------------
[ 2019-09-08T21:26:54+08:00 ] 172.21.0.9 118.81.195.58 GET /yamaxun/admin/product/product_back.html
[ info ] www.ldkjmy.com/yamaxun/admin/product/product_back.html [运行时间：0.070200s][吞吐率：14.25req/s] [内存消耗：5,024.05kb] [文件加载：78]
[ info ] [ LANG ] /www/wwwroot/www.ldkjmy.com/aaaa/yamaxun/thinkphp/lang/zh-cn.php
[ info ] [ LANG ] /www/wwwroot/www.ldkjmy.com/aaaa/yamaxun/app/lang/zh-cn.php
[ info ] [ CACHE ] INIT File
[ info ] [ ROUTE ] array (
  'type' => 'module',
  'module' => 
  array (
    0 => 'admin',
    1 => 'product',
    2 => 'product_back',
  ),
)
[ info ] [ HEADER ] array (
  'host' => 'www.ldkjmy.com',
  'connection' => 'keep-alive',
  'upgrade-insecure-requests' => '1',
  'user-agent' => 'Mozilla/5.0 (Windows NT 6.1; WOW64) AppleWebKit/537.36 (KHTML, like Gecko) Chrome/76.0.3809.132 Safari/537.36',
  'accept' => 'text/html,application/xhtml+xml,application/xml;q=0.9,image/webp,image/apng,*/*;q=0.8,application/signed-exchange;v=b3',
  'referer' => 'http://www.ldkjmy.com/yamaxun/admin/product/product_add.html',
  'accept-encoding' => 'gzip, deflate',
  'accept-language' => 'zh-CN,zh;q=0.9',
  'cookie' => 'thinkphp_show_page_trace=0|0; thinkphp_show_page_trace=0|0; __51cke__=; __tins__20025213=%7B%22sid%22%3A%201567947654193%2C%20%22vd%22%3A%202%2C%20%22expires%22%3A%201567949454497%7D; __51laig__=2; PHPSESSID=cdhb4g7ts1rq273p02alkco722; Hm_lvt_416c770ac83a9d996d7b3793f8c4994d=1567948597; yf_logged_user=2msL%3D%3DfEsdirpttyH; Hm_lpvt_416c770ac83a9d996d7b3793f8c4994d=1567949633',
)
[ info ] [ PARAM ] array (
)
[ info ] [ DB ] INIT mysql
[ info ] [ SESSION ] INIT array (
  'id' => '',
  'var_session_id' => '',
  'prefix' => 'think',
  'type' => '',
  'auto_start' => true,
)
[ info ] [ BEHAVIOR ] Run Closure @action_begin [ RunTime:0.001918s ]
[ info ] [ RUN ] app\admin\controller\Product->product_back[ /www/wwwroot/www.ldkjmy.com/aaaa/yamaxun/app/admin/controller/Product.php ]
[ info ] [ LOG ] INIT File
[ sql ] [ DB ] CONNECT:[ UseTime:0.000231s ] mysql:dbname=www_ldkjmy_com;host=localhost;port=3306;charset=utf8
[ sql ] [ SQL ] SHOW COLUMNS FROM `yf_auth_rule` [ RunTime:0.000827s ]
[ sql ] [ SQL ] SELECT `id` FROM `yf_auth_rule` WHERE  `name` = 'admin/Product/product_back' ORDER BY level desc,sort LIMIT 1 [ RunTime:0.000247s ]
[ sql ] [ SQL ] SELECT `id`,`pid` FROM `yf_auth_rule` ORDER BY level desc,sort [ RunTime:0.000265s ]
[ sql ] [ SQL ] SELECT `id` FROM `yf_auth_rule` WHERE  `name` = 'admin/Product/product_back'  AND `status` = 1 ORDER BY level desc,sort LIMIT 1 [ RunTime:0.000144s ]
[ sql ] [ SQL ] SELECT `pid` FROM `yf_auth_rule` WHERE  `id` = 25 LIMIT 1 [ RunTime:0.000131s ]
[ sql ] [ SQL ] SELECT * FROM `yf_auth_rule` WHERE  `status` = 1  AND `pid` = 7 ORDER BY `sort` [ RunTime:0.000182s ]
[ error ] [1]Class 'app\admin\controller\ProductModel' not found[/www/wwwroot/www.ldkjmy.com/aaaa/yamaxun/app/admin/controller/Product.php:625]
---------------------------------------------------------------
[ 2019-09-08T21:26:55+08:00 ] 172.21.0.9 118.81.195.58 GET /yamaxun/admin/product/product_add.html
[ info ] www.ldkjmy.com/yamaxun/admin/product/product_add.html [运行时间：0.066915s][吞吐率：14.94req/s] [内存消耗：5,095.36kb] [文件加载：78]
[ info ] [ LANG ] /www/wwwroot/www.ldkjmy.com/aaaa/yamaxun/thinkphp/lang/zh-cn.php
[ info ] [ LANG ] /www/wwwroot/www.ldkjmy.com/aaaa/yamaxun/app/lang/zh-cn.php
[ info ] [ CACHE ] INIT File
[ info ] [ ROUTE ] array (
  'type' => 'module',
  'module' => 
  array (
    0 => 'admin',
    1 => 'product',
    2 => 'product_add',
  ),
)
[ info ] [ HEADER ] array (
  'host' => 'www.ldkjmy.com',
  'connection' => 'keep-alive',
  'upgrade-insecure-requests' => '1',
  'user-agent' => 'Mozilla/5.0 (Windows NT 6.1; WOW64) AppleWebKit/537.36 (KHTML, like Gecko) Chrome/76.0.3809.132 Safari/537.36',
  'accept' => 'text/html,application/xhtml+xml,application/xml;q=0.9,image/webp,image/apng,*/*;q=0.8,application/signed-exchange;v=b3',
  'referer' => 'http://www.ldkjmy.com/yamaxun/admin/index/index.html',
  'accept-encoding' => 'gzip, deflate',
  'accept-language' => 'zh-CN,zh;q=0.9',
  'cookie' => 'thinkphp_show_page_trace=0|0; thinkphp_show_page_trace=0|0; __51cke__=; __tins__20025213=%7B%22sid%22%3A%201567947654193%2C%20%22vd%22%3A%202%2C%20%22expires%22%3A%201567949454497%7D; __51laig__=2; PHPSESSID=cdhb4g7ts1rq273p02alkco722; Hm_lvt_416c770ac83a9d996d7b3793f8c4994d=1567948597; yf_logged_user=2msL%3D%3DfEsdirpttyH; Hm_lpvt_416c770ac83a9d996d7b3793f8c4994d=1567949633',
)
[ info ] [ PARAM ] array (
)
[ info ] [ DB ] INIT mysql
[ info ] [ SESSION ] INIT array (
  'id' => '',
  'var_session_id' => '',
  'prefix' => 'think',
  'type' => '',
  'auto_start' => true,
)
[ info ] [ BEHAVIOR ] Run Closure @action_begin [ RunTime:0.001525s ]
[ info ] [ RUN ] app\admin\controller\Product->product_add[ /www/wwwroot/www.ldkjmy.com/aaaa/yamaxun/app/admin/controller/Product.php ]
[ info ] [ VIEW ] /www/wwwroot/www.ldkjmy.com/aaaa/yamaxun/app/admin/view/product/product_add.html [ array (
  0 => 'lang',
  1 => 'menus',
  2 => 'menus_curr',
  3 => 'menus_child',
  4 => 'id_curr',
  5 => 'admin_avatar',
  6 => 'sku',
  7 => 'menu',
  8 => 'news_columnid',
  9 => 'source',
  10 => 'diyflag',
) ]
[ info ] [ BEHAVIOR ] Run app\admin\behavior\Cron @app_end [ RunTime:0.000508s ]
[ info ] [ LOG ] INIT File
[ sql ] [ DB ] CONNECT:[ UseTime:0.000341s ] mysql:dbname=www_ldkjmy_com;host=localhost;port=3306;charset=utf8
[ sql ] [ SQL ] SHOW COLUMNS FROM `yf_auth_rule` [ RunTime:0.000755s ]
[ sql ] [ SQL ] SELECT `id` FROM `yf_auth_rule` WHERE  `name` = 'admin/Product/product_add' ORDER BY level desc,sort LIMIT 1 [ RunTime:0.000217s ]
[ sql ] [ SQL ] SELECT `id`,`pid` FROM `yf_auth_rule` ORDER BY level desc,sort [ RunTime:0.000232s ]
[ sql ] [ SQL ] SELECT `id` FROM `yf_auth_rule` WHERE  `name` = 'admin/Product/product_add'  AND `status` = 1 ORDER BY level desc,sort LIMIT 1 [ RunTime:0.000144s ]
[ sql ] [ SQL ] SELECT `pid` FROM `yf_auth_rule` WHERE  `id` = 12 LIMIT 1 [ RunTime:0.000102s ]
[ sql ] [ SQL ] SELECT * FROM `yf_auth_rule` WHERE  `status` = 1  AND `pid` = 7 ORDER BY `sort` [ RunTime:0.000190s ]
[ sql ] [ SQL ] SHOW COLUMNS FROM `yf_diyflag` [ RunTime:0.000654s ]
[ sql ] [ SQL ] SELECT * FROM `yf_diyflag` [ RunTime:0.000109s ]
[ sql ] [ SQL ] SHOW COLUMNS FROM `yf_source` [ RunTime:0.000566s ]
[ sql ] [ SQL ] SELECT * FROM `yf_source` [ RunTime:0.000163s ]
---------------------------------------------------------------
[ 2019-09-08T21:26:57+08:00 ] 172.21.0.9 118.81.195.58 GET /yamaxun/admin/product/product_add.html
[ info ] www.ldkjmy.com/yamaxun/admin/product/product_add.html [运行时间：0.067230s][吞吐率：14.87req/s] [内存消耗：5,095.18kb] [文件加载：78]
[ info ] [ LANG ] /www/wwwroot/www.ldkjmy.com/aaaa/yamaxun/thinkphp/lang/zh-cn.php
[ info ] [ LANG ] /www/wwwroot/www.ldkjmy.com/aaaa/yamaxun/app/lang/zh-cn.php
[ info ] [ CACHE ] INIT File
[ info ] [ ROUTE ] array (
  'type' => 'module',
  'module' => 
  array (
    0 => 'admin',
    1 => 'product',
    2 => 'product_add',
  ),
)
[ info ] [ HEADER ] array (
  'host' => 'www.ldkjmy.com',
  'connection' => 'keep-alive',
  'upgrade-insecure-requests' => '1',
  'user-agent' => 'Mozilla/5.0 (Windows NT 6.1; WOW64) AppleWebKit/537.36 (KHTML, like Gecko) Chrome/76.0.3809.132 Safari/537.36',
  'accept' => 'text/html,application/xhtml+xml,application/xml;q=0.9,image/webp,image/apng,*/*;q=0.8,application/signed-exchange;v=b3',
  'referer' => 'http://www.ldkjmy.com/yamaxun/admin/product/product_add.html',
  'accept-encoding' => 'gzip, deflate',
  'accept-language' => 'zh-CN,zh;q=0.9',
  'cookie' => 'thinkphp_show_page_trace=0|0; thinkphp_show_page_trace=0|0; __51cke__=; __tins__20025213=%7B%22sid%22%3A%201567947654193%2C%20%22vd%22%3A%202%2C%20%22expires%22%3A%201567949454497%7D; __51laig__=2; PHPSESSID=cdhb4g7ts1rq273p02alkco722; Hm_lvt_416c770ac83a9d996d7b3793f8c4994d=1567948597; yf_logged_user=2msL%3D%3DfEsdirpttyH; Hm_lpvt_416c770ac83a9d996d7b3793f8c4994d=1567949633',
)
[ info ] [ PARAM ] array (
)
[ info ] [ DB ] INIT mysql
[ info ] [ SESSION ] INIT array (
  'id' => '',
  'var_session_id' => '',
  'prefix' => 'think',
  'type' => '',
  'auto_start' => true,
)
[ info ] [ BEHAVIOR ] Run Closure @action_begin [ RunTime:0.001584s ]
[ info ] [ RUN ] app\admin\controller\Product->product_add[ /www/wwwroot/www.ldkjmy.com/aaaa/yamaxun/app/admin/controller/Product.php ]
[ info ] [ VIEW ] /www/wwwroot/www.ldkjmy.com/aaaa/yamaxun/app/admin/view/product/product_add.html [ array (
  0 => 'lang',
  1 => 'menus',
  2 => 'menus_curr',
  3 => 'menus_child',
  4 => 'id_curr',
  5 => 'admin_avatar',
  6 => 'sku',
  7 => 'menu',
  8 => 'news_columnid',
  9 => 'source',
  10 => 'diyflag',
) ]
[ info ] [ BEHAVIOR ] Run app\admin\behavior\Cron @app_end [ RunTime:0.000661s ]
[ info ] [ LOG ] INIT File
[ sql ] [ DB ] CONNECT:[ UseTime:0.000203s ] mysql:dbname=www_ldkjmy_com;host=localhost;port=3306;charset=utf8
[ sql ] [ SQL ] SHOW COLUMNS FROM `yf_auth_rule` [ RunTime:0.000857s ]
[ sql ] [ SQL ] SELECT `id` FROM `yf_auth_rule` WHERE  `name` = 'admin/Product/product_add' ORDER BY level desc,sort LIMIT 1 [ RunTime:0.000215s ]
[ sql ] [ SQL ] SELECT `id`,`pid` FROM `yf_auth_rule` ORDER BY level desc,sort [ RunTime:0.000229s ]
[ sql ] [ SQL ] SELECT `id` FROM `yf_auth_rule` WHERE  `name` = 'admin/Product/product_add'  AND `status` = 1 ORDER BY level desc,sort LIMIT 1 [ RunTime:0.000228s ]
[ sql ] [ SQL ] SELECT `pid` FROM `yf_auth_rule` WHERE  `id` = 12 LIMIT 1 [ RunTime:0.000117s ]
[ sql ] [ SQL ] SELECT * FROM `yf_auth_rule` WHERE  `status` = 1  AND `pid` = 7 ORDER BY `sort` [ RunTime:0.000185s ]
[ sql ] [ SQL ] SHOW COLUMNS FROM `yf_diyflag` [ RunTime:0.001063s ]
[ sql ] [ SQL ] SELECT * FROM `yf_diyflag` [ RunTime:0.000138s ]
[ sql ] [ SQL ] SHOW COLUMNS FROM `yf_source` [ RunTime:0.000992s ]
[ sql ] [ SQL ] SELECT * FROM `yf_source` [ RunTime:0.000153s ]
---------------------------------------------------------------
[ 2019-09-08T21:26:57+08:00 ] 172.21.0.9 118.81.195.58 GET /yamaxun/public/ace/js/skin/default/layer.css?v=3.0.11110
[ info ] www.ldkjmy.com/yamaxun/public/ace/js/skin/default/layer.css?v=3.0.11110 [运行时间：0.033043s][吞吐率：30.26req/s] [内存消耗：2,519.49kb] [文件加载：56]
[ info ] [ LANG ] /www/wwwroot/www.ldkjmy.com/aaaa/yamaxun/thinkphp/lang/zh-cn.php
[ info ] [ LANG ] /www/wwwroot/www.ldkjmy.com/aaaa/yamaxun/app/lang/zh-cn.php
[ info ] [ CACHE ] INIT File
[ info ] [ ROUTE ] array (
  'type' => 'module',
  'module' => 
  array (
    0 => 'public',
    1 => 'ace',
    2 => 'js',
  ),
)
[ info ] [ HEADER ] array (
  'host' => 'www.ldkjmy.com',
  'connection' => 'keep-alive',
  'user-agent' => 'Mozilla/5.0 (Windows NT 6.1; WOW64) AppleWebKit/537.36 (KHTML, like Gecko) Chrome/76.0.3809.132 Safari/537.36',
  'accept' => 'text/css,*/*;q=0.1',
  'referer' => 'http://www.ldkjmy.com/yamaxun/admin/product/product_add.html',
  'accept-encoding' => 'gzip, deflate',
  'accept-language' => 'zh-CN,zh;q=0.9',
  'cookie' => 'thinkphp_show_page_trace=0|0; __51cke__=; __tins__20025213=%7B%22sid%22%3A%201567947654193%2C%20%22vd%22%3A%202%2C%20%22expires%22%3A%201567949454497%7D; __51laig__=2; PHPSESSID=cdhb4g7ts1rq273p02alkco722; Hm_lvt_416c770ac83a9d996d7b3793f8c4994d=1567948597; yf_logged_user=2msL%3D%3DfEsdirpttyH; Hm_lpvt_416c770ac83a9d996d7b3793f8c4994d=1567949633',
)
[ info ] [ PARAM ] array (
  'v' => '3.0.11110',
  'skin' => 'default',
)
[ info ] [ LOG ] INIT File
---------------------------------------------------------------
[ 2019-09-08T21:27:01+08:00 ] 172.21.0.9 118.81.195.58 GET /yamaxun/admin/order/orderlist.html
[ info ] www.ldkjmy.com/yamaxun/admin/order/orderlist.html [运行时间：0.123488s][吞吐率：8.10req/s] [内存消耗：5,033.80kb] [文件加载：81]
[ info ] [ LANG ] /www/wwwroot/www.ldkjmy.com/aaaa/yamaxun/thinkphp/lang/zh-cn.php
[ info ] [ LANG ] /www/wwwroot/www.ldkjmy.com/aaaa/yamaxun/app/lang/zh-cn.php
[ info ] [ CACHE ] INIT File
[ info ] [ ROUTE ] array (
  'type' => 'module',
  'module' => 
  array (
    0 => 'admin',
    1 => 'order',
    2 => 'orderlist',
  ),
)
[ info ] [ HEADER ] array (
  'host' => 'www.ldkjmy.com',
  'connection' => 'keep-alive',
  'upgrade-insecure-requests' => '1',
  'user-agent' => 'Mozilla/5.0 (Windows NT 6.1; WOW64) AppleWebKit/537.36 (KHTML, like Gecko) Chrome/76.0.3809.132 Safari/537.36',
  'accept' => 'text/html,application/xhtml+xml,application/xml;q=0.9,image/webp,image/apng,*/*;q=0.8,application/signed-exchange;v=b3',
  'referer' => 'http://www.ldkjmy.com/yamaxun/admin/product/product_add.html',
  'accept-encoding' => 'gzip, deflate',
  'accept-language' => 'zh-CN,zh;q=0.9',
  'cookie' => 'thinkphp_show_page_trace=0|0; __51cke__=; __tins__20025213=%7B%22sid%22%3A%201567947654193%2C%20%22vd%22%3A%202%2C%20%22expires%22%3A%201567949454497%7D; __51laig__=2; PHPSESSID=cdhb4g7ts1rq273p02alkco722; Hm_lvt_416c770ac83a9d996d7b3793f8c4994d=1567948597; yf_logged_user=2msL%3D%3DfEsdirpttyH; Hm_lpvt_416c770ac83a9d996d7b3793f8c4994d=1567949633',
)
[ info ] [ PARAM ] array (
)
[ info ] [ DB ] INIT mysql
[ info ] [ SESSION ] INIT array (
  'id' => '',
  'var_session_id' => '',
  'prefix' => 'think',
  'type' => '',
  'auto_start' => true,
)
[ info ] [ BEHAVIOR ] Run Closure @action_begin [ RunTime:0.002150s ]
[ info ] [ RUN ] app\admin\controller\Order->orderlist[ /www/wwwroot/www.ldkjmy.com/aaaa/yamaxun/app/admin/controller/Order.php ]
[ info ] [ VIEW ] /www/wwwroot/www.ldkjmy.com/aaaa/yamaxun/app/admin/view/order/orderlist.html [ array (
  0 => 'lang',
  1 => 'menus',
  2 => 'menus_curr',
  3 => 'menus_child',
  4 => 'id_curr',
  5 => 'admin_avatar',
  6 => 'order',
  7 => 'page',
) ]
[ info ] [ BEHAVIOR ] Run app\admin\behavior\Cron @app_end [ RunTime:0.000697s ]
[ info ] [ LOG ] INIT File
[ sql ] [ DB ] CONNECT:[ UseTime:0.000258s ] mysql:dbname=www_ldkjmy_com;host=localhost;port=3306;charset=utf8
[ sql ] [ SQL ] SHOW COLUMNS FROM `yf_auth_rule` [ RunTime:0.000795s ]
[ sql ] [ SQL ] SELECT `id` FROM `yf_auth_rule` WHERE  `name` = 'admin/Order/orderlist' ORDER BY level desc,sort LIMIT 1 [ RunTime:0.000223s ]
[ sql ] [ SQL ] SELECT `id`,`pid` FROM `yf_auth_rule` ORDER BY level desc,sort [ RunTime:0.000338s ]
[ sql ] [ SQL ] SELECT `id` FROM `yf_auth_rule` WHERE  `name` = 'admin/Order/orderlist'  AND `status` = 1 ORDER BY level desc,sort LIMIT 1 [ RunTime:0.000194s ]
[ sql ] [ SQL ] SELECT `pid` FROM `yf_auth_rule` WHERE  `id` = 186 LIMIT 1 [ RunTime:0.000156s ]
[ sql ] [ SQL ] SELECT * FROM `yf_auth_rule` WHERE  `status` = 1  AND `pid` = 185 ORDER BY `sort` [ RunTime:0.000213s ]
[ sql ] [ SQL ] SHOW COLUMNS FROM `yf_orderdetails` [ RunTime:0.000881s ]
[ sql ] [ SQL ] SELECT COUNT(*) AS tp_count FROM `yf_orderdetails` LIMIT 1 [ RunTime:0.000157s ]
[ sql ] [ SQL ] SELECT * FROM `yf_orderdetails` ORDER BY orderId desc LIMIT 0,10 [ RunTime:0.000153s ]
---------------------------------------------------------------
[ 2019-09-08T21:27:01+08:00 ] 172.21.0.9 118.81.195.58 GET /yamaxun/statics/kuajing/img/yingg.jpg
[ info ] www.ldkjmy.com/yamaxun/statics/kuajing/img/yingg.jpg [运行时间：0.059428s][吞吐率：16.83req/s] [内存消耗：2,518.56kb] [文件加载：56]
[ info ] [ LANG ] /www/wwwroot/www.ldkjmy.com/aaaa/yamaxun/thinkphp/lang/zh-cn.php
[ info ] [ LANG ] /www/wwwroot/www.ldkjmy.com/aaaa/yamaxun/app/lang/zh-cn.php
[ info ] [ CACHE ] INIT File
[ info ] [ ROUTE ] array (
  'type' => 'module',
  'module' => 
  array (
    0 => 'statics',
    1 => 'kuajing',
    2 => 'img',
  ),
)
[ info ] [ HEADER ] array (
  'host' => 'www.ldkjmy.com',
  'connection' => 'keep-alive',
  'user-agent' => 'Mozilla/5.0 (Windows NT 6.1; WOW64) AppleWebKit/537.36 (KHTML, like Gecko) Chrome/76.0.3809.132 Safari/537.36',
  'accept' => 'image/webp,image/apng,image/*,*/*;q=0.8',
  'referer' => 'http://www.ldkjmy.com/yamaxun/admin/order/orderlist.html',
  'accept-encoding' => 'gzip, deflate',
  'accept-language' => 'zh-CN,zh;q=0.9',
  'cookie' => 'thinkphp_show_page_trace=0|0; __51cke__=; __tins__20025213=%7B%22sid%22%3A%201567947654193%2C%20%22vd%22%3A%202%2C%20%22expires%22%3A%201567949454497%7D; __51laig__=2; PHPSESSID=cdhb4g7ts1rq273p02alkco722; Hm_lvt_416c770ac83a9d996d7b3793f8c4994d=1567948597; yf_logged_user=2msL%3D%3DfEsdirpttyH; Hm_lpvt_416c770ac83a9d996d7b3793f8c4994d=1567949633',
)
[ info ] [ PARAM ] array (
)
[ info ] [ LOG ] INIT File
---------------------------------------------------------------
[ 2019-09-08T21:27:01+08:00 ] 172.21.0.9 118.81.195.58 GET /yamaxun/public/ace/js/skin/default/layer.css?v=3.0.11110
[ info ] www.ldkjmy.com/yamaxun/public/ace/js/skin/default/layer.css?v=3.0.11110 [运行时间：0.056361s][吞吐率：17.74req/s] [内存消耗：2,519.45kb] [文件加载：56]
[ info ] [ LANG ] /www/wwwroot/www.ldkjmy.com/aaaa/yamaxun/thinkphp/lang/zh-cn.php
[ info ] [ LANG ] /www/wwwroot/www.ldkjmy.com/aaaa/yamaxun/app/lang/zh-cn.php
[ info ] [ CACHE ] INIT File
[ info ] [ ROUTE ] array (
  'type' => 'module',
  'module' => 
  array (
    0 => 'public',
    1 => 'ace',
    2 => 'js',
  ),
)
[ info ] [ HEADER ] array (
  'host' => 'www.ldkjmy.com',
  'connection' => 'keep-alive',
  'user-agent' => 'Mozilla/5.0 (Windows NT 6.1; WOW64) AppleWebKit/537.36 (KHTML, like Gecko) Chrome/76.0.3809.132 Safari/537.36',
  'accept' => 'text/css,*/*;q=0.1',
  'referer' => 'http://www.ldkjmy.com/yamaxun/admin/order/orderlist.html',
  'accept-encoding' => 'gzip, deflate',
  'accept-language' => 'zh-CN,zh;q=0.9',
  'cookie' => 'thinkphp_show_page_trace=0|0; __51cke__=; __tins__20025213=%7B%22sid%22%3A%201567947654193%2C%20%22vd%22%3A%202%2C%20%22expires%22%3A%201567949454497%7D; __51laig__=2; PHPSESSID=cdhb4g7ts1rq273p02alkco722; Hm_lvt_416c770ac83a9d996d7b3793f8c4994d=1567948597; yf_logged_user=2msL%3D%3DfEsdirpttyH; Hm_lpvt_416c770ac83a9d996d7b3793f8c4994d=1567949633',
)
[ info ] [ PARAM ] array (
  'v' => '3.0.11110',
  'skin' => 'default',
)
[ info ] [ LOG ] INIT File
---------------------------------------------------------------
[ 2019-09-08T21:28:59+08:00 ] 172.21.0.9 118.81.195.58 GET /yamaxun/admin
[ info ] www.ldkjmy.com/yamaxun/admin [运行时间：0.065227s][吞吐率：15.33req/s] [内存消耗：5,094.67kb] [文件加载：81]
[ info ] [ LANG ] /www/wwwroot/www.ldkjmy.com/aaaa/yamaxun/thinkphp/lang/zh-cn.php
[ info ] [ LANG ] /www/wwwroot/www.ldkjmy.com/aaaa/yamaxun/app/lang/zh-cn.php
[ info ] [ CACHE ] INIT File
[ info ] [ ROUTE ] array (
  'type' => 'module',
  'module' => 
  array (
    0 => 'admin',
    1 => NULL,
    2 => NULL,
  ),
)
[ info ] [ HEADER ] array (
  'host' => 'www.ldkjmy.com',
  'connection' => 'keep-alive',
  'upgrade-insecure-requests' => '1',
  'user-agent' => 'Mozilla/5.0 (Windows NT 6.1; WOW64) AppleWebKit/537.36 (KHTML, like Gecko) Chrome/76.0.3809.132 Safari/537.36',
  'accept' => 'text/html,application/xhtml+xml,application/xml;q=0.9,image/webp,image/apng,*/*;q=0.8,application/signed-exchange;v=b3',
  'accept-encoding' => 'gzip, deflate',
  'accept-language' => 'zh-CN,zh;q=0.9',
  'cookie' => 'thinkphp_show_page_trace=0|0; __51cke__=; __tins__20025213=%7B%22sid%22%3A%201567947654193%2C%20%22vd%22%3A%202%2C%20%22expires%22%3A%201567949454497%7D; __51laig__=2; PHPSESSID=cdhb4g7ts1rq273p02alkco722; Hm_lvt_416c770ac83a9d996d7b3793f8c4994d=1567948597; yf_logged_user=2msL%3D%3DfEsdirpttyH; Hm_lpvt_416c770ac83a9d996d7b3793f8c4994d=1567949633',
)
[ info ] [ PARAM ] array (
)
[ info ] [ DB ] INIT mysql
[ info ] [ SESSION ] INIT array (
  'id' => '',
  'var_session_id' => '',
  'prefix' => 'think',
  'type' => '',
  'auto_start' => true,
)
[ info ] [ BEHAVIOR ] Run Closure @action_begin [ RunTime:0.001323s ]
[ info ] [ RUN ] app\admin\controller\Index->index[ /www/wwwroot/www.ldkjmy.com/aaaa/yamaxun/app/admin/controller/Index.php ]
[ info ] [ VIEW ] /www/wwwroot/www.ldkjmy.com/aaaa/yamaxun/app/admin/view/index/index.html [ array (
  0 => 'lang',
  1 => 'menus',
  2 => 'menus_curr',
  3 => 'menus_child',
  4 => 'id_curr',
  5 => 'admin_avatar',
  6 => 'news_list',
  7 => 'news_count',
  8 => 'members_count',
  9 => 'sugs_count',
  10 => 'coms_count',
  11 => 'tonews_count',
  12 => 'ztnews_count',
  13 => 'difday',
  14 => 'tomembers_count',
  15 => 'ztmembers_count',
  16 => 'difday_m',
  17 => 'tosugs_count',
  18 => 'ztsugs_count',
  19 => 'difday_s',
  20 => 'tocoms_count',
  21 => 'ztcoms_count',
  22 => 'difday_c',
) ]
[ info ] [ BEHAVIOR ] Run app\admin\behavior\Cron @app_end [ RunTime:0.000571s ]
[ info ] [ LOG ] INIT File
[ sql ] [ DB ] CONNECT:[ UseTime:0.000261s ] mysql:dbname=www_ldkjmy_com;host=localhost;port=3306;charset=utf8
[ sql ] [ SQL ] SHOW COLUMNS FROM `yf_auth_rule` [ RunTime:0.000716s ]
[ sql ] [ SQL ] SELECT `id`,`pid` FROM `yf_auth_rule` ORDER BY level desc,sort [ RunTime:0.000197s ]
[ sql ] [ SQL ] SELECT `pid` FROM `yf_auth_rule` WHERE  `id` = -1 LIMIT 1 [ RunTime:0.000121s ]
[ sql ] [ SQL ] SELECT * FROM `yf_auth_rule` WHERE  `status` = 1  AND `pid` = null ORDER BY `sort` [ RunTime:0.000144s ]
[ sql ] [ SQL ] SHOW COLUMNS FROM `yf_news` [ RunTime:0.000835s ]
[ sql ] [ SQL ] SELECT * FROM `yf_news` WHERE  `news_l` = 'zh-cn' ORDER BY news_hits desc LIMIT 0,10 [ RunTime:0.000251s ]
[ sql ] [ SQL ] SELECT COUNT(*) AS tp_count FROM `yf_news` LIMIT 1 [ RunTime:0.000111s ]
[ sql ] [ SQL ] SHOW COLUMNS FROM `yf_member_list` [ RunTime:0.000564s ]
[ sql ] [ SQL ] SELECT COUNT(*) AS tp_count FROM `yf_member_list` LIMIT 1 [ RunTime:0.000114s ]
[ sql ] [ SQL ] SHOW COLUMNS FROM `yf_plug_sug` [ RunTime:0.000412s ]
[ sql ] [ SQL ] SELECT COUNT(*) AS tp_count FROM `yf_plug_sug` LIMIT 1 [ RunTime:0.000099s ]
[ sql ] [ SQL ] SHOW COLUMNS FROM `yf_comments` [ RunTime:0.000452s ]
[ sql ] [ SQL ] SELECT COUNT(*) AS tp_count FROM `yf_comments` LIMIT 1 [ RunTime:0.000125s ]
[ sql ] [ SQL ] SELECT COUNT(*) AS tp_count FROM `yf_news` WHERE  `news_time` BETWEEN 1567872000 AND 1567958399 LIMIT 1 [ RunTime:0.000149s ]
[ sql ] [ SQL ] SELECT COUNT(*) AS tp_count FROM `yf_news` WHERE  `news_time` BETWEEN 1567785600 AND 1567871999 LIMIT 1 [ RunTime:0.000138s ]
[ sql ] [ SQL ] SELECT COUNT(*) AS tp_count FROM `yf_member_list` WHERE  `member_list_addtime` BETWEEN 1567872000 AND 1567958399 LIMIT 1 [ RunTime:0.000191s ]
[ sql ] [ SQL ] SELECT COUNT(*) AS tp_count FROM `yf_member_list` WHERE  `member_list_addtime` BETWEEN 1567785600 AND 1567871999 LIMIT 1 [ RunTime:0.000126s ]
[ sql ] [ SQL ] SELECT COUNT(*) AS tp_count FROM `yf_plug_sug` WHERE  `plug_sug_addtime` BETWEEN 1567872000 AND 1567958399 LIMIT 1 [ RunTime:0.000118s ]
[ sql ] [ SQL ] SELECT COUNT(*) AS tp_count FROM `yf_plug_sug` WHERE  `plug_sug_addtime` BETWEEN 1567785600 AND 1567871999 LIMIT 1 [ RunTime:0.000123s ]
[ sql ] [ SQL ] SELECT COUNT(*) AS tp_count FROM `yf_comments` WHERE  `createtime` BETWEEN 1567872000 AND 1567958399 LIMIT 1 [ RunTime:0.000102s ]
[ sql ] [ SQL ] SELECT COUNT(*) AS tp_count FROM `yf_comments` WHERE  `createtime` BETWEEN 1567785600 AND 1567871999 LIMIT 1 [ RunTime:0.000100s ]
---------------------------------------------------------------
[ 2019-09-08T21:28:59+08:00 ] 172.21.0.9 118.81.195.58 GET /yamaxun/public/ace/js/skin/default/layer.css?v=3.0.11110
[ info ] www.ldkjmy.com/yamaxun/public/ace/js/skin/default/layer.css?v=3.0.11110 [运行时间：0.033691s][吞吐率：29.68req/s] [内存消耗：2,519.19kb] [文件加载：56]
[ info ] [ LANG ] /www/wwwroot/www.ldkjmy.com/aaaa/yamaxun/thinkphp/lang/zh-cn.php
[ info ] [ LANG ] /www/wwwroot/www.ldkjmy.com/aaaa/yamaxun/app/lang/zh-cn.php
[ info ] [ CACHE ] INIT File
[ info ] [ ROUTE ] array (
  'type' => 'module',
  'module' => 
  array (
    0 => 'public',
    1 => 'ace',
    2 => 'js',
  ),
)
[ info ] [ HEADER ] array (
  'host' => 'www.ldkjmy.com',
  'connection' => 'keep-alive',
  'user-agent' => 'Mozilla/5.0 (Windows NT 6.1; WOW64) AppleWebKit/537.36 (KHTML, like Gecko) Chrome/76.0.3809.132 Safari/537.36',
  'accept' => 'text/css,*/*;q=0.1',
  'referer' => 'http://www.ldkjmy.com/yamaxun/admin',
  'accept-encoding' => 'gzip, deflate',
  'accept-language' => 'zh-CN,zh;q=0.9',
  'cookie' => 'thinkphp_show_page_trace=0|0; __51cke__=; __tins__20025213=%7B%22sid%22%3A%201567947654193%2C%20%22vd%22%3A%202%2C%20%22expires%22%3A%201567949454497%7D; __51laig__=2; PHPSESSID=cdhb4g7ts1rq273p02alkco722; Hm_lvt_416c770ac83a9d996d7b3793f8c4994d=1567948597; yf_logged_user=2msL%3D%3DfEsdirpttyH; Hm_lpvt_416c770ac83a9d996d7b3793f8c4994d=1567949633',
)
[ info ] [ PARAM ] array (
  'v' => '3.0.11110',
  'skin' => 'default',
)
[ info ] [ LOG ] INIT File
