---------------------------------------------------------------
[ 2020-01-28T00:01:23+08:00 ] 172.21.0.8 60.191.66.222 GET /manager/html
[ info ] 192.144.141.140:80/manager/html [运行时间：0.031607s][吞吐率：31.64req/s] [内存消耗：2,439.57kb] [文件加载：52]
[ info ] [ LANG ] /www/wwwroot/www.ldkjmy.com/aaaa/yamaxun/thinkphp/lang/zh-cn.php
[ info ] [ LANG ] /www/wwwroot/www.ldkjmy.com/aaaa/yamaxun/app/lang/zh-cn.php
[ info ] [ CACHE ] INIT File
[ info ] [ ROUTE ] array (
  'type' => 'module',
  'module' => 
  array (
    0 => 'manager',
    1 => 'html',
    2 => NULL,
  ),
)
[ info ] [ HEADER ] array (
  'accept' => 'text/html, application/xhtml+xml, */*',
  'user-agent' => 'Mozilla/5.0 (compatible; MSIE 10.0; Windows NT 6.2; WOW64; Trident/6.0)',
  'host' => '192.144.141.140:80',
  'authorization' => 'Basic Og==',
  'content-type' => '',
  'content-length' => '',
)
[ info ] [ PARAM ] array (
)
[ info ] [ LOG ] INIT File
---------------------------------------------------------------
[ 2020-01-28T03:05:48+08:00 ] 172.21.0.8 159.203.201.59 GET /manager/html
[ info ] 192.144.141.140/manager/html [运行时间：0.029545s][吞吐率：33.85req/s] [内存消耗：2,439.09kb] [文件加载：52]
[ info ] [ LANG ] /www/wwwroot/www.ldkjmy.com/aaaa/yamaxun/thinkphp/lang/zh-cn.php
[ info ] [ LANG ] /www/wwwroot/www.ldkjmy.com/aaaa/yamaxun/app/lang/zh-cn.php
[ info ] [ CACHE ] INIT File
[ info ] [ ROUTE ] array (
  'type' => 'module',
  'module' => 
  array (
    0 => 'manager',
    1 => 'html',
    2 => NULL,
  ),
)
[ info ] [ HEADER ] array (
  'host' => '192.144.141.140',
  'user-agent' => 'Mozilla/5.0 zgrab/0.x',
  'accept' => '*/*',
  'accept-encoding' => 'gzip',
  'content-type' => '',
  'content-length' => '',
)
[ info ] [ PARAM ] array (
)
[ info ] [ LOG ] INIT File
---------------------------------------------------------------
[ 2020-01-28T03:29:27+08:00 ] 172.21.0.8 182.254.52.17 GET /admin/product/product_edit/goodsId/919.html
[ info ] ymx.ldkjmy.com/admin/product/product_edit/goodsId/919.html [运行时间：0.090046s][吞吐率：11.11req/s] [内存消耗：12,288.26kb] [文件加载：119]
[ info ] [ LANG ] /www/wwwroot/www.ldkjmy.com/aaaa/yamaxun/thinkphp/lang/zh-cn.php
[ info ] [ LANG ] /www/wwwroot/www.ldkjmy.com/aaaa/yamaxun/app/lang/zh-cn.php
[ info ] [ CACHE ] INIT File
[ info ] [ ROUTE ] array (
  'type' => 'module',
  'module' => 
  array (
    0 => 'admin',
    1 => 'product',
    2 => 'product_edit',
  ),
)
[ info ] [ HEADER ] array (
  'accept' => 'text/html,application/xhtml+xml,application/xml;q=0.9,*/*;q=0.8',
  'accept-encoding' => 'gzip',
  'host' => 'ymx.ldkjmy.com',
  'q-sub-business' => 'contentsecurity',
  'user-agent' => 'Go-http-client/1.1',
  'content-type' => '',
  'content-length' => '',
)
[ info ] [ PARAM ] array (
  'goodsId' => '919',
)
[ info ] [ SESSION ] INIT array (
  'id' => '',
  'var_session_id' => '',
  'prefix' => 'think',
  'type' => '',
  'auto_start' => true,
)
[ info ] [ DB ] INIT mysql
[ info ] [ BEHAVIOR ] Run app\common\behavior\WebLog @module_init [ RunTime:0.054886s ]
[ info ] [ BEHAVIOR ] Run app\admin\behavior\Cron @app_end [ RunTime:0.000648s ]
[ info ] [ LOG ] INIT File
[ sql ] [ DB ] CONNECT:[ UseTime:0.000324s ] mysql:dbname=www_ldkjmy_com;host=localhost;port=3306;charset=utf8
[ sql ] [ SQL ] SHOW COLUMNS FROM `yf_web_log` [ RunTime:0.000862s ]
[ sql ] [ SQL ] INSERT INTO `yf_web_log` (`uid` , `ip` , `location` , `os` , `browser` , `url` , `module` , `controller` , `action` , `method` , `data` , `otime`) VALUES (0 , '182.254.52.17' , '中国 广东 深圳 ' , '未知操作系统' , '未知浏览器()' , '/admin/product/product_edit/goodsId/919.html' , 'admin' , 'Product' , 'product_edit' , 'GET' , 'a:1:{s:7:\"goodsId\";s:3:\"919\";}' , 1580153367) [ RunTime:0.000438s ]
---------------------------------------------------------------
[ 2020-01-28T03:29:28+08:00 ] 172.21.0.8 182.254.52.17 GET /admin/login/login.html
[ info ] ymx.ldkjmy.com/admin/login/login.html [运行时间：0.093644s][吞吐率：10.68req/s] [内存消耗：12,358.42kb] [文件加载：122]
[ info ] [ LANG ] /www/wwwroot/www.ldkjmy.com/aaaa/yamaxun/thinkphp/lang/zh-cn.php
[ info ] [ LANG ] /www/wwwroot/www.ldkjmy.com/aaaa/yamaxun/app/lang/zh-cn.php
[ info ] [ CACHE ] INIT File
[ info ] [ ROUTE ] array (
  'type' => 'module',
  'module' => 
  array (
    0 => 'admin',
    1 => 'login',
    2 => 'login',
  ),
)
[ info ] [ HEADER ] array (
  'accept' => 'text/html,application/xhtml+xml,application/xml;q=0.9,*/*;q=0.8',
  'accept-encoding' => 'gzip',
  'cookie' => 'PHPSESSID=euu0if3tnli4vc3o88dcua82r6',
  'host' => 'ymx.ldkjmy.com',
  'q-sub-business' => 'contentsecurity',
  'referer' => 'http://ymx.ldkjmy.com/admin/product/product_edit/goodsId/919.html',
  'user-agent' => 'Go-http-client/1.1',
  'content-type' => '',
  'content-length' => '',
)
[ info ] [ PARAM ] array (
)
[ info ] [ SESSION ] INIT array (
  'id' => '',
  'var_session_id' => '',
  'prefix' => 'think',
  'type' => '',
  'auto_start' => true,
)
[ info ] [ DB ] INIT mysql
[ info ] [ BEHAVIOR ] Run app\common\behavior\WebLog @module_init [ RunTime:0.057812s ]
[ info ] [ BEHAVIOR ] Run Closure @action_begin [ RunTime:0.001592s ]
[ info ] [ RUN ] app\admin\controller\Login->login[ /www/wwwroot/www.ldkjmy.com/aaaa/yamaxun/app/admin/controller/Login.php ]
[ info ] [ VIEW ] /www/wwwroot/www.ldkjmy.com/aaaa/yamaxun/app/admin/view/login/login.html [ array (
  0 => 'lang',
) ]
[ info ] [ BEHAVIOR ] Run app\admin\behavior\Cron @app_end [ RunTime:0.000674s ]
[ info ] [ LOG ] INIT File
[ sql ] [ DB ] CONNECT:[ UseTime:0.000333s ] mysql:dbname=www_ldkjmy_com;host=localhost;port=3306;charset=utf8
[ sql ] [ SQL ] SHOW COLUMNS FROM `yf_web_log` [ RunTime:0.000893s ]
[ sql ] [ SQL ] INSERT INTO `yf_web_log` (`uid` , `ip` , `location` , `os` , `browser` , `url` , `module` , `controller` , `action` , `method` , `data` , `otime`) VALUES (0 , '182.254.52.17' , '中国 广东 深圳 ' , '未知操作系统' , '未知浏览器()' , '/admin/login/login.html' , 'admin' , 'Login' , 'login' , 'GET' , 'a:0:{}' , 1580153368) [ RunTime:0.000475s ]
---------------------------------------------------------------
[ 2020-01-28T04:01:36+08:00 ] 172.21.0.8 116.128.128.41 GET /admin/login/login.html
[ info ] ymx.ldkjmy.com/admin/login/login.html [运行时间：0.091917s][吞吐率：10.88req/s] [内存消耗：12,357.20kb] [文件加载：122]
[ info ] [ LANG ] /www/wwwroot/www.ldkjmy.com/aaaa/yamaxun/thinkphp/lang/zh-cn.php
[ info ] [ LANG ] /www/wwwroot/www.ldkjmy.com/aaaa/yamaxun/app/lang/zh-cn.php
[ info ] [ CACHE ] INIT File
[ info ] [ ROUTE ] array (
  'type' => 'module',
  'module' => 
  array (
    0 => 'admin',
    1 => 'login',
    2 => 'login',
  ),
)
[ info ] [ HEADER ] array (
  'accept' => 'text/html,application/xhtml+xml,application/xml;q=0.9,*/*;q=0.8',
  'accept-encoding' => 'gzip',
  'host' => 'ymx.ldkjmy.com',
  'q-sub-business' => 'contentsecurity',
  'user-agent' => 'Go-http-client/1.1',
  'content-type' => '',
  'content-length' => '',
)
[ info ] [ PARAM ] array (
)
[ info ] [ SESSION ] INIT array (
  'id' => '',
  'var_session_id' => '',
  'prefix' => 'think',
  'type' => '',
  'auto_start' => true,
)
[ info ] [ DB ] INIT mysql
[ info ] [ BEHAVIOR ] Run app\common\behavior\WebLog @module_init [ RunTime:0.055540s ]
[ info ] [ BEHAVIOR ] Run Closure @action_begin [ RunTime:0.001635s ]
[ info ] [ RUN ] app\admin\controller\Login->login[ /www/wwwroot/www.ldkjmy.com/aaaa/yamaxun/app/admin/controller/Login.php ]
[ info ] [ VIEW ] /www/wwwroot/www.ldkjmy.com/aaaa/yamaxun/app/admin/view/login/login.html [ array (
  0 => 'lang',
) ]
[ info ] [ BEHAVIOR ] Run app\admin\behavior\Cron @app_end [ RunTime:0.000643s ]
[ info ] [ LOG ] INIT File
[ sql ] [ DB ] CONNECT:[ UseTime:0.000345s ] mysql:dbname=www_ldkjmy_com;host=localhost;port=3306;charset=utf8
[ sql ] [ SQL ] SHOW COLUMNS FROM `yf_web_log` [ RunTime:0.000957s ]
[ sql ] [ SQL ] INSERT INTO `yf_web_log` (`uid` , `ip` , `location` , `os` , `browser` , `url` , `module` , `controller` , `action` , `method` , `data` , `otime`) VALUES (0 , '116.128.128.41' , '中国 中国  ' , '未知操作系统' , '未知浏览器()' , '/admin/login/login.html' , 'admin' , 'Login' , 'login' , 'GET' , 'a:0:{}' , 1580155296) [ RunTime:0.000572s ]
---------------------------------------------------------------
[ 2020-01-28T05:12:58+08:00 ] 172.21.0.8 149.140.211.163 GET /
[ info ] 192.144.141.140:80/ [运行时间：0.063783s][吞吐率：15.68req/s] [内存消耗：7,505.12kb] [文件加载：91]
[ info ] [ LANG ] /www/wwwroot/www.ldkjmy.com/aaaa/yamaxun/thinkphp/lang/zh-cn.php
[ info ] [ LANG ] /www/wwwroot/www.ldkjmy.com/aaaa/yamaxun/app/lang/zh-cn.php
[ info ] [ CACHE ] INIT File
[ info ] [ ROUTE ] array (
  'type' => 'module',
  'module' => 
  array (
    0 => 'home',
    1 => 'Index',
    2 => 'index',
  ),
  'convert' => false,
)
[ info ] [ HEADER ] array (
  'host' => '192.144.141.140:80',
  'user-agent' => 'Mozilla/5.0 (Windows NT 6.1; WOW64) AppleWebKit/537.36 (KHTML, like Gecko) Chrome/51.0.2704.103 Safari/537.36',
  'content-length' => '0',
  'content-type' => '',
)
[ info ] [ PARAM ] array (
)
[ info ] [ LANG ] /www/wwwroot/www.ldkjmy.com/aaaa/yamaxun/app/home/lang/zh-cn.php
[ info ] [ SESSION ] INIT array (
  'id' => '',
  'var_session_id' => '',
  'prefix' => 'think',
  'type' => '',
  'auto_start' => true,
)
[ info ] [ DB ] INIT mysql
[ info ] [ BEHAVIOR ] Run app\common\behavior\WebLog @module_init [ RunTime:0.025112s ]
[ info ] [ BEHAVIOR ] Run Closure @action_begin [ RunTime:0.001549s ]
[ info ] [ RUN ] app\home\controller\Index->index[ /www/wwwroot/www.ldkjmy.com/aaaa/yamaxun/app/home/controller/Index.php ]
[ info ] [ BEHAVIOR ] Run app\admin\behavior\Cron @app_end [ RunTime:0.000648s ]
[ info ] [ LOG ] INIT File
[ sql ] [ DB ] CONNECT:[ UseTime:0.001358s ] mysql:dbname=www_ldkjmy_com;host=localhost;port=3306;charset=utf8
[ sql ] [ SQL ] SHOW COLUMNS FROM `yf_web_log` [ RunTime:0.001129s ]
[ sql ] [ SQL ] INSERT INTO `yf_web_log` (`uid` , `ip` , `location` , `os` , `browser` , `url` , `module` , `controller` , `action` , `method` , `data` , `otime`) VALUES (0 , '149.140.211.163' , '土耳其 土耳其  ' , 'Windows 7' , 'Chrome(51.0.2704.103)' , '/' , 'home' , 'Index' , 'index' , 'GET' , 'a:0:{}' , 1580159578) [ RunTime:0.000663s ]
---------------------------------------------------------------
[ 2020-01-28T07:26:15+08:00 ] 172.21.0.8 201.238.154.43 GET /
[ info ] 192.144.141.140/ [运行时间：0.063020s][吞吐率：15.87req/s] [内存消耗：7,505.24kb] [文件加载：91]
[ info ] [ LANG ] /www/wwwroot/www.ldkjmy.com/aaaa/yamaxun/thinkphp/lang/zh-cn.php
[ info ] [ LANG ] /www/wwwroot/www.ldkjmy.com/aaaa/yamaxun/app/lang/zh-cn.php
[ info ] [ CACHE ] INIT File
[ info ] [ ROUTE ] array (
  'type' => 'module',
  'module' => 
  array (
    0 => 'home',
    1 => 'Index',
    2 => 'index',
  ),
  'convert' => false,
)
[ info ] [ HEADER ] array (
  'user-agent' => 'Mozilla/5.0 (Windows NT 10.0; WOW64) AppleWebKit/537.36 (KHTML, like Gecko) Chrome/51.0.2704.103 Safari/537.36',
  'host' => '192.144.141.140',
  'content-type' => '',
  'content-length' => '',
)
[ info ] [ PARAM ] array (
)
[ info ] [ LANG ] /www/wwwroot/www.ldkjmy.com/aaaa/yamaxun/app/home/lang/zh-cn.php
[ info ] [ SESSION ] INIT array (
  'id' => '',
  'var_session_id' => '',
  'prefix' => 'think',
  'type' => '',
  'auto_start' => true,
)
[ info ] [ DB ] INIT mysql
[ info ] [ BEHAVIOR ] Run app\common\behavior\WebLog @module_init [ RunTime:0.022937s ]
[ info ] [ BEHAVIOR ] Run Closure @action_begin [ RunTime:0.001807s ]
[ info ] [ RUN ] app\home\controller\Index->index[ /www/wwwroot/www.ldkjmy.com/aaaa/yamaxun/app/home/controller/Index.php ]
[ info ] [ BEHAVIOR ] Run app\admin\behavior\Cron @app_end [ RunTime:0.000651s ]
[ info ] [ LOG ] INIT File
[ sql ] [ DB ] CONNECT:[ UseTime:0.000338s ] mysql:dbname=www_ldkjmy_com;host=localhost;port=3306;charset=utf8
[ sql ] [ SQL ] SHOW COLUMNS FROM `yf_web_log` [ RunTime:0.001179s ]
[ sql ] [ SQL ] INSERT INTO `yf_web_log` (`uid` , `ip` , `location` , `os` , `browser` , `url` , `module` , `controller` , `action` , `method` , `data` , `otime`) VALUES (0 , '201.238.154.43' , '厄瓜多尔 厄瓜多尔  ' , 'Windows 10' , 'Chrome(51.0.2704.103)' , '/' , 'home' , 'Index' , 'index' , 'GET' , 'a:0:{}' , 1580167575) [ RunTime:0.000526s ]
---------------------------------------------------------------
[ 2020-01-28T08:34:29+08:00 ] 172.21.0.8 169.197.108.38 GET /Telerik.Web.UI.WebResource.axd?type=rau
[ info ] 192.144.141.140/Telerik.Web.UI.WebResource.axd?type=rau [运行时间：0.026380s][吞吐率：37.91req/s] [内存消耗：2,440.16kb] [文件加载：52]
[ info ] [ LANG ] /www/wwwroot/www.ldkjmy.com/aaaa/yamaxun/thinkphp/lang/zh-cn.php
[ info ] [ LANG ] /www/wwwroot/www.ldkjmy.com/aaaa/yamaxun/app/lang/zh-cn.php
[ info ] [ CACHE ] INIT File
[ info ] [ ROUTE ] array (
  'type' => 'module',
  'module' => 
  array (
    0 => 'Telerik.Web.UI.WebResource.axd',
    1 => NULL,
    2 => NULL,
  ),
)
[ info ] [ HEADER ] array (
  'host' => '192.144.141.140',
  'user-agent' => 'Mozilla/5.0 (Windows NT 10.0; Win64; x64) AppleWebKit/537.36 (KHTML, like Gecko) Chrome/60.0.3112.113 Safari/537.36',
  'accept' => '*/*',
  'accept-encoding' => 'gzip',
  'content-type' => '',
  'content-length' => '',
)
[ info ] [ PARAM ] array (
  'type' => 'rau',
)
[ info ] [ LOG ] INIT File
---------------------------------------------------------------
[ 2020-01-28T08:45:41+08:00 ] 172.21.0.8 96.9.78.47 GET /
[ info ] 192.144.141.140:80/ [运行时间：0.066109s][吞吐率：15.13req/s] [内存消耗：7,505.07kb] [文件加载：91]
[ info ] [ LANG ] /www/wwwroot/www.ldkjmy.com/aaaa/yamaxun/thinkphp/lang/zh-cn.php
[ info ] [ LANG ] /www/wwwroot/www.ldkjmy.com/aaaa/yamaxun/app/lang/zh-cn.php
[ info ] [ CACHE ] INIT File
[ info ] [ ROUTE ] array (
  'type' => 'module',
  'module' => 
  array (
    0 => 'home',
    1 => 'Index',
    2 => 'index',
  ),
  'convert' => false,
)
[ info ] [ HEADER ] array (
  'host' => '192.144.141.140:80',
  'user-agent' => 'Mozilla/5.0 (Windows NT 6.1; WOW64) AppleWebKit/537.36 (KHTML, like Gecko) Chrome/52.0.2743.116 Safari/537.36',
  'content-length' => '0',
  'content-type' => '',
)
[ info ] [ PARAM ] array (
)
[ info ] [ LANG ] /www/wwwroot/www.ldkjmy.com/aaaa/yamaxun/app/home/lang/zh-cn.php
[ info ] [ SESSION ] INIT array (
  'id' => '',
  'var_session_id' => '',
  'prefix' => 'think',
  'type' => '',
  'auto_start' => true,
)
[ info ] [ DB ] INIT mysql
[ info ] [ BEHAVIOR ] Run app\common\behavior\WebLog @module_init [ RunTime:0.021925s ]
[ info ] [ BEHAVIOR ] Run Closure @action_begin [ RunTime:0.002286s ]
[ info ] [ RUN ] app\home\controller\Index->index[ /www/wwwroot/www.ldkjmy.com/aaaa/yamaxun/app/home/controller/Index.php ]
[ info ] [ BEHAVIOR ] Run app\admin\behavior\Cron @app_end [ RunTime:0.000876s ]
[ info ] [ LOG ] INIT File
[ sql ] [ DB ] CONNECT:[ UseTime:0.000381s ] mysql:dbname=www_ldkjmy_com;host=localhost;port=3306;charset=utf8
[ sql ] [ SQL ] SHOW COLUMNS FROM `yf_web_log` [ RunTime:0.001199s ]
[ sql ] [ SQL ] INSERT INTO `yf_web_log` (`uid` , `ip` , `location` , `os` , `browser` , `url` , `module` , `controller` , `action` , `method` , `data` , `otime`) VALUES (0 , '96.9.78.47' , '柬埔寨 柬埔寨  ' , 'Windows 7' , 'Chrome(52.0.2743.116)' , '/' , 'home' , 'Index' , 'index' , 'GET' , 'a:0:{}' , 1580172341) [ RunTime:0.000674s ]
---------------------------------------------------------------
[ 2020-01-28T11:11:35+08:00 ] 172.21.0.8 52.152.241.185 GET /
[ info ] 192.144.141.140/ [运行时间：0.067192s][吞吐率：14.88req/s] [内存消耗：7,505.56kb] [文件加载：91]
[ info ] [ LANG ] /www/wwwroot/www.ldkjmy.com/aaaa/yamaxun/thinkphp/lang/zh-cn.php
[ info ] [ LANG ] /www/wwwroot/www.ldkjmy.com/aaaa/yamaxun/app/lang/zh-cn.php
[ info ] [ CACHE ] INIT File
[ info ] [ ROUTE ] array (
  'type' => 'module',
  'module' => 
  array (
    0 => 'home',
    1 => 'Index',
    2 => 'index',
  ),
  'convert' => false,
)
[ info ] [ HEADER ] array (
  'host' => '192.144.141.140',
  'user-agent' => 'Mozilla/5.0 zgrab/0.x',
  'accept' => '*/*',
  'accept-encoding' => 'gzip',
  'content-type' => '',
  'content-length' => '',
)
[ info ] [ PARAM ] array (
)
[ info ] [ LANG ] /www/wwwroot/www.ldkjmy.com/aaaa/yamaxun/app/home/lang/zh-cn.php
[ info ] [ SESSION ] INIT array (
  'id' => '',
  'var_session_id' => '',
  'prefix' => 'think',
  'type' => '',
  'auto_start' => true,
)
[ info ] [ DB ] INIT mysql
[ info ] [ BEHAVIOR ] Run app\common\behavior\WebLog @module_init [ RunTime:0.023567s ]
[ info ] [ BEHAVIOR ] Run Closure @action_begin [ RunTime:0.002252s ]
[ info ] [ RUN ] app\home\controller\Index->index[ /www/wwwroot/www.ldkjmy.com/aaaa/yamaxun/app/home/controller/Index.php ]
[ info ] [ BEHAVIOR ] Run app\admin\behavior\Cron @app_end [ RunTime:0.000886s ]
[ info ] [ LOG ] INIT File
[ sql ] [ DB ] CONNECT:[ UseTime:0.000443s ] mysql:dbname=www_ldkjmy_com;host=localhost;port=3306;charset=utf8
[ sql ] [ SQL ] SHOW COLUMNS FROM `yf_web_log` [ RunTime:0.001206s ]
[ sql ] [ SQL ] INSERT INTO `yf_web_log` (`uid` , `ip` , `location` , `os` , `browser` , `url` , `module` , `controller` , `action` , `method` , `data` , `otime`) VALUES (0 , '52.152.241.185' , '美国 美国  ' , '未知操作系统' , '未知浏览器()' , '/' , 'home' , 'Index' , 'index' , 'GET' , 'a:0:{}' , 1580181095) [ RunTime:0.000698s ]
---------------------------------------------------------------
[ 2020-01-28T11:41:24+08:00 ] 172.21.0.8 138.197.174.244 GET /index.php
[ info ] 192.144.141.140/index.php [运行时间：0.047835s][吞吐率：20.91req/s] [内存消耗：6,580.39kb] [文件加载：86]
[ info ] [ LANG ] /www/wwwroot/www.ldkjmy.com/aaaa/yamaxun/app/lang/en-us.php
[ info ] [ CACHE ] INIT File
[ info ] [ ROUTE ] array (
  'type' => 'module',
  'module' => 
  array (
    0 => 'home',
    1 => 'Index',
    2 => 'index',
  ),
  'convert' => false,
)
[ info ] [ HEADER ] array (
  'host' => '192.144.141.140',
  'connection' => 'keep-alive',
  'cache-control' => 'max-age=0User-Agent: Mozilla/5.0 (Windows NT 6.1; WOW64; rv:54.0) Gecko/20100101 Firefox/54.0',
  'accept' => 'text/html,application/xhtml+xml,application/xml;q=0.9,image/webp,image/apng,*/*;q=0.8,application/signed-exchange;v=b3',
  'accept-language' => 'en-US,en;q=0.9',
  'content-type' => '',
  'content-length' => '',
)
[ info ] [ PARAM ] array (
)
[ info ] [ LANG ] /www/wwwroot/www.ldkjmy.com/aaaa/yamaxun/app/home/lang/en-us.php
[ info ] [ SESSION ] INIT array (
  'id' => '',
  'var_session_id' => '',
  'prefix' => 'think',
  'type' => '',
  'auto_start' => true,
)
[ info ] [ BEHAVIOR ] Run app\common\behavior\WebLog @module_init [ RunTime:0.013705s ]
[ info ] [ BEHAVIOR ] Run Closure @action_begin [ RunTime:0.001634s ]
[ info ] [ RUN ] app\home\controller\Index->index[ /www/wwwroot/www.ldkjmy.com/aaaa/yamaxun/app/home/controller/Index.php ]
[ info ] [ BEHAVIOR ] Run app\admin\behavior\Cron @app_end [ RunTime:0.000607s ]
[ info ] [ LOG ] INIT File
---------------------------------------------------------------
[ 2020-01-28T12:29:31+08:00 ] 172.21.0.8 101.89.19.140 GET //showcase.action
[ info ] 192.144.141.140//showcase.action [运行时间：0.029573s][吞吐率：33.81req/s] [内存消耗：2,441.86kb] [文件加载：52]
[ info ] [ LANG ] /www/wwwroot/www.ldkjmy.com/aaaa/yamaxun/thinkphp/lang/zh-cn.php
[ info ] [ LANG ] /www/wwwroot/www.ldkjmy.com/aaaa/yamaxun/app/lang/zh-cn.php
[ info ] [ CACHE ] INIT File
[ info ] [ ROUTE ] array (
  'type' => 'module',
  'module' => 
  array (
    0 => 'showcase.action',
    1 => NULL,
    2 => NULL,
  ),
)
[ info ] [ HEADER ] array (
  'accept' => 'text/html,application/xhtml+xml,application/xml;q=0.9,*/*;q=0.8',
  'accept-encoding' => 'gzip',
  'connection' => 'keep-alive',
  'host' => '192.144.141.140',
  'q-sub-business' => 'contentsecurity',
  'user-agent' => 'Mozilla/5.0 (Windows NT 6.1; WOW64; rv:57.0) Gecko/20100101 Firefox/57.0',
  'x-forwarded-for' => '10.10.0.1',
  'x-ngn-network' => 'intranet',
  'x-real-ip' => '10.10.0.1',
  'x-rio-seq' => '13021c0a:016e00f7b32b:0ce9a0',
  'x-sg-ip-chain' => '10.28.2.19,9.19.161.67',
  'content-type' => '',
  'content-length' => '',
)
[ info ] [ PARAM ] array (
)
[ info ] [ LOG ] INIT File
---------------------------------------------------------------
[ 2020-01-28T12:57:03+08:00 ] 172.21.0.8 59.36.132.240 GET //showAnouncement.action
[ info ] 192.144.141.140//showAnouncement.action [运行时间：0.040197s][吞吐率：24.88req/s] [内存消耗：2,439.70kb] [文件加载：52]
[ info ] [ LANG ] /www/wwwroot/www.ldkjmy.com/aaaa/yamaxun/thinkphp/lang/zh-cn.php
[ info ] [ LANG ] /www/wwwroot/www.ldkjmy.com/aaaa/yamaxun/app/lang/zh-cn.php
[ info ] [ CACHE ] INIT File
[ info ] [ ROUTE ] array (
  'type' => 'module',
  'module' => 
  array (
    0 => 'showAnouncement.action',
    1 => NULL,
    2 => NULL,
  ),
)
[ info ] [ HEADER ] array (
  'accept' => 'text/html,application/xhtml+xml,application/xml;q=0.9,*/*;q=0.8',
  'accept-encoding' => 'gzip',
  'host' => '192.144.141.140',
  'q-sub-business' => 'contentsecurity',
  'user-agent' => 'Go-http-client/1.1',
  'content-type' => '',
  'content-length' => '',
)
[ info ] [ PARAM ] array (
)
[ info ] [ LOG ] INIT File
---------------------------------------------------------------
[ 2020-01-28T13:36:41+08:00 ] 172.21.0.8 107.6.183.162 GET /
[ info ] 192.144.141.140/ [运行时间：0.059903s][吞吐率：16.69req/s] [内存消耗：7,505.66kb] [文件加载：91]
[ info ] [ LANG ] /www/wwwroot/www.ldkjmy.com/aaaa/yamaxun/thinkphp/lang/zh-cn.php
[ info ] [ LANG ] /www/wwwroot/www.ldkjmy.com/aaaa/yamaxun/app/lang/zh-cn.php
[ info ] [ CACHE ] INIT File
[ info ] [ ROUTE ] array (
  'type' => 'module',
  'module' => 
  array (
    0 => 'home',
    1 => 'Index',
    2 => 'index',
  ),
  'convert' => false,
)
[ info ] [ HEADER ] array (
  'host' => '192.144.141.140',
  'user-agent' => 'Mozilla/5.0 (Windows NT 10.0; WOW64) AppleWebKit/537.36 (KHTML, like Gecko) Chrome/66.0.3359.117 Safari/537.36',
  'accept' => '*/*',
  'accept-encoding' => 'gzip',
  'content-type' => '',
  'content-length' => '',
)
[ info ] [ PARAM ] array (
)
[ info ] [ LANG ] /www/wwwroot/www.ldkjmy.com/aaaa/yamaxun/app/home/lang/zh-cn.php
[ info ] [ SESSION ] INIT array (
  'id' => '',
  'var_session_id' => '',
  'prefix' => 'think',
  'type' => '',
  'auto_start' => true,
)
[ info ] [ DB ] INIT mysql
[ info ] [ BEHAVIOR ] Run app\common\behavior\WebLog @module_init [ RunTime:0.021844s ]
[ info ] [ BEHAVIOR ] Run Closure @action_begin [ RunTime:0.001758s ]
[ info ] [ RUN ] app\home\controller\Index->index[ /www/wwwroot/www.ldkjmy.com/aaaa/yamaxun/app/home/controller/Index.php ]
[ info ] [ BEHAVIOR ] Run app\admin\behavior\Cron @app_end [ RunTime:0.000663s ]
[ info ] [ LOG ] INIT File
[ sql ] [ DB ] CONNECT:[ UseTime:0.000294s ] mysql:dbname=www_ldkjmy_com;host=localhost;port=3306;charset=utf8
[ sql ] [ SQL ] SHOW COLUMNS FROM `yf_web_log` [ RunTime:0.000900s ]
[ sql ] [ SQL ] INSERT INTO `yf_web_log` (`uid` , `ip` , `location` , `os` , `browser` , `url` , `module` , `controller` , `action` , `method` , `data` , `otime`) VALUES (0 , '107.6.183.162' , '荷兰 荷兰  ' , 'Windows 10' , 'Chrome(66.0.3359.117)' , '/' , 'home' , 'Index' , 'index' , 'GET' , 'a:0:{}' , 1580189801) [ RunTime:0.000498s ]
---------------------------------------------------------------
[ 2020-01-28T14:47:58+08:00 ] 172.21.0.8 192.144.130.54 GET /
[ info ] 192.144.141.140/ [运行时间：0.061951s][吞吐率：16.14req/s] [内存消耗：7,505.44kb] [文件加载：91]
[ info ] [ LANG ] /www/wwwroot/www.ldkjmy.com/aaaa/yamaxun/thinkphp/lang/zh-cn.php
[ info ] [ LANG ] /www/wwwroot/www.ldkjmy.com/aaaa/yamaxun/app/lang/zh-cn.php
[ info ] [ CACHE ] INIT File
[ info ] [ ROUTE ] array (
  'type' => 'module',
  'module' => 
  array (
    0 => 'home',
    1 => 'Index',
    2 => 'index',
  ),
  'convert' => false,
)
[ info ] [ HEADER ] array (
  'content-type' => 'application/x-www-form-urlencoded',
  'user-agent' => 'Mozilla/5.0 (Windows NT 6.1; Win64; x64; rv:31.0) Gecko/20100101 Firefox/31.0',
  'host' => '192.144.141.140',
  'connection' => 'Keep-Alive',
  'cache-control' => 'no-cache',
  'content-length' => '',
)
[ info ] [ PARAM ] array (
)
[ info ] [ LANG ] /www/wwwroot/www.ldkjmy.com/aaaa/yamaxun/app/home/lang/zh-cn.php
[ info ] [ SESSION ] INIT array (
  'id' => '',
  'var_session_id' => '',
  'prefix' => 'think',
  'type' => '',
  'auto_start' => true,
)
[ info ] [ DB ] INIT mysql
[ info ] [ BEHAVIOR ] Run app\common\behavior\WebLog @module_init [ RunTime:0.024265s ]
[ info ] [ BEHAVIOR ] Run Closure @action_begin [ RunTime:0.001464s ]
[ info ] [ RUN ] app\home\controller\Index->index[ /www/wwwroot/www.ldkjmy.com/aaaa/yamaxun/app/home/controller/Index.php ]
[ info ] [ BEHAVIOR ] Run app\admin\behavior\Cron @app_end [ RunTime:0.000672s ]
[ info ] [ LOG ] INIT File
[ sql ] [ DB ] CONNECT:[ UseTime:0.000370s ] mysql:dbname=www_ldkjmy_com;host=localhost;port=3306;charset=utf8
[ sql ] [ SQL ] SHOW COLUMNS FROM `yf_web_log` [ RunTime:0.001239s ]
[ sql ] [ SQL ] INSERT INTO `yf_web_log` (`uid` , `ip` , `location` , `os` , `browser` , `url` , `module` , `controller` , `action` , `method` , `data` , `otime`) VALUES (0 , '192.144.130.54' , '美国 美国  ' , 'Windows 7' , 'Firefox(31.0)' , '/' , 'home' , 'Index' , 'index' , 'GET' , 'a:0:{}' , 1580194078) [ RunTime:0.000510s ]
---------------------------------------------------------------
[ 2020-01-28T15:22:08+08:00 ] 172.21.0.8 80.245.106.118 GET /
[ info ] 192.144.141.140/ [运行时间：0.062969s][吞吐率：15.88req/s] [内存消耗：7,505.84kb] [文件加载：91]
[ info ] [ LANG ] /www/wwwroot/www.ldkjmy.com/aaaa/yamaxun/thinkphp/lang/zh-cn.php
[ info ] [ LANG ] /www/wwwroot/www.ldkjmy.com/aaaa/yamaxun/app/lang/zh-cn.php
[ info ] [ CACHE ] INIT File
[ info ] [ ROUTE ] array (
  'type' => 'module',
  'module' => 
  array (
    0 => 'home',
    1 => 'Index',
    2 => 'index',
  ),
  'convert' => false,
)
[ info ] [ HEADER ] array (
  'content-type' => 'application/x-www-form-urlencoded',
  'user-agent' => 'Mozilla/5.0 (Windows NT 6.1) AppleWebKit/537.36 (KHTML, like Gecko) Chrome/66.0.3359.139 Safari/537.36',
  'host' => '192.144.141.140',
  'connection' => 'Keep-Alive',
  'cache-control' => 'no-cache',
  'content-length' => '',
)
[ info ] [ PARAM ] array (
)
[ info ] [ LANG ] /www/wwwroot/www.ldkjmy.com/aaaa/yamaxun/app/home/lang/zh-cn.php
[ info ] [ SESSION ] INIT array (
  'id' => '',
  'var_session_id' => '',
  'prefix' => 'think',
  'type' => '',
  'auto_start' => true,
)
[ info ] [ DB ] INIT mysql
[ info ] [ BEHAVIOR ] Run app\common\behavior\WebLog @module_init [ RunTime:0.022990s ]
[ info ] [ BEHAVIOR ] Run Closure @action_begin [ RunTime:0.001949s ]
[ info ] [ RUN ] app\home\controller\Index->index[ /www/wwwroot/www.ldkjmy.com/aaaa/yamaxun/app/home/controller/Index.php ]
[ info ] [ BEHAVIOR ] Run app\admin\behavior\Cron @app_end [ RunTime:0.000685s ]
[ info ] [ LOG ] INIT File
[ sql ] [ DB ] CONNECT:[ UseTime:0.000402s ] mysql:dbname=www_ldkjmy_com;host=localhost;port=3306;charset=utf8
[ sql ] [ SQL ] SHOW COLUMNS FROM `yf_web_log` [ RunTime:0.000977s ]
[ sql ] [ SQL ] INSERT INTO `yf_web_log` (`uid` , `ip` , `location` , `os` , `browser` , `url` , `module` , `controller` , `action` , `method` , `data` , `otime`) VALUES (0 , '80.245.106.118' , '俄罗斯 俄罗斯  ' , 'Windows 7' , 'Chrome(66.0.3359.139)' , '/' , 'home' , 'Index' , 'index' , 'GET' , 'a:0:{}' , 1580196128) [ RunTime:0.000510s ]
---------------------------------------------------------------
[ 2020-01-28T15:34:52+08:00 ] 172.21.0.8 185.84.85.174 GET /
[ info ] 192.144.141.140:80/ [运行时间：0.065247s][吞吐率：15.33req/s] [内存消耗：7,504.85kb] [文件加载：91]
[ info ] [ LANG ] /www/wwwroot/www.ldkjmy.com/aaaa/yamaxun/thinkphp/lang/zh-cn.php
[ info ] [ LANG ] /www/wwwroot/www.ldkjmy.com/aaaa/yamaxun/app/lang/zh-cn.php
[ info ] [ CACHE ] INIT File
[ info ] [ ROUTE ] array (
  'type' => 'module',
  'module' => 
  array (
    0 => 'home',
    1 => 'Index',
    2 => 'index',
  ),
  'convert' => false,
)
[ info ] [ HEADER ] array (
  'host' => '192.144.141.140:80',
  'user-agent' => 'Mozilla/5.0 (Macintosh; Intel Mac OS X 10_11_6) AppleWebKit/601.7.7 (KHTML, like Gecko) Version/9.1.2 Safari/601.7.7',
  'content-length' => '0',
  'content-type' => '',
)
[ info ] [ PARAM ] array (
)
[ info ] [ LANG ] /www/wwwroot/www.ldkjmy.com/aaaa/yamaxun/app/home/lang/zh-cn.php
[ info ] [ SESSION ] INIT array (
  'id' => '',
  'var_session_id' => '',
  'prefix' => 'think',
  'type' => '',
  'auto_start' => true,
)
[ info ] [ DB ] INIT mysql
[ info ] [ BEHAVIOR ] Run app\common\behavior\WebLog @module_init [ RunTime:0.024524s ]
[ info ] [ BEHAVIOR ] Run Closure @action_begin [ RunTime:0.002248s ]
[ info ] [ RUN ] app\home\controller\Index->index[ /www/wwwroot/www.ldkjmy.com/aaaa/yamaxun/app/home/controller/Index.php ]
[ info ] [ BEHAVIOR ] Run app\admin\behavior\Cron @app_end [ RunTime:0.000619s ]
[ info ] [ LOG ] INIT File
[ sql ] [ DB ] CONNECT:[ UseTime:0.000353s ] mysql:dbname=www_ldkjmy_com;host=localhost;port=3306;charset=utf8
[ sql ] [ SQL ] SHOW COLUMNS FROM `yf_web_log` [ RunTime:0.001276s ]
[ sql ] [ SQL ] INSERT INTO `yf_web_log` (`uid` , `ip` , `location` , `os` , `browser` , `url` , `module` , `controller` , `action` , `method` , `data` , `otime`) VALUES (0 , '185.84.85.174' , '英国 英国  ' , 'Mac' , 'Safari(601.7.7)' , '/' , 'home' , 'Index' , 'index' , 'GET' , 'a:0:{}' , 1580196892) [ RunTime:0.000795s ]
---------------------------------------------------------------
[ 2020-01-28T16:23:15+08:00 ] 172.21.0.8 41.205.25.57 GET /
[ info ] 192.144.141.140:80/ [运行时间：0.059926s][吞吐率：16.69req/s] [内存消耗：7,505.12kb] [文件加载：91]
[ info ] [ LANG ] /www/wwwroot/www.ldkjmy.com/aaaa/yamaxun/thinkphp/lang/zh-cn.php
[ info ] [ LANG ] /www/wwwroot/www.ldkjmy.com/aaaa/yamaxun/app/lang/zh-cn.php
[ info ] [ CACHE ] INIT File
[ info ] [ ROUTE ] array (
  'type' => 'module',
  'module' => 
  array (
    0 => 'home',
    1 => 'Index',
    2 => 'index',
  ),
  'convert' => false,
)
[ info ] [ HEADER ] array (
  'host' => '192.144.141.140:80',
  'user-agent' => 'Mozilla/5.0 (Windows NT 10.0; WOW64) AppleWebKit/537.36 (KHTML, like Gecko) Chrome/51.0.2704.103 Safari/537.36',
  'content-length' => '0',
  'content-type' => '',
)
[ info ] [ PARAM ] array (
)
[ info ] [ LANG ] /www/wwwroot/www.ldkjmy.com/aaaa/yamaxun/app/home/lang/zh-cn.php
[ info ] [ SESSION ] INIT array (
  'id' => '',
  'var_session_id' => '',
  'prefix' => 'think',
  'type' => '',
  'auto_start' => true,
)
[ info ] [ DB ] INIT mysql
[ info ] [ BEHAVIOR ] Run app\common\behavior\WebLog @module_init [ RunTime:0.022128s ]
[ info ] [ BEHAVIOR ] Run Closure @action_begin [ RunTime:0.001650s ]
[ info ] [ RUN ] app\home\controller\Index->index[ /www/wwwroot/www.ldkjmy.com/aaaa/yamaxun/app/home/controller/Index.php ]
[ info ] [ BEHAVIOR ] Run app\admin\behavior\Cron @app_end [ RunTime:0.000663s ]
[ info ] [ LOG ] INIT File
[ sql ] [ DB ] CONNECT:[ UseTime:0.000346s ] mysql:dbname=www_ldkjmy_com;host=localhost;port=3306;charset=utf8
[ sql ] [ SQL ] SHOW COLUMNS FROM `yf_web_log` [ RunTime:0.001038s ]
[ sql ] [ SQL ] INSERT INTO `yf_web_log` (`uid` , `ip` , `location` , `os` , `browser` , `url` , `module` , `controller` , `action` , `method` , `data` , `otime`) VALUES (0 , '41.205.25.57' , '喀麦隆 喀麦隆  ' , 'Windows 10' , 'Chrome(51.0.2704.103)' , '/' , 'home' , 'Index' , 'index' , 'GET' , 'a:0:{}' , 1580199795) [ RunTime:0.000538s ]
---------------------------------------------------------------
[ 2020-01-28T17:40:34+08:00 ] 172.21.0.8 60.191.38.78 GET /
[ info ] 192.144.141.140:80/ [运行时间：0.072705s][吞吐率：13.75req/s] [内存消耗：7,505.38kb] [文件加载：91]
[ info ] [ LANG ] /www/wwwroot/www.ldkjmy.com/aaaa/yamaxun/thinkphp/lang/zh-cn.php
[ info ] [ LANG ] /www/wwwroot/www.ldkjmy.com/aaaa/yamaxun/app/lang/zh-cn.php
[ info ] [ CACHE ] INIT File
[ info ] [ ROUTE ] array (
  'type' => 'module',
  'module' => 
  array (
    0 => 'home',
    1 => 'Index',
    2 => 'index',
  ),
  'convert' => false,
)
[ info ] [ HEADER ] array (
  'host' => '192.144.141.140:80',
  'user-agent' => 'Mozilla/5.0 (Macintosh; Intel Mac OS X 10.11; rv:47.0) Gecko/20100101 Firefox/47.0',
  'accept' => '*/*',
  'connection' => 'keep-alive',
  'content-type' => '',
  'content-length' => '',
)
[ info ] [ PARAM ] array (
)
[ info ] [ LANG ] /www/wwwroot/www.ldkjmy.com/aaaa/yamaxun/app/home/lang/zh-cn.php
[ info ] [ SESSION ] INIT array (
  'id' => '',
  'var_session_id' => '',
  'prefix' => 'think',
  'type' => '',
  'auto_start' => true,
)
[ info ] [ DB ] INIT mysql
[ info ] [ BEHAVIOR ] Run app\common\behavior\WebLog @module_init [ RunTime:0.023087s ]
[ info ] [ BEHAVIOR ] Run Closure @action_begin [ RunTime:0.001886s ]
[ info ] [ RUN ] app\home\controller\Index->index[ /www/wwwroot/www.ldkjmy.com/aaaa/yamaxun/app/home/controller/Index.php ]
[ info ] [ BEHAVIOR ] Run app\admin\behavior\Cron @app_end [ RunTime:0.000660s ]
[ info ] [ LOG ] INIT File
[ sql ] [ DB ] CONNECT:[ UseTime:0.000378s ] mysql:dbname=www_ldkjmy_com;host=localhost;port=3306;charset=utf8
[ sql ] [ SQL ] SHOW COLUMNS FROM `yf_web_log` [ RunTime:0.000958s ]
[ sql ] [ SQL ] INSERT INTO `yf_web_log` (`uid` , `ip` , `location` , `os` , `browser` , `url` , `module` , `controller` , `action` , `method` , `data` , `otime`) VALUES (0 , '60.191.38.78' , '中国 浙江 杭州 ' , 'Mac' , 'Firefox(47.0)' , '/' , 'home' , 'Index' , 'index' , 'GET' , 'a:0:{}' , 1580204434) [ RunTime:0.000512s ]
---------------------------------------------------------------
[ 2020-01-28T18:47:25+08:00 ] 172.21.0.8 182.254.52.17 GET /
[ info ] 192.144.141.140/ [运行时间：0.063414s][吞吐率：15.77req/s] [内存消耗：7,505.32kb] [文件加载：91]
[ info ] [ LANG ] /www/wwwroot/www.ldkjmy.com/aaaa/yamaxun/thinkphp/lang/zh-cn.php
[ info ] [ LANG ] /www/wwwroot/www.ldkjmy.com/aaaa/yamaxun/app/lang/zh-cn.php
[ info ] [ CACHE ] INIT File
[ info ] [ ROUTE ] array (
  'type' => 'module',
  'module' => 
  array (
    0 => 'home',
    1 => 'Index',
    2 => 'index',
  ),
  'convert' => false,
)
[ info ] [ HEADER ] array (
  'accept' => 'text/html,application/xhtml+xml,application/xml;q=0.9,*/*;q=0.8',
  'accept-encoding' => 'gzip',
  'host' => '192.144.141.140',
  'q-sub-business' => 'contentsecurity',
  'user-agent' => 'Go-http-client/1.1',
  'content-type' => '',
  'content-length' => '',
)
[ info ] [ PARAM ] array (
)
[ info ] [ LANG ] /www/wwwroot/www.ldkjmy.com/aaaa/yamaxun/app/home/lang/zh-cn.php
[ info ] [ SESSION ] INIT array (
  'id' => '',
  'var_session_id' => '',
  'prefix' => 'think',
  'type' => '',
  'auto_start' => true,
)
[ info ] [ DB ] INIT mysql
[ info ] [ BEHAVIOR ] Run app\common\behavior\WebLog @module_init [ RunTime:0.023891s ]
[ info ] [ BEHAVIOR ] Run Closure @action_begin [ RunTime:0.002288s ]
[ info ] [ RUN ] app\home\controller\Index->index[ /www/wwwroot/www.ldkjmy.com/aaaa/yamaxun/app/home/controller/Index.php ]
[ info ] [ BEHAVIOR ] Run app\admin\behavior\Cron @app_end [ RunTime:0.000931s ]
[ info ] [ LOG ] INIT File
[ sql ] [ DB ] CONNECT:[ UseTime:0.000382s ] mysql:dbname=www_ldkjmy_com;host=localhost;port=3306;charset=utf8
[ sql ] [ SQL ] SHOW COLUMNS FROM `yf_web_log` [ RunTime:0.001225s ]
[ sql ] [ SQL ] INSERT INTO `yf_web_log` (`uid` , `ip` , `location` , `os` , `browser` , `url` , `module` , `controller` , `action` , `method` , `data` , `otime`) VALUES (0 , '182.254.52.17' , '中国 广东 深圳 ' , '未知操作系统' , '未知浏览器()' , '/' , 'home' , 'Index' , 'index' , 'GET' , 'a:0:{}' , 1580208445) [ RunTime:0.000706s ]
---------------------------------------------------------------
[ 2020-01-28T18:48:05+08:00 ] 172.21.0.8 61.241.50.63 GET /admin/login/login.html
[ info ] ymx.ldkjmy.com/admin/login/login.html [运行时间：0.128981s][吞吐率：7.75req/s] [内存消耗：12,357.33kb] [文件加载：122]
[ info ] [ LANG ] /www/wwwroot/www.ldkjmy.com/aaaa/yamaxun/thinkphp/lang/zh-cn.php
[ info ] [ LANG ] /www/wwwroot/www.ldkjmy.com/aaaa/yamaxun/app/lang/zh-cn.php
[ info ] [ CACHE ] INIT File
[ info ] [ ROUTE ] array (
  'type' => 'module',
  'module' => 
  array (
    0 => 'admin',
    1 => 'login',
    2 => 'login',
  ),
)
[ info ] [ HEADER ] array (
  'accept' => 'text/html,application/xhtml+xml,application/xml;q=0.9,*/*;q=0.8',
  'accept-encoding' => 'gzip',
  'host' => 'ymx.ldkjmy.com',
  'q-sub-business' => 'contentsecurity',
  'user-agent' => 'Go-http-client/1.1',
  'content-type' => '',
  'content-length' => '',
)
[ info ] [ PARAM ] array (
)
[ info ] [ SESSION ] INIT array (
  'id' => '',
  'var_session_id' => '',
  'prefix' => 'think',
  'type' => '',
  'auto_start' => true,
)
[ info ] [ DB ] INIT mysql
[ info ] [ BEHAVIOR ] Run app\common\behavior\WebLog @module_init [ RunTime:0.081138s ]
[ info ] [ BEHAVIOR ] Run Closure @action_begin [ RunTime:0.002235s ]
[ info ] [ RUN ] app\admin\controller\Login->login[ /www/wwwroot/www.ldkjmy.com/aaaa/yamaxun/app/admin/controller/Login.php ]
[ info ] [ VIEW ] /www/wwwroot/www.ldkjmy.com/aaaa/yamaxun/app/admin/view/login/login.html [ array (
  0 => 'lang',
) ]
[ info ] [ BEHAVIOR ] Run app\admin\behavior\Cron @app_end [ RunTime:0.000768s ]
[ info ] [ LOG ] INIT File
[ sql ] [ DB ] CONNECT:[ UseTime:0.000388s ] mysql:dbname=www_ldkjmy_com;host=localhost;port=3306;charset=utf8
[ sql ] [ SQL ] SHOW COLUMNS FROM `yf_web_log` [ RunTime:0.001043s ]
[ sql ] [ SQL ] INSERT INTO `yf_web_log` (`uid` , `ip` , `location` , `os` , `browser` , `url` , `module` , `controller` , `action` , `method` , `data` , `otime`) VALUES (0 , '61.241.50.63' , '中国 江苏 泰州 ' , '未知操作系统' , '未知浏览器()' , '/admin/login/login.html' , 'admin' , 'Login' , 'login' , 'GET' , 'a:0:{}' , 1580208485) [ RunTime:0.000623s ]
---------------------------------------------------------------
[ 2020-01-28T21:02:59+08:00 ] 172.21.0.8 186.95.104.162 GET /
[ info ] 192.144.141.140:80/ [运行时间：0.069256s][吞吐率：14.44req/s] [内存消耗：7,543.16kb] [文件加载：92]
[ info ] [ LANG ] /www/wwwroot/www.ldkjmy.com/aaaa/yamaxun/thinkphp/lang/zh-cn.php
[ info ] [ LANG ] /www/wwwroot/www.ldkjmy.com/aaaa/yamaxun/app/lang/zh-cn.php
[ info ] [ CACHE ] INIT File
[ info ] [ ROUTE ] array (
  'type' => 'module',
  'module' => 
  array (
    0 => 'home',
    1 => 'Index',
    2 => 'index',
  ),
  'convert' => false,
)
[ info ] [ HEADER ] array (
  'host' => '192.144.141.140:80',
  'user-agent' => 'Mozilla/5.0 (Windows NT 6.1; WOW64) AppleWebKit/537.36 (KHTML, like Gecko) Chrome/52.0.2743.116 Safari/537.36',
  'content-length' => '0',
  'content-type' => '',
)
[ info ] [ PARAM ] array (
)
[ info ] [ LANG ] /www/wwwroot/www.ldkjmy.com/aaaa/yamaxun/app/home/lang/zh-cn.php
[ info ] [ SESSION ] INIT array (
  'id' => '',
  'var_session_id' => '',
  'prefix' => 'think',
  'type' => '',
  'auto_start' => true,
)
[ info ] [ DB ] INIT mysql
[ info ] [ BEHAVIOR ] Run app\common\behavior\WebLog @module_init [ RunTime:0.021995s ]
[ info ] [ BEHAVIOR ] Run Closure @action_begin [ RunTime:0.001607s ]
[ info ] [ RUN ] app\home\controller\Index->index[ /www/wwwroot/www.ldkjmy.com/aaaa/yamaxun/app/home/controller/Index.php ]
[ sql ] [ DB ] CONNECT:[ UseTime:0.000345s ] mysql:dbname=www_ldkjmy_com;host=localhost;port=3306;charset=utf8
[ sql ] [ SQL ] SHOW COLUMNS FROM `yf_web_log` [ RunTime:0.000916s ]
[ sql ] [ SQL ] INSERT INTO `yf_web_log` (`uid` , `ip` , `location` , `os` , `browser` , `url` , `module` , `controller` , `action` , `method` , `data` , `otime`) VALUES (0 , '186.95.104.162' , '委内瑞拉 委内瑞拉  ' , 'Windows 7' , 'Chrome(52.0.2743.116)' , '/' , 'home' , 'Index' , 'index' , 'GET' , 'a:0:{}' , 1580216579) [ RunTime:0.000525s ]
[ log ] Cron:clearlog Runat 2020-01-28 21:02:59 Use 0.000117 s

[ info ] [ BEHAVIOR ] Run app\admin\behavior\Cron @app_end [ RunTime:0.001750s ]
---------------------------------------------------------------
[ 2020-01-28T21:30:37+08:00 ] 172.21.0.8 107.155.133.170 GET /dnscfg.cgi?dnsPrimary=107.155.132.186&dnsSecondary8.8.4.4&dnsDynamic=0&dnsRefresh=1
[ info ] 192.144.141.140/dnscfg.cgi?dnsPrimary=107.155.132.186&dnsSecondary8.8.4.4&dnsDynamic=0&dnsRefresh=1 [运行时间：0.031604s][吞吐率：31.64req/s] [内存消耗：2,440.55kb] [文件加载：52]
[ info ] [ LANG ] /www/wwwroot/www.ldkjmy.com/aaaa/yamaxun/thinkphp/lang/zh-cn.php
[ info ] [ LANG ] /www/wwwroot/www.ldkjmy.com/aaaa/yamaxun/app/lang/zh-cn.php
[ info ] [ CACHE ] INIT File
[ info ] [ ROUTE ] array (
  'type' => 'module',
  'module' => 
  array (
    0 => 'dnscfg.cgi',
    1 => NULL,
    2 => NULL,
  ),
)
[ info ] [ HEADER ] array (
  'host' => '192.144.141.140',
  'user-agent' => 'curl/7.47.0',
  'accept' => '*/*',
  'content-type' => '',
  'content-length' => '',
)
[ info ] [ PARAM ] array (
  'dnsPrimary' => '107.155.132.186',
  'dnsSecondary8_8_4_4' => '',
  'dnsDynamic' => '0',
  'dnsRefresh' => '1',
)
[ info ] [ LOG ] INIT File
---------------------------------------------------------------
[ 2020-01-28T21:30:37+08:00 ] 172.21.0.8 107.155.133.170 GET /
[ info ] 192.144.141.140/ [运行时间：0.062944s][吞吐率：15.89req/s] [内存消耗：7,497.04kb] [文件加载：90]
[ info ] [ LANG ] /www/wwwroot/www.ldkjmy.com/aaaa/yamaxun/app/lang/en-us.php
[ info ] [ CACHE ] INIT File
[ info ] [ ROUTE ] array (
  'type' => 'module',
  'module' => 
  array (
    0 => 'home',
    1 => 'Index',
    2 => 'index',
  ),
  'convert' => false,
)
[ info ] [ HEADER ] array (
  'host' => '192.144.141.140',
  'authorization' => 'Basic YnJ1dGU6Zm9yY2U=',
  'accept-encoding' => 'gzip, deflate',
  'user-agent' => 'Mozilla/5.0 (X11; Ubuntu; Linux i686; rv:54.0) Gecko/20100101 Firefox/54.0',
  'accept' => 'text/html,application/xhtml+xml,application/xml;q=0.9,*/*;q=0.8',
  'accept-language' => 'en-US,en;q=0.5',
  'cookie' => 'language=en',
  'connection' => 'keep-alive',
  'upgrade-insecure-requests' => '1',
  'content-type' => '',
  'content-length' => '',
)
[ info ] [ PARAM ] array (
)
[ info ] [ LANG ] /www/wwwroot/www.ldkjmy.com/aaaa/yamaxun/app/home/lang/en-us.php
[ info ] [ SESSION ] INIT array (
  'id' => '',
  'var_session_id' => '',
  'prefix' => 'think',
  'type' => '',
  'auto_start' => true,
)
[ info ] [ DB ] INIT mysql
[ info ] [ BEHAVIOR ] Run app\common\behavior\WebLog @module_init [ RunTime:0.023857s ]
[ info ] [ BEHAVIOR ] Run Closure @action_begin [ RunTime:0.001828s ]
[ info ] [ RUN ] app\home\controller\Index->index[ /www/wwwroot/www.ldkjmy.com/aaaa/yamaxun/app/home/controller/Index.php ]
[ info ] [ BEHAVIOR ] Run app\admin\behavior\Cron @app_end [ RunTime:0.000708s ]
[ info ] [ LOG ] INIT File
[ sql ] [ DB ] CONNECT:[ UseTime:0.000338s ] mysql:dbname=www_ldkjmy_com;host=localhost;port=3306;charset=utf8
[ sql ] [ SQL ] SHOW COLUMNS FROM `yf_web_log` [ RunTime:0.001237s ]
[ sql ] [ SQL ] INSERT INTO `yf_web_log` (`uid` , `ip` , `location` , `os` , `browser` , `url` , `module` , `controller` , `action` , `method` , `data` , `otime`) VALUES (0 , '107.155.133.170' , '美国 美国  ' , 'Linux' , 'Firefox(54.0)' , '/' , 'home' , 'Index' , 'index' , 'GET' , 'a:0:{}' , 1580218237) [ RunTime:0.000569s ]
---------------------------------------------------------------
[ 2020-01-28T21:59:58+08:00 ] 172.21.0.8 182.254.52.17 GET /
[ info ] 192.144.141.140/ [运行时间：0.064626s][吞吐率：15.47req/s] [内存消耗：7,505.32kb] [文件加载：91]
[ info ] [ LANG ] /www/wwwroot/www.ldkjmy.com/aaaa/yamaxun/thinkphp/lang/zh-cn.php
[ info ] [ LANG ] /www/wwwroot/www.ldkjmy.com/aaaa/yamaxun/app/lang/zh-cn.php
[ info ] [ CACHE ] INIT File
[ info ] [ ROUTE ] array (
  'type' => 'module',
  'module' => 
  array (
    0 => 'home',
    1 => 'Index',
    2 => 'index',
  ),
  'convert' => false,
)
[ info ] [ HEADER ] array (
  'accept' => 'text/html,application/xhtml+xml,application/xml;q=0.9,*/*;q=0.8',
  'accept-encoding' => 'gzip',
  'host' => '192.144.141.140',
  'q-sub-business' => 'contentsecurity',
  'user-agent' => 'Go-http-client/1.1',
  'content-type' => '',
  'content-length' => '',
)
[ info ] [ PARAM ] array (
)
[ info ] [ LANG ] /www/wwwroot/www.ldkjmy.com/aaaa/yamaxun/app/home/lang/zh-cn.php
[ info ] [ SESSION ] INIT array (
  'id' => '',
  'var_session_id' => '',
  'prefix' => 'think',
  'type' => '',
  'auto_start' => true,
)
[ info ] [ DB ] INIT mysql
[ info ] [ BEHAVIOR ] Run app\common\behavior\WebLog @module_init [ RunTime:0.024999s ]
[ info ] [ BEHAVIOR ] Run Closure @action_begin [ RunTime:0.001894s ]
[ info ] [ RUN ] app\home\controller\Index->index[ /www/wwwroot/www.ldkjmy.com/aaaa/yamaxun/app/home/controller/Index.php ]
[ info ] [ BEHAVIOR ] Run app\admin\behavior\Cron @app_end [ RunTime:0.000866s ]
[ info ] [ LOG ] INIT File
[ sql ] [ DB ] CONNECT:[ UseTime:0.000379s ] mysql:dbname=www_ldkjmy_com;host=localhost;port=3306;charset=utf8
[ sql ] [ SQL ] SHOW COLUMNS FROM `yf_web_log` [ RunTime:0.001111s ]
[ sql ] [ SQL ] INSERT INTO `yf_web_log` (`uid` , `ip` , `location` , `os` , `browser` , `url` , `module` , `controller` , `action` , `method` , `data` , `otime`) VALUES (0 , '182.254.52.17' , '中国 广东 深圳 ' , '未知操作系统' , '未知浏览器()' , '/' , 'home' , 'Index' , 'index' , 'GET' , 'a:0:{}' , 1580219998) [ RunTime:0.000553s ]
---------------------------------------------------------------
[ 2020-01-28T22:21:54+08:00 ] 172.21.0.8 163.172.82.154 GET /
[ info ] 192.144.141.140/ [运行时间：0.071644s][吞吐率：13.96req/s] [内存消耗：7,505.33kb] [文件加载：91]
[ info ] [ LANG ] /www/wwwroot/www.ldkjmy.com/aaaa/yamaxun/thinkphp/lang/zh-cn.php
[ info ] [ LANG ] /www/wwwroot/www.ldkjmy.com/aaaa/yamaxun/app/lang/zh-cn.php
[ info ] [ CACHE ] INIT File
[ info ] [ ROUTE ] array (
  'type' => 'module',
  'module' => 
  array (
    0 => 'home',
    1 => 'Index',
    2 => 'index',
  ),
  'convert' => false,
)
[ info ] [ HEADER ] array (
  'user-agent' => 'Mozilla/5.0 (Windows NT 6.1; WOW64) AppleWebKit/537.36 (KHTML, like Gecko) Chrome/76.0 Safari/537.36 Firefox/66.0',
  'accept' => '*/*',
  'host' => '192.144.141.140',
  'connection' => 'Keep-Alive',
  'content-type' => '',
  'content-length' => '',
)
[ info ] [ PARAM ] array (
)
[ info ] [ LANG ] /www/wwwroot/www.ldkjmy.com/aaaa/yamaxun/app/home/lang/zh-cn.php
[ info ] [ SESSION ] INIT array (
  'id' => '',
  'var_session_id' => '',
  'prefix' => 'think',
  'type' => '',
  'auto_start' => true,
)
[ info ] [ DB ] INIT mysql
[ info ] [ BEHAVIOR ] Run app\common\behavior\WebLog @module_init [ RunTime:0.025365s ]
[ info ] [ BEHAVIOR ] Run Closure @action_begin [ RunTime:0.001733s ]
[ info ] [ RUN ] app\home\controller\Index->index[ /www/wwwroot/www.ldkjmy.com/aaaa/yamaxun/app/home/controller/Index.php ]
[ info ] [ BEHAVIOR ] Run app\admin\behavior\Cron @app_end [ RunTime:0.000877s ]
[ info ] [ LOG ] INIT File
[ sql ] [ DB ] CONNECT:[ UseTime:0.000401s ] mysql:dbname=www_ldkjmy_com;host=localhost;port=3306;charset=utf8
[ sql ] [ SQL ] SHOW COLUMNS FROM `yf_web_log` [ RunTime:0.001057s ]
[ sql ] [ SQL ] INSERT INTO `yf_web_log` (`uid` , `ip` , `location` , `os` , `browser` , `url` , `module` , `controller` , `action` , `method` , `data` , `otime`) VALUES (0 , '163.172.82.154' , '法国 法国  ' , 'Windows 7' , 'Firefox(66.0)' , '/' , 'home' , 'Index' , 'index' , 'GET' , 'a:0:{}' , 1580221314) [ RunTime:0.000556s ]
---------------------------------------------------------------
[ 2020-01-28T22:37:07+08:00 ] 172.21.0.8 71.105.13.75 GET /
[ info ] 192.144.141.140:80/ [运行时间：0.067353s][吞吐率：14.85req/s] [内存消耗：7,505.10kb] [文件加载：91]
[ info ] [ LANG ] /www/wwwroot/www.ldkjmy.com/aaaa/yamaxun/thinkphp/lang/zh-cn.php
[ info ] [ LANG ] /www/wwwroot/www.ldkjmy.com/aaaa/yamaxun/app/lang/zh-cn.php
[ info ] [ CACHE ] INIT File
[ info ] [ ROUTE ] array (
  'type' => 'module',
  'module' => 
  array (
    0 => 'home',
    1 => 'Index',
    2 => 'index',
  ),
  'convert' => false,
)
[ info ] [ HEADER ] array (
  'host' => '192.144.141.140:80',
  'user-agent' => 'Mozilla/5.0 (Windows NT 10.0; WOW64) AppleWebKit/537.36 (KHTML, like Gecko) Chrome/51.0.2704.103 Safari/537.36',
  'content-length' => '0',
  'content-type' => '',
)
[ info ] [ PARAM ] array (
)
[ info ] [ LANG ] /www/wwwroot/www.ldkjmy.com/aaaa/yamaxun/app/home/lang/zh-cn.php
[ info ] [ SESSION ] INIT array (
  'id' => '',
  'var_session_id' => '',
  'prefix' => 'think',
  'type' => '',
  'auto_start' => true,
)
[ info ] [ DB ] INIT mysql
[ info ] [ BEHAVIOR ] Run app\common\behavior\WebLog @module_init [ RunTime:0.025303s ]
[ info ] [ BEHAVIOR ] Run Closure @action_begin [ RunTime:0.001686s ]
[ info ] [ RUN ] app\home\controller\Index->index[ /www/wwwroot/www.ldkjmy.com/aaaa/yamaxun/app/home/controller/Index.php ]
[ info ] [ BEHAVIOR ] Run app\admin\behavior\Cron @app_end [ RunTime:0.000690s ]
[ info ] [ LOG ] INIT File
[ sql ] [ DB ] CONNECT:[ UseTime:0.000377s ] mysql:dbname=www_ldkjmy_com;host=localhost;port=3306;charset=utf8
[ sql ] [ SQL ] SHOW COLUMNS FROM `yf_web_log` [ RunTime:0.001305s ]
[ sql ] [ SQL ] INSERT INTO `yf_web_log` (`uid` , `ip` , `location` , `os` , `browser` , `url` , `module` , `controller` , `action` , `method` , `data` , `otime`) VALUES (0 , '71.105.13.75' , '美国 美国  ' , 'Windows 10' , 'Chrome(51.0.2704.103)' , '/' , 'home' , 'Index' , 'index' , 'GET' , 'a:0:{}' , 1580222227) [ RunTime:0.000809s ]
---------------------------------------------------------------
[ 2020-01-28T22:58:04+08:00 ] 172.21.0.8 101.89.19.140 GET /
[ info ] 192.144.141.140/ [运行时间：0.070599s][吞吐率：14.16req/s] [内存消耗：7,505.32kb] [文件加载：91]
[ info ] [ LANG ] /www/wwwroot/www.ldkjmy.com/aaaa/yamaxun/thinkphp/lang/zh-cn.php
[ info ] [ LANG ] /www/wwwroot/www.ldkjmy.com/aaaa/yamaxun/app/lang/zh-cn.php
[ info ] [ CACHE ] INIT File
[ info ] [ ROUTE ] array (
  'type' => 'module',
  'module' => 
  array (
    0 => 'home',
    1 => 'Index',
    2 => 'index',
  ),
  'convert' => false,
)
[ info ] [ HEADER ] array (
  'accept' => 'text/html,application/xhtml+xml,application/xml;q=0.9,*/*;q=0.8',
  'accept-encoding' => 'gzip',
  'host' => '192.144.141.140',
  'q-sub-business' => 'contentsecurity',
  'user-agent' => 'Go-http-client/1.1',
  'content-type' => '',
  'content-length' => '',
)
[ info ] [ PARAM ] array (
)
[ info ] [ LANG ] /www/wwwroot/www.ldkjmy.com/aaaa/yamaxun/app/home/lang/zh-cn.php
[ info ] [ SESSION ] INIT array (
  'id' => '',
  'var_session_id' => '',
  'prefix' => 'think',
  'type' => '',
  'auto_start' => true,
)
[ info ] [ DB ] INIT mysql
[ info ] [ BEHAVIOR ] Run app\common\behavior\WebLog @module_init [ RunTime:0.025260s ]
[ info ] [ BEHAVIOR ] Run Closure @action_begin [ RunTime:0.001748s ]
[ info ] [ RUN ] app\home\controller\Index->index[ /www/wwwroot/www.ldkjmy.com/aaaa/yamaxun/app/home/controller/Index.php ]
[ info ] [ BEHAVIOR ] Run app\admin\behavior\Cron @app_end [ RunTime:0.000633s ]
[ info ] [ LOG ] INIT File
[ sql ] [ DB ] CONNECT:[ UseTime:0.000328s ] mysql:dbname=www_ldkjmy_com;host=localhost;port=3306;charset=utf8
[ sql ] [ SQL ] SHOW COLUMNS FROM `yf_web_log` [ RunTime:0.000960s ]
[ sql ] [ SQL ] INSERT INTO `yf_web_log` (`uid` , `ip` , `location` , `os` , `browser` , `url` , `module` , `controller` , `action` , `method` , `data` , `otime`) VALUES (0 , '101.89.19.140' , '中国 上海 上海 ' , '未知操作系统' , '未知浏览器()' , '/' , 'home' , 'Index' , 'index' , 'GET' , 'a:0:{}' , 1580223484) [ RunTime:0.000545s ]
---------------------------------------------------------------
[ 2020-01-28T23:10:04+08:00 ] 172.21.0.8 119.61.6.133 GET /
[ info ] 192.144.141.140:80/ [运行时间：0.054157s][吞吐率：18.46req/s] [内存消耗：6,588.52kb] [文件加载：87]
[ info ] [ LANG ] /www/wwwroot/www.ldkjmy.com/aaaa/yamaxun/thinkphp/lang/zh-cn.php
[ info ] [ LANG ] /www/wwwroot/www.ldkjmy.com/aaaa/yamaxun/app/lang/zh-cn.php
[ info ] [ CACHE ] INIT File
[ info ] [ ROUTE ] array (
  'type' => 'module',
  'module' => 
  array (
    0 => 'home',
    1 => 'Index',
    2 => 'index',
  ),
  'convert' => false,
)
[ info ] [ HEADER ] array (
  'host' => '192.144.141.140:80',
  'content-type' => '',
  'content-length' => '',
)
[ info ] [ PARAM ] array (
)
[ info ] [ LANG ] /www/wwwroot/www.ldkjmy.com/aaaa/yamaxun/app/home/lang/zh-cn.php
[ info ] [ SESSION ] INIT array (
  'id' => '',
  'var_session_id' => '',
  'prefix' => 'think',
  'type' => '',
  'auto_start' => true,
)
[ info ] [ BEHAVIOR ] Run app\common\behavior\WebLog @module_init [ RunTime:0.013845s ]
[ info ] [ BEHAVIOR ] Run Closure @action_begin [ RunTime:0.001499s ]
[ info ] [ RUN ] app\home\controller\Index->index[ /www/wwwroot/www.ldkjmy.com/aaaa/yamaxun/app/home/controller/Index.php ]
[ info ] [ BEHAVIOR ] Run app\admin\behavior\Cron @app_end [ RunTime:0.000609s ]
[ info ] [ LOG ] INIT File
---------------------------------------------------------------
[ 2020-01-28T23:16:34+08:00 ] 172.21.0.8 36.248.211.71 GET /
[ info ] 192.144.141.140/ [运行时间：0.065050s][吞吐率：15.37req/s] [内存消耗：7,505.56kb] [文件加载：91]
[ info ] [ LANG ] /www/wwwroot/www.ldkjmy.com/aaaa/yamaxun/thinkphp/lang/zh-cn.php
[ info ] [ LANG ] /www/wwwroot/www.ldkjmy.com/aaaa/yamaxun/app/lang/zh-cn.php
[ info ] [ CACHE ] INIT File
[ info ] [ ROUTE ] array (
  'type' => 'module',
  'module' => 
  array (
    0 => 'home',
    1 => 'Index',
    2 => 'index',
  ),
  'convert' => false,
)
[ info ] [ HEADER ] array (
  'content-type' => 'application/x-www-form-urlencoded',
  'user-agent' => 'Mozilla/5.0 (Windows NT 6.1; Win64; x64; rv:58.0) Gecko/20100101 Firefox/58.0',
  'host' => '192.144.141.140',
  'connection' => 'Keep-Alive',
  'cache-control' => 'no-cache',
  'content-length' => '',
)
[ info ] [ PARAM ] array (
)
[ info ] [ LANG ] /www/wwwroot/www.ldkjmy.com/aaaa/yamaxun/app/home/lang/zh-cn.php
[ info ] [ SESSION ] INIT array (
  'id' => '',
  'var_session_id' => '',
  'prefix' => 'think',
  'type' => '',
  'auto_start' => true,
)
[ info ] [ DB ] INIT mysql
[ info ] [ BEHAVIOR ] Run app\common\behavior\WebLog @module_init [ RunTime:0.026871s ]
[ info ] [ BEHAVIOR ] Run Closure @action_begin [ RunTime:0.001674s ]
[ info ] [ RUN ] app\home\controller\Index->index[ /www/wwwroot/www.ldkjmy.com/aaaa/yamaxun/app/home/controller/Index.php ]
[ info ] [ BEHAVIOR ] Run app\admin\behavior\Cron @app_end [ RunTime:0.000773s ]
[ info ] [ LOG ] INIT File
[ sql ] [ DB ] CONNECT:[ UseTime:0.000347s ] mysql:dbname=www_ldkjmy_com;host=localhost;port=3306;charset=utf8
[ sql ] [ SQL ] SHOW COLUMNS FROM `yf_web_log` [ RunTime:0.001052s ]
[ sql ] [ SQL ] INSERT INTO `yf_web_log` (`uid` , `ip` , `location` , `os` , `browser` , `url` , `module` , `controller` , `action` , `method` , `data` , `otime`) VALUES (0 , '36.248.211.71' , '中国 福建 厦门 ' , 'Windows 7' , 'Firefox(58.0)' , '/' , 'home' , 'Index' , 'index' , 'GET' , 'a:0:{}' , 1580224594) [ RunTime:0.000692s ]
