---------------------------------------------------------------
[ 2019-10-04T01:51:08+08:00 ] 172.21.0.9 64.246.161.30 GET /
[ info ] www.ldkjmy.com/ [运行时间：0.131856s][吞吐率：7.58req/s] [内存消耗：4,399.47kb] [文件加载：76]
[ info ] [ LANG ] /www/wwwroot/www.ldkjmy.com/aaaa/yamaxun/app/lang/en-us.php
[ info ] [ CACHE ] INIT File
[ info ] [ ROUTE ] array (
  'type' => 'module',
  'module' => 
  array (
    0 => 'home',
    1 => 'Index',
    2 => 'index',
  ),
  'convert' => false,
)
[ info ] [ HEADER ] array (
  'te' => 'deflate,gzip;q=0.3',
  'connection' => 'close, TE',
  'pragma' => 'no-cache',
  'accept' => '*/*',
  'accept-encoding' => 'gzip, x-gzip, deflate',
  'accept-language' => 'en-us,fr-be;q=0.5',
  'from' => 'feedback@surveybot.com',
  'host' => 'www.ldkjmy.com',
  'user-agent' => 'Mozilla/5.0 (Macintosh; Intel Mac OS X 10.10; rv:59.0) Gecko/20100101 Firefox/59.0',
  'wshost' => 'www.ldkjmy.com',
  'wsip' => '62.234.85.179',
  'content-type' => '',
  'content-length' => '',
)
[ info ] [ PARAM ] array (
)
[ info ] [ LANG ] /www/wwwroot/www.ldkjmy.com/aaaa/yamaxun/app/home/lang/en-us.php
[ info ] [ DB ] INIT mysql
[ info ] [ SESSION ] INIT array (
  'id' => '',
  'var_session_id' => '',
  'prefix' => 'think',
  'type' => '',
  'auto_start' => true,
)
[ info ] [ BEHAVIOR ] Run Closure @action_begin [ RunTime:0.001575s ]
[ info ] [ RUN ] app\home\controller\Index->index[ /www/wwwroot/www.ldkjmy.com/aaaa/yamaxun/app/home/controller/Index.php ]
[ sql ] [ DB ] CONNECT:[ UseTime:0.000358s ] mysql:dbname=www_ldkjmy_com;host=localhost;port=3306;charset=utf8
[ sql ] [ SQL ] SHOW COLUMNS FROM `yf_options` [ RunTime:0.000980s ]
[ sql ] [ SQL ] SELECT * FROM `yf_options` WHERE  `option_name` = 'site_options'  AND `option_l` = 'en-us' LIMIT 1 [ RunTime:0.001459s ]
[ log ] Cron:clearlog Runat 2019-10-04 01:51:08 Use 0.000126 s

[ info ] [ BEHAVIOR ] Run app\admin\behavior\Cron @app_end [ RunTime:0.001717s ]
---------------------------------------------------------------
[ 2019-10-04T03:32:12+08:00 ] 172.21.0.9 123.125.71.55 GET /casede.html?id=12
[ info ] www.ldkjmy.com/casede.html?id=12 [运行时间：0.030861s][吞吐率：32.40req/s] [内存消耗：2,516.59kb] [文件加载：56]
[ info ] [ LANG ] /www/wwwroot/www.ldkjmy.com/aaaa/yamaxun/thinkphp/lang/zh-cn.php
[ info ] [ LANG ] /www/wwwroot/www.ldkjmy.com/aaaa/yamaxun/app/lang/zh-cn.php
[ info ] [ CACHE ] INIT File
[ info ] [ ROUTE ] array (
  'type' => 'module',
  'module' => 
  array (
    0 => 'casede',
    1 => NULL,
    2 => NULL,
  ),
)
[ info ] [ HEADER ] array (
  'host' => 'www.ldkjmy.com',
  'connection' => 'close',
  'user-agent' => 'Mozilla/5.0 (compatible; Baiduspider/2.0; +http://www.baidu.com/search/spider.html)',
  'accept-language' => 'zh-cn,zh-tw',
  'accept-encoding' => 'gzip',
  'accept' => '*/*',
  'content-type' => '',
  'content-length' => '',
)
[ info ] [ PARAM ] array (
  'id' => '12',
)
[ info ] [ LOG ] INIT File
---------------------------------------------------------------
[ 2019-10-04T03:35:33+08:00 ] 172.21.0.9 202.108.211.151 GET /
[ info ] www.ldkjmy.com/ [运行时间：0.036433s][吞吐率：27.45req/s] [内存消耗：3,486.60kb] [文件加载：73]
[ info ] [ LANG ] /www/wwwroot/www.ldkjmy.com/aaaa/yamaxun/thinkphp/lang/zh-cn.php
[ info ] [ LANG ] /www/wwwroot/www.ldkjmy.com/aaaa/yamaxun/app/lang/zh-cn.php
[ info ] [ CACHE ] INIT File
[ info ] [ ROUTE ] array (
  'type' => 'module',
  'module' => 
  array (
    0 => 'home',
    1 => 'Index',
    2 => 'index',
  ),
  'convert' => false,
)
[ info ] [ HEADER ] array (
  'user-agent' => 'Mozilla/5.0 (X11; Linux x86_64) AppleWebKit/535.21 (KHTML, like Gecko) Chrome/19.0.1042.0 Safari/535.21',
  'accept' => 'text/html,application/xhtml+xml,application/xml;q=0.9,image/webp,*/*;q=0.8',
  'accept-encoding' => 'gzip, deflate, sdch',
  'accept-language' => 'zh-CN,zh;q=0.8,en-US;q=0.6,en;q=0.4',
  'cache-control' => 'no-cache',
  'pragma' => 'no-cache',
  'upgrade-insecure-requests' => '1',
  'host' => 'www.ldkjmy.com',
  'connection' => 'keep-alive',
  'content-type' => '',
  'content-length' => '',
)
[ info ] [ PARAM ] array (
)
[ info ] [ LANG ] /www/wwwroot/www.ldkjmy.com/aaaa/yamaxun/app/home/lang/zh-cn.php
[ info ] [ SESSION ] INIT array (
  'id' => '',
  'var_session_id' => '',
  'prefix' => 'think',
  'type' => '',
  'auto_start' => true,
)
[ info ] [ BEHAVIOR ] Run Closure @action_begin [ RunTime:0.001354s ]
[ info ] [ RUN ] app\home\controller\Index->index[ /www/wwwroot/www.ldkjmy.com/aaaa/yamaxun/app/home/controller/Index.php ]
[ info ] [ BEHAVIOR ] Run app\admin\behavior\Cron @app_end [ RunTime:0.000723s ]
[ info ] [ LOG ] INIT File
---------------------------------------------------------------
[ 2019-10-04T03:45:38+08:00 ] 172.21.0.9 47.92.126.167 GET /
[ info ] www.ldkjmy.com/ [运行时间：0.035228s][吞吐率：28.39req/s] [内存消耗：3,484.80kb] [文件加载：73]
[ info ] [ LANG ] /www/wwwroot/www.ldkjmy.com/aaaa/yamaxun/thinkphp/lang/zh-cn.php
[ info ] [ LANG ] /www/wwwroot/www.ldkjmy.com/aaaa/yamaxun/app/lang/zh-cn.php
[ info ] [ CACHE ] INIT File
[ info ] [ ROUTE ] array (
  'type' => 'module',
  'module' => 
  array (
    0 => 'home',
    1 => 'Index',
    2 => 'index',
  ),
  'convert' => false,
)
[ info ] [ HEADER ] array (
  'user-agent' => 'Mozilla/5.0 (iPhone; CPU iPhone OS 8_0_2 like Mac OS X)',
  'host' => 'www.ldkjmy.com',
  'connection' => 'Keep-Alive',
  'accept-encoding' => 'gzip',
  'content-type' => '',
  'content-length' => '',
)
[ info ] [ PARAM ] array (
)
[ info ] [ LANG ] /www/wwwroot/www.ldkjmy.com/aaaa/yamaxun/app/home/lang/zh-cn.php
[ info ] [ SESSION ] INIT array (
  'id' => '',
  'var_session_id' => '',
  'prefix' => 'think',
  'type' => '',
  'auto_start' => true,
)
[ info ] [ BEHAVIOR ] Run Closure @action_begin [ RunTime:0.001260s ]
[ info ] [ RUN ] app\home\controller\Index->index[ /www/wwwroot/www.ldkjmy.com/aaaa/yamaxun/app/home/controller/Index.php ]
[ info ] [ BEHAVIOR ] Run app\admin\behavior\Cron @app_end [ RunTime:0.000466s ]
[ info ] [ LOG ] INIT File
---------------------------------------------------------------
[ 2019-10-04T07:30:47+08:00 ] 172.21.0.9 220.181.108.143 GET /casede.html?id=5
[ info ] www.ldkjmy.com/casede.html?id=5 [运行时间：0.027518s][吞吐率：36.34req/s] [内存消耗：2,517.19kb] [文件加载：56]
[ info ] [ LANG ] /www/wwwroot/www.ldkjmy.com/aaaa/yamaxun/thinkphp/lang/zh-cn.php
[ info ] [ LANG ] /www/wwwroot/www.ldkjmy.com/aaaa/yamaxun/app/lang/zh-cn.php
[ info ] [ CACHE ] INIT File
[ info ] [ ROUTE ] array (
  'type' => 'module',
  'module' => 
  array (
    0 => 'casede',
    1 => NULL,
    2 => NULL,
  ),
)
[ info ] [ HEADER ] array (
  'host' => 'www.ldkjmy.com',
  'connection' => 'close',
  'user-agent' => 'Mozilla/5.0 (compatible; Baiduspider/2.0; +http://www.baidu.com/search/spider.html)',
  'accept-language' => 'zh-cn,zh-tw',
  'if-none-match' => '"@NULL@"',
  'accept-encoding' => 'gzip',
  'accept' => '*/*',
  'content-type' => '',
  'content-length' => '',
)
[ info ] [ PARAM ] array (
  'id' => '5',
)
[ info ] [ LOG ] INIT File
---------------------------------------------------------------
[ 2019-10-04T07:46:02+08:00 ] 172.21.0.9 183.200.14.188 GET /
[ info ] www.ldkjmy.com/ [运行时间：0.036829s][吞吐率：27.15req/s] [内存消耗：3,486.16kb] [文件加载：73]
[ info ] [ LANG ] /www/wwwroot/www.ldkjmy.com/aaaa/yamaxun/thinkphp/lang/zh-cn.php
[ info ] [ LANG ] /www/wwwroot/www.ldkjmy.com/aaaa/yamaxun/app/lang/zh-cn.php
[ info ] [ CACHE ] INIT File
[ info ] [ ROUTE ] array (
  'type' => 'module',
  'module' => 
  array (
    0 => 'home',
    1 => 'Index',
    2 => 'index',
  ),
  'convert' => false,
)
[ info ] [ HEADER ] array (
  'host' => 'www.ldkjmy.com',
  'upgrade-insecure-requests' => '1',
  'accept' => 'text/html,application/xhtml+xml,application/xml;q=0.9,*/*;q=0.8',
  'user-agent' => 'BossZhipin/7.101/1004 Mozilla/5.0 (iPhone; CPU iPhone OS 13_0 like Mac OS X) AppleWebKit/605.1.15 (KHTML, like Gecko) Mobile/15E148 Screen/414X896',
  'accept-language' => 'zh-cn',
  'accept-encoding' => 'gzip, deflate',
  'connection' => 'keep-alive',
  'content-type' => '',
  'content-length' => '',
)
[ info ] [ PARAM ] array (
)
[ info ] [ LANG ] /www/wwwroot/www.ldkjmy.com/aaaa/yamaxun/app/home/lang/zh-cn.php
[ info ] [ SESSION ] INIT array (
  'id' => '',
  'var_session_id' => '',
  'prefix' => 'think',
  'type' => '',
  'auto_start' => true,
)
[ info ] [ BEHAVIOR ] Run Closure @action_begin [ RunTime:0.001262s ]
[ info ] [ RUN ] app\home\controller\Index->index[ /www/wwwroot/www.ldkjmy.com/aaaa/yamaxun/app/home/controller/Index.php ]
[ info ] [ BEHAVIOR ] Run app\admin\behavior\Cron @app_end [ RunTime:0.000474s ]
[ info ] [ LOG ] INIT File
---------------------------------------------------------------
[ 2019-10-04T11:22:31+08:00 ] 172.21.0.9 203.208.60.10 GET /
[ info ] www.ldkjmy.com/ [运行时间：0.035374s][吞吐率：28.27req/s] [内存消耗：3,486.20kb] [文件加载：73]
[ info ] [ LANG ] /www/wwwroot/www.ldkjmy.com/aaaa/yamaxun/thinkphp/lang/zh-cn.php
[ info ] [ LANG ] /www/wwwroot/www.ldkjmy.com/aaaa/yamaxun/app/lang/zh-cn.php
[ info ] [ CACHE ] INIT File
[ info ] [ ROUTE ] array (
  'type' => 'module',
  'module' => 
  array (
    0 => 'home',
    1 => 'Index',
    2 => 'index',
  ),
  'convert' => false,
)
[ info ] [ HEADER ] array (
  'host' => 'www.ldkjmy.com',
  'amp-cache-transform' => 'google;v="1..2"',
  'connection' => 'keep-alive',
  'accept' => 'text/html,application/xhtml+xml,application/xml;q=0.9,*/*;q=0.8,text/html,application/xhtml+xml,application/signed-exchange;v=b3,application/xml;q=0.9,*/*;q=0.8',
  'from' => 'googlebot(at)googlebot.com',
  'user-agent' => 'Mozilla/5.0 (Linux; Android 6.0.1; Nexus 5X Build/MMB29P) AppleWebKit/537.36 (KHTML, like Gecko) Chrome/41.0.2272.96 Mobile Safari/537.36 (compatible; Googlebot/2.1; +http://www.google.com/bot.html)',
  'accept-encoding' => 'gzip,deflate,br',
  'content-type' => '',
  'content-length' => '',
)
[ info ] [ PARAM ] array (
)
[ info ] [ LANG ] /www/wwwroot/www.ldkjmy.com/aaaa/yamaxun/app/home/lang/zh-cn.php
[ info ] [ SESSION ] INIT array (
  'id' => '',
  'var_session_id' => '',
  'prefix' => 'think',
  'type' => '',
  'auto_start' => true,
)
[ info ] [ BEHAVIOR ] Run Closure @action_begin [ RunTime:0.001367s ]
[ info ] [ RUN ] app\home\controller\Index->index[ /www/wwwroot/www.ldkjmy.com/aaaa/yamaxun/app/home/controller/Index.php ]
[ info ] [ BEHAVIOR ] Run app\admin\behavior\Cron @app_end [ RunTime:0.000473s ]
[ info ] [ LOG ] INIT File
---------------------------------------------------------------
[ 2019-10-04T13:29:48+08:00 ] 172.21.0.9 220.181.108.83 GET /
[ info ] www.ldkjmy.com/ [运行时间：0.043548s][吞吐率：22.96req/s] [内存消耗：3,485.82kb] [文件加载：73]
[ info ] [ LANG ] /www/wwwroot/www.ldkjmy.com/aaaa/yamaxun/thinkphp/lang/zh-cn.php
[ info ] [ LANG ] /www/wwwroot/www.ldkjmy.com/aaaa/yamaxun/app/lang/zh-cn.php
[ info ] [ CACHE ] INIT File
[ info ] [ ROUTE ] array (
  'type' => 'module',
  'module' => 
  array (
    0 => 'home',
    1 => 'Index',
    2 => 'index',
  ),
  'convert' => false,
)
[ info ] [ HEADER ] array (
  'host' => 'www.ldkjmy.com',
  'connection' => 'close',
  'user-agent' => 'Mozilla/5.0 (compatible; Baiduspider/2.0; +http://www.baidu.com/search/spider.html)',
  'accept-language' => 'zh-cn,zh-tw',
  'if-modified-since' => 'Wed, 31 Jul 2019 08:03:20 GMT',
  'accept-encoding' => 'gzip',
  'accept' => '*/*',
  'content-type' => '',
  'content-length' => '',
)
[ info ] [ PARAM ] array (
)
[ info ] [ LANG ] /www/wwwroot/www.ldkjmy.com/aaaa/yamaxun/app/home/lang/zh-cn.php
[ info ] [ SESSION ] INIT array (
  'id' => '',
  'var_session_id' => '',
  'prefix' => 'think',
  'type' => '',
  'auto_start' => true,
)
[ info ] [ BEHAVIOR ] Run Closure @action_begin [ RunTime:0.001743s ]
[ info ] [ RUN ] app\home\controller\Index->index[ /www/wwwroot/www.ldkjmy.com/aaaa/yamaxun/app/home/controller/Index.php ]
[ info ] [ BEHAVIOR ] Run app\admin\behavior\Cron @app_end [ RunTime:0.000644s ]
[ info ] [ LOG ] INIT File
---------------------------------------------------------------
[ 2019-10-04T19:15:42+08:00 ] 172.21.0.9 203.208.60.107 GET /
[ info ] www.ldkjmy.com/ [运行时间：0.042596s][吞吐率：23.48req/s] [内存消耗：3,485.40kb] [文件加载：73]
[ info ] [ LANG ] /www/wwwroot/www.ldkjmy.com/aaaa/yamaxun/thinkphp/lang/zh-cn.php
[ info ] [ LANG ] /www/wwwroot/www.ldkjmy.com/aaaa/yamaxun/app/lang/zh-cn.php
[ info ] [ CACHE ] INIT File
[ info ] [ ROUTE ] array (
  'type' => 'module',
  'module' => 
  array (
    0 => 'home',
    1 => 'Index',
    2 => 'index',
  ),
  'convert' => false,
)
[ info ] [ HEADER ] array (
  'host' => 'www.ldkjmy.com',
  'connection' => 'keep-alive',
  'accept' => 'text/html,application/xhtml+xml,application/xml;q=0.9,*/*;q=0.8',
  'from' => 'googlebot(at)googlebot.com',
  'user-agent' => 'Mozilla/5.0 (compatible; Googlebot/2.1; +http://www.google.com/bot.html)',
  'accept-encoding' => 'gzip,deflate,br',
  'content-type' => '',
  'content-length' => '',
)
[ info ] [ PARAM ] array (
)
[ info ] [ LANG ] /www/wwwroot/www.ldkjmy.com/aaaa/yamaxun/app/home/lang/zh-cn.php
[ info ] [ SESSION ] INIT array (
  'id' => '',
  'var_session_id' => '',
  'prefix' => 'think',
  'type' => '',
  'auto_start' => true,
)
[ info ] [ BEHAVIOR ] Run Closure @action_begin [ RunTime:0.001852s ]
[ info ] [ RUN ] app\home\controller\Index->index[ /www/wwwroot/www.ldkjmy.com/aaaa/yamaxun/app/home/controller/Index.php ]
[ info ] [ BEHAVIOR ] Run app\admin\behavior\Cron @app_end [ RunTime:0.000647s ]
[ info ] [ LOG ] INIT File
---------------------------------------------------------------
[ 2019-10-04T21:16:33+08:00 ] 172.21.0.9 203.208.60.108 GET /
[ info ] www.ldkjmy.com/ [运行时间：0.042099s][吞吐率：23.75req/s] [内存消耗：3,486.20kb] [文件加载：73]
[ info ] [ LANG ] /www/wwwroot/www.ldkjmy.com/aaaa/yamaxun/thinkphp/lang/zh-cn.php
[ info ] [ LANG ] /www/wwwroot/www.ldkjmy.com/aaaa/yamaxun/app/lang/zh-cn.php
[ info ] [ CACHE ] INIT File
[ info ] [ ROUTE ] array (
  'type' => 'module',
  'module' => 
  array (
    0 => 'home',
    1 => 'Index',
    2 => 'index',
  ),
  'convert' => false,
)
[ info ] [ HEADER ] array (
  'host' => 'www.ldkjmy.com',
  'amp-cache-transform' => 'google;v="1..2"',
  'connection' => 'keep-alive',
  'accept' => 'text/html,application/xhtml+xml,application/xml;q=0.9,*/*;q=0.8,text/html,application/xhtml+xml,application/signed-exchange;v=b3,application/xml;q=0.9,*/*;q=0.8',
  'from' => 'googlebot(at)googlebot.com',
  'user-agent' => 'Mozilla/5.0 (Linux; Android 6.0.1; Nexus 5X Build/MMB29P) AppleWebKit/537.36 (KHTML, like Gecko) Chrome/41.0.2272.96 Mobile Safari/537.36 (compatible; Googlebot/2.1; +http://www.google.com/bot.html)',
  'accept-encoding' => 'gzip,deflate,br',
  'content-type' => '',
  'content-length' => '',
)
[ info ] [ PARAM ] array (
)
[ info ] [ LANG ] /www/wwwroot/www.ldkjmy.com/aaaa/yamaxun/app/home/lang/zh-cn.php
[ info ] [ SESSION ] INIT array (
  'id' => '',
  'var_session_id' => '',
  'prefix' => 'think',
  'type' => '',
  'auto_start' => true,
)
[ info ] [ BEHAVIOR ] Run Closure @action_begin [ RunTime:0.001358s ]
[ info ] [ RUN ] app\home\controller\Index->index[ /www/wwwroot/www.ldkjmy.com/aaaa/yamaxun/app/home/controller/Index.php ]
[ info ] [ BEHAVIOR ] Run app\admin\behavior\Cron @app_end [ RunTime:0.000580s ]
[ info ] [ LOG ] INIT File
---------------------------------------------------------------
[ 2019-10-04T21:50:55+08:00 ] 172.21.0.9 123.125.71.106 GET /
[ info ] www.ldkjmy.com/ [运行时间：0.070871s][吞吐率：14.11req/s] [内存消耗：3,486.27kb] [文件加载：73]
[ info ] [ LANG ] /www/wwwroot/www.ldkjmy.com/aaaa/yamaxun/thinkphp/lang/zh-cn.php
[ info ] [ LANG ] /www/wwwroot/www.ldkjmy.com/aaaa/yamaxun/app/lang/zh-cn.php
[ info ] [ CACHE ] INIT File
[ info ] [ ROUTE ] array (
  'type' => 'module',
  'module' => 
  array (
    0 => 'home',
    1 => 'Index',
    2 => 'index',
  ),
  'convert' => false,
)
[ info ] [ HEADER ] array (
  'host' => 'www.ldkjmy.com',
  'connection' => 'close',
  'user-agent' => 'Mozilla/5.0 (compatible; Baiduspider/2.0; +http://www.baidu.com/search/spider.html)',
  'accept-language' => 'zh-cn,zh-tw',
  'if-modified-since' => 'Wed, 31 Jul 2019 08:03:20 GMT',
  'if-none-match' => '"W/"5d414b48-4808""',
  'accept-encoding' => 'gzip',
  'accept' => '*/*',
  'content-type' => '',
  'content-length' => '',
)
[ info ] [ PARAM ] array (
)
[ info ] [ LANG ] /www/wwwroot/www.ldkjmy.com/aaaa/yamaxun/app/home/lang/zh-cn.php
[ info ] [ SESSION ] INIT array (
  'id' => '',
  'var_session_id' => '',
  'prefix' => 'think',
  'type' => '',
  'auto_start' => true,
)
[ info ] [ BEHAVIOR ] Run Closure @action_begin [ RunTime:0.002464s ]
[ info ] [ RUN ] app\home\controller\Index->index[ /www/wwwroot/www.ldkjmy.com/aaaa/yamaxun/app/home/controller/Index.php ]
[ info ] [ BEHAVIOR ] Run app\admin\behavior\Cron @app_end [ RunTime:0.000890s ]
[ info ] [ LOG ] INIT File
