---------------------------------------------------------------
[ 2020-02-15T00:26:40+08:00 ] 172.21.0.8 95.31.27.101 GET /
[ info ] 192.144.141.140:80/ [运行时间：0.069493s][吞吐率：14.39req/s] [内存消耗：7,505.12kb] [文件加载：91]
[ info ] [ LANG ] /www/wwwroot/www.ldkjmy.com/aaaa/yamaxun/thinkphp/lang/zh-cn.php
[ info ] [ LANG ] /www/wwwroot/www.ldkjmy.com/aaaa/yamaxun/app/lang/zh-cn.php
[ info ] [ CACHE ] INIT File
[ info ] [ ROUTE ] array (
  'type' => 'module',
  'module' => 
  array (
    0 => 'home',
    1 => 'Index',
    2 => 'index',
  ),
  'convert' => false,
)
[ info ] [ HEADER ] array (
  'host' => '192.144.141.140:80',
  'user-agent' => 'Mozilla/5.0 (Windows NT 6.1; WOW64) AppleWebKit/537.36 (KHTML, like Gecko) Chrome/52.0.2743.116 Safari/537.36',
  'content-length' => '0',
  'content-type' => '',
)
[ info ] [ PARAM ] array (
)
[ info ] [ LANG ] /www/wwwroot/www.ldkjmy.com/aaaa/yamaxun/app/home/lang/zh-cn.php
[ info ] [ SESSION ] INIT array (
  'id' => '',
  'var_session_id' => '',
  'prefix' => 'think',
  'type' => '',
  'auto_start' => true,
)
[ info ] [ DB ] INIT mysql
[ info ] [ BEHAVIOR ] Run app\common\behavior\WebLog @module_init [ RunTime:0.024632s ]
[ info ] [ BEHAVIOR ] Run Closure @action_begin [ RunTime:0.002193s ]
[ info ] [ RUN ] app\home\controller\Index->index[ /www/wwwroot/www.ldkjmy.com/aaaa/yamaxun/app/home/controller/Index.php ]
[ info ] [ BEHAVIOR ] Run app\admin\behavior\Cron @app_end [ RunTime:0.000817s ]
[ info ] [ LOG ] INIT File
[ sql ] [ DB ] CONNECT:[ UseTime:0.000310s ] mysql:dbname=www_ldkjmy_com;host=localhost;port=3306;charset=utf8
[ sql ] [ SQL ] SHOW COLUMNS FROM `yf_web_log` [ RunTime:0.001108s ]
[ sql ] [ SQL ] INSERT INTO `yf_web_log` (`uid` , `ip` , `location` , `os` , `browser` , `url` , `module` , `controller` , `action` , `method` , `data` , `otime`) VALUES (0 , '95.31.27.101' , '俄罗斯 俄罗斯  ' , 'Windows 7' , 'Chrome(52.0.2743.116)' , '/' , 'home' , 'Index' , 'index' , 'GET' , 'a:0:{}' , 1581697600) [ RunTime:0.000618s ]
---------------------------------------------------------------
[ 2020-02-15T03:02:01+08:00 ] 172.21.0.8 116.128.128.41 GET /
[ info ] 192.144.141.140/ [运行时间：0.070011s][吞吐率：14.28req/s] [内存消耗：7,505.52kb] [文件加载：91]
[ info ] [ LANG ] /www/wwwroot/www.ldkjmy.com/aaaa/yamaxun/thinkphp/lang/zh-cn.php
[ info ] [ LANG ] /www/wwwroot/www.ldkjmy.com/aaaa/yamaxun/app/lang/zh-cn.php
[ info ] [ CACHE ] INIT File
[ info ] [ ROUTE ] array (
  'type' => 'module',
  'module' => 
  array (
    0 => 'home',
    1 => 'Index',
    2 => 'index',
  ),
  'convert' => false,
)
[ info ] [ HEADER ] array (
  'accept' => 'text/html,application/xhtml+xml,application/xml;q=0.9,*/*;q=0.8',
  'accept-encoding' => 'gzip',
  'host' => '192.144.141.140',
  'q-sub-business' => 'contentsecurity',
  'user-agent' => 'Mozilla/5.0 (Windows NT 6.1; WOW64; rv:57.0) Gecko/20100101 Firefox/57.0',
  'content-type' => '',
  'content-length' => '',
)
[ info ] [ PARAM ] array (
)
[ info ] [ LANG ] /www/wwwroot/www.ldkjmy.com/aaaa/yamaxun/app/home/lang/zh-cn.php
[ info ] [ SESSION ] INIT array (
  'id' => '',
  'var_session_id' => '',
  'prefix' => 'think',
  'type' => '',
  'auto_start' => true,
)
[ info ] [ DB ] INIT mysql
[ info ] [ BEHAVIOR ] Run app\common\behavior\WebLog @module_init [ RunTime:0.024576s ]
[ info ] [ BEHAVIOR ] Run Closure @action_begin [ RunTime:0.001666s ]
[ info ] [ RUN ] app\home\controller\Index->index[ /www/wwwroot/www.ldkjmy.com/aaaa/yamaxun/app/home/controller/Index.php ]
[ info ] [ BEHAVIOR ] Run app\admin\behavior\Cron @app_end [ RunTime:0.000659s ]
[ info ] [ LOG ] INIT File
[ sql ] [ DB ] CONNECT:[ UseTime:0.000324s ] mysql:dbname=www_ldkjmy_com;host=localhost;port=3306;charset=utf8
[ sql ] [ SQL ] SHOW COLUMNS FROM `yf_web_log` [ RunTime:0.000969s ]
[ sql ] [ SQL ] INSERT INTO `yf_web_log` (`uid` , `ip` , `location` , `os` , `browser` , `url` , `module` , `controller` , `action` , `method` , `data` , `otime`) VALUES (0 , '116.128.128.41' , '中国 中国  ' , 'Windows 7' , 'Firefox(57.0)' , '/' , 'home' , 'Index' , 'index' , 'GET' , 'a:0:{}' , 1581706921) [ RunTime:0.000609s ]
---------------------------------------------------------------
[ 2020-02-15T05:37:57+08:00 ] 172.21.0.8 90.177.107.242 GET /
[ info ] 192.144.141.140:80/ [运行时间：0.055692s][吞吐率：17.96req/s] [内存消耗：7,505.09kb] [文件加载：91]
[ info ] [ LANG ] /www/wwwroot/www.ldkjmy.com/aaaa/yamaxun/thinkphp/lang/zh-cn.php
[ info ] [ LANG ] /www/wwwroot/www.ldkjmy.com/aaaa/yamaxun/app/lang/zh-cn.php
[ info ] [ CACHE ] INIT File
[ info ] [ ROUTE ] array (
  'type' => 'module',
  'module' => 
  array (
    0 => 'home',
    1 => 'Index',
    2 => 'index',
  ),
  'convert' => false,
)
[ info ] [ HEADER ] array (
  'host' => '192.144.141.140:80',
  'user-agent' => 'Mozilla/5.0 (Windows NT 10.0; WOW64) AppleWebKit/537.36 (KHTML, like Gecko) Chrome/52.0.2743.116 Safari/537.36',
  'content-length' => '0',
  'content-type' => '',
)
[ info ] [ PARAM ] array (
)
[ info ] [ LANG ] /www/wwwroot/www.ldkjmy.com/aaaa/yamaxun/app/home/lang/zh-cn.php
[ info ] [ SESSION ] INIT array (
  'id' => '',
  'var_session_id' => '',
  'prefix' => 'think',
  'type' => '',
  'auto_start' => true,
)
[ info ] [ DB ] INIT mysql
[ info ] [ BEHAVIOR ] Run app\common\behavior\WebLog @module_init [ RunTime:0.020252s ]
[ info ] [ BEHAVIOR ] Run Closure @action_begin [ RunTime:0.001561s ]
[ info ] [ RUN ] app\home\controller\Index->index[ /www/wwwroot/www.ldkjmy.com/aaaa/yamaxun/app/home/controller/Index.php ]
[ info ] [ BEHAVIOR ] Run app\admin\behavior\Cron @app_end [ RunTime:0.000685s ]
[ info ] [ LOG ] INIT File
[ sql ] [ DB ] CONNECT:[ UseTime:0.000317s ] mysql:dbname=www_ldkjmy_com;host=localhost;port=3306;charset=utf8
[ sql ] [ SQL ] SHOW COLUMNS FROM `yf_web_log` [ RunTime:0.000904s ]
[ sql ] [ SQL ] INSERT INTO `yf_web_log` (`uid` , `ip` , `location` , `os` , `browser` , `url` , `module` , `controller` , `action` , `method` , `data` , `otime`) VALUES (0 , '90.177.107.242' , '捷克 捷克  ' , 'Windows 10' , 'Chrome(52.0.2743.116)' , '/' , 'home' , 'Index' , 'index' , 'GET' , 'a:0:{}' , 1581716277) [ RunTime:0.000482s ]
---------------------------------------------------------------
[ 2020-02-15T06:16:29+08:00 ] 172.21.0.8 45.143.220.94 GET /
[ info ] 192.144.141.140/ [运行时间：0.065448s][吞吐率：15.28req/s] [内存消耗：7,496.29kb] [文件加载：90]
[ info ] [ LANG ] /www/wwwroot/www.ldkjmy.com/aaaa/yamaxun/app/lang/en-us.php
[ info ] [ CACHE ] INIT File
[ info ] [ ROUTE ] array (
  'type' => 'module',
  'module' => 
  array (
    0 => 'home',
    1 => 'Index',
    2 => 'index',
  ),
  'convert' => false,
)
[ info ] [ HEADER ] array (
  'host' => '192.144.141.140',
  'accept' => 'text/html,application/xhtml+xml,application/xml;q=0.9,*/*;q=0.8',
  'accept-encoding' => 'deflate, gzip, identity',
  'accept-language' => 'en-US;q=0.6,en;q=0.4',
  'user-agent' => 'Mozilla/5.0 (Windows NT 5.1; rv:9.0.1) Gecko/20100101 Firefox/9.0.1',
  'content-type' => '',
  'content-length' => '',
)
[ info ] [ PARAM ] array (
)
[ info ] [ LANG ] /www/wwwroot/www.ldkjmy.com/aaaa/yamaxun/app/home/lang/en-us.php
[ info ] [ SESSION ] INIT array (
  'id' => '',
  'var_session_id' => '',
  'prefix' => 'think',
  'type' => '',
  'auto_start' => true,
)
[ info ] [ DB ] INIT mysql
[ info ] [ BEHAVIOR ] Run app\common\behavior\WebLog @module_init [ RunTime:0.023243s ]
[ info ] [ BEHAVIOR ] Run Closure @action_begin [ RunTime:0.002234s ]
[ info ] [ RUN ] app\home\controller\Index->index[ /www/wwwroot/www.ldkjmy.com/aaaa/yamaxun/app/home/controller/Index.php ]
[ info ] [ BEHAVIOR ] Run app\admin\behavior\Cron @app_end [ RunTime:0.000898s ]
[ info ] [ LOG ] INIT File
[ sql ] [ DB ] CONNECT:[ UseTime:0.000401s ] mysql:dbname=www_ldkjmy_com;host=localhost;port=3306;charset=utf8
[ sql ] [ SQL ] SHOW COLUMNS FROM `yf_web_log` [ RunTime:0.001260s ]
[ sql ] [ SQL ] INSERT INTO `yf_web_log` (`uid` , `ip` , `location` , `os` , `browser` , `url` , `module` , `controller` , `action` , `method` , `data` , `otime`) VALUES (0 , '45.143.220.94' , '欧盟 欧盟  ' , 'Windows XP' , 'Firefox(9.0.1)' , '/' , 'home' , 'Index' , 'index' , 'GET' , 'a:0:{}' , 1581718589) [ RunTime:0.000717s ]
---------------------------------------------------------------
[ 2020-02-15T06:16:29+08:00 ] 172.21.0.8 45.143.220.94 GET /HNAP1/
[ info ] 192.144.141.140/HNAP1/ [运行时间：0.037430s][吞吐率：26.72req/s] [内存消耗：2,431.59kb] [文件加载：51]
[ info ] [ LANG ] /www/wwwroot/www.ldkjmy.com/aaaa/yamaxun/app/lang/en-us.php
[ info ] [ CACHE ] INIT File
[ info ] [ ROUTE ] array (
  'type' => 'module',
  'module' => 
  array (
    0 => 'HNAP1',
    1 => NULL,
    2 => NULL,
  ),
)
[ info ] [ HEADER ] array (
  'host' => '192.144.141.140',
  'accept' => 'text/html,application/xhtml+xml,application/xml;q=0.9,*/*;q=0.8',
  'accept-encoding' => 'deflate, gzip, identity',
  'accept-language' => 'en-US;q=0.6,en;q=0.4',
  'referer' => 'http://192.144.141.140/',
  'user-agent' => 'Mozilla/5.0 (Windows NT 5.1; rv:9.0.1) Gecko/20100101 Firefox/9.0.1',
  'cookie' => 'PHPSESSID=ncfcjahoh8b8uffrbp5d1udp21',
  'content-type' => '',
  'content-length' => '',
)
[ info ] [ PARAM ] array (
)
[ info ] [ LOG ] INIT File
---------------------------------------------------------------
[ 2020-02-15T06:24:18+08:00 ] 172.21.0.8 58.247.212.239 GET /rom-0
[ info ] 192.144.141.140/rom-0 [运行时间：0.027704s][吞吐率：36.10req/s] [内存消耗：2,439.84kb] [文件加载：52]
[ info ] [ LANG ] /www/wwwroot/www.ldkjmy.com/aaaa/yamaxun/thinkphp/lang/zh-cn.php
[ info ] [ LANG ] /www/wwwroot/www.ldkjmy.com/aaaa/yamaxun/app/lang/zh-cn.php
[ info ] [ CACHE ] INIT File
[ info ] [ ROUTE ] array (
  'type' => 'module',
  'module' => 
  array (
    0 => 'rom-0',
    1 => NULL,
    2 => NULL,
  ),
)
[ info ] [ HEADER ] array (
  'accept' => 'text/html,application/xhtml+xml,application/xml;q=0.9,*/*;q=0.8',
  'accept-encoding' => 'gzip',
  'host' => '192.144.141.140',
  'q-sub-business' => 'contentsecurity',
  'user-agent' => 'Mozilla/5.0 (Windows NT 6.1; WOW64; rv:57.0) Gecko/20100101 Firefox/57.0',
  'content-type' => '',
  'content-length' => '',
)
[ info ] [ PARAM ] array (
)
[ info ] [ LOG ] INIT File
---------------------------------------------------------------
[ 2020-02-15T07:19:03+08:00 ] 172.21.0.8 93.187.167.40 GET /
[ info ] 192.144.141.140/ [运行时间：0.066228s][吞吐率：15.10req/s] [内存消耗：7,496.25kb] [文件加载：90]
[ info ] [ LANG ] /www/wwwroot/www.ldkjmy.com/aaaa/yamaxun/app/lang/en-us.php
[ info ] [ CACHE ] INIT File
[ info ] [ ROUTE ] array (
  'type' => 'module',
  'module' => 
  array (
    0 => 'home',
    1 => 'Index',
    2 => 'index',
  ),
  'convert' => false,
)
[ info ] [ HEADER ] array (
  'host' => '192.144.141.140',
  'accept' => 'text/html,application/xhtml+xml,application/xml;q=0.9,*/*;q=0.8',
  'accept-encoding' => 'deflate, gzip, identity',
  'accept-language' => 'en-US;q=0.6,en;q=0.4',
  'user-agent' => 'Mozilla/5.0 (Windows NT 5.1; rv:9.0.1) Gecko/20100101 Firefox/9.0.1',
  'content-type' => '',
  'content-length' => '',
)
[ info ] [ PARAM ] array (
)
[ info ] [ LANG ] /www/wwwroot/www.ldkjmy.com/aaaa/yamaxun/app/home/lang/en-us.php
[ info ] [ SESSION ] INIT array (
  'id' => '',
  'var_session_id' => '',
  'prefix' => 'think',
  'type' => '',
  'auto_start' => true,
)
[ info ] [ DB ] INIT mysql
[ info ] [ BEHAVIOR ] Run app\common\behavior\WebLog @module_init [ RunTime:0.022690s ]
[ info ] [ BEHAVIOR ] Run Closure @action_begin [ RunTime:0.001777s ]
[ info ] [ RUN ] app\home\controller\Index->index[ /www/wwwroot/www.ldkjmy.com/aaaa/yamaxun/app/home/controller/Index.php ]
[ info ] [ BEHAVIOR ] Run app\admin\behavior\Cron @app_end [ RunTime:0.000678s ]
[ info ] [ LOG ] INIT File
[ sql ] [ DB ] CONNECT:[ UseTime:0.000396s ] mysql:dbname=www_ldkjmy_com;host=localhost;port=3306;charset=utf8
[ sql ] [ SQL ] SHOW COLUMNS FROM `yf_web_log` [ RunTime:0.001178s ]
[ sql ] [ SQL ] INSERT INTO `yf_web_log` (`uid` , `ip` , `location` , `os` , `browser` , `url` , `module` , `controller` , `action` , `method` , `data` , `otime`) VALUES (0 , '93.187.167.40' , '亚美尼亚 亚美尼亚  ' , 'Windows XP' , 'Firefox(9.0.1)' , '/' , 'home' , 'Index' , 'index' , 'GET' , 'a:0:{}' , 1581722343) [ RunTime:0.000745s ]
---------------------------------------------------------------
[ 2020-02-15T07:56:54+08:00 ] 172.21.0.8 5.101.0.209 GET /solr/admin/info/system?wt=json
[ info ] 192.144.141.140:80/solr/admin/info/system?wt=json [运行时间：0.027586s][吞吐率：36.25req/s] [内存消耗：2,440.28kb] [文件加载：52]
[ info ] [ LANG ] /www/wwwroot/www.ldkjmy.com/aaaa/yamaxun/thinkphp/lang/zh-cn.php
[ info ] [ LANG ] /www/wwwroot/www.ldkjmy.com/aaaa/yamaxun/app/lang/zh-cn.php
[ info ] [ CACHE ] INIT File
[ info ] [ ROUTE ] array (
  'type' => 'module',
  'module' => 
  array (
    0 => 'solr',
    1 => 'admin',
    2 => 'info',
  ),
)
[ info ] [ HEADER ] array (
  'host' => '192.144.141.140:80',
  'user-agent' => 'Mozilla/5.0 (Windows NT 10.0; Win64; x64) AppleWebKit/537.36 (KHTML, like Gecko) Chrome/78.0.3904.108 Safari/537.36',
  'accept-encoding' => 'gzip',
  'connection' => 'close',
  'content-type' => '',
  'content-length' => '',
)
[ info ] [ PARAM ] array (
  'wt' => 'json',
)
[ info ] [ LOG ] INIT File
---------------------------------------------------------------
[ 2020-02-15T08:00:07+08:00 ] 172.21.0.8 167.86.114.167 GET /
[ info ] 192.144.141.140/ [运行时间：0.054055s][吞吐率：18.50req/s] [内存消耗：6,588.41kb] [文件加载：87]
[ info ] [ LANG ] /www/wwwroot/www.ldkjmy.com/aaaa/yamaxun/thinkphp/lang/zh-cn.php
[ info ] [ LANG ] /www/wwwroot/www.ldkjmy.com/aaaa/yamaxun/app/lang/zh-cn.php
[ info ] [ CACHE ] INIT File
[ info ] [ ROUTE ] array (
  'type' => 'module',
  'module' => 
  array (
    0 => 'home',
    1 => 'Index',
    2 => 'index',
  ),
  'convert' => false,
)
[ info ] [ HEADER ] array (
  'host' => '192.144.141.140',
  'connection' => 'Keep-Alive',
  'content-type' => '',
  'content-length' => '',
)
[ info ] [ PARAM ] array (
)
[ info ] [ LANG ] /www/wwwroot/www.ldkjmy.com/aaaa/yamaxun/app/home/lang/zh-cn.php
[ info ] [ SESSION ] INIT array (
  'id' => '',
  'var_session_id' => '',
  'prefix' => 'think',
  'type' => '',
  'auto_start' => true,
)
[ info ] [ BEHAVIOR ] Run app\common\behavior\WebLog @module_init [ RunTime:0.014390s ]
[ info ] [ BEHAVIOR ] Run Closure @action_begin [ RunTime:0.001642s ]
[ info ] [ RUN ] app\home\controller\Index->index[ /www/wwwroot/www.ldkjmy.com/aaaa/yamaxun/app/home/controller/Index.php ]
[ info ] [ BEHAVIOR ] Run app\admin\behavior\Cron @app_end [ RunTime:0.000731s ]
[ info ] [ LOG ] INIT File
---------------------------------------------------------------
[ 2020-02-15T08:01:32+08:00 ] 172.21.0.8 5.101.0.209 GET /?a=fetch&content=<php>die(@md5(HelloThinkCMF))</php>
[ info ] 192.144.141.140:80/?a=fetch&content=<php>die(@md5(HelloThinkCMF))</php> [运行时间：0.057707s][吞吐率：17.33req/s] [内存消耗：7,507.24kb] [文件加载：91]
[ info ] [ LANG ] /www/wwwroot/www.ldkjmy.com/aaaa/yamaxun/thinkphp/lang/zh-cn.php
[ info ] [ LANG ] /www/wwwroot/www.ldkjmy.com/aaaa/yamaxun/app/lang/zh-cn.php
[ info ] [ CACHE ] INIT File
[ info ] [ ROUTE ] array (
  'type' => 'module',
  'module' => 
  array (
    0 => 'home',
    1 => 'Index',
    2 => 'index',
  ),
  'convert' => false,
)
[ info ] [ HEADER ] array (
  'host' => '192.144.141.140:80',
  'user-agent' => 'Mozilla/5.0 (Windows NT 10.0; Win64; x64) AppleWebKit/537.36 (KHTML, like Gecko) Chrome/78.0.3904.108 Safari/537.36',
  'content-type' => 'application/json',
  'accept-encoding' => 'gzip',
  'connection' => 'close',
  'content-length' => '',
)
[ info ] [ PARAM ] array (
  'a' => 'fetch',
  'content' => '&lt;php&gt;die(@md5(HelloThinkCMF))&lt;/php&gt;',
)
[ info ] [ LANG ] /www/wwwroot/www.ldkjmy.com/aaaa/yamaxun/app/home/lang/zh-cn.php
[ info ] [ SESSION ] INIT array (
  'id' => '',
  'var_session_id' => '',
  'prefix' => 'think',
  'type' => '',
  'auto_start' => true,
)
[ info ] [ DB ] INIT mysql
[ info ] [ BEHAVIOR ] Run app\common\behavior\WebLog @module_init [ RunTime:0.020695s ]
[ info ] [ BEHAVIOR ] Run Closure @action_begin [ RunTime:0.001543s ]
[ info ] [ RUN ] app\home\controller\Index->index[ /www/wwwroot/www.ldkjmy.com/aaaa/yamaxun/app/home/controller/Index.php ]
[ info ] [ BEHAVIOR ] Run app\admin\behavior\Cron @app_end [ RunTime:0.000646s ]
[ info ] [ LOG ] INIT File
[ sql ] [ DB ] CONNECT:[ UseTime:0.000383s ] mysql:dbname=www_ldkjmy_com;host=localhost;port=3306;charset=utf8
[ sql ] [ SQL ] SHOW COLUMNS FROM `yf_web_log` [ RunTime:0.000870s ]
[ sql ] [ SQL ] INSERT INTO `yf_web_log` (`uid` , `ip` , `location` , `os` , `browser` , `url` , `module` , `controller` , `action` , `method` , `data` , `otime`) VALUES (0 , '5.101.0.209' , '俄罗斯 俄罗斯  ' , 'Windows 10' , 'Chrome(78.0.3904.108)' , '/?a=fetch&content=<php>die(@md5(HelloThinkCMF))</php>' , 'home' , 'Index' , 'index' , 'GET' , 'a:2:{s:1:\"a\";s:5:\"fetch\";s:7:\"content\";s:47:\"&lt;php&gt;die(@md5(HelloThinkCMF))&lt;/php&gt;\";}' , 1581724892) [ RunTime:0.000482s ]
---------------------------------------------------------------
[ 2020-02-15T08:01:35+08:00 ] 172.21.0.8 5.101.0.209 GET /?XDEBUG_SESSION_START=phpstorm
[ info ] 192.144.141.140:80/?XDEBUG_SESSION_START=phpstorm [运行时间：0.058982s][吞吐率：16.95req/s] [内存消耗：7,506.59kb] [文件加载：91]
[ info ] [ LANG ] /www/wwwroot/www.ldkjmy.com/aaaa/yamaxun/thinkphp/lang/zh-cn.php
[ info ] [ LANG ] /www/wwwroot/www.ldkjmy.com/aaaa/yamaxun/app/lang/zh-cn.php
[ info ] [ CACHE ] INIT File
[ info ] [ ROUTE ] array (
  'type' => 'module',
  'module' => 
  array (
    0 => 'home',
    1 => 'Index',
    2 => 'index',
  ),
  'convert' => false,
)
[ info ] [ HEADER ] array (
  'host' => '192.144.141.140:80',
  'user-agent' => 'Mozilla/5.0 (Windows NT 10.0; Win64; x64) AppleWebKit/537.36 (KHTML, like Gecko) Chrome/78.0.3904.108 Safari/537.36',
  'accept-encoding' => 'gzip',
  'connection' => 'close',
  'content-type' => '',
  'content-length' => '',
)
[ info ] [ PARAM ] array (
  'XDEBUG_SESSION_START' => 'phpstorm',
)
[ info ] [ LANG ] /www/wwwroot/www.ldkjmy.com/aaaa/yamaxun/app/home/lang/zh-cn.php
[ info ] [ SESSION ] INIT array (
  'id' => '',
  'var_session_id' => '',
  'prefix' => 'think',
  'type' => '',
  'auto_start' => true,
)
[ info ] [ DB ] INIT mysql
[ info ] [ BEHAVIOR ] Run app\common\behavior\WebLog @module_init [ RunTime:0.019912s ]
[ info ] [ BEHAVIOR ] Run Closure @action_begin [ RunTime:0.001838s ]
[ info ] [ RUN ] app\home\controller\Index->index[ /www/wwwroot/www.ldkjmy.com/aaaa/yamaxun/app/home/controller/Index.php ]
[ info ] [ BEHAVIOR ] Run app\admin\behavior\Cron @app_end [ RunTime:0.000641s ]
[ info ] [ LOG ] INIT File
[ sql ] [ DB ] CONNECT:[ UseTime:0.000318s ] mysql:dbname=www_ldkjmy_com;host=localhost;port=3306;charset=utf8
[ sql ] [ SQL ] SHOW COLUMNS FROM `yf_web_log` [ RunTime:0.000905s ]
[ sql ] [ SQL ] INSERT INTO `yf_web_log` (`uid` , `ip` , `location` , `os` , `browser` , `url` , `module` , `controller` , `action` , `method` , `data` , `otime`) VALUES (0 , '5.101.0.209' , '俄罗斯 俄罗斯  ' , 'Windows 10' , 'Chrome(78.0.3904.108)' , '/?XDEBUG_SESSION_START=phpstorm' , 'home' , 'Index' , 'index' , 'GET' , 'a:1:{s:20:\"XDEBUG_SESSION_START\";s:8:\"phpstorm\";}' , 1581724895) [ RunTime:0.000479s ]
---------------------------------------------------------------
[ 2020-02-15T08:03:52+08:00 ] 172.21.0.8 5.101.0.209 GET /index.php?s=/Index/\think\app/invokefunction&function=call_user_func_array&vars[0]=md5&vars[1][]=HelloThinkPHP
[ info ] 192.144.141.140:80/index.php?s=/Index/\think\app/invokefunction&function=call_user_func_array&vars[0]=md5&vars[1][]=HelloThinkPHP [运行时间：0.030819s][吞吐率：32.45req/s] [内存消耗：2,441.33kb] [文件加载：52]
[ info ] [ LANG ] /www/wwwroot/www.ldkjmy.com/aaaa/yamaxun/thinkphp/lang/zh-cn.php
[ info ] [ LANG ] /www/wwwroot/www.ldkjmy.com/aaaa/yamaxun/app/lang/zh-cn.php
[ info ] [ CACHE ] INIT File
[ info ] [ ROUTE ] array (
  'type' => 'module',
  'module' => 
  array (
    0 => 'Index',
    1 => '\\think\\app',
    2 => 'invokefunction',
  ),
)
[ info ] [ HEADER ] array (
  'host' => '192.144.141.140:80',
  'user-agent' => 'Mozilla/5.0 (Windows NT 10.0; Win64; x64) AppleWebKit/537.36 (KHTML, like Gecko) Chrome/78.0.3904.108 Safari/537.36',
  'accept-encoding' => 'gzip',
  'connection' => 'close',
  'content-type' => '',
  'content-length' => '',
)
[ info ] [ PARAM ] array (
  'function' => 'call_user_func_array',
  'vars' => 
  array (
    0 => 'md5',
    1 => 
    array (
      0 => 'HelloThinkPHP',
    ),
  ),
)
[ info ] [ LOG ] INIT File
---------------------------------------------------------------
[ 2020-02-15T10:21:54+08:00 ] 172.21.0.8 190.122.152.62 GET /
[ info ] 192.144.141.140:80/ [运行时间：0.058988s][吞吐率：16.95req/s] [内存消耗：7,505.12kb] [文件加载：91]
[ info ] [ LANG ] /www/wwwroot/www.ldkjmy.com/aaaa/yamaxun/thinkphp/lang/zh-cn.php
[ info ] [ LANG ] /www/wwwroot/www.ldkjmy.com/aaaa/yamaxun/app/lang/zh-cn.php
[ info ] [ CACHE ] INIT File
[ info ] [ ROUTE ] array (
  'type' => 'module',
  'module' => 
  array (
    0 => 'home',
    1 => 'Index',
    2 => 'index',
  ),
  'convert' => false,
)
[ info ] [ HEADER ] array (
  'host' => '192.144.141.140:80',
  'user-agent' => 'Mozilla/5.0 (Windows NT 6.1; WOW64) AppleWebKit/537.36 (KHTML, like Gecko) Chrome/52.0.2743.116 Safari/537.36',
  'content-length' => '0',
  'content-type' => '',
)
[ info ] [ PARAM ] array (
)
[ info ] [ LANG ] /www/wwwroot/www.ldkjmy.com/aaaa/yamaxun/app/home/lang/zh-cn.php
[ info ] [ SESSION ] INIT array (
  'id' => '',
  'var_session_id' => '',
  'prefix' => 'think',
  'type' => '',
  'auto_start' => true,
)
[ info ] [ DB ] INIT mysql
[ info ] [ BEHAVIOR ] Run app\common\behavior\WebLog @module_init [ RunTime:0.021152s ]
[ info ] [ BEHAVIOR ] Run Closure @action_begin [ RunTime:0.001568s ]
[ info ] [ RUN ] app\home\controller\Index->index[ /www/wwwroot/www.ldkjmy.com/aaaa/yamaxun/app/home/controller/Index.php ]
[ info ] [ BEHAVIOR ] Run app\admin\behavior\Cron @app_end [ RunTime:0.000620s ]
[ info ] [ LOG ] INIT File
[ sql ] [ DB ] CONNECT:[ UseTime:0.000434s ] mysql:dbname=www_ldkjmy_com;host=localhost;port=3306;charset=utf8
[ sql ] [ SQL ] SHOW COLUMNS FROM `yf_web_log` [ RunTime:0.000996s ]
[ sql ] [ SQL ] INSERT INTO `yf_web_log` (`uid` , `ip` , `location` , `os` , `browser` , `url` , `module` , `controller` , `action` , `method` , `data` , `otime`) VALUES (0 , '190.122.152.62' , '阿根廷 阿根廷  ' , 'Windows 7' , 'Chrome(52.0.2743.116)' , '/' , 'home' , 'Index' , 'index' , 'GET' , 'a:0:{}' , 1581733314) [ RunTime:0.000641s ]
---------------------------------------------------------------
[ 2020-02-15T11:01:18+08:00 ] 172.21.0.8 58.220.253.253 GET /
[ info ] 192.144.141.140/ [运行时间：0.065295s][吞吐率：15.32req/s] [内存消耗：7,543.43kb] [文件加载：92]
[ info ] [ LANG ] /www/wwwroot/www.ldkjmy.com/aaaa/yamaxun/thinkphp/lang/zh-cn.php
[ info ] [ LANG ] /www/wwwroot/www.ldkjmy.com/aaaa/yamaxun/app/lang/zh-cn.php
[ info ] [ CACHE ] INIT File
[ info ] [ ROUTE ] array (
  'type' => 'module',
  'module' => 
  array (
    0 => 'home',
    1 => 'Index',
    2 => 'index',
  ),
  'convert' => false,
)
[ info ] [ HEADER ] array (
  'content-type' => 'application/x-www-form-urlencoded',
  'user-agent' => 'Mozilla/5.0 (Windows NT 6.1; Win64; x64; rv:45.0) Gecko/20100101 Firefox/45.0',
  'host' => '192.144.141.140',
  'connection' => 'Keep-Alive',
  'cache-control' => 'no-cache',
  'content-length' => '',
)
[ info ] [ PARAM ] array (
)
[ info ] [ LANG ] /www/wwwroot/www.ldkjmy.com/aaaa/yamaxun/app/home/lang/zh-cn.php
[ info ] [ SESSION ] INIT array (
  'id' => '',
  'var_session_id' => '',
  'prefix' => 'think',
  'type' => '',
  'auto_start' => true,
)
[ info ] [ DB ] INIT mysql
[ info ] [ BEHAVIOR ] Run app\common\behavior\WebLog @module_init [ RunTime:0.022746s ]
[ info ] [ BEHAVIOR ] Run Closure @action_begin [ RunTime:0.001593s ]
[ info ] [ RUN ] app\home\controller\Index->index[ /www/wwwroot/www.ldkjmy.com/aaaa/yamaxun/app/home/controller/Index.php ]
[ sql ] [ DB ] CONNECT:[ UseTime:0.000365s ] mysql:dbname=www_ldkjmy_com;host=localhost;port=3306;charset=utf8
[ sql ] [ SQL ] SHOW COLUMNS FROM `yf_web_log` [ RunTime:0.000935s ]
[ sql ] [ SQL ] INSERT INTO `yf_web_log` (`uid` , `ip` , `location` , `os` , `browser` , `url` , `module` , `controller` , `action` , `method` , `data` , `otime`) VALUES (0 , '58.220.253.253' , '中国 江苏 扬州 ' , 'Windows 7' , 'Firefox(45.0)' , '/' , 'home' , 'Index' , 'index' , 'GET' , 'a:0:{}' , 1581735678) [ RunTime:0.000583s ]
[ log ] Cron:clearlog Runat 2020-02-15 11:01:18 Use 0.000128 s

[ info ] [ BEHAVIOR ] Run app\admin\behavior\Cron @app_end [ RunTime:0.001707s ]
---------------------------------------------------------------
[ 2020-02-15T12:52:21+08:00 ] 172.21.0.8 188.14.108.197 GET /manager/html
[ info ] 192.144.141.140/manager/html [运行时间：0.031142s][吞吐率：32.11req/s] [内存消耗：2,430.80kb] [文件加载：51]
[ info ] [ LANG ] /www/wwwroot/www.ldkjmy.com/aaaa/yamaxun/app/lang/en-us.php
[ info ] [ CACHE ] INIT File
[ info ] [ ROUTE ] array (
  'type' => 'module',
  'module' => 
  array (
    0 => 'manager',
    1 => 'html',
    2 => NULL,
  ),
)
[ info ] [ HEADER ] array (
  'host' => '192.144.141.140',
  'user-agent' => 'Mozilla/5.0 Gecko/20100101',
  'accept' => 'text/html,application/xhtml+xml,application/xml;q=0.9,*/*;q=0.8',
  'accept-language' => 'en-us',
  'accept-encoding' => 'gzip, deflate',
  'connection' => 'keep-alive',
  'content-type' => '',
  'content-length' => '',
)
[ info ] [ PARAM ] array (
)
[ info ] [ LOG ] INIT File
---------------------------------------------------------------
[ 2020-02-15T13:09:33+08:00 ] 172.21.0.8 183.200.231.184 GET /
[ info ] 192.144.141.140/ [运行时间：0.057636s][吞吐率：17.35req/s] [内存消耗：7,506.95kb] [文件加载：91]
[ info ] [ LANG ] /www/wwwroot/www.ldkjmy.com/aaaa/yamaxun/thinkphp/lang/zh-cn.php
[ info ] [ LANG ] /www/wwwroot/www.ldkjmy.com/aaaa/yamaxun/app/lang/zh-cn.php
[ info ] [ CACHE ] INIT File
[ info ] [ ROUTE ] array (
  'type' => 'module',
  'module' => 
  array (
    0 => 'home',
    1 => 'Index',
    2 => 'index',
  ),
  'convert' => false,
)
[ info ] [ HEADER ] array (
  'host' => '192.144.141.140',
  'connection' => 'keep-alive',
  'upgrade-insecure-requests' => '1',
  'user-agent' => 'Mozilla/5.0 (Windows NT 6.1; WOW64) AppleWebKit/537.36 (KHTML, like Gecko) Chrome/80.0.3987.106 Safari/537.36',
  'accept' => 'text/html,application/xhtml+xml,application/xml;q=0.9,image/webp,image/apng,*/*;q=0.8,application/signed-exchange;v=b3;q=0.9',
  'accept-encoding' => 'gzip, deflate',
  'accept-language' => 'zh-CN,zh;q=0.9',
  'cookie' => 'order=id%20desc; memSize=7821; sites_path=/www/wwwroot; serverType=nginx; backup_path=/www/backup; uploadSize=1073741824; request_token=pbSToYuFktFWMGrwhaKp6jlpKkmUqcS7PZ3jZfhjivtl295f; rank=a; Path=/www/wwwroot/www.ldkjmy.com/aaaa; layers=4',
  'content-type' => '',
  'content-length' => '',
)
[ info ] [ PARAM ] array (
)
[ info ] [ LANG ] /www/wwwroot/www.ldkjmy.com/aaaa/yamaxun/app/home/lang/zh-cn.php
[ info ] [ SESSION ] INIT array (
  'id' => '',
  'var_session_id' => '',
  'prefix' => 'think',
  'type' => '',
  'auto_start' => true,
)
[ info ] [ DB ] INIT mysql
[ info ] [ BEHAVIOR ] Run app\common\behavior\WebLog @module_init [ RunTime:0.022132s ]
[ info ] [ BEHAVIOR ] Run Closure @action_begin [ RunTime:0.001930s ]
[ info ] [ RUN ] app\home\controller\Index->index[ /www/wwwroot/www.ldkjmy.com/aaaa/yamaxun/app/home/controller/Index.php ]
[ info ] [ BEHAVIOR ] Run app\admin\behavior\Cron @app_end [ RunTime:0.000718s ]
[ info ] [ LOG ] INIT File
[ sql ] [ DB ] CONNECT:[ UseTime:0.000336s ] mysql:dbname=www_ldkjmy_com;host=localhost;port=3306;charset=utf8
[ sql ] [ SQL ] SHOW COLUMNS FROM `yf_web_log` [ RunTime:0.000965s ]
[ sql ] [ SQL ] INSERT INTO `yf_web_log` (`uid` , `ip` , `location` , `os` , `browser` , `url` , `module` , `controller` , `action` , `method` , `data` , `otime`) VALUES (0 , '183.200.231.184' , '中国 山西 运城 ' , 'Windows 98' , 'Chrome(80.0.3987.106)' , '/' , 'home' , 'Index' , 'index' , 'GET' , 'a:0:{}' , 1581743373) [ RunTime:0.000520s ]
---------------------------------------------------------------
[ 2020-02-15T13:09:58+08:00 ] 172.21.0.8 183.200.231.184 GET /
[ info ] zyz.ldkjmy.com/ [运行时间：0.068223s][吞吐率：14.66req/s] [内存消耗：7,506.01kb] [文件加载：91]
[ info ] [ LANG ] /www/wwwroot/www.ldkjmy.com/aaaa/yamaxun/thinkphp/lang/zh-cn.php
[ info ] [ LANG ] /www/wwwroot/www.ldkjmy.com/aaaa/yamaxun/app/lang/zh-cn.php
[ info ] [ CACHE ] INIT File
[ info ] [ ROUTE ] array (
  'type' => 'module',
  'module' => 
  array (
    0 => 'home',
    1 => 'Index',
    2 => 'index',
  ),
  'convert' => false,
)
[ info ] [ HEADER ] array (
  'host' => 'zyz.ldkjmy.com',
  'connection' => 'keep-alive',
  'upgrade-insecure-requests' => '1',
  'user-agent' => 'Mozilla/5.0 (Windows NT 6.1; WOW64) AppleWebKit/537.36 (KHTML, like Gecko) Chrome/80.0.3987.106 Safari/537.36',
  'accept' => 'text/html,application/xhtml+xml,application/xml;q=0.9,image/webp,image/apng,*/*;q=0.8,application/signed-exchange;v=b3;q=0.9',
  'accept-encoding' => 'gzip, deflate',
  'accept-language' => 'zh-CN,zh;q=0.9',
  'content-type' => '',
  'content-length' => '',
)
[ info ] [ PARAM ] array (
)
[ info ] [ LANG ] /www/wwwroot/www.ldkjmy.com/aaaa/yamaxun/app/home/lang/zh-cn.php
[ info ] [ SESSION ] INIT array (
  'id' => '',
  'var_session_id' => '',
  'prefix' => 'think',
  'type' => '',
  'auto_start' => true,
)
[ info ] [ DB ] INIT mysql
[ info ] [ BEHAVIOR ] Run app\common\behavior\WebLog @module_init [ RunTime:0.025953s ]
[ info ] [ BEHAVIOR ] Run Closure @action_begin [ RunTime:0.002149s ]
[ info ] [ RUN ] app\home\controller\Index->index[ /www/wwwroot/www.ldkjmy.com/aaaa/yamaxun/app/home/controller/Index.php ]
[ info ] [ BEHAVIOR ] Run app\admin\behavior\Cron @app_end [ RunTime:0.000648s ]
[ info ] [ LOG ] INIT File
[ sql ] [ DB ] CONNECT:[ UseTime:0.000363s ] mysql:dbname=www_ldkjmy_com;host=localhost;port=3306;charset=utf8
[ sql ] [ SQL ] SHOW COLUMNS FROM `yf_web_log` [ RunTime:0.001321s ]
[ sql ] [ SQL ] INSERT INTO `yf_web_log` (`uid` , `ip` , `location` , `os` , `browser` , `url` , `module` , `controller` , `action` , `method` , `data` , `otime`) VALUES (0 , '183.200.231.184' , '中国 山西 运城 ' , 'Windows 98' , 'Chrome(80.0.3987.106)' , '/' , 'home' , 'Index' , 'index' , 'GET' , 'a:0:{}' , 1581743398) [ RunTime:0.000547s ]
---------------------------------------------------------------
[ 2020-02-15T13:12:33+08:00 ] 172.21.0.8 183.200.231.184 GET /
[ info ] tbk.ldkjmy.com/ [运行时间：0.063066s][吞吐率：15.86req/s] [内存消耗：7,506.01kb] [文件加载：91]
[ info ] [ LANG ] /www/wwwroot/www.ldkjmy.com/aaaa/yamaxun/thinkphp/lang/zh-cn.php
[ info ] [ LANG ] /www/wwwroot/www.ldkjmy.com/aaaa/yamaxun/app/lang/zh-cn.php
[ info ] [ CACHE ] INIT File
[ info ] [ ROUTE ] array (
  'type' => 'module',
  'module' => 
  array (
    0 => 'home',
    1 => 'Index',
    2 => 'index',
  ),
  'convert' => false,
)
[ info ] [ HEADER ] array (
  'host' => 'tbk.ldkjmy.com',
  'connection' => 'keep-alive',
  'upgrade-insecure-requests' => '1',
  'user-agent' => 'Mozilla/5.0 (Windows NT 6.1; WOW64) AppleWebKit/537.36 (KHTML, like Gecko) Chrome/80.0.3987.106 Safari/537.36',
  'accept' => 'text/html,application/xhtml+xml,application/xml;q=0.9,image/webp,image/apng,*/*;q=0.8,application/signed-exchange;v=b3;q=0.9',
  'accept-encoding' => 'gzip, deflate',
  'accept-language' => 'zh-CN,zh;q=0.9',
  'content-type' => '',
  'content-length' => '',
)
[ info ] [ PARAM ] array (
)
[ info ] [ LANG ] /www/wwwroot/www.ldkjmy.com/aaaa/yamaxun/app/home/lang/zh-cn.php
[ info ] [ SESSION ] INIT array (
  'id' => '',
  'var_session_id' => '',
  'prefix' => 'think',
  'type' => '',
  'auto_start' => true,
)
[ info ] [ DB ] INIT mysql
[ info ] [ BEHAVIOR ] Run app\common\behavior\WebLog @module_init [ RunTime:0.023559s ]
[ info ] [ BEHAVIOR ] Run Closure @action_begin [ RunTime:0.001674s ]
[ info ] [ RUN ] app\home\controller\Index->index[ /www/wwwroot/www.ldkjmy.com/aaaa/yamaxun/app/home/controller/Index.php ]
[ info ] [ BEHAVIOR ] Run app\admin\behavior\Cron @app_end [ RunTime:0.000770s ]
[ info ] [ LOG ] INIT File
[ sql ] [ DB ] CONNECT:[ UseTime:0.000478s ] mysql:dbname=www_ldkjmy_com;host=localhost;port=3306;charset=utf8
[ sql ] [ SQL ] SHOW COLUMNS FROM `yf_web_log` [ RunTime:0.000990s ]
[ sql ] [ SQL ] INSERT INTO `yf_web_log` (`uid` , `ip` , `location` , `os` , `browser` , `url` , `module` , `controller` , `action` , `method` , `data` , `otime`) VALUES (0 , '183.200.231.184' , '中国 山西 运城 ' , 'Windows 98' , 'Chrome(80.0.3987.106)' , '/' , 'home' , 'Index' , 'index' , 'GET' , 'a:0:{}' , 1581743553) [ RunTime:0.000549s ]
---------------------------------------------------------------
[ 2020-02-15T13:12:39+08:00 ] 172.21.0.8 178.128.78.14 GET /muieblackcat
[ info ] 192.144.141.140/muieblackcat [运行时间：0.027326s][吞吐率：36.60req/s] [内存消耗：2,430.28kb] [文件加载：51]
[ info ] [ LANG ] /www/wwwroot/www.ldkjmy.com/aaaa/yamaxun/app/lang/en-us.php
[ info ] [ CACHE ] INIT File
[ info ] [ ROUTE ] array (
  'type' => 'module',
  'module' => 
  array (
    0 => 'muieblackcat',
    1 => NULL,
    2 => NULL,
  ),
)
[ info ] [ HEADER ] array (
  'accept' => '*/*',
  'accept-language' => 'en-us',
  'accept-encoding' => 'gzip, deflate',
  'host' => '192.144.141.140',
  'connection' => 'Close',
  'content-type' => '',
  'content-length' => '',
)
[ info ] [ PARAM ] array (
)
[ info ] [ LOG ] INIT File
---------------------------------------------------------------
[ 2020-02-15T13:14:00+08:00 ] 172.21.0.8 178.128.78.14 GET /muieblackcat
[ info ] 192.144.141.140/muieblackcat [运行时间：0.029005s][吞吐率：34.48req/s] [内存消耗：2,430.28kb] [文件加载：51]
[ info ] [ LANG ] /www/wwwroot/www.ldkjmy.com/aaaa/yamaxun/app/lang/en-us.php
[ info ] [ CACHE ] INIT File
[ info ] [ ROUTE ] array (
  'type' => 'module',
  'module' => 
  array (
    0 => 'muieblackcat',
    1 => NULL,
    2 => NULL,
  ),
)
[ info ] [ HEADER ] array (
  'accept' => '*/*',
  'accept-language' => 'en-us',
  'accept-encoding' => 'gzip, deflate',
  'host' => '192.144.141.140',
  'connection' => 'Close',
  'content-type' => '',
  'content-length' => '',
)
[ info ] [ PARAM ] array (
)
[ info ] [ LOG ] INIT File
---------------------------------------------------------------
[ 2020-02-15T13:14:38+08:00 ] 172.21.0.8 178.128.78.14 GET /muieblackcat
[ info ] 192.144.141.140/muieblackcat [运行时间：0.035763s][吞吐率：27.96req/s] [内存消耗：2,430.28kb] [文件加载：51]
[ info ] [ LANG ] /www/wwwroot/www.ldkjmy.com/aaaa/yamaxun/app/lang/en-us.php
[ info ] [ CACHE ] INIT File
[ info ] [ ROUTE ] array (
  'type' => 'module',
  'module' => 
  array (
    0 => 'muieblackcat',
    1 => NULL,
    2 => NULL,
  ),
)
[ info ] [ HEADER ] array (
  'accept' => '*/*',
  'accept-language' => 'en-us',
  'accept-encoding' => 'gzip, deflate',
  'host' => '192.144.141.140',
  'connection' => 'Close',
  'content-type' => '',
  'content-length' => '',
)
[ info ] [ PARAM ] array (
)
[ info ] [ LOG ] INIT File
---------------------------------------------------------------
[ 2020-02-15T15:24:44+08:00 ] 172.21.0.8 58.247.212.239 GET /solr/admin/info/system?wt%3Djson
[ info ] 192.144.141.140/solr/admin/info/system?wt%3Djson [运行时间：0.031623s][吞吐率：31.62req/s] [内存消耗：2,440.30kb] [文件加载：52]
[ info ] [ LANG ] /www/wwwroot/www.ldkjmy.com/aaaa/yamaxun/thinkphp/lang/zh-cn.php
[ info ] [ LANG ] /www/wwwroot/www.ldkjmy.com/aaaa/yamaxun/app/lang/zh-cn.php
[ info ] [ CACHE ] INIT File
[ info ] [ ROUTE ] array (
  'type' => 'module',
  'module' => 
  array (
    0 => 'solr',
    1 => 'admin',
    2 => 'info',
  ),
)
[ info ] [ HEADER ] array (
  'accept' => 'text/html,application/xhtml+xml,application/xml;q=0.9,*/*;q=0.8',
  'accept-encoding' => 'gzip',
  'host' => '192.144.141.140',
  'q-sub-business' => 'contentsecurity',
  'user-agent' => 'Mozilla/5.0 (Windows NT 6.1; WOW64; rv:57.0) Gecko/20100101 Firefox/57.0',
  'content-type' => '',
  'content-length' => '',
)
[ info ] [ PARAM ] array (
  'wt=json' => '',
)
[ info ] [ LOG ] INIT File
---------------------------------------------------------------
[ 2020-02-15T15:27:50+08:00 ] 172.21.0.8 182.254.52.17 GET /admin/product/product_list.html
[ info ] ymx.ldkjmy.com/admin/product/product_list.html [运行时间：0.104915s][吞吐率：9.53req/s] [内存消耗：12,287.73kb] [文件加载：119]
[ info ] [ LANG ] /www/wwwroot/www.ldkjmy.com/aaaa/yamaxun/thinkphp/lang/zh-cn.php
[ info ] [ LANG ] /www/wwwroot/www.ldkjmy.com/aaaa/yamaxun/app/lang/zh-cn.php
[ info ] [ CACHE ] INIT File
[ info ] [ ROUTE ] array (
  'type' => 'module',
  'module' => 
  array (
    0 => 'admin',
    1 => 'product',
    2 => 'product_list',
  ),
)
[ info ] [ HEADER ] array (
  'accept' => 'text/html,application/xhtml+xml,application/xml;q=0.9,*/*;q=0.8',
  'accept-encoding' => 'gzip',
  'host' => 'ymx.ldkjmy.com',
  'q-sub-business' => 'contentsecurity',
  'user-agent' => 'Mozilla/5.0 (Windows NT 6.1; WOW64; rv:57.0) Gecko/20100101 Firefox/57.0',
  'content-type' => '',
  'content-length' => '',
)
[ info ] [ PARAM ] array (
)
[ info ] [ SESSION ] INIT array (
  'id' => '',
  'var_session_id' => '',
  'prefix' => 'think',
  'type' => '',
  'auto_start' => true,
)
[ info ] [ DB ] INIT mysql
[ info ] [ BEHAVIOR ] Run app\common\behavior\WebLog @module_init [ RunTime:0.064430s ]
[ info ] [ BEHAVIOR ] Run app\admin\behavior\Cron @app_end [ RunTime:0.000732s ]
[ info ] [ LOG ] INIT File
[ sql ] [ DB ] CONNECT:[ UseTime:0.000274s ] mysql:dbname=www_ldkjmy_com;host=localhost;port=3306;charset=utf8
[ sql ] [ SQL ] SHOW COLUMNS FROM `yf_web_log` [ RunTime:0.000908s ]
[ sql ] [ SQL ] INSERT INTO `yf_web_log` (`uid` , `ip` , `location` , `os` , `browser` , `url` , `module` , `controller` , `action` , `method` , `data` , `otime`) VALUES (0 , '182.254.52.17' , '中国 广东 深圳 ' , 'Windows 7' , 'Firefox(57.0)' , '/admin/product/product_list.html' , 'admin' , 'Product' , 'product_list' , 'GET' , 'a:0:{}' , 1581751670) [ RunTime:0.000454s ]
---------------------------------------------------------------
[ 2020-02-15T15:27:50+08:00 ] 172.21.0.8 182.254.52.17 GET /admin/login/login.html
[ info ] ymx.ldkjmy.com/admin/login/login.html [运行时间：0.100130s][吞吐率：9.99req/s] [内存消耗：12,358.16kb] [文件加载：122]
[ info ] [ LANG ] /www/wwwroot/www.ldkjmy.com/aaaa/yamaxun/thinkphp/lang/zh-cn.php
[ info ] [ LANG ] /www/wwwroot/www.ldkjmy.com/aaaa/yamaxun/app/lang/zh-cn.php
[ info ] [ CACHE ] INIT File
[ info ] [ ROUTE ] array (
  'type' => 'module',
  'module' => 
  array (
    0 => 'admin',
    1 => 'login',
    2 => 'login',
  ),
)
[ info ] [ HEADER ] array (
  'accept' => 'text/html,application/xhtml+xml,application/xml;q=0.9,*/*;q=0.8',
  'accept-encoding' => 'gzip',
  'cookie' => 'PHPSESSID=i9kreh4b9cb6sguko9f6dlsr23',
  'host' => 'ymx.ldkjmy.com',
  'q-sub-business' => 'contentsecurity',
  'referer' => 'http://ymx.ldkjmy.com/admin/product/product_list.html',
  'user-agent' => 'Mozilla/5.0 (Windows NT 6.1; WOW64; rv:57.0) Gecko/20100101 Firefox/57.0',
  'content-type' => '',
  'content-length' => '',
)
[ info ] [ PARAM ] array (
)
[ info ] [ SESSION ] INIT array (
  'id' => '',
  'var_session_id' => '',
  'prefix' => 'think',
  'type' => '',
  'auto_start' => true,
)
[ info ] [ DB ] INIT mysql
[ info ] [ BEHAVIOR ] Run app\common\behavior\WebLog @module_init [ RunTime:0.060307s ]
[ info ] [ BEHAVIOR ] Run Closure @action_begin [ RunTime:0.001514s ]
[ info ] [ RUN ] app\admin\controller\Login->login[ /www/wwwroot/www.ldkjmy.com/aaaa/yamaxun/app/admin/controller/Login.php ]
[ info ] [ VIEW ] /www/wwwroot/www.ldkjmy.com/aaaa/yamaxun/app/admin/view/login/login.html [ array (
  0 => 'lang',
) ]
[ info ] [ BEHAVIOR ] Run app\admin\behavior\Cron @app_end [ RunTime:0.000660s ]
[ info ] [ LOG ] INIT File
[ sql ] [ DB ] CONNECT:[ UseTime:0.000336s ] mysql:dbname=www_ldkjmy_com;host=localhost;port=3306;charset=utf8
[ sql ] [ SQL ] SHOW COLUMNS FROM `yf_web_log` [ RunTime:0.000913s ]
[ sql ] [ SQL ] INSERT INTO `yf_web_log` (`uid` , `ip` , `location` , `os` , `browser` , `url` , `module` , `controller` , `action` , `method` , `data` , `otime`) VALUES (0 , '182.254.52.17' , '中国 广东 深圳 ' , 'Windows 7' , 'Firefox(57.0)' , '/admin/login/login.html' , 'admin' , 'Login' , 'login' , 'GET' , 'a:0:{}' , 1581751670) [ RunTime:0.000491s ]
---------------------------------------------------------------
[ 2020-02-15T15:37:17+08:00 ] 172.21.0.8 39.100.231.144 GET /nmaplowercheck1581752237
[ info ] 192.144.141.140/nmaplowercheck1581752237 [运行时间：0.029645s][吞吐率：33.73req/s] [内存消耗：2,439.40kb] [文件加载：52]
[ info ] [ LANG ] /www/wwwroot/www.ldkjmy.com/aaaa/yamaxun/thinkphp/lang/zh-cn.php
[ info ] [ LANG ] /www/wwwroot/www.ldkjmy.com/aaaa/yamaxun/app/lang/zh-cn.php
[ info ] [ CACHE ] INIT File
[ info ] [ ROUTE ] array (
  'type' => 'module',
  'module' => 
  array (
    0 => 'nmaplowercheck1581752237',
    1 => NULL,
    2 => NULL,
  ),
)
[ info ] [ HEADER ] array (
  'user-agent' => 'Mozilla/5.0 (compatible; Nmap Scripting Engine; https://nmap.org/book/nse.html)',
  'host' => '192.144.141.140',
  'connection' => 'close',
  'content-type' => '',
  'content-length' => '',
)
[ info ] [ PARAM ] array (
)
[ info ] [ LOG ] INIT File
---------------------------------------------------------------
[ 2020-02-15T15:37:17+08:00 ] 172.21.0.8 39.100.231.144 POST /sdk
[ info ] 192.144.141.140/sdk [运行时间：0.029126s][吞吐率：34.33req/s] [内存消耗：2,440.05kb] [文件加载：52]
[ info ] [ LANG ] /www/wwwroot/www.ldkjmy.com/aaaa/yamaxun/thinkphp/lang/zh-cn.php
[ info ] [ LANG ] /www/wwwroot/www.ldkjmy.com/aaaa/yamaxun/app/lang/zh-cn.php
[ info ] [ CACHE ] INIT File
[ info ] [ ROUTE ] array (
  'type' => 'module',
  'module' => 
  array (
    0 => 'sdk',
    1 => NULL,
    2 => NULL,
  ),
)
[ info ] [ HEADER ] array (
  'user-agent' => 'Mozilla/5.0 (compatible; Nmap Scripting Engine; https://nmap.org/book/nse.html)',
  'content-length' => '441',
  'host' => '192.144.141.140',
  'connection' => 'close',
  'content-type' => '',
)
[ info ] [ PARAM ] array (
)
[ info ] [ LOG ] INIT File
---------------------------------------------------------------
[ 2020-02-15T15:37:17+08:00 ] 172.21.0.8 39.100.231.144 GET /evox/about
[ info ] 192.144.141.140/evox/about [运行时间：0.030812s][吞吐率：32.45req/s] [内存消耗：2,439.09kb] [文件加载：52]
[ info ] [ LANG ] /www/wwwroot/www.ldkjmy.com/aaaa/yamaxun/thinkphp/lang/zh-cn.php
[ info ] [ LANG ] /www/wwwroot/www.ldkjmy.com/aaaa/yamaxun/app/lang/zh-cn.php
[ info ] [ CACHE ] INIT File
[ info ] [ ROUTE ] array (
  'type' => 'module',
  'module' => 
  array (
    0 => 'evox',
    1 => 'about',
    2 => NULL,
  ),
)
[ info ] [ HEADER ] array (
  'user-agent' => 'Mozilla/5.0 (compatible; Nmap Scripting Engine; https://nmap.org/book/nse.html)',
  'host' => '192.144.141.140',
  'connection' => 'close',
  'content-type' => '',
  'content-length' => '',
)
[ info ] [ PARAM ] array (
)
[ info ] [ LOG ] INIT File
---------------------------------------------------------------
[ 2020-02-15T15:37:17+08:00 ] 172.21.0.8 39.100.231.144 GET /
[ info ] 192.144.141.140/ [运行时间：0.053248s][吞吐率：18.78req/s] [内存消耗：6,588.52kb] [文件加载：87]
[ info ] [ LANG ] /www/wwwroot/www.ldkjmy.com/aaaa/yamaxun/thinkphp/lang/zh-cn.php
[ info ] [ LANG ] /www/wwwroot/www.ldkjmy.com/aaaa/yamaxun/app/lang/zh-cn.php
[ info ] [ CACHE ] INIT File
[ info ] [ ROUTE ] array (
  'type' => 'module',
  'module' => 
  array (
    0 => 'home',
    1 => 'Index',
    2 => 'index',
  ),
  'convert' => false,
)
[ info ] [ HEADER ] array (
  'host' => '192.144.141.140',
  'content-type' => '',
  'content-length' => '',
)
[ info ] [ PARAM ] array (
)
[ info ] [ LANG ] /www/wwwroot/www.ldkjmy.com/aaaa/yamaxun/app/home/lang/zh-cn.php
[ info ] [ SESSION ] INIT array (
  'id' => '',
  'var_session_id' => '',
  'prefix' => 'think',
  'type' => '',
  'auto_start' => true,
)
[ info ] [ BEHAVIOR ] Run app\common\behavior\WebLog @module_init [ RunTime:0.012196s ]
[ info ] [ BEHAVIOR ] Run Closure @action_begin [ RunTime:0.001637s ]
[ info ] [ RUN ] app\home\controller\Index->index[ /www/wwwroot/www.ldkjmy.com/aaaa/yamaxun/app/home/controller/Index.php ]
[ info ] [ BEHAVIOR ] Run app\admin\behavior\Cron @app_end [ RunTime:0.000610s ]
[ info ] [ LOG ] INIT File
---------------------------------------------------------------
[ 2020-02-15T15:37:17+08:00 ] 172.21.0.8 39.100.231.144 GET /HNAP1
[ info ] 192.144.141.140/HNAP1 [运行时间：0.027487s][吞吐率：36.38req/s] [内存消耗：2,438.97kb] [文件加载：52]
[ info ] [ LANG ] /www/wwwroot/www.ldkjmy.com/aaaa/yamaxun/thinkphp/lang/zh-cn.php
[ info ] [ LANG ] /www/wwwroot/www.ldkjmy.com/aaaa/yamaxun/app/lang/zh-cn.php
[ info ] [ CACHE ] INIT File
[ info ] [ ROUTE ] array (
  'type' => 'module',
  'module' => 
  array (
    0 => 'HNAP1',
    1 => NULL,
    2 => NULL,
  ),
)
[ info ] [ HEADER ] array (
  'user-agent' => 'Mozilla/5.0 (compatible; Nmap Scripting Engine; https://nmap.org/book/nse.html)',
  'host' => '192.144.141.140',
  'connection' => 'close',
  'content-type' => '',
  'content-length' => '',
)
[ info ] [ PARAM ] array (
)
[ info ] [ LOG ] INIT File
---------------------------------------------------------------
[ 2020-02-15T16:14:46+08:00 ] 172.21.0.8 182.254.52.17 GET /manager/html
[ info ] 192.144.141.140/manager/html [运行时间：0.030076s][吞吐率：33.25req/s] [内存消耗：2,440.00kb] [文件加载：52]
[ info ] [ LANG ] /www/wwwroot/www.ldkjmy.com/aaaa/yamaxun/thinkphp/lang/zh-cn.php
[ info ] [ LANG ] /www/wwwroot/www.ldkjmy.com/aaaa/yamaxun/app/lang/zh-cn.php
[ info ] [ CACHE ] INIT File
[ info ] [ ROUTE ] array (
  'type' => 'module',
  'module' => 
  array (
    0 => 'manager',
    1 => 'html',
    2 => NULL,
  ),
)
[ info ] [ HEADER ] array (
  'accept' => 'text/html,application/xhtml+xml,application/xml;q=0.9,*/*;q=0.8',
  'accept-encoding' => 'gzip',
  'host' => '192.144.141.140',
  'q-sub-business' => 'contentsecurity',
  'user-agent' => 'Mozilla/5.0 (Windows NT 6.1; WOW64; rv:57.0) Gecko/20100101 Firefox/57.0',
  'content-type' => '',
  'content-length' => '',
)
[ info ] [ PARAM ] array (
)
[ info ] [ LOG ] INIT File
---------------------------------------------------------------
[ 2020-02-15T17:39:12+08:00 ] 172.21.0.8 183.192.179.16 GET /ping.ccp
[ info ] 192.144.141.140/ping.ccp [运行时间：0.028863s][吞吐率：34.65req/s] [内存消耗：2,439.87kb] [文件加载：52]
[ info ] [ LANG ] /www/wwwroot/www.ldkjmy.com/aaaa/yamaxun/thinkphp/lang/zh-cn.php
[ info ] [ LANG ] /www/wwwroot/www.ldkjmy.com/aaaa/yamaxun/app/lang/zh-cn.php
[ info ] [ CACHE ] INIT File
[ info ] [ ROUTE ] array (
  'type' => 'module',
  'module' => 
  array (
    0 => 'ping.ccp',
    1 => NULL,
    2 => NULL,
  ),
)
[ info ] [ HEADER ] array (
  'accept' => 'text/html,application/xhtml+xml,application/xml;q=0.9,*/*;q=0.8',
  'accept-encoding' => 'gzip',
  'host' => '192.144.141.140',
  'q-sub-business' => 'contentsecurity',
  'user-agent' => 'Mozilla/5.0 (Windows NT 6.1; WOW64; rv:57.0) Gecko/20100101 Firefox/57.0',
  'content-type' => '',
  'content-length' => '',
)
[ info ] [ PARAM ] array (
)
[ info ] [ LOG ] INIT File
---------------------------------------------------------------
[ 2020-02-15T18:21:05+08:00 ] 172.21.0.8 116.196.90.48 GET /index.php
[ info ] 192.144.141.140/index.php [运行时间：0.070866s][吞吐率：14.11req/s] [内存消耗：7,505.23kb] [文件加载：91]
[ info ] [ LANG ] /www/wwwroot/www.ldkjmy.com/aaaa/yamaxun/thinkphp/lang/zh-cn.php
[ info ] [ LANG ] /www/wwwroot/www.ldkjmy.com/aaaa/yamaxun/app/lang/zh-cn.php
[ info ] [ CACHE ] INIT File
[ info ] [ ROUTE ] array (
  'type' => 'module',
  'module' => 
  array (
    0 => 'home',
    1 => 'Index',
    2 => 'index',
  ),
  'convert' => false,
)
[ info ] [ HEADER ] array (
  'host' => '192.144.141.140',
  'user-agent' => 'Mozilla/5.0 (Windows; U; Windows NT 6.0;en-US; rv:1.9.2) Gecko/20100115 Firefox/3.6)',
  'connection' => 'close',
  'accept-encoding' => 'gzip',
  'content-type' => '',
  'content-length' => '',
)
[ info ] [ PARAM ] array (
)
[ info ] [ LANG ] /www/wwwroot/www.ldkjmy.com/aaaa/yamaxun/app/home/lang/zh-cn.php
[ info ] [ SESSION ] INIT array (
  'id' => '',
  'var_session_id' => '',
  'prefix' => 'think',
  'type' => '',
  'auto_start' => true,
)
[ info ] [ DB ] INIT mysql
[ info ] [ BEHAVIOR ] Run app\common\behavior\WebLog @module_init [ RunTime:0.026084s ]
[ info ] [ BEHAVIOR ] Run Closure @action_begin [ RunTime:0.001538s ]
[ info ] [ RUN ] app\home\controller\Index->index[ /www/wwwroot/www.ldkjmy.com/aaaa/yamaxun/app/home/controller/Index.php ]
[ info ] [ BEHAVIOR ] Run app\admin\behavior\Cron @app_end [ RunTime:0.000769s ]
[ info ] [ LOG ] INIT File
[ sql ] [ DB ] CONNECT:[ UseTime:0.000383s ] mysql:dbname=www_ldkjmy_com;host=localhost;port=3306;charset=utf8
[ sql ] [ SQL ] SHOW COLUMNS FROM `yf_web_log` [ RunTime:0.001213s ]
[ sql ] [ SQL ] INSERT INTO `yf_web_log` (`uid` , `ip` , `location` , `os` , `browser` , `url` , `module` , `controller` , `action` , `method` , `data` , `otime`) VALUES (0 , '116.196.90.48' , '中国 中国  ' , 'Windows Vista' , 'Firefox(3.6)' , '/index.php' , 'home' , 'Index' , 'index' , 'GET' , 'a:0:{}' , 1581762065) [ RunTime:0.000698s ]
---------------------------------------------------------------
[ 2020-02-15T18:21:05+08:00 ] 172.21.0.8 116.196.90.48 GET /index.php?s=index/\think\app/invokefunction&function=call_user_func_array&vars[0]=phpinfo&vars[1][]=1
[ info ] 192.144.141.140/index.php?s=index/\think\app/invokefunction&function=call_user_func_array&vars[0]=phpinfo&vars[1][]=1 [运行时间：0.027354s][吞吐率：36.56req/s] [内存消耗：2,440.79kb] [文件加载：52]
[ info ] [ LANG ] /www/wwwroot/www.ldkjmy.com/aaaa/yamaxun/thinkphp/lang/zh-cn.php
[ info ] [ LANG ] /www/wwwroot/www.ldkjmy.com/aaaa/yamaxun/app/lang/zh-cn.php
[ info ] [ CACHE ] INIT File
[ info ] [ ROUTE ] array (
  'type' => 'module',
  'module' => 
  array (
    0 => 'index',
    1 => '\\think\\app',
    2 => 'invokefunction',
  ),
)
[ info ] [ HEADER ] array (
  'host' => '192.144.141.140',
  'user-agent' => 'Mozilla/5.0 (Windows; U; Windows NT 6.0;en-US; rv:1.9.2) Gecko/20100115 Firefox/3.6)',
  'connection' => 'close',
  'accept-encoding' => 'gzip',
  'content-type' => '',
  'content-length' => '',
)
[ info ] [ PARAM ] array (
  'function' => 'call_user_func_array',
  'vars' => 
  array (
    0 => 'phpinfo',
    1 => 
    array (
      0 => '1',
    ),
  ),
)
[ info ] [ LOG ] INIT File
---------------------------------------------------------------
[ 2020-02-15T18:21:05+08:00 ] 172.21.0.8 116.196.90.48 POST /index.php?s=captcha
[ info ] 192.144.141.140/index.php?s=captcha [运行时间：0.028048s][吞吐率：35.65req/s] [内存消耗：2,448.95kb] [文件加载：53]
[ info ] [ LANG ] /www/wwwroot/www.ldkjmy.com/aaaa/yamaxun/thinkphp/lang/zh-cn.php
[ info ] [ LANG ] /www/wwwroot/www.ldkjmy.com/aaaa/yamaxun/app/lang/zh-cn.php
[ info ] [ CACHE ] INIT File
[ info ] [ ROUTE ] array (
  'type' => 'method',
  'method' => 
  array (
    0 => '\\think\\captcha\\CaptchaController',
    1 => 'index',
  ),
  'var' => 
  array (
  ),
)
[ info ] [ HEADER ] array (
)
[ info ] [ LOG ] INIT File
[ error ] [2]system() has been disabled for security reasons[/www/wwwroot/www.ldkjmy.com/aaaa/yamaxun/thinkphp/library/think/Request.php:1060]
---------------------------------------------------------------
[ 2020-02-15T18:21:06+08:00 ] 172.21.0.8 116.196.90.48 GET /
[ info ] 192.144.141.140:80/ [运行时间：0.060686s][吞吐率：16.48req/s] [内存消耗：7,505.16kb] [文件加载：91]
[ info ] [ LANG ] /www/wwwroot/www.ldkjmy.com/aaaa/yamaxun/thinkphp/lang/zh-cn.php
[ info ] [ LANG ] /www/wwwroot/www.ldkjmy.com/aaaa/yamaxun/app/lang/zh-cn.php
[ info ] [ CACHE ] INIT File
[ info ] [ ROUTE ] array (
  'type' => 'module',
  'module' => 
  array (
    0 => 'home',
    1 => 'Index',
    2 => 'index',
  ),
  'convert' => false,
)
[ info ] [ HEADER ] array (
  'host' => '192.144.141.140:80',
  'user-agent' => 'Mozilla/5.0 (Windows; U; Windows NT 6.0;en-US; rv:1.9.2) Gecko/20100115 Firefox/3.6)',
  'connection' => 'close',
  'accept-encoding' => 'gzip',
  'content-type' => '',
  'content-length' => '',
)
[ info ] [ PARAM ] array (
)
[ info ] [ LANG ] /www/wwwroot/www.ldkjmy.com/aaaa/yamaxun/app/home/lang/zh-cn.php
[ info ] [ SESSION ] INIT array (
  'id' => '',
  'var_session_id' => '',
  'prefix' => 'think',
  'type' => '',
  'auto_start' => true,
)
[ info ] [ DB ] INIT mysql
[ info ] [ BEHAVIOR ] Run app\common\behavior\WebLog @module_init [ RunTime:0.022220s ]
[ info ] [ BEHAVIOR ] Run Closure @action_begin [ RunTime:0.001703s ]
[ info ] [ RUN ] app\home\controller\Index->index[ /www/wwwroot/www.ldkjmy.com/aaaa/yamaxun/app/home/controller/Index.php ]
[ info ] [ BEHAVIOR ] Run app\admin\behavior\Cron @app_end [ RunTime:0.000647s ]
[ info ] [ LOG ] INIT File
[ sql ] [ DB ] CONNECT:[ UseTime:0.000268s ] mysql:dbname=www_ldkjmy_com;host=localhost;port=3306;charset=utf8
[ sql ] [ SQL ] SHOW COLUMNS FROM `yf_web_log` [ RunTime:0.000921s ]
[ sql ] [ SQL ] INSERT INTO `yf_web_log` (`uid` , `ip` , `location` , `os` , `browser` , `url` , `module` , `controller` , `action` , `method` , `data` , `otime`) VALUES (0 , '116.196.90.48' , '中国 中国  ' , 'Windows Vista' , 'Firefox(3.6)' , '/' , 'home' , 'Index' , 'index' , 'GET' , 'a:0:{}' , 1581762066) [ RunTime:0.000492s ]
---------------------------------------------------------------
[ 2020-02-15T18:32:52+08:00 ] 172.21.0.8 182.202.14.161 GET /phpmyadmin/
[ info ] 192.144.141.140/phpmyadmin/ [运行时间：0.029500s][吞吐率：33.90req/s] [内存消耗：2,439.01kb] [文件加载：52]
[ info ] [ LANG ] /www/wwwroot/www.ldkjmy.com/aaaa/yamaxun/thinkphp/lang/zh-cn.php
[ info ] [ LANG ] /www/wwwroot/www.ldkjmy.com/aaaa/yamaxun/app/lang/zh-cn.php
[ info ] [ CACHE ] INIT File
[ info ] [ ROUTE ] array (
  'type' => 'module',
  'module' => 
  array (
    0 => 'phpmyadmin',
    1 => NULL,
    2 => NULL,
  ),
)
[ info ] [ HEADER ] array (
  'user-agent' => 'Mozilla/5.0 (Windows NT 10.0; WOW64) AppleWebKit/537.36 (KHTML, like Gecko) Chrome/51.0.2704.103 Safari/537.36',
  'host' => '192.144.141.140',
  'connection' => 'keep-alive',
  'content-type' => '',
  'content-length' => '',
)
[ info ] [ PARAM ] array (
)
[ info ] [ LOG ] INIT File
---------------------------------------------------------------
[ 2020-02-15T18:38:18+08:00 ] 172.21.0.8 61.241.50.63 GET /?XDEBUG_SESSION_START%3Dphpstorm
[ info ] 192.144.141.140/?XDEBUG_SESSION_START%3Dphpstorm [运行时间：0.072856s][吞吐率：13.73req/s] [内存消耗：7,506.91kb] [文件加载：91]
[ info ] [ LANG ] /www/wwwroot/www.ldkjmy.com/aaaa/yamaxun/thinkphp/lang/zh-cn.php
[ info ] [ LANG ] /www/wwwroot/www.ldkjmy.com/aaaa/yamaxun/app/lang/zh-cn.php
[ info ] [ CACHE ] INIT File
[ info ] [ ROUTE ] array (
  'type' => 'module',
  'module' => 
  array (
    0 => 'home',
    1 => 'Index',
    2 => 'index',
  ),
  'convert' => false,
)
[ info ] [ HEADER ] array (
  'accept' => 'text/html,application/xhtml+xml,application/xml;q=0.9,*/*;q=0.8',
  'accept-encoding' => 'gzip',
  'host' => '192.144.141.140',
  'q-sub-business' => 'contentsecurity',
  'user-agent' => 'Mozilla/5.0 (Windows NT 6.1; WOW64; rv:57.0) Gecko/20100101 Firefox/57.0',
  'content-type' => '',
  'content-length' => '',
)
[ info ] [ PARAM ] array (
  'XDEBUG_SESSION_START=phpstorm' => '',
)
[ info ] [ LANG ] /www/wwwroot/www.ldkjmy.com/aaaa/yamaxun/app/home/lang/zh-cn.php
[ info ] [ SESSION ] INIT array (
  'id' => '',
  'var_session_id' => '',
  'prefix' => 'think',
  'type' => '',
  'auto_start' => true,
)
[ info ] [ DB ] INIT mysql
[ info ] [ BEHAVIOR ] Run app\common\behavior\WebLog @module_init [ RunTime:0.028546s ]
[ info ] [ BEHAVIOR ] Run Closure @action_begin [ RunTime:0.002085s ]
[ info ] [ RUN ] app\home\controller\Index->index[ /www/wwwroot/www.ldkjmy.com/aaaa/yamaxun/app/home/controller/Index.php ]
[ info ] [ BEHAVIOR ] Run app\admin\behavior\Cron @app_end [ RunTime:0.000861s ]
[ info ] [ LOG ] INIT File
[ sql ] [ DB ] CONNECT:[ UseTime:0.000320s ] mysql:dbname=www_ldkjmy_com;host=localhost;port=3306;charset=utf8
[ sql ] [ SQL ] SHOW COLUMNS FROM `yf_web_log` [ RunTime:0.001156s ]
[ sql ] [ SQL ] INSERT INTO `yf_web_log` (`uid` , `ip` , `location` , `os` , `browser` , `url` , `module` , `controller` , `action` , `method` , `data` , `otime`) VALUES (0 , '61.241.50.63' , '中国 江苏 泰州 ' , 'Windows 7' , 'Firefox(57.0)' , '/?XDEBUG_SESSION_START%3Dphpstorm' , 'home' , 'Index' , 'index' , 'GET' , 'a:1:{s:29:\"XDEBUG_SESSION_START=phpstorm\";s:0:\"\";}' , 1581763098) [ RunTime:0.000722s ]
---------------------------------------------------------------
[ 2020-02-15T20:31:13+08:00 ] 172.21.0.8 103.116.85.135 GET /
[ info ] 192.144.141.140:80/ [运行时间：0.065877s][吞吐率：15.18req/s] [内存消耗：7,504.97kb] [文件加载：91]
[ info ] [ LANG ] /www/wwwroot/www.ldkjmy.com/aaaa/yamaxun/thinkphp/lang/zh-cn.php
[ info ] [ LANG ] /www/wwwroot/www.ldkjmy.com/aaaa/yamaxun/app/lang/zh-cn.php
[ info ] [ CACHE ] INIT File
[ info ] [ ROUTE ] array (
  'type' => 'module',
  'module' => 
  array (
    0 => 'home',
    1 => 'Index',
    2 => 'index',
  ),
  'convert' => false,
)
[ info ] [ HEADER ] array (
  'host' => '192.144.141.140:80',
  'user-agent' => 'Mozilla/5.0 (Macintosh; Intel Mac OS X 10_11_6) AppleWebKit/601.7.7 (KHTML, like Gecko) Version/9.1.2 Safari/601.7.7',
  'content-length' => '0',
  'content-type' => '',
)
[ info ] [ PARAM ] array (
)
[ info ] [ LANG ] /www/wwwroot/www.ldkjmy.com/aaaa/yamaxun/app/home/lang/zh-cn.php
[ info ] [ SESSION ] INIT array (
  'id' => '',
  'var_session_id' => '',
  'prefix' => 'think',
  'type' => '',
  'auto_start' => true,
)
[ info ] [ DB ] INIT mysql
[ info ] [ BEHAVIOR ] Run app\common\behavior\WebLog @module_init [ RunTime:0.026459s ]
[ info ] [ BEHAVIOR ] Run Closure @action_begin [ RunTime:0.001565s ]
[ info ] [ RUN ] app\home\controller\Index->index[ /www/wwwroot/www.ldkjmy.com/aaaa/yamaxun/app/home/controller/Index.php ]
[ info ] [ BEHAVIOR ] Run app\admin\behavior\Cron @app_end [ RunTime:0.000822s ]
[ info ] [ LOG ] INIT File
[ sql ] [ DB ] CONNECT:[ UseTime:0.000397s ] mysql:dbname=www_ldkjmy_com;host=localhost;port=3306;charset=utf8
[ sql ] [ SQL ] SHOW COLUMNS FROM `yf_web_log` [ RunTime:0.001072s ]
[ sql ] [ SQL ] INSERT INTO `yf_web_log` (`uid` , `ip` , `location` , `os` , `browser` , `url` , `module` , `controller` , `action` , `method` , `data` , `otime`) VALUES (0 , '103.116.85.135' , '亚太地区 亚太地区  ' , 'Mac' , 'Safari(601.7.7)' , '/' , 'home' , 'Index' , 'index' , 'GET' , 'a:0:{}' , 1581769873) [ RunTime:0.000514s ]
---------------------------------------------------------------
[ 2020-02-15T20:39:00+08:00 ] 172.21.0.8 59.36.132.240 GET /admin/login/login.html
[ info ] ymx.ldkjmy.com/admin/login/login.html [运行时间：0.142984s][吞吐率：6.99req/s] [内存消耗：12,357.03kb] [文件加载：122]
[ info ] [ LANG ] /www/wwwroot/www.ldkjmy.com/aaaa/yamaxun/thinkphp/lang/zh-cn.php
[ info ] [ LANG ] /www/wwwroot/www.ldkjmy.com/aaaa/yamaxun/app/lang/zh-cn.php
[ info ] [ CACHE ] INIT File
[ info ] [ ROUTE ] array (
  'type' => 'module',
  'module' => 
  array (
    0 => 'admin',
    1 => 'login',
    2 => 'login',
  ),
)
[ info ] [ HEADER ] array (
  'accept' => 'text/html,application/xhtml+xml,application/xml;q=0.9,*/*;q=0.8',
  'accept-encoding' => 'gzip',
  'host' => 'ymx.ldkjmy.com',
  'q-sub-business' => 'contentsecurity',
  'user-agent' => 'Mozilla/5.0 (Windows NT 6.1; WOW64; rv:57.0) Gecko/20100101 Firefox/57.0',
  'content-type' => '',
  'content-length' => '',
)
[ info ] [ PARAM ] array (
)
[ info ] [ SESSION ] INIT array (
  'id' => '',
  'var_session_id' => '',
  'prefix' => 'think',
  'type' => '',
  'auto_start' => true,
)
[ info ] [ DB ] INIT mysql
[ info ] [ BEHAVIOR ] Run app\common\behavior\WebLog @module_init [ RunTime:0.082521s ]
[ info ] [ BEHAVIOR ] Run Closure @action_begin [ RunTime:0.002586s ]
[ info ] [ RUN ] app\admin\controller\Login->login[ /www/wwwroot/www.ldkjmy.com/aaaa/yamaxun/app/admin/controller/Login.php ]
[ info ] [ VIEW ] /www/wwwroot/www.ldkjmy.com/aaaa/yamaxun/app/admin/view/login/login.html [ array (
  0 => 'lang',
) ]
[ info ] [ BEHAVIOR ] Run app\admin\behavior\Cron @app_end [ RunTime:0.001019s ]
[ info ] [ LOG ] INIT File
[ sql ] [ DB ] CONNECT:[ UseTime:0.000338s ] mysql:dbname=www_ldkjmy_com;host=localhost;port=3306;charset=utf8
[ sql ] [ SQL ] SHOW COLUMNS FROM `yf_web_log` [ RunTime:0.001192s ]
[ sql ] [ SQL ] INSERT INTO `yf_web_log` (`uid` , `ip` , `location` , `os` , `browser` , `url` , `module` , `controller` , `action` , `method` , `data` , `otime`) VALUES (0 , '59.36.132.240' , '中国 广东 东莞 ' , 'Windows 7' , 'Firefox(57.0)' , '/admin/login/login.html' , 'admin' , 'Login' , 'login' , 'GET' , 'a:0:{}' , 1581770340) [ RunTime:0.000809s ]
