---------------------------------------------------------------
[ 2020-02-16T01:22:08+08:00 ] 172.21.0.8 34.217.69.59 GET /
[ info ] 192.144.141.140/ [运行时间：0.064218s][吞吐率：15.57req/s] [内存消耗：7,496.67kb] [文件加载：90]
[ info ] [ LANG ] /www/wwwroot/www.ldkjmy.com/aaaa/yamaxun/app/lang/en-us.php
[ info ] [ CACHE ] INIT File
[ info ] [ ROUTE ] array (
  'type' => 'module',
  'module' => 
  array (
    0 => 'home',
    1 => 'Index',
    2 => 'index',
  ),
  'convert' => false,
)
[ info ] [ HEADER ] array (
  'host' => '192.144.141.140',
  'user-agent' => 'Mozilla/5.0 (X11; Linux i686 on x86_64; rv:53.0) Gecko/20100101 Firefox/53.0',
  'accept' => 'text/html,application/xhtml+xml,application/xml;q=0.9,*/*;q=0.8',
  'accept-language' => 'en-US,en;q=0.5',
  'accept-encoding' => 'gzip, deflate',
  'connection' => 'keep-alive',
  'upgrade-insecure-requests' => '1',
  'content-type' => '',
  'content-length' => '',
)
[ info ] [ PARAM ] array (
)
[ info ] [ LANG ] /www/wwwroot/www.ldkjmy.com/aaaa/yamaxun/app/home/lang/en-us.php
[ info ] [ SESSION ] INIT array (
  'id' => '',
  'var_session_id' => '',
  'prefix' => 'think',
  'type' => '',
  'auto_start' => true,
)
[ info ] [ DB ] INIT mysql
[ info ] [ BEHAVIOR ] Run app\common\behavior\WebLog @module_init [ RunTime:0.023854s ]
[ info ] [ BEHAVIOR ] Run Closure @action_begin [ RunTime:0.002144s ]
[ info ] [ RUN ] app\home\controller\Index->index[ /www/wwwroot/www.ldkjmy.com/aaaa/yamaxun/app/home/controller/Index.php ]
[ info ] [ BEHAVIOR ] Run app\admin\behavior\Cron @app_end [ RunTime:0.000746s ]
[ info ] [ LOG ] INIT File
[ sql ] [ DB ] CONNECT:[ UseTime:0.000398s ] mysql:dbname=www_ldkjmy_com;host=localhost;port=3306;charset=utf8
[ sql ] [ SQL ] SHOW COLUMNS FROM `yf_web_log` [ RunTime:0.000941s ]
[ sql ] [ SQL ] INSERT INTO `yf_web_log` (`uid` , `ip` , `location` , `os` , `browser` , `url` , `module` , `controller` , `action` , `method` , `data` , `otime`) VALUES (0 , '34.217.69.59' , '美国 美国  ' , 'Linux' , 'Firefox(53.0)' , '/' , 'home' , 'Index' , 'index' , 'GET' , 'a:0:{}' , 1581787328) [ RunTime:0.000521s ]
---------------------------------------------------------------
[ 2020-02-16T03:01:11+08:00 ] 172.21.0.8 105.27.114.174 GET /
[ info ] 192.144.141.140:80/ [运行时间：0.060846s][吞吐率：16.43req/s] [内存消耗：7,505.09kb] [文件加载：91]
[ info ] [ LANG ] /www/wwwroot/www.ldkjmy.com/aaaa/yamaxun/thinkphp/lang/zh-cn.php
[ info ] [ LANG ] /www/wwwroot/www.ldkjmy.com/aaaa/yamaxun/app/lang/zh-cn.php
[ info ] [ CACHE ] INIT File
[ info ] [ ROUTE ] array (
  'type' => 'module',
  'module' => 
  array (
    0 => 'home',
    1 => 'Index',
    2 => 'index',
  ),
  'convert' => false,
)
[ info ] [ HEADER ] array (
  'host' => '192.144.141.140:80',
  'user-agent' => 'Mozilla/5.0 (Windows NT 10.0; WOW64) AppleWebKit/537.36 (KHTML, like Gecko) Chrome/52.0.2743.116 Safari/537.36',
  'content-length' => '0',
  'content-type' => '',
)
[ info ] [ PARAM ] array (
)
[ info ] [ LANG ] /www/wwwroot/www.ldkjmy.com/aaaa/yamaxun/app/home/lang/zh-cn.php
[ info ] [ SESSION ] INIT array (
  'id' => '',
  'var_session_id' => '',
  'prefix' => 'think',
  'type' => '',
  'auto_start' => true,
)
[ info ] [ DB ] INIT mysql
[ info ] [ BEHAVIOR ] Run app\common\behavior\WebLog @module_init [ RunTime:0.022415s ]
[ info ] [ BEHAVIOR ] Run Closure @action_begin [ RunTime:0.001528s ]
[ info ] [ RUN ] app\home\controller\Index->index[ /www/wwwroot/www.ldkjmy.com/aaaa/yamaxun/app/home/controller/Index.php ]
[ info ] [ BEHAVIOR ] Run app\admin\behavior\Cron @app_end [ RunTime:0.000659s ]
[ info ] [ LOG ] INIT File
[ sql ] [ DB ] CONNECT:[ UseTime:0.000376s ] mysql:dbname=www_ldkjmy_com;host=localhost;port=3306;charset=utf8
[ sql ] [ SQL ] SHOW COLUMNS FROM `yf_web_log` [ RunTime:0.001115s ]
[ sql ] [ SQL ] INSERT INTO `yf_web_log` (`uid` , `ip` , `location` , `os` , `browser` , `url` , `module` , `controller` , `action` , `method` , `data` , `otime`) VALUES (0 , '105.27.114.174' , '南非 南非  ' , 'Windows 10' , 'Chrome(52.0.2743.116)' , '/' , 'home' , 'Index' , 'index' , 'GET' , 'a:0:{}' , 1581793271) [ RunTime:0.000615s ]
---------------------------------------------------------------
[ 2020-02-16T03:07:00+08:00 ] 172.21.0.8 120.78.157.152 GET /index.php
[ info ] 192.144.141.140/index.php [运行时间：0.061247s][吞吐率：16.33req/s] [内存消耗：7,505.93kb] [文件加载：91]
[ info ] [ LANG ] /www/wwwroot/www.ldkjmy.com/aaaa/yamaxun/thinkphp/lang/zh-cn.php
[ info ] [ LANG ] /www/wwwroot/www.ldkjmy.com/aaaa/yamaxun/app/lang/zh-cn.php
[ info ] [ CACHE ] INIT File
[ info ] [ ROUTE ] array (
  'type' => 'module',
  'module' => 
  array (
    0 => 'home',
    1 => 'Index',
    2 => 'index',
  ),
  'convert' => false,
)
[ info ] [ HEADER ] array (
  'client-ip' => '207.22.82.109',
  'x-forwarded-for' => '207.22.82.109',
  'accept' => 'text/html, application/xhtml+xml, */*',
  'content-type' => 'text/html',
  'user-agent' => 'Mozilla/5.0 (Windows NT 6.1; WOW64; rv:18.0) Gecko/20100101 Firefox/18.0',
  'host' => '192.144.141.140',
  'connection' => 'Keep-Alive',
  'content-length' => '',
)
[ info ] [ PARAM ] array (
)
[ info ] [ LANG ] /www/wwwroot/www.ldkjmy.com/aaaa/yamaxun/app/home/lang/zh-cn.php
[ info ] [ SESSION ] INIT array (
  'id' => '',
  'var_session_id' => '',
  'prefix' => 'think',
  'type' => '',
  'auto_start' => true,
)
[ info ] [ DB ] INIT mysql
[ info ] [ BEHAVIOR ] Run app\common\behavior\WebLog @module_init [ RunTime:0.021973s ]
[ info ] [ BEHAVIOR ] Run Closure @action_begin [ RunTime:0.002056s ]
[ info ] [ RUN ] app\home\controller\Index->index[ /www/wwwroot/www.ldkjmy.com/aaaa/yamaxun/app/home/controller/Index.php ]
[ info ] [ BEHAVIOR ] Run app\admin\behavior\Cron @app_end [ RunTime:0.000710s ]
[ info ] [ LOG ] INIT File
[ sql ] [ DB ] CONNECT:[ UseTime:0.000304s ] mysql:dbname=www_ldkjmy_com;host=localhost;port=3306;charset=utf8
[ sql ] [ SQL ] SHOW COLUMNS FROM `yf_web_log` [ RunTime:0.000937s ]
[ sql ] [ SQL ] INSERT INTO `yf_web_log` (`uid` , `ip` , `location` , `os` , `browser` , `url` , `module` , `controller` , `action` , `method` , `data` , `otime`) VALUES (0 , '120.78.157.152' , '中国 浙江 杭州 ' , 'Windows 7' , 'Firefox(18.0)' , '/index.php' , 'home' , 'Index' , 'index' , 'GET' , 'a:0:{}' , 1581793620) [ RunTime:0.000473s ]
---------------------------------------------------------------
[ 2020-02-16T03:17:39+08:00 ] 172.21.0.8 182.254.52.17 GET /manager/html
[ info ] 192.144.141.140/manager/html [运行时间：0.030452s][吞吐率：32.84req/s] [内存消耗：2,440.00kb] [文件加载：52]
[ info ] [ LANG ] /www/wwwroot/www.ldkjmy.com/aaaa/yamaxun/thinkphp/lang/zh-cn.php
[ info ] [ LANG ] /www/wwwroot/www.ldkjmy.com/aaaa/yamaxun/app/lang/zh-cn.php
[ info ] [ CACHE ] INIT File
[ info ] [ ROUTE ] array (
  'type' => 'module',
  'module' => 
  array (
    0 => 'manager',
    1 => 'html',
    2 => NULL,
  ),
)
[ info ] [ HEADER ] array (
  'accept' => 'text/html,application/xhtml+xml,application/xml;q=0.9,*/*;q=0.8',
  'accept-encoding' => 'gzip',
  'host' => '192.144.141.140',
  'q-sub-business' => 'contentsecurity',
  'user-agent' => 'Mozilla/5.0 (Windows NT 6.1; WOW64; rv:57.0) Gecko/20100101 Firefox/57.0',
  'content-type' => '',
  'content-length' => '',
)
[ info ] [ PARAM ] array (
)
[ info ] [ LOG ] INIT File
---------------------------------------------------------------
[ 2020-02-16T05:53:00+08:00 ] 172.21.0.8 37.49.226.9 GET /
[ info ] 192.144.141.140/ [运行时间：0.052261s][吞吐率：19.13req/s] [内存消耗：6,588.38kb] [文件加载：87]
[ info ] [ LANG ] /www/wwwroot/www.ldkjmy.com/aaaa/yamaxun/thinkphp/lang/zh-cn.php
[ info ] [ LANG ] /www/wwwroot/www.ldkjmy.com/aaaa/yamaxun/app/lang/zh-cn.php
[ info ] [ CACHE ] INIT File
[ info ] [ ROUTE ] array (
  'type' => 'module',
  'module' => 
  array (
    0 => 'home',
    1 => 'Index',
    2 => 'index',
  ),
  'convert' => false,
)
[ info ] [ HEADER ] array (
  'host' => '192.144.141.140',
  'accept' => '*/*',
  'content-type' => '',
  'content-length' => '',
)
[ info ] [ PARAM ] array (
)
[ info ] [ LANG ] /www/wwwroot/www.ldkjmy.com/aaaa/yamaxun/app/home/lang/zh-cn.php
[ info ] [ SESSION ] INIT array (
  'id' => '',
  'var_session_id' => '',
  'prefix' => 'think',
  'type' => '',
  'auto_start' => true,
)
[ info ] [ BEHAVIOR ] Run app\common\behavior\WebLog @module_init [ RunTime:0.012792s ]
[ info ] [ BEHAVIOR ] Run Closure @action_begin [ RunTime:0.001653s ]
[ info ] [ RUN ] app\home\controller\Index->index[ /www/wwwroot/www.ldkjmy.com/aaaa/yamaxun/app/home/controller/Index.php ]
[ info ] [ BEHAVIOR ] Run app\admin\behavior\Cron @app_end [ RunTime:0.000686s ]
[ info ] [ LOG ] INIT File
---------------------------------------------------------------
[ 2020-02-16T05:58:46+08:00 ] 172.21.0.8 59.36.132.240 GET /
[ info ] 192.144.141.140/ [运行时间：0.060672s][吞吐率：16.48req/s] [内存消耗：7,505.38kb] [文件加载：91]
[ info ] [ LANG ] /www/wwwroot/www.ldkjmy.com/aaaa/yamaxun/thinkphp/lang/zh-cn.php
[ info ] [ LANG ] /www/wwwroot/www.ldkjmy.com/aaaa/yamaxun/app/lang/zh-cn.php
[ info ] [ CACHE ] INIT File
[ info ] [ ROUTE ] array (
  'type' => 'module',
  'module' => 
  array (
    0 => 'home',
    1 => 'Index',
    2 => 'index',
  ),
  'convert' => false,
)
[ info ] [ HEADER ] array (
  'accept' => 'text/html,application/xhtml+xml,application/xml;q=0.9,*/*;q=0.8',
  'accept-encoding' => 'gzip',
  'host' => '192.144.141.140',
  'q-sub-business' => 'contentsecurity',
  'user-agent' => 'Mozilla/5.0 (Windows NT 6.1; WOW64; rv:57.0) Gecko/20100101 Firefox/57.0',
  'content-type' => '',
  'content-length' => '',
)
[ info ] [ PARAM ] array (
)
[ info ] [ LANG ] /www/wwwroot/www.ldkjmy.com/aaaa/yamaxun/app/home/lang/zh-cn.php
[ info ] [ SESSION ] INIT array (
  'id' => '',
  'var_session_id' => '',
  'prefix' => 'think',
  'type' => '',
  'auto_start' => true,
)
[ info ] [ DB ] INIT mysql
[ info ] [ BEHAVIOR ] Run app\common\behavior\WebLog @module_init [ RunTime:0.022184s ]
[ info ] [ BEHAVIOR ] Run Closure @action_begin [ RunTime:0.002051s ]
[ info ] [ RUN ] app\home\controller\Index->index[ /www/wwwroot/www.ldkjmy.com/aaaa/yamaxun/app/home/controller/Index.php ]
[ info ] [ BEHAVIOR ] Run app\admin\behavior\Cron @app_end [ RunTime:0.000612s ]
[ info ] [ LOG ] INIT File
[ sql ] [ DB ] CONNECT:[ UseTime:0.000413s ] mysql:dbname=www_ldkjmy_com;host=localhost;port=3306;charset=utf8
[ sql ] [ SQL ] SHOW COLUMNS FROM `yf_web_log` [ RunTime:0.001221s ]
[ sql ] [ SQL ] INSERT INTO `yf_web_log` (`uid` , `ip` , `location` , `os` , `browser` , `url` , `module` , `controller` , `action` , `method` , `data` , `otime`) VALUES (0 , '59.36.132.240' , '中国 广东 东莞 ' , 'Windows 7' , 'Firefox(57.0)' , '/' , 'home' , 'Index' , 'index' , 'GET' , 'a:0:{}' , 1581803926) [ RunTime:0.000708s ]
---------------------------------------------------------------
[ 2020-02-16T06:00:58+08:00 ] 172.21.0.8 85.187.169.80 GET /
[ info ] 192.144.141.140:80/ [运行时间：0.060297s][吞吐率：16.58req/s] [内存消耗：7,505.09kb] [文件加载：91]
[ info ] [ LANG ] /www/wwwroot/www.ldkjmy.com/aaaa/yamaxun/thinkphp/lang/zh-cn.php
[ info ] [ LANG ] /www/wwwroot/www.ldkjmy.com/aaaa/yamaxun/app/lang/zh-cn.php
[ info ] [ CACHE ] INIT File
[ info ] [ ROUTE ] array (
  'type' => 'module',
  'module' => 
  array (
    0 => 'home',
    1 => 'Index',
    2 => 'index',
  ),
  'convert' => false,
)
[ info ] [ HEADER ] array (
  'host' => '192.144.141.140:80',
  'user-agent' => 'Mozilla/5.0 (Windows NT 6.1; WOW64) AppleWebKit/537.36 (KHTML, like Gecko) Chrome/51.0.2704.103 Safari/537.36',
  'content-length' => '0',
  'content-type' => '',
)
[ info ] [ PARAM ] array (
)
[ info ] [ LANG ] /www/wwwroot/www.ldkjmy.com/aaaa/yamaxun/app/home/lang/zh-cn.php
[ info ] [ SESSION ] INIT array (
  'id' => '',
  'var_session_id' => '',
  'prefix' => 'think',
  'type' => '',
  'auto_start' => true,
)
[ info ] [ DB ] INIT mysql
[ info ] [ BEHAVIOR ] Run app\common\behavior\WebLog @module_init [ RunTime:0.021266s ]
[ info ] [ BEHAVIOR ] Run Closure @action_begin [ RunTime:0.001578s ]
[ info ] [ RUN ] app\home\controller\Index->index[ /www/wwwroot/www.ldkjmy.com/aaaa/yamaxun/app/home/controller/Index.php ]
[ info ] [ BEHAVIOR ] Run app\admin\behavior\Cron @app_end [ RunTime:0.000617s ]
[ info ] [ LOG ] INIT File
[ sql ] [ DB ] CONNECT:[ UseTime:0.000341s ] mysql:dbname=www_ldkjmy_com;host=localhost;port=3306;charset=utf8
[ sql ] [ SQL ] SHOW COLUMNS FROM `yf_web_log` [ RunTime:0.000986s ]
[ sql ] [ SQL ] INSERT INTO `yf_web_log` (`uid` , `ip` , `location` , `os` , `browser` , `url` , `module` , `controller` , `action` , `method` , `data` , `otime`) VALUES (0 , '85.187.169.80' , '保加利亚 保加利亚  ' , 'Windows 7' , 'Chrome(51.0.2704.103)' , '/' , 'home' , 'Index' , 'index' , 'GET' , 'a:0:{}' , 1581804058) [ RunTime:0.000465s ]
---------------------------------------------------------------
[ 2020-02-16T06:04:15+08:00 ] 172.21.0.8 183.192.179.16 GET /muieblackcat
[ info ] 192.144.141.140/muieblackcat [运行时间：0.027739s][吞吐率：36.05req/s] [内存消耗：2,439.95kb] [文件加载：52]
[ info ] [ LANG ] /www/wwwroot/www.ldkjmy.com/aaaa/yamaxun/thinkphp/lang/zh-cn.php
[ info ] [ LANG ] /www/wwwroot/www.ldkjmy.com/aaaa/yamaxun/app/lang/zh-cn.php
[ info ] [ CACHE ] INIT File
[ info ] [ ROUTE ] array (
  'type' => 'module',
  'module' => 
  array (
    0 => 'muieblackcat',
    1 => NULL,
    2 => NULL,
  ),
)
[ info ] [ HEADER ] array (
  'accept' => 'text/html,application/xhtml+xml,application/xml;q=0.9,*/*;q=0.8',
  'accept-encoding' => 'gzip',
  'host' => '192.144.141.140',
  'q-sub-business' => 'contentsecurity',
  'user-agent' => 'Mozilla/5.0 (Windows NT 6.1; WOW64; rv:57.0) Gecko/20100101 Firefox/57.0',
  'content-type' => '',
  'content-length' => '',
)
[ info ] [ PARAM ] array (
)
[ info ] [ LOG ] INIT File
---------------------------------------------------------------
[ 2020-02-16T06:25:18+08:00 ] 172.21.0.8 202.40.191.115 GET /index.php
[ info ] 192.144.141.140/index.php [运行时间：0.060564s][吞吐率：16.51req/s] [内存消耗：7,505.07kb] [文件加载：91]
[ info ] [ LANG ] /www/wwwroot/www.ldkjmy.com/aaaa/yamaxun/thinkphp/lang/zh-cn.php
[ info ] [ LANG ] /www/wwwroot/www.ldkjmy.com/aaaa/yamaxun/app/lang/zh-cn.php
[ info ] [ CACHE ] INIT File
[ info ] [ ROUTE ] array (
  'type' => 'module',
  'module' => 
  array (
    0 => 'home',
    1 => 'Index',
    2 => 'index',
  ),
  'convert' => false,
)
[ info ] [ HEADER ] array (
  'host' => '192.144.141.140',
  'user-agent' => 'Mozilla/5.0 (Windows; U; Windows NT 6.0;en-US; rv:1.9.2) Gecko/20100115 Firefox/3.6)',
  'connection' => 'close',
  'accept-encoding' => 'gzip',
  'content-type' => '',
  'content-length' => '',
)
[ info ] [ PARAM ] array (
)
[ info ] [ LANG ] /www/wwwroot/www.ldkjmy.com/aaaa/yamaxun/app/home/lang/zh-cn.php
[ info ] [ SESSION ] INIT array (
  'id' => '',
  'var_session_id' => '',
  'prefix' => 'think',
  'type' => '',
  'auto_start' => true,
)
[ info ] [ DB ] INIT mysql
[ info ] [ BEHAVIOR ] Run app\common\behavior\WebLog @module_init [ RunTime:0.021914s ]
[ info ] [ BEHAVIOR ] Run Closure @action_begin [ RunTime:0.001938s ]
[ info ] [ RUN ] app\home\controller\Index->index[ /www/wwwroot/www.ldkjmy.com/aaaa/yamaxun/app/home/controller/Index.php ]
[ info ] [ BEHAVIOR ] Run app\admin\behavior\Cron @app_end [ RunTime:0.000864s ]
[ info ] [ LOG ] INIT File
[ sql ] [ DB ] CONNECT:[ UseTime:0.000350s ] mysql:dbname=www_ldkjmy_com;host=localhost;port=3306;charset=utf8
[ sql ] [ SQL ] SHOW COLUMNS FROM `yf_web_log` [ RunTime:0.000985s ]
[ sql ] [ SQL ] INSERT INTO `yf_web_log` (`uid` , `ip` , `location` , `os` , `browser` , `url` , `module` , `controller` , `action` , `method` , `data` , `otime`) VALUES (0 , '202.40.191.115' , '孟加拉 孟加拉  ' , 'Windows Vista' , 'Firefox(3.6)' , '/index.php' , 'home' , 'Index' , 'index' , 'GET' , 'a:0:{}' , 1581805518) [ RunTime:0.000481s ]
---------------------------------------------------------------
[ 2020-02-16T06:25:18+08:00 ] 172.21.0.8 202.40.191.115 GET /index.php?s=index/\think\app/invokefunction&function=call_user_func_array&vars[0]=phpinfo&vars[1][]=1
[ info ] 192.144.141.140/index.php?s=index/\think\app/invokefunction&function=call_user_func_array&vars[0]=phpinfo&vars[1][]=1 [运行时间：0.025951s][吞吐率：38.53req/s] [内存消耗：2,440.79kb] [文件加载：52]
[ info ] [ LANG ] /www/wwwroot/www.ldkjmy.com/aaaa/yamaxun/thinkphp/lang/zh-cn.php
[ info ] [ LANG ] /www/wwwroot/www.ldkjmy.com/aaaa/yamaxun/app/lang/zh-cn.php
[ info ] [ CACHE ] INIT File
[ info ] [ ROUTE ] array (
  'type' => 'module',
  'module' => 
  array (
    0 => 'index',
    1 => '\\think\\app',
    2 => 'invokefunction',
  ),
)
[ info ] [ HEADER ] array (
  'host' => '192.144.141.140',
  'user-agent' => 'Mozilla/5.0 (Windows; U; Windows NT 6.0;en-US; rv:1.9.2) Gecko/20100115 Firefox/3.6)',
  'connection' => 'close',
  'accept-encoding' => 'gzip',
  'content-type' => '',
  'content-length' => '',
)
[ info ] [ PARAM ] array (
  'function' => 'call_user_func_array',
  'vars' => 
  array (
    0 => 'phpinfo',
    1 => 
    array (
      0 => '1',
    ),
  ),
)
[ info ] [ LOG ] INIT File
---------------------------------------------------------------
[ 2020-02-16T06:25:19+08:00 ] 172.21.0.8 202.40.191.115 POST /index.php?s=captcha
[ info ] 192.144.141.140/index.php?s=captcha [运行时间：0.028463s][吞吐率：35.13req/s] [内存消耗：2,448.98kb] [文件加载：53]
[ info ] [ LANG ] /www/wwwroot/www.ldkjmy.com/aaaa/yamaxun/thinkphp/lang/zh-cn.php
[ info ] [ LANG ] /www/wwwroot/www.ldkjmy.com/aaaa/yamaxun/app/lang/zh-cn.php
[ info ] [ CACHE ] INIT File
[ info ] [ ROUTE ] array (
  'type' => 'method',
  'method' => 
  array (
    0 => '\\think\\captcha\\CaptchaController',
    1 => 'index',
  ),
  'var' => 
  array (
  ),
)
[ info ] [ HEADER ] array (
)
[ info ] [ LOG ] INIT File
[ error ] [2]system() has been disabled for security reasons[/www/wwwroot/www.ldkjmy.com/aaaa/yamaxun/thinkphp/library/think/Request.php:1060]
---------------------------------------------------------------
[ 2020-02-16T06:25:19+08:00 ] 172.21.0.8 202.40.191.115 GET /
[ info ] 192.144.141.140:80/ [运行时间：0.073368s][吞吐率：13.63req/s] [内存消耗：7,505.09kb] [文件加载：91]
[ info ] [ LANG ] /www/wwwroot/www.ldkjmy.com/aaaa/yamaxun/thinkphp/lang/zh-cn.php
[ info ] [ LANG ] /www/wwwroot/www.ldkjmy.com/aaaa/yamaxun/app/lang/zh-cn.php
[ info ] [ CACHE ] INIT File
[ info ] [ ROUTE ] array (
  'type' => 'module',
  'module' => 
  array (
    0 => 'home',
    1 => 'Index',
    2 => 'index',
  ),
  'convert' => false,
)
[ info ] [ HEADER ] array (
  'host' => '192.144.141.140:80',
  'user-agent' => 'Mozilla/5.0 (Windows; U; Windows NT 6.0;en-US; rv:1.9.2) Gecko/20100115 Firefox/3.6)',
  'connection' => 'close',
  'accept-encoding' => 'gzip',
  'content-type' => '',
  'content-length' => '',
)
[ info ] [ PARAM ] array (
)
[ info ] [ LANG ] /www/wwwroot/www.ldkjmy.com/aaaa/yamaxun/app/home/lang/zh-cn.php
[ info ] [ SESSION ] INIT array (
  'id' => '',
  'var_session_id' => '',
  'prefix' => 'think',
  'type' => '',
  'auto_start' => true,
)
[ info ] [ DB ] INIT mysql
[ info ] [ BEHAVIOR ] Run app\common\behavior\WebLog @module_init [ RunTime:0.024673s ]
[ info ] [ BEHAVIOR ] Run Closure @action_begin [ RunTime:0.001678s ]
[ info ] [ RUN ] app\home\controller\Index->index[ /www/wwwroot/www.ldkjmy.com/aaaa/yamaxun/app/home/controller/Index.php ]
[ info ] [ BEHAVIOR ] Run app\admin\behavior\Cron @app_end [ RunTime:0.000687s ]
[ info ] [ LOG ] INIT File
[ sql ] [ DB ] CONNECT:[ UseTime:0.000368s ] mysql:dbname=www_ldkjmy_com;host=localhost;port=3306;charset=utf8
[ sql ] [ SQL ] SHOW COLUMNS FROM `yf_web_log` [ RunTime:0.001068s ]
[ sql ] [ SQL ] INSERT INTO `yf_web_log` (`uid` , `ip` , `location` , `os` , `browser` , `url` , `module` , `controller` , `action` , `method` , `data` , `otime`) VALUES (0 , '202.40.191.115' , '孟加拉 孟加拉  ' , 'Windows Vista' , 'Firefox(3.6)' , '/' , 'home' , 'Index' , 'index' , 'GET' , 'a:0:{}' , 1581805519) [ RunTime:0.000657s ]
---------------------------------------------------------------
[ 2020-02-16T06:30:00+08:00 ] 172.21.0.8 189.97.89.60 GET /
[ info ] 192.144.141.140:80/ [运行时间：0.058462s][吞吐率：17.11req/s] [内存消耗：7,505.10kb] [文件加载：91]
[ info ] [ LANG ] /www/wwwroot/www.ldkjmy.com/aaaa/yamaxun/thinkphp/lang/zh-cn.php
[ info ] [ LANG ] /www/wwwroot/www.ldkjmy.com/aaaa/yamaxun/app/lang/zh-cn.php
[ info ] [ CACHE ] INIT File
[ info ] [ ROUTE ] array (
  'type' => 'module',
  'module' => 
  array (
    0 => 'home',
    1 => 'Index',
    2 => 'index',
  ),
  'convert' => false,
)
[ info ] [ HEADER ] array (
  'host' => '192.144.141.140:80',
  'user-agent' => 'Mozilla/5.0 (Windows NT 6.1; WOW64) AppleWebKit/537.36 (KHTML, like Gecko) Chrome/51.0.2704.103 Safari/537.36',
  'content-length' => '0',
  'content-type' => '',
)
[ info ] [ PARAM ] array (
)
[ info ] [ LANG ] /www/wwwroot/www.ldkjmy.com/aaaa/yamaxun/app/home/lang/zh-cn.php
[ info ] [ SESSION ] INIT array (
  'id' => '',
  'var_session_id' => '',
  'prefix' => 'think',
  'type' => '',
  'auto_start' => true,
)
[ info ] [ DB ] INIT mysql
[ info ] [ BEHAVIOR ] Run app\common\behavior\WebLog @module_init [ RunTime:0.020825s ]
[ info ] [ BEHAVIOR ] Run Closure @action_begin [ RunTime:0.001882s ]
[ info ] [ RUN ] app\home\controller\Index->index[ /www/wwwroot/www.ldkjmy.com/aaaa/yamaxun/app/home/controller/Index.php ]
[ info ] [ BEHAVIOR ] Run app\admin\behavior\Cron @app_end [ RunTime:0.000674s ]
[ info ] [ LOG ] INIT File
[ sql ] [ DB ] CONNECT:[ UseTime:0.000415s ] mysql:dbname=www_ldkjmy_com;host=localhost;port=3306;charset=utf8
[ sql ] [ SQL ] SHOW COLUMNS FROM `yf_web_log` [ RunTime:0.001140s ]
[ sql ] [ SQL ] INSERT INTO `yf_web_log` (`uid` , `ip` , `location` , `os` , `browser` , `url` , `module` , `controller` , `action` , `method` , `data` , `otime`) VALUES (0 , '189.97.89.60' , '巴西 巴西  ' , 'Windows 7' , 'Chrome(51.0.2704.103)' , '/' , 'home' , 'Index' , 'index' , 'GET' , 'a:0:{}' , 1581805800) [ RunTime:0.000540s ]
---------------------------------------------------------------
[ 2020-02-16T07:12:57+08:00 ] 172.21.0.8 14.171.167.59 GET /
[ info ] 192.144.141.140:80/ [运行时间：0.064170s][吞吐率：15.58req/s] [内存消耗：7,505.10kb] [文件加载：91]
[ info ] [ LANG ] /www/wwwroot/www.ldkjmy.com/aaaa/yamaxun/thinkphp/lang/zh-cn.php
[ info ] [ LANG ] /www/wwwroot/www.ldkjmy.com/aaaa/yamaxun/app/lang/zh-cn.php
[ info ] [ CACHE ] INIT File
[ info ] [ ROUTE ] array (
  'type' => 'module',
  'module' => 
  array (
    0 => 'home',
    1 => 'Index',
    2 => 'index',
  ),
  'convert' => false,
)
[ info ] [ HEADER ] array (
  'host' => '192.144.141.140:80',
  'user-agent' => 'Mozilla/5.0 (Windows NT 6.1; WOW64) AppleWebKit/537.36 (KHTML, like Gecko) Chrome/52.0.2743.116 Safari/537.36',
  'content-length' => '0',
  'content-type' => '',
)
[ info ] [ PARAM ] array (
)
[ info ] [ LANG ] /www/wwwroot/www.ldkjmy.com/aaaa/yamaxun/app/home/lang/zh-cn.php
[ info ] [ SESSION ] INIT array (
  'id' => '',
  'var_session_id' => '',
  'prefix' => 'think',
  'type' => '',
  'auto_start' => true,
)
[ info ] [ DB ] INIT mysql
[ info ] [ BEHAVIOR ] Run app\common\behavior\WebLog @module_init [ RunTime:0.025226s ]
[ info ] [ BEHAVIOR ] Run Closure @action_begin [ RunTime:0.001638s ]
[ info ] [ RUN ] app\home\controller\Index->index[ /www/wwwroot/www.ldkjmy.com/aaaa/yamaxun/app/home/controller/Index.php ]
[ info ] [ BEHAVIOR ] Run app\admin\behavior\Cron @app_end [ RunTime:0.000639s ]
[ info ] [ LOG ] INIT File
[ sql ] [ DB ] CONNECT:[ UseTime:0.000383s ] mysql:dbname=www_ldkjmy_com;host=localhost;port=3306;charset=utf8
[ sql ] [ SQL ] SHOW COLUMNS FROM `yf_web_log` [ RunTime:0.000972s ]
[ sql ] [ SQL ] INSERT INTO `yf_web_log` (`uid` , `ip` , `location` , `os` , `browser` , `url` , `module` , `controller` , `action` , `method` , `data` , `otime`) VALUES (0 , '14.171.167.59' , '越南 越南  ' , 'Windows 7' , 'Chrome(52.0.2743.116)' , '/' , 'home' , 'Index' , 'index' , 'GET' , 'a:0:{}' , 1581808377) [ RunTime:0.000643s ]
---------------------------------------------------------------
[ 2020-02-16T08:09:20+08:00 ] 172.21.0.8 61.241.50.63 GET /?XDEBUG_SESSION_START%3Dphpstorm
[ info ] 192.144.141.140/?XDEBUG_SESSION_START%3Dphpstorm [运行时间：0.064245s][吞吐率：15.57req/s] [内存消耗：7,506.91kb] [文件加载：91]
[ info ] [ LANG ] /www/wwwroot/www.ldkjmy.com/aaaa/yamaxun/thinkphp/lang/zh-cn.php
[ info ] [ LANG ] /www/wwwroot/www.ldkjmy.com/aaaa/yamaxun/app/lang/zh-cn.php
[ info ] [ CACHE ] INIT File
[ info ] [ ROUTE ] array (
  'type' => 'module',
  'module' => 
  array (
    0 => 'home',
    1 => 'Index',
    2 => 'index',
  ),
  'convert' => false,
)
[ info ] [ HEADER ] array (
  'accept' => 'text/html,application/xhtml+xml,application/xml;q=0.9,*/*;q=0.8',
  'accept-encoding' => 'gzip',
  'host' => '192.144.141.140',
  'q-sub-business' => 'contentsecurity',
  'user-agent' => 'Mozilla/5.0 (Windows NT 6.1; WOW64; rv:57.0) Gecko/20100101 Firefox/57.0',
  'content-type' => '',
  'content-length' => '',
)
[ info ] [ PARAM ] array (
  'XDEBUG_SESSION_START=phpstorm' => '',
)
[ info ] [ LANG ] /www/wwwroot/www.ldkjmy.com/aaaa/yamaxun/app/home/lang/zh-cn.php
[ info ] [ SESSION ] INIT array (
  'id' => '',
  'var_session_id' => '',
  'prefix' => 'think',
  'type' => '',
  'auto_start' => true,
)
[ info ] [ DB ] INIT mysql
[ info ] [ BEHAVIOR ] Run app\common\behavior\WebLog @module_init [ RunTime:0.029593s ]
[ info ] [ BEHAVIOR ] Run Closure @action_begin [ RunTime:0.001476s ]
[ info ] [ RUN ] app\home\controller\Index->index[ /www/wwwroot/www.ldkjmy.com/aaaa/yamaxun/app/home/controller/Index.php ]
[ info ] [ BEHAVIOR ] Run app\admin\behavior\Cron @app_end [ RunTime:0.000622s ]
[ info ] [ LOG ] INIT File
[ sql ] [ DB ] CONNECT:[ UseTime:0.000407s ] mysql:dbname=www_ldkjmy_com;host=localhost;port=3306;charset=utf8
[ sql ] [ SQL ] SHOW COLUMNS FROM `yf_web_log` [ RunTime:0.001322s ]
[ sql ] [ SQL ] INSERT INTO `yf_web_log` (`uid` , `ip` , `location` , `os` , `browser` , `url` , `module` , `controller` , `action` , `method` , `data` , `otime`) VALUES (0 , '61.241.50.63' , '中国 江苏 泰州 ' , 'Windows 7' , 'Firefox(57.0)' , '/?XDEBUG_SESSION_START%3Dphpstorm' , 'home' , 'Index' , 'index' , 'GET' , 'a:1:{s:29:\"XDEBUG_SESSION_START=phpstorm\";s:0:\"\";}' , 1581811760) [ RunTime:0.000782s ]
---------------------------------------------------------------
[ 2020-02-16T08:36:09+08:00 ] 172.21.0.8 182.254.52.17 GET /
[ info ] zyz.ldkjmy.com/ [运行时间：0.063283s][吞吐率：15.80req/s] [内存消耗：7,505.35kb] [文件加载：91]
[ info ] [ LANG ] /www/wwwroot/www.ldkjmy.com/aaaa/yamaxun/thinkphp/lang/zh-cn.php
[ info ] [ LANG ] /www/wwwroot/www.ldkjmy.com/aaaa/yamaxun/app/lang/zh-cn.php
[ info ] [ CACHE ] INIT File
[ info ] [ ROUTE ] array (
  'type' => 'module',
  'module' => 
  array (
    0 => 'home',
    1 => 'Index',
    2 => 'index',
  ),
  'convert' => false,
)
[ info ] [ HEADER ] array (
  'accept' => 'text/html,application/xhtml+xml,application/xml;q=0.9,*/*;q=0.8',
  'accept-encoding' => 'gzip',
  'host' => 'zyz.ldkjmy.com',
  'q-sub-business' => 'contentsecurity',
  'user-agent' => 'Mozilla/5.0 (Windows NT 6.1; WOW64; rv:57.0) Gecko/20100101 Firefox/57.0',
  'content-type' => '',
  'content-length' => '',
)
[ info ] [ PARAM ] array (
)
[ info ] [ LANG ] /www/wwwroot/www.ldkjmy.com/aaaa/yamaxun/app/home/lang/zh-cn.php
[ info ] [ SESSION ] INIT array (
  'id' => '',
  'var_session_id' => '',
  'prefix' => 'think',
  'type' => '',
  'auto_start' => true,
)
[ info ] [ DB ] INIT mysql
[ info ] [ BEHAVIOR ] Run app\common\behavior\WebLog @module_init [ RunTime:0.024363s ]
[ info ] [ BEHAVIOR ] Run Closure @action_begin [ RunTime:0.001590s ]
[ info ] [ RUN ] app\home\controller\Index->index[ /www/wwwroot/www.ldkjmy.com/aaaa/yamaxun/app/home/controller/Index.php ]
[ info ] [ BEHAVIOR ] Run app\admin\behavior\Cron @app_end [ RunTime:0.000675s ]
[ info ] [ LOG ] INIT File
[ sql ] [ DB ] CONNECT:[ UseTime:0.000384s ] mysql:dbname=www_ldkjmy_com;host=localhost;port=3306;charset=utf8
[ sql ] [ SQL ] SHOW COLUMNS FROM `yf_web_log` [ RunTime:0.000999s ]
[ sql ] [ SQL ] INSERT INTO `yf_web_log` (`uid` , `ip` , `location` , `os` , `browser` , `url` , `module` , `controller` , `action` , `method` , `data` , `otime`) VALUES (0 , '182.254.52.17' , '中国 广东 深圳 ' , 'Windows 7' , 'Firefox(57.0)' , '/' , 'home' , 'Index' , 'index' , 'GET' , 'a:0:{}' , 1581813369) [ RunTime:0.000558s ]
---------------------------------------------------------------
[ 2020-02-16T08:41:38+08:00 ] 172.21.0.8 178.156.83.174 GET /
[ info ] 192.144.141.140:80/ [运行时间：0.061804s][吞吐率：16.18req/s] [内存消耗：7,505.12kb] [文件加载：91]
[ info ] [ LANG ] /www/wwwroot/www.ldkjmy.com/aaaa/yamaxun/thinkphp/lang/zh-cn.php
[ info ] [ LANG ] /www/wwwroot/www.ldkjmy.com/aaaa/yamaxun/app/lang/zh-cn.php
[ info ] [ CACHE ] INIT File
[ info ] [ ROUTE ] array (
  'type' => 'module',
  'module' => 
  array (
    0 => 'home',
    1 => 'Index',
    2 => 'index',
  ),
  'convert' => false,
)
[ info ] [ HEADER ] array (
  'host' => '192.144.141.140:80',
  'user-agent' => 'Mozilla/5.0 (Windows NT 6.1; WOW64) AppleWebKit/537.36 (KHTML, like Gecko) Chrome/52.0.2743.116 Safari/537.36',
  'content-length' => '0',
  'content-type' => '',
)
[ info ] [ PARAM ] array (
)
[ info ] [ LANG ] /www/wwwroot/www.ldkjmy.com/aaaa/yamaxun/app/home/lang/zh-cn.php
[ info ] [ SESSION ] INIT array (
  'id' => '',
  'var_session_id' => '',
  'prefix' => 'think',
  'type' => '',
  'auto_start' => true,
)
[ info ] [ DB ] INIT mysql
[ info ] [ BEHAVIOR ] Run app\common\behavior\WebLog @module_init [ RunTime:0.023218s ]
[ info ] [ BEHAVIOR ] Run Closure @action_begin [ RunTime:0.001891s ]
[ info ] [ RUN ] app\home\controller\Index->index[ /www/wwwroot/www.ldkjmy.com/aaaa/yamaxun/app/home/controller/Index.php ]
[ info ] [ BEHAVIOR ] Run app\admin\behavior\Cron @app_end [ RunTime:0.000685s ]
[ info ] [ LOG ] INIT File
[ sql ] [ DB ] CONNECT:[ UseTime:0.000394s ] mysql:dbname=www_ldkjmy_com;host=localhost;port=3306;charset=utf8
[ sql ] [ SQL ] SHOW COLUMNS FROM `yf_web_log` [ RunTime:0.001211s ]
[ sql ] [ SQL ] INSERT INTO `yf_web_log` (`uid` , `ip` , `location` , `os` , `browser` , `url` , `module` , `controller` , `action` , `method` , `data` , `otime`) VALUES (0 , '178.156.83.174' , '西班牙 西班牙  ' , 'Windows 7' , 'Chrome(52.0.2743.116)' , '/' , 'home' , 'Index' , 'index' , 'GET' , 'a:0:{}' , 1581813698) [ RunTime:0.000581s ]
---------------------------------------------------------------
[ 2020-02-16T08:48:31+08:00 ] 172.21.0.8 200.52.153.204 GET /
[ info ] 192.144.141.140:80/ [运行时间：0.061669s][吞吐率：16.22req/s] [内存消耗：7,505.33kb] [文件加载：91]
[ info ] [ LANG ] /www/wwwroot/www.ldkjmy.com/aaaa/yamaxun/thinkphp/lang/zh-cn.php
[ info ] [ LANG ] /www/wwwroot/www.ldkjmy.com/aaaa/yamaxun/app/lang/zh-cn.php
[ info ] [ CACHE ] INIT File
[ info ] [ ROUTE ] array (
  'type' => 'module',
  'module' => 
  array (
    0 => 'home',
    1 => 'Index',
    2 => 'index',
  ),
  'convert' => false,
)
[ info ] [ HEADER ] array (
  'host' => '192.144.141.140:80',
  'user-agent' => 'Mozilla/5.0 (Windows NT 10.0; WOW64) AppleWebKit/537.36 (KHTML, like Gecko) Chrome/52.0.2743.116 Safari/537.36',
  'content-length' => '0',
  'content-type' => '',
)
[ info ] [ PARAM ] array (
)
[ info ] [ LANG ] /www/wwwroot/www.ldkjmy.com/aaaa/yamaxun/app/home/lang/zh-cn.php
[ info ] [ SESSION ] INIT array (
  'id' => '',
  'var_session_id' => '',
  'prefix' => 'think',
  'type' => '',
  'auto_start' => true,
)
[ info ] [ DB ] INIT mysql
[ info ] [ BEHAVIOR ] Run app\common\behavior\WebLog @module_init [ RunTime:0.021901s ]
[ info ] [ BEHAVIOR ] Run Closure @action_begin [ RunTime:0.002015s ]
[ info ] [ RUN ] app\home\controller\Index->index[ /www/wwwroot/www.ldkjmy.com/aaaa/yamaxun/app/home/controller/Index.php ]
[ info ] [ BEHAVIOR ] Run app\admin\behavior\Cron @app_end [ RunTime:0.000694s ]
[ info ] [ LOG ] INIT File
[ sql ] [ DB ] CONNECT:[ UseTime:0.000329s ] mysql:dbname=www_ldkjmy_com;host=localhost;port=3306;charset=utf8
[ sql ] [ SQL ] SHOW COLUMNS FROM `yf_web_log` [ RunTime:0.000938s ]
[ sql ] [ SQL ] INSERT INTO `yf_web_log` (`uid` , `ip` , `location` , `os` , `browser` , `url` , `module` , `controller` , `action` , `method` , `data` , `otime`) VALUES (0 , '200.52.153.204' , '洪都拉斯 洪都拉斯  ' , 'Windows 10' , 'Chrome(52.0.2743.116)' , '/' , 'home' , 'Index' , 'index' , 'GET' , 'a:0:{}' , 1581814111) [ RunTime:0.000579s ]
---------------------------------------------------------------
[ 2020-02-16T09:49:49+08:00 ] 172.21.0.8 182.254.52.17 GET /
[ info ] 192.144.141.140/ [运行时间：0.069924s][吞吐率：14.30req/s] [内存消耗：7,505.38kb] [文件加载：91]
[ info ] [ LANG ] /www/wwwroot/www.ldkjmy.com/aaaa/yamaxun/thinkphp/lang/zh-cn.php
[ info ] [ LANG ] /www/wwwroot/www.ldkjmy.com/aaaa/yamaxun/app/lang/zh-cn.php
[ info ] [ CACHE ] INIT File
[ info ] [ ROUTE ] array (
  'type' => 'module',
  'module' => 
  array (
    0 => 'home',
    1 => 'Index',
    2 => 'index',
  ),
  'convert' => false,
)
[ info ] [ HEADER ] array (
  'accept' => 'text/html,application/xhtml+xml,application/xml;q=0.9,*/*;q=0.8',
  'accept-encoding' => 'gzip',
  'host' => '192.144.141.140',
  'q-sub-business' => 'contentsecurity',
  'user-agent' => 'Mozilla/5.0 (Windows NT 6.1; WOW64; rv:57.0) Gecko/20100101 Firefox/57.0',
  'content-type' => '',
  'content-length' => '',
)
[ info ] [ PARAM ] array (
)
[ info ] [ LANG ] /www/wwwroot/www.ldkjmy.com/aaaa/yamaxun/app/home/lang/zh-cn.php
[ info ] [ SESSION ] INIT array (
  'id' => '',
  'var_session_id' => '',
  'prefix' => 'think',
  'type' => '',
  'auto_start' => true,
)
[ info ] [ DB ] INIT mysql
[ info ] [ BEHAVIOR ] Run app\common\behavior\WebLog @module_init [ RunTime:0.026480s ]
[ info ] [ BEHAVIOR ] Run Closure @action_begin [ RunTime:0.001852s ]
[ info ] [ RUN ] app\home\controller\Index->index[ /www/wwwroot/www.ldkjmy.com/aaaa/yamaxun/app/home/controller/Index.php ]
[ info ] [ BEHAVIOR ] Run app\admin\behavior\Cron @app_end [ RunTime:0.000646s ]
[ info ] [ LOG ] INIT File
[ sql ] [ DB ] CONNECT:[ UseTime:0.000435s ] mysql:dbname=www_ldkjmy_com;host=localhost;port=3306;charset=utf8
[ sql ] [ SQL ] SHOW COLUMNS FROM `yf_web_log` [ RunTime:0.000980s ]
[ sql ] [ SQL ] INSERT INTO `yf_web_log` (`uid` , `ip` , `location` , `os` , `browser` , `url` , `module` , `controller` , `action` , `method` , `data` , `otime`) VALUES (0 , '182.254.52.17' , '中国 广东 深圳 ' , 'Windows 7' , 'Firefox(57.0)' , '/' , 'home' , 'Index' , 'index' , 'GET' , 'a:0:{}' , 1581817789) [ RunTime:0.000572s ]
---------------------------------------------------------------
[ 2020-02-16T10:00:10+08:00 ] 172.21.0.8 191.205.149.97 GET /
[ info ] 192.144.141.140:80/ [运行时间：0.059603s][吞吐率：16.78req/s] [内存消耗：7,504.93kb] [文件加载：91]
[ info ] [ LANG ] /www/wwwroot/www.ldkjmy.com/aaaa/yamaxun/thinkphp/lang/zh-cn.php
[ info ] [ LANG ] /www/wwwroot/www.ldkjmy.com/aaaa/yamaxun/app/lang/zh-cn.php
[ info ] [ CACHE ] INIT File
[ info ] [ ROUTE ] array (
  'type' => 'module',
  'module' => 
  array (
    0 => 'home',
    1 => 'Index',
    2 => 'index',
  ),
  'convert' => false,
)
[ info ] [ HEADER ] array (
  'host' => '192.144.141.140:80',
  'user-agent' => 'Mozilla/5.0 (Macintosh; Intel Mac OS X 10_11_6) AppleWebKit/601.7.7 (KHTML, like Gecko) Version/9.1.2 Safari/601.7.7',
  'content-length' => '0',
  'content-type' => '',
)
[ info ] [ PARAM ] array (
)
[ info ] [ LANG ] /www/wwwroot/www.ldkjmy.com/aaaa/yamaxun/app/home/lang/zh-cn.php
[ info ] [ SESSION ] INIT array (
  'id' => '',
  'var_session_id' => '',
  'prefix' => 'think',
  'type' => '',
  'auto_start' => true,
)
[ info ] [ DB ] INIT mysql
[ info ] [ BEHAVIOR ] Run app\common\behavior\WebLog @module_init [ RunTime:0.021533s ]
[ info ] [ BEHAVIOR ] Run Closure @action_begin [ RunTime:0.001897s ]
[ info ] [ RUN ] app\home\controller\Index->index[ /www/wwwroot/www.ldkjmy.com/aaaa/yamaxun/app/home/controller/Index.php ]
[ info ] [ BEHAVIOR ] Run app\admin\behavior\Cron @app_end [ RunTime:0.000718s ]
[ info ] [ LOG ] INIT File
[ sql ] [ DB ] CONNECT:[ UseTime:0.000327s ] mysql:dbname=www_ldkjmy_com;host=localhost;port=3306;charset=utf8
[ sql ] [ SQL ] SHOW COLUMNS FROM `yf_web_log` [ RunTime:0.000935s ]
[ sql ] [ SQL ] INSERT INTO `yf_web_log` (`uid` , `ip` , `location` , `os` , `browser` , `url` , `module` , `controller` , `action` , `method` , `data` , `otime`) VALUES (0 , '191.205.149.97' , '巴西 巴西  ' , 'Mac' , 'Safari(601.7.7)' , '/' , 'home' , 'Index' , 'index' , 'GET' , 'a:0:{}' , 1581818410) [ RunTime:0.000536s ]
---------------------------------------------------------------
[ 2020-02-16T11:44:22+08:00 ] 172.21.0.8 45.76.144.219 GET /
[ info ] 192.144.141.140/ [运行时间：0.064618s][吞吐率：15.48req/s] [内存消耗：7,543.16kb] [文件加载：92]
[ info ] [ LANG ] /www/wwwroot/www.ldkjmy.com/aaaa/yamaxun/thinkphp/lang/zh-cn.php
[ info ] [ LANG ] /www/wwwroot/www.ldkjmy.com/aaaa/yamaxun/app/lang/zh-cn.php
[ info ] [ CACHE ] INIT File
[ info ] [ ROUTE ] array (
  'type' => 'module',
  'module' => 
  array (
    0 => 'home',
    1 => 'Index',
    2 => 'index',
  ),
  'convert' => false,
)
[ info ] [ HEADER ] array (
  'host' => '192.144.141.140',
  'connection' => 'keep-alive',
  'accept-encoding' => 'gzip, deflate',
  'accept' => '*/*',
  'user-agent' => 'python-requests/2.18.4',
  'content-type' => '',
  'content-length' => '',
)
[ info ] [ PARAM ] array (
)
[ info ] [ LANG ] /www/wwwroot/www.ldkjmy.com/aaaa/yamaxun/app/home/lang/zh-cn.php
[ info ] [ SESSION ] INIT array (
  'id' => '',
  'var_session_id' => '',
  'prefix' => 'think',
  'type' => '',
  'auto_start' => true,
)
[ info ] [ DB ] INIT mysql
[ info ] [ BEHAVIOR ] Run app\common\behavior\WebLog @module_init [ RunTime:0.023441s ]
[ info ] [ BEHAVIOR ] Run Closure @action_begin [ RunTime:0.002241s ]
[ info ] [ RUN ] app\home\controller\Index->index[ /www/wwwroot/www.ldkjmy.com/aaaa/yamaxun/app/home/controller/Index.php ]
[ sql ] [ DB ] CONNECT:[ UseTime:0.000483s ] mysql:dbname=www_ldkjmy_com;host=localhost;port=3306;charset=utf8
[ sql ] [ SQL ] SHOW COLUMNS FROM `yf_web_log` [ RunTime:0.001296s ]
[ sql ] [ SQL ] INSERT INTO `yf_web_log` (`uid` , `ip` , `location` , `os` , `browser` , `url` , `module` , `controller` , `action` , `method` , `data` , `otime`) VALUES (0 , '45.76.144.219' , '美国 美国  ' , '未知操作系统' , '未知浏览器()' , '/' , 'home' , 'Index' , 'index' , 'GET' , 'a:0:{}' , 1581824662) [ RunTime:0.000782s ]
[ log ] Cron:clearlog Runat 2020-02-16 11:44:22 Use 0.000165 s

[ info ] [ BEHAVIOR ] Run app\admin\behavior\Cron @app_end [ RunTime:0.002424s ]
---------------------------------------------------------------
[ 2020-02-16T16:25:22+08:00 ] 172.21.0.8 60.191.38.78 GET /
[ info ] 192.144.141.140:80/ [运行时间：0.072560s][吞吐率：13.78req/s] [内存消耗：7,505.38kb] [文件加载：91]
[ info ] [ LANG ] /www/wwwroot/www.ldkjmy.com/aaaa/yamaxun/thinkphp/lang/zh-cn.php
[ info ] [ LANG ] /www/wwwroot/www.ldkjmy.com/aaaa/yamaxun/app/lang/zh-cn.php
[ info ] [ CACHE ] INIT File
[ info ] [ ROUTE ] array (
  'type' => 'module',
  'module' => 
  array (
    0 => 'home',
    1 => 'Index',
    2 => 'index',
  ),
  'convert' => false,
)
[ info ] [ HEADER ] array (
  'host' => '192.144.141.140:80',
  'user-agent' => 'Mozilla/5.0 (Macintosh; Intel Mac OS X 10.11; rv:47.0) Gecko/20100101 Firefox/47.0',
  'accept' => '*/*',
  'connection' => 'keep-alive',
  'content-type' => '',
  'content-length' => '',
)
[ info ] [ PARAM ] array (
)
[ info ] [ LANG ] /www/wwwroot/www.ldkjmy.com/aaaa/yamaxun/app/home/lang/zh-cn.php
[ info ] [ SESSION ] INIT array (
  'id' => '',
  'var_session_id' => '',
  'prefix' => 'think',
  'type' => '',
  'auto_start' => true,
)
[ info ] [ DB ] INIT mysql
[ info ] [ BEHAVIOR ] Run app\common\behavior\WebLog @module_init [ RunTime:0.022705s ]
[ info ] [ BEHAVIOR ] Run Closure @action_begin [ RunTime:0.002296s ]
[ info ] [ RUN ] app\home\controller\Index->index[ /www/wwwroot/www.ldkjmy.com/aaaa/yamaxun/app/home/controller/Index.php ]
[ info ] [ BEHAVIOR ] Run app\admin\behavior\Cron @app_end [ RunTime:0.000968s ]
[ info ] [ LOG ] INIT File
[ sql ] [ DB ] CONNECT:[ UseTime:0.000463s ] mysql:dbname=www_ldkjmy_com;host=localhost;port=3306;charset=utf8
[ sql ] [ SQL ] SHOW COLUMNS FROM `yf_web_log` [ RunTime:0.001315s ]
[ sql ] [ SQL ] INSERT INTO `yf_web_log` (`uid` , `ip` , `location` , `os` , `browser` , `url` , `module` , `controller` , `action` , `method` , `data` , `otime`) VALUES (0 , '60.191.38.78' , '中国 浙江 杭州 ' , 'Mac' , 'Firefox(47.0)' , '/' , 'home' , 'Index' , 'index' , 'GET' , 'a:0:{}' , 1581841522) [ RunTime:0.000729s ]
---------------------------------------------------------------
[ 2020-02-16T16:38:18+08:00 ] 172.21.0.8 5.101.0.209 GET /solr/admin/info/system?wt=json
[ info ] 192.144.141.140:80/solr/admin/info/system?wt=json [运行时间：0.027873s][吞吐率：35.88req/s] [内存消耗：2,440.28kb] [文件加载：52]
[ info ] [ LANG ] /www/wwwroot/www.ldkjmy.com/aaaa/yamaxun/thinkphp/lang/zh-cn.php
[ info ] [ LANG ] /www/wwwroot/www.ldkjmy.com/aaaa/yamaxun/app/lang/zh-cn.php
[ info ] [ CACHE ] INIT File
[ info ] [ ROUTE ] array (
  'type' => 'module',
  'module' => 
  array (
    0 => 'solr',
    1 => 'admin',
    2 => 'info',
  ),
)
[ info ] [ HEADER ] array (
  'host' => '192.144.141.140:80',
  'user-agent' => 'Mozilla/5.0 (Windows NT 10.0; Win64; x64) AppleWebKit/537.36 (KHTML, like Gecko) Chrome/78.0.3904.108 Safari/537.36',
  'accept-encoding' => 'gzip',
  'connection' => 'close',
  'content-type' => '',
  'content-length' => '',
)
[ info ] [ PARAM ] array (
  'wt' => 'json',
)
[ info ] [ LOG ] INIT File
---------------------------------------------------------------
[ 2020-02-16T16:38:34+08:00 ] 172.21.0.8 5.101.0.209 GET /?a=fetch&content=<php>die(@md5(HelloThinkCMF))</php>
[ info ] 192.144.141.140:80/?a=fetch&content=<php>die(@md5(HelloThinkCMF))</php> [运行时间：0.081967s][吞吐率：12.20req/s] [内存消耗：7,507.24kb] [文件加载：91]
[ info ] [ LANG ] /www/wwwroot/www.ldkjmy.com/aaaa/yamaxun/thinkphp/lang/zh-cn.php
[ info ] [ LANG ] /www/wwwroot/www.ldkjmy.com/aaaa/yamaxun/app/lang/zh-cn.php
[ info ] [ CACHE ] INIT File
[ info ] [ ROUTE ] array (
  'type' => 'module',
  'module' => 
  array (
    0 => 'home',
    1 => 'Index',
    2 => 'index',
  ),
  'convert' => false,
)
[ info ] [ HEADER ] array (
  'host' => '192.144.141.140:80',
  'user-agent' => 'Mozilla/5.0 (Windows NT 10.0; Win64; x64) AppleWebKit/537.36 (KHTML, like Gecko) Chrome/78.0.3904.108 Safari/537.36',
  'content-type' => 'application/json',
  'accept-encoding' => 'gzip',
  'connection' => 'close',
  'content-length' => '',
)
[ info ] [ PARAM ] array (
  'a' => 'fetch',
  'content' => '&lt;php&gt;die(@md5(HelloThinkCMF))&lt;/php&gt;',
)
[ info ] [ LANG ] /www/wwwroot/www.ldkjmy.com/aaaa/yamaxun/app/home/lang/zh-cn.php
[ info ] [ SESSION ] INIT array (
  'id' => '',
  'var_session_id' => '',
  'prefix' => 'think',
  'type' => '',
  'auto_start' => true,
)
[ info ] [ DB ] INIT mysql
[ info ] [ BEHAVIOR ] Run app\common\behavior\WebLog @module_init [ RunTime:0.032138s ]
[ info ] [ BEHAVIOR ] Run Closure @action_begin [ RunTime:0.001601s ]
[ info ] [ RUN ] app\home\controller\Index->index[ /www/wwwroot/www.ldkjmy.com/aaaa/yamaxun/app/home/controller/Index.php ]
[ info ] [ BEHAVIOR ] Run app\admin\behavior\Cron @app_end [ RunTime:0.000672s ]
[ info ] [ LOG ] INIT File
[ sql ] [ DB ] CONNECT:[ UseTime:0.000407s ] mysql:dbname=www_ldkjmy_com;host=localhost;port=3306;charset=utf8
[ sql ] [ SQL ] SHOW COLUMNS FROM `yf_web_log` [ RunTime:0.001113s ]
[ sql ] [ SQL ] INSERT INTO `yf_web_log` (`uid` , `ip` , `location` , `os` , `browser` , `url` , `module` , `controller` , `action` , `method` , `data` , `otime`) VALUES (0 , '5.101.0.209' , '俄罗斯 俄罗斯  ' , 'Windows 10' , 'Chrome(78.0.3904.108)' , '/?a=fetch&content=<php>die(@md5(HelloThinkCMF))</php>' , 'home' , 'Index' , 'index' , 'GET' , 'a:2:{s:1:\"a\";s:5:\"fetch\";s:7:\"content\";s:47:\"&lt;php&gt;die(@md5(HelloThinkCMF))&lt;/php&gt;\";}' , 1581842314) [ RunTime:0.000645s ]
---------------------------------------------------------------
[ 2020-02-16T16:38:37+08:00 ] 172.21.0.8 5.101.0.209 GET /?XDEBUG_SESSION_START=phpstorm
[ info ] 192.144.141.140:80/?XDEBUG_SESSION_START=phpstorm [运行时间：0.073137s][吞吐率：13.67req/s] [内存消耗：7,506.59kb] [文件加载：91]
[ info ] [ LANG ] /www/wwwroot/www.ldkjmy.com/aaaa/yamaxun/thinkphp/lang/zh-cn.php
[ info ] [ LANG ] /www/wwwroot/www.ldkjmy.com/aaaa/yamaxun/app/lang/zh-cn.php
[ info ] [ CACHE ] INIT File
[ info ] [ ROUTE ] array (
  'type' => 'module',
  'module' => 
  array (
    0 => 'home',
    1 => 'Index',
    2 => 'index',
  ),
  'convert' => false,
)
[ info ] [ HEADER ] array (
  'host' => '192.144.141.140:80',
  'user-agent' => 'Mozilla/5.0 (Windows NT 10.0; Win64; x64) AppleWebKit/537.36 (KHTML, like Gecko) Chrome/78.0.3904.108 Safari/537.36',
  'accept-encoding' => 'gzip',
  'connection' => 'close',
  'content-type' => '',
  'content-length' => '',
)
[ info ] [ PARAM ] array (
  'XDEBUG_SESSION_START' => 'phpstorm',
)
[ info ] [ LANG ] /www/wwwroot/www.ldkjmy.com/aaaa/yamaxun/app/home/lang/zh-cn.php
[ info ] [ SESSION ] INIT array (
  'id' => '',
  'var_session_id' => '',
  'prefix' => 'think',
  'type' => '',
  'auto_start' => true,
)
[ info ] [ DB ] INIT mysql
[ info ] [ BEHAVIOR ] Run app\common\behavior\WebLog @module_init [ RunTime:0.027098s ]
[ info ] [ BEHAVIOR ] Run Closure @action_begin [ RunTime:0.002212s ]
[ info ] [ RUN ] app\home\controller\Index->index[ /www/wwwroot/www.ldkjmy.com/aaaa/yamaxun/app/home/controller/Index.php ]
[ info ] [ BEHAVIOR ] Run app\admin\behavior\Cron @app_end [ RunTime:0.000776s ]
[ info ] [ LOG ] INIT File
[ sql ] [ DB ] CONNECT:[ UseTime:0.000409s ] mysql:dbname=www_ldkjmy_com;host=localhost;port=3306;charset=utf8
[ sql ] [ SQL ] SHOW COLUMNS FROM `yf_web_log` [ RunTime:0.001304s ]
[ sql ] [ SQL ] INSERT INTO `yf_web_log` (`uid` , `ip` , `location` , `os` , `browser` , `url` , `module` , `controller` , `action` , `method` , `data` , `otime`) VALUES (0 , '5.101.0.209' , '俄罗斯 俄罗斯  ' , 'Windows 10' , 'Chrome(78.0.3904.108)' , '/?XDEBUG_SESSION_START=phpstorm' , 'home' , 'Index' , 'index' , 'GET' , 'a:1:{s:20:\"XDEBUG_SESSION_START\";s:8:\"phpstorm\";}' , 1581842317) [ RunTime:0.000772s ]
---------------------------------------------------------------
[ 2020-02-16T16:38:47+08:00 ] 172.21.0.8 5.101.0.209 GET /index.php?s=/Index/\think\app/invokefunction&function=call_user_func_array&vars[0]=md5&vars[1][]=HelloThinkPHP
[ info ] 192.144.141.140:80/index.php?s=/Index/\think\app/invokefunction&function=call_user_func_array&vars[0]=md5&vars[1][]=HelloThinkPHP [运行时间：0.040339s][吞吐率：24.79req/s] [内存消耗：2,441.30kb] [文件加载：52]
[ info ] [ LANG ] /www/wwwroot/www.ldkjmy.com/aaaa/yamaxun/thinkphp/lang/zh-cn.php
[ info ] [ LANG ] /www/wwwroot/www.ldkjmy.com/aaaa/yamaxun/app/lang/zh-cn.php
[ info ] [ CACHE ] INIT File
[ info ] [ ROUTE ] array (
  'type' => 'module',
  'module' => 
  array (
    0 => 'Index',
    1 => '\\think\\app',
    2 => 'invokefunction',
  ),
)
[ info ] [ HEADER ] array (
  'host' => '192.144.141.140:80',
  'user-agent' => 'Mozilla/5.0 (Windows NT 10.0; Win64; x64) AppleWebKit/537.36 (KHTML, like Gecko) Chrome/78.0.3904.108 Safari/537.36',
  'accept-encoding' => 'gzip',
  'connection' => 'close',
  'content-type' => '',
  'content-length' => '',
)
[ info ] [ PARAM ] array (
  'function' => 'call_user_func_array',
  'vars' => 
  array (
    0 => 'md5',
    1 => 
    array (
      0 => 'HelloThinkPHP',
    ),
  ),
)
[ info ] [ LOG ] INIT File
---------------------------------------------------------------
[ 2020-02-16T17:41:12+08:00 ] 172.21.0.8 14.18.182.223 GET /admin/login/login.html
[ info ] ymx.ldkjmy.com/admin/login/login.html [运行时间：0.107138s][吞吐率：9.33req/s] [内存消耗：12,357.03kb] [文件加载：122]
[ info ] [ LANG ] /www/wwwroot/www.ldkjmy.com/aaaa/yamaxun/thinkphp/lang/zh-cn.php
[ info ] [ LANG ] /www/wwwroot/www.ldkjmy.com/aaaa/yamaxun/app/lang/zh-cn.php
[ info ] [ CACHE ] INIT File
[ info ] [ ROUTE ] array (
  'type' => 'module',
  'module' => 
  array (
    0 => 'admin',
    1 => 'login',
    2 => 'login',
  ),
)
[ info ] [ HEADER ] array (
  'accept' => 'text/html,application/xhtml+xml,application/xml;q=0.9,*/*;q=0.8',
  'accept-encoding' => 'gzip',
  'host' => 'ymx.ldkjmy.com',
  'q-sub-business' => 'contentsecurity',
  'user-agent' => 'Mozilla/5.0 (Windows NT 6.1; WOW64; rv:57.0) Gecko/20100101 Firefox/57.0',
  'content-type' => '',
  'content-length' => '',
)
[ info ] [ PARAM ] array (
)
[ info ] [ SESSION ] INIT array (
  'id' => '',
  'var_session_id' => '',
  'prefix' => 'think',
  'type' => '',
  'auto_start' => true,
)
[ info ] [ DB ] INIT mysql
[ info ] [ BEHAVIOR ] Run app\common\behavior\WebLog @module_init [ RunTime:0.062343s ]
[ info ] [ BEHAVIOR ] Run Closure @action_begin [ RunTime:0.001515s ]
[ info ] [ RUN ] app\admin\controller\Login->login[ /www/wwwroot/www.ldkjmy.com/aaaa/yamaxun/app/admin/controller/Login.php ]
[ info ] [ VIEW ] /www/wwwroot/www.ldkjmy.com/aaaa/yamaxun/app/admin/view/login/login.html [ array (
  0 => 'lang',
) ]
[ info ] [ BEHAVIOR ] Run app\admin\behavior\Cron @app_end [ RunTime:0.000705s ]
[ info ] [ LOG ] INIT File
[ sql ] [ DB ] CONNECT:[ UseTime:0.000391s ] mysql:dbname=www_ldkjmy_com;host=localhost;port=3306;charset=utf8
[ sql ] [ SQL ] SHOW COLUMNS FROM `yf_web_log` [ RunTime:0.000966s ]
[ sql ] [ SQL ] INSERT INTO `yf_web_log` (`uid` , `ip` , `location` , `os` , `browser` , `url` , `module` , `controller` , `action` , `method` , `data` , `otime`) VALUES (0 , '14.18.182.223' , '中国 广东 佛山 ' , 'Windows 7' , 'Firefox(57.0)' , '/admin/login/login.html' , 'admin' , 'Login' , 'login' , 'GET' , 'a:0:{}' , 1581846072) [ RunTime:0.000521s ]
---------------------------------------------------------------
[ 2020-02-16T18:33:27+08:00 ] 172.21.0.8 31.132.67.229 GET /
[ info ] 192.144.141.140:80/ [运行时间：0.086167s][吞吐率：11.61req/s] [内存消耗：7,505.09kb] [文件加载：91]
[ info ] [ LANG ] /www/wwwroot/www.ldkjmy.com/aaaa/yamaxun/thinkphp/lang/zh-cn.php
[ info ] [ LANG ] /www/wwwroot/www.ldkjmy.com/aaaa/yamaxun/app/lang/zh-cn.php
[ info ] [ CACHE ] INIT File
[ info ] [ ROUTE ] array (
  'type' => 'module',
  'module' => 
  array (
    0 => 'home',
    1 => 'Index',
    2 => 'index',
  ),
  'convert' => false,
)
[ info ] [ HEADER ] array (
  'host' => '192.144.141.140:80',
  'user-agent' => 'Mozilla/5.0 (Windows NT 10.0; WOW64) AppleWebKit/537.36 (KHTML, like Gecko) Chrome/52.0.2743.116 Safari/537.36',
  'content-length' => '0',
  'content-type' => '',
)
[ info ] [ PARAM ] array (
)
[ info ] [ LANG ] /www/wwwroot/www.ldkjmy.com/aaaa/yamaxun/app/home/lang/zh-cn.php
[ info ] [ SESSION ] INIT array (
  'id' => '',
  'var_session_id' => '',
  'prefix' => 'think',
  'type' => '',
  'auto_start' => true,
)
[ info ] [ DB ] INIT mysql
[ info ] [ BEHAVIOR ] Run app\common\behavior\WebLog @module_init [ RunTime:0.032045s ]
[ info ] [ BEHAVIOR ] Run Closure @action_begin [ RunTime:0.002625s ]
[ info ] [ RUN ] app\home\controller\Index->index[ /www/wwwroot/www.ldkjmy.com/aaaa/yamaxun/app/home/controller/Index.php ]
[ info ] [ BEHAVIOR ] Run app\admin\behavior\Cron @app_end [ RunTime:0.000932s ]
[ info ] [ LOG ] INIT File
[ sql ] [ DB ] CONNECT:[ UseTime:0.000450s ] mysql:dbname=www_ldkjmy_com;host=localhost;port=3306;charset=utf8
[ sql ] [ SQL ] SHOW COLUMNS FROM `yf_web_log` [ RunTime:0.001373s ]
[ sql ] [ SQL ] INSERT INTO `yf_web_log` (`uid` , `ip` , `location` , `os` , `browser` , `url` , `module` , `controller` , `action` , `method` , `data` , `otime`) VALUES (0 , '31.132.67.229' , '波兰 波兰  ' , 'Windows 10' , 'Chrome(52.0.2743.116)' , '/' , 'home' , 'Index' , 'index' , 'GET' , 'a:0:{}' , 1581849207) [ RunTime:0.000758s ]
---------------------------------------------------------------
[ 2020-02-16T18:46:22+08:00 ] 172.21.0.8 51.254.59.113 GET /
[ info ] 192.144.141.140/ [运行时间：0.077621s][吞吐率：12.88req/s] [内存消耗：7,505.45kb] [文件加载：91]
[ info ] [ LANG ] /www/wwwroot/www.ldkjmy.com/aaaa/yamaxun/thinkphp/lang/zh-cn.php
[ info ] [ LANG ] /www/wwwroot/www.ldkjmy.com/aaaa/yamaxun/app/lang/zh-cn.php
[ info ] [ CACHE ] INIT File
[ info ] [ ROUTE ] array (
  'type' => 'module',
  'module' => 
  array (
    0 => 'home',
    1 => 'Index',
    2 => 'index',
  ),
  'convert' => false,
)
[ info ] [ HEADER ] array (
  'user-agent' => 'Mozilla/5.0 (Windows NT 6.1) AppleWebKit/537.36 (KHTML, like Gecko) Chrome/41.0.2228.0 Safari/537.36',
  'host' => '192.144.141.140',
  'connection' => 'close',
  'content-type' => '',
  'content-length' => '',
)
[ info ] [ PARAM ] array (
)
[ info ] [ LANG ] /www/wwwroot/www.ldkjmy.com/aaaa/yamaxun/app/home/lang/zh-cn.php
[ info ] [ SESSION ] INIT array (
  'id' => '',
  'var_session_id' => '',
  'prefix' => 'think',
  'type' => '',
  'auto_start' => true,
)
[ info ] [ DB ] INIT mysql
[ info ] [ BEHAVIOR ] Run app\common\behavior\WebLog @module_init [ RunTime:0.029504s ]
[ info ] [ BEHAVIOR ] Run Closure @action_begin [ RunTime:0.002409s ]
[ info ] [ RUN ] app\home\controller\Index->index[ /www/wwwroot/www.ldkjmy.com/aaaa/yamaxun/app/home/controller/Index.php ]
[ info ] [ BEHAVIOR ] Run app\admin\behavior\Cron @app_end [ RunTime:0.000932s ]
[ info ] [ LOG ] INIT File
[ sql ] [ DB ] CONNECT:[ UseTime:0.000464s ] mysql:dbname=www_ldkjmy_com;host=localhost;port=3306;charset=utf8
[ sql ] [ SQL ] SHOW COLUMNS FROM `yf_web_log` [ RunTime:0.001550s ]
[ sql ] [ SQL ] INSERT INTO `yf_web_log` (`uid` , `ip` , `location` , `os` , `browser` , `url` , `module` , `controller` , `action` , `method` , `data` , `otime`) VALUES (0 , '51.254.59.113' , '法国 法国  ' , 'Windows 7' , 'Chrome(41.0.2228.0)' , '/' , 'home' , 'Index' , 'index' , 'GET' , 'a:0:{}' , 1581849982) [ RunTime:0.000703s ]
---------------------------------------------------------------
[ 2020-02-16T18:57:59+08:00 ] 172.21.0.8 14.18.182.223 GET /
[ info ] 192.144.141.140/ [运行时间：0.070582s][吞吐率：14.17req/s] [内存消耗：7,505.38kb] [文件加载：91]
[ info ] [ LANG ] /www/wwwroot/www.ldkjmy.com/aaaa/yamaxun/thinkphp/lang/zh-cn.php
[ info ] [ LANG ] /www/wwwroot/www.ldkjmy.com/aaaa/yamaxun/app/lang/zh-cn.php
[ info ] [ CACHE ] INIT File
[ info ] [ ROUTE ] array (
  'type' => 'module',
  'module' => 
  array (
    0 => 'home',
    1 => 'Index',
    2 => 'index',
  ),
  'convert' => false,
)
[ info ] [ HEADER ] array (
  'accept' => 'text/html,application/xhtml+xml,application/xml;q=0.9,*/*;q=0.8',
  'accept-encoding' => 'gzip',
  'host' => '192.144.141.140',
  'q-sub-business' => 'contentsecurity',
  'user-agent' => 'Mozilla/5.0 (Windows NT 6.1; WOW64; rv:57.0) Gecko/20100101 Firefox/57.0',
  'content-type' => '',
  'content-length' => '',
)
[ info ] [ PARAM ] array (
)
[ info ] [ LANG ] /www/wwwroot/www.ldkjmy.com/aaaa/yamaxun/app/home/lang/zh-cn.php
[ info ] [ SESSION ] INIT array (
  'id' => '',
  'var_session_id' => '',
  'prefix' => 'think',
  'type' => '',
  'auto_start' => true,
)
[ info ] [ DB ] INIT mysql
[ info ] [ BEHAVIOR ] Run app\common\behavior\WebLog @module_init [ RunTime:0.025610s ]
[ info ] [ BEHAVIOR ] Run Closure @action_begin [ RunTime:0.001917s ]
[ info ] [ RUN ] app\home\controller\Index->index[ /www/wwwroot/www.ldkjmy.com/aaaa/yamaxun/app/home/controller/Index.php ]
[ info ] [ BEHAVIOR ] Run app\admin\behavior\Cron @app_end [ RunTime:0.000730s ]
[ info ] [ LOG ] INIT File
[ sql ] [ DB ] CONNECT:[ UseTime:0.000386s ] mysql:dbname=www_ldkjmy_com;host=localhost;port=3306;charset=utf8
[ sql ] [ SQL ] SHOW COLUMNS FROM `yf_web_log` [ RunTime:0.001026s ]
[ sql ] [ SQL ] INSERT INTO `yf_web_log` (`uid` , `ip` , `location` , `os` , `browser` , `url` , `module` , `controller` , `action` , `method` , `data` , `otime`) VALUES (0 , '14.18.182.223' , '中国 广东 佛山 ' , 'Windows 7' , 'Firefox(57.0)' , '/' , 'home' , 'Index' , 'index' , 'GET' , 'a:0:{}' , 1581850679) [ RunTime:0.000640s ]
---------------------------------------------------------------
[ 2020-02-16T20:15:21+08:00 ] 172.21.0.8 101.89.19.140 GET /
[ info ] 192.144.141.140/ [运行时间：0.067332s][吞吐率：14.85req/s] [内存消耗：7,505.38kb] [文件加载：91]
[ info ] [ LANG ] /www/wwwroot/www.ldkjmy.com/aaaa/yamaxun/thinkphp/lang/zh-cn.php
[ info ] [ LANG ] /www/wwwroot/www.ldkjmy.com/aaaa/yamaxun/app/lang/zh-cn.php
[ info ] [ CACHE ] INIT File
[ info ] [ ROUTE ] array (
  'type' => 'module',
  'module' => 
  array (
    0 => 'home',
    1 => 'Index',
    2 => 'index',
  ),
  'convert' => false,
)
[ info ] [ HEADER ] array (
  'accept' => 'text/html,application/xhtml+xml,application/xml;q=0.9,*/*;q=0.8',
  'accept-encoding' => 'gzip',
  'host' => '192.144.141.140',
  'q-sub-business' => 'contentsecurity',
  'user-agent' => 'Mozilla/5.0 (Windows NT 6.1; WOW64; rv:57.0) Gecko/20100101 Firefox/57.0',
  'content-type' => '',
  'content-length' => '',
)
[ info ] [ PARAM ] array (
)
[ info ] [ LANG ] /www/wwwroot/www.ldkjmy.com/aaaa/yamaxun/app/home/lang/zh-cn.php
[ info ] [ SESSION ] INIT array (
  'id' => '',
  'var_session_id' => '',
  'prefix' => 'think',
  'type' => '',
  'auto_start' => true,
)
[ info ] [ DB ] INIT mysql
[ info ] [ BEHAVIOR ] Run app\common\behavior\WebLog @module_init [ RunTime:0.023954s ]
[ info ] [ BEHAVIOR ] Run Closure @action_begin [ RunTime:0.002559s ]
[ info ] [ RUN ] app\home\controller\Index->index[ /www/wwwroot/www.ldkjmy.com/aaaa/yamaxun/app/home/controller/Index.php ]
[ info ] [ BEHAVIOR ] Run app\admin\behavior\Cron @app_end [ RunTime:0.001042s ]
[ info ] [ LOG ] INIT File
[ sql ] [ DB ] CONNECT:[ UseTime:0.000414s ] mysql:dbname=www_ldkjmy_com;host=localhost;port=3306;charset=utf8
[ sql ] [ SQL ] SHOW COLUMNS FROM `yf_web_log` [ RunTime:0.001306s ]
[ sql ] [ SQL ] INSERT INTO `yf_web_log` (`uid` , `ip` , `location` , `os` , `browser` , `url` , `module` , `controller` , `action` , `method` , `data` , `otime`) VALUES (0 , '101.89.19.140' , '中国 上海 上海 ' , 'Windows 7' , 'Firefox(57.0)' , '/' , 'home' , 'Index' , 'index' , 'GET' , 'a:0:{}' , 1581855321) [ RunTime:0.000576s ]
---------------------------------------------------------------
[ 2020-02-16T20:29:08+08:00 ] 172.21.0.8 116.128.128.41 GET /ping.ccp
[ info ] 192.144.141.140/ping.ccp [运行时间：0.034758s][吞吐率：28.77req/s] [内存消耗：2,439.89kb] [文件加载：52]
[ info ] [ LANG ] /www/wwwroot/www.ldkjmy.com/aaaa/yamaxun/thinkphp/lang/zh-cn.php
[ info ] [ LANG ] /www/wwwroot/www.ldkjmy.com/aaaa/yamaxun/app/lang/zh-cn.php
[ info ] [ CACHE ] INIT File
[ info ] [ ROUTE ] array (
  'type' => 'module',
  'module' => 
  array (
    0 => 'ping.ccp',
    1 => NULL,
    2 => NULL,
  ),
)
[ info ] [ HEADER ] array (
  'accept' => 'text/html,application/xhtml+xml,application/xml;q=0.9,*/*;q=0.8',
  'accept-encoding' => 'gzip',
  'host' => '192.144.141.140',
  'q-sub-business' => 'contentsecurity',
  'user-agent' => 'Mozilla/5.0 (Windows NT 6.1; WOW64; rv:57.0) Gecko/20100101 Firefox/57.0',
  'content-type' => '',
  'content-length' => '',
)
[ info ] [ PARAM ] array (
)
[ info ] [ LOG ] INIT File
---------------------------------------------------------------
[ 2020-02-16T20:30:17+08:00 ] 172.21.0.8 180.45.0.67 GET /phpmyadmin/
[ info ] 192.144.141.140/phpmyadmin/ [运行时间：0.040590s][吞吐率：24.64req/s] [内存消耗：2,439.01kb] [文件加载：52]
[ info ] [ LANG ] /www/wwwroot/www.ldkjmy.com/aaaa/yamaxun/thinkphp/lang/zh-cn.php
[ info ] [ LANG ] /www/wwwroot/www.ldkjmy.com/aaaa/yamaxun/app/lang/zh-cn.php
[ info ] [ CACHE ] INIT File
[ info ] [ ROUTE ] array (
  'type' => 'module',
  'module' => 
  array (
    0 => 'phpmyadmin',
    1 => NULL,
    2 => NULL,
  ),
)
[ info ] [ HEADER ] array (
  'user-agent' => 'Mozilla/5.0 (Windows NT 10.0; WOW64) AppleWebKit/537.36 (KHTML, like Gecko) Chrome/51.0.2704.103 Safari/537.36',
  'host' => '192.144.141.140',
  'connection' => 'keep-alive',
  'content-type' => '',
  'content-length' => '',
)
[ info ] [ PARAM ] array (
)
[ info ] [ LOG ] INIT File
---------------------------------------------------------------
[ 2020-02-16T20:56:07+08:00 ] 172.21.0.8 181.39.150.234 GET /
[ info ] 192.144.141.140:80/ [运行时间：0.086434s][吞吐率：11.57req/s] [内存消耗：7,504.97kb] [文件加载：91]
[ info ] [ LANG ] /www/wwwroot/www.ldkjmy.com/aaaa/yamaxun/thinkphp/lang/zh-cn.php
[ info ] [ LANG ] /www/wwwroot/www.ldkjmy.com/aaaa/yamaxun/app/lang/zh-cn.php
[ info ] [ CACHE ] INIT File
[ info ] [ ROUTE ] array (
  'type' => 'module',
  'module' => 
  array (
    0 => 'home',
    1 => 'Index',
    2 => 'index',
  ),
  'convert' => false,
)
[ info ] [ HEADER ] array (
  'host' => '192.144.141.140:80',
  'user-agent' => 'Mozilla/5.0 (Macintosh; Intel Mac OS X 10_11_6) AppleWebKit/601.7.7 (KHTML, like Gecko) Version/9.1.2 Safari/601.7.7',
  'content-length' => '0',
  'content-type' => '',
)
[ info ] [ PARAM ] array (
)
[ info ] [ LANG ] /www/wwwroot/www.ldkjmy.com/aaaa/yamaxun/app/home/lang/zh-cn.php
[ info ] [ SESSION ] INIT array (
  'id' => '',
  'var_session_id' => '',
  'prefix' => 'think',
  'type' => '',
  'auto_start' => true,
)
[ info ] [ DB ] INIT mysql
[ info ] [ BEHAVIOR ] Run app\common\behavior\WebLog @module_init [ RunTime:0.031414s ]
[ info ] [ BEHAVIOR ] Run Closure @action_begin [ RunTime:0.002522s ]
[ info ] [ RUN ] app\home\controller\Index->index[ /www/wwwroot/www.ldkjmy.com/aaaa/yamaxun/app/home/controller/Index.php ]
[ info ] [ BEHAVIOR ] Run app\admin\behavior\Cron @app_end [ RunTime:0.000989s ]
[ info ] [ LOG ] INIT File
[ sql ] [ DB ] CONNECT:[ UseTime:0.000413s ] mysql:dbname=www_ldkjmy_com;host=localhost;port=3306;charset=utf8
[ sql ] [ SQL ] SHOW COLUMNS FROM `yf_web_log` [ RunTime:0.001287s ]
[ sql ] [ SQL ] INSERT INTO `yf_web_log` (`uid` , `ip` , `location` , `os` , `browser` , `url` , `module` , `controller` , `action` , `method` , `data` , `otime`) VALUES (0 , '181.39.150.234' , '厄瓜多尔 厄瓜多尔  ' , 'Mac' , 'Safari(601.7.7)' , '/' , 'home' , 'Index' , 'index' , 'GET' , 'a:0:{}' , 1581857767) [ RunTime:0.000735s ]
---------------------------------------------------------------
[ 2020-02-16T21:06:46+08:00 ] 172.21.0.8 128.14.134.134 GET /
[ info ] 192.144.141.140/ [运行时间：0.082422s][吞吐率：12.13req/s] [内存消耗：7,505.62kb] [文件加载：91]
[ info ] [ LANG ] /www/wwwroot/www.ldkjmy.com/aaaa/yamaxun/thinkphp/lang/zh-cn.php
[ info ] [ LANG ] /www/wwwroot/www.ldkjmy.com/aaaa/yamaxun/app/lang/zh-cn.php
[ info ] [ CACHE ] INIT File
[ info ] [ ROUTE ] array (
  'type' => 'module',
  'module' => 
  array (
    0 => 'home',
    1 => 'Index',
    2 => 'index',
  ),
  'convert' => false,
)
[ info ] [ HEADER ] array (
  'host' => '192.144.141.140',
  'user-agent' => 'Mozilla/5.0 (Windows NT 10.0; Win64; x64) AppleWebKit/537.36 (KHTML, like Gecko) Chrome/60.0.3112.113 Safari/537.36',
  'accept' => '*/*',
  'accept-encoding' => 'gzip',
  'content-type' => '',
  'content-length' => '',
)
[ info ] [ PARAM ] array (
)
[ info ] [ LANG ] /www/wwwroot/www.ldkjmy.com/aaaa/yamaxun/app/home/lang/zh-cn.php
[ info ] [ SESSION ] INIT array (
  'id' => '',
  'var_session_id' => '',
  'prefix' => 'think',
  'type' => '',
  'auto_start' => true,
)
[ info ] [ DB ] INIT mysql
[ info ] [ BEHAVIOR ] Run app\common\behavior\WebLog @module_init [ RunTime:0.028224s ]
[ info ] [ BEHAVIOR ] Run Closure @action_begin [ RunTime:0.002443s ]
[ info ] [ RUN ] app\home\controller\Index->index[ /www/wwwroot/www.ldkjmy.com/aaaa/yamaxun/app/home/controller/Index.php ]
[ info ] [ BEHAVIOR ] Run app\admin\behavior\Cron @app_end [ RunTime:0.000989s ]
[ info ] [ LOG ] INIT File
[ sql ] [ DB ] CONNECT:[ UseTime:0.000469s ] mysql:dbname=www_ldkjmy_com;host=localhost;port=3306;charset=utf8
[ sql ] [ SQL ] SHOW COLUMNS FROM `yf_web_log` [ RunTime:0.001350s ]
[ sql ] [ SQL ] INSERT INTO `yf_web_log` (`uid` , `ip` , `location` , `os` , `browser` , `url` , `module` , `controller` , `action` , `method` , `data` , `otime`) VALUES (0 , '128.14.134.134' , '美国 美国  ' , 'Windows 10' , 'Chrome(60.0.3112.113)' , '/' , 'home' , 'Index' , 'index' , 'GET' , 'a:0:{}' , 1581858406) [ RunTime:0.000784s ]
