---------------------------------------------------------------
[ 2020-02-26T01:25:53+08:00 ] 172.21.0.8 138.121.128.46 GET /
[ info ] 192.144.141.140:80/ [运行时间：0.070922s][吞吐率：14.10req/s] [内存消耗：7,505.09kb] [文件加载：91]
[ info ] [ LANG ] /www/wwwroot/www.ldkjmy.com/aaaa/yamaxun/thinkphp/lang/zh-cn.php
[ info ] [ LANG ] /www/wwwroot/www.ldkjmy.com/aaaa/yamaxun/app/lang/zh-cn.php
[ info ] [ CACHE ] INIT File
[ info ] [ ROUTE ] array (
  'type' => 'module',
  'module' => 
  array (
    0 => 'home',
    1 => 'Index',
    2 => 'index',
  ),
  'convert' => false,
)
[ info ] [ HEADER ] array (
  'host' => '192.144.141.140:80',
  'user-agent' => 'Mozilla/5.0 (Windows NT 10.0; WOW64) AppleWebKit/537.36 (KHTML, like Gecko) Chrome/52.0.2743.116 Safari/537.36',
  'content-length' => '0',
  'content-type' => '',
)
[ info ] [ PARAM ] array (
)
[ info ] [ LANG ] /www/wwwroot/www.ldkjmy.com/aaaa/yamaxun/app/home/lang/zh-cn.php
[ info ] [ SESSION ] INIT array (
  'id' => '',
  'var_session_id' => '',
  'prefix' => 'think',
  'type' => '',
  'auto_start' => true,
)
[ info ] [ DB ] INIT mysql
[ info ] [ BEHAVIOR ] Run app\common\behavior\WebLog @module_init [ RunTime:0.024460s ]
[ info ] [ BEHAVIOR ] Run Closure @action_begin [ RunTime:0.002080s ]
[ info ] [ RUN ] app\home\controller\Index->index[ /www/wwwroot/www.ldkjmy.com/aaaa/yamaxun/app/home/controller/Index.php ]
[ info ] [ BEHAVIOR ] Run app\admin\behavior\Cron @app_end [ RunTime:0.000669s ]
[ info ] [ LOG ] INIT File
[ sql ] [ DB ] CONNECT:[ UseTime:0.000395s ] mysql:dbname=www_ldkjmy_com;host=localhost;port=3306;charset=utf8
[ sql ] [ SQL ] SHOW COLUMNS FROM `yf_web_log` [ RunTime:0.001154s ]
[ sql ] [ SQL ] INSERT INTO `yf_web_log` (`uid` , `ip` , `location` , `os` , `browser` , `url` , `module` , `controller` , `action` , `method` , `data` , `otime`) VALUES (0 , '138.121.128.46' , '巴西 巴西  ' , 'Windows 10' , 'Chrome(52.0.2743.116)' , '/' , 'home' , 'Index' , 'index' , 'GET' , 'a:0:{}' , 1582651553) [ RunTime:0.000954s ]
---------------------------------------------------------------
[ 2020-02-26T03:20:15+08:00 ] 172.21.0.8 191.103.252.75 GET /
[ info ] 192.144.141.140:80/ [运行时间：0.057634s][吞吐率：17.35req/s] [内存消耗：7,505.33kb] [文件加载：91]
[ info ] [ LANG ] /www/wwwroot/www.ldkjmy.com/aaaa/yamaxun/thinkphp/lang/zh-cn.php
[ info ] [ LANG ] /www/wwwroot/www.ldkjmy.com/aaaa/yamaxun/app/lang/zh-cn.php
[ info ] [ CACHE ] INIT File
[ info ] [ ROUTE ] array (
  'type' => 'module',
  'module' => 
  array (
    0 => 'home',
    1 => 'Index',
    2 => 'index',
  ),
  'convert' => false,
)
[ info ] [ HEADER ] array (
  'host' => '192.144.141.140:80',
  'user-agent' => 'Mozilla/5.0 (Windows NT 10.0; WOW64) AppleWebKit/537.36 (KHTML, like Gecko) Chrome/52.0.2743.116 Safari/537.36',
  'content-length' => '0',
  'content-type' => '',
)
[ info ] [ PARAM ] array (
)
[ info ] [ LANG ] /www/wwwroot/www.ldkjmy.com/aaaa/yamaxun/app/home/lang/zh-cn.php
[ info ] [ SESSION ] INIT array (
  'id' => '',
  'var_session_id' => '',
  'prefix' => 'think',
  'type' => '',
  'auto_start' => true,
)
[ info ] [ DB ] INIT mysql
[ info ] [ BEHAVIOR ] Run app\common\behavior\WebLog @module_init [ RunTime:0.022400s ]
[ info ] [ BEHAVIOR ] Run Closure @action_begin [ RunTime:0.001578s ]
[ info ] [ RUN ] app\home\controller\Index->index[ /www/wwwroot/www.ldkjmy.com/aaaa/yamaxun/app/home/controller/Index.php ]
[ info ] [ BEHAVIOR ] Run app\admin\behavior\Cron @app_end [ RunTime:0.000753s ]
[ info ] [ LOG ] INIT File
[ sql ] [ DB ] CONNECT:[ UseTime:0.000381s ] mysql:dbname=www_ldkjmy_com;host=localhost;port=3306;charset=utf8
[ sql ] [ SQL ] SHOW COLUMNS FROM `yf_web_log` [ RunTime:0.000973s ]
[ sql ] [ SQL ] INSERT INTO `yf_web_log` (`uid` , `ip` , `location` , `os` , `browser` , `url` , `module` , `controller` , `action` , `method` , `data` , `otime`) VALUES (0 , '191.103.252.75' , '哥伦比亚 哥伦比亚  ' , 'Windows 10' , 'Chrome(52.0.2743.116)' , '/' , 'home' , 'Index' , 'index' , 'GET' , 'a:0:{}' , 1582658414) [ RunTime:0.000565s ]
---------------------------------------------------------------
[ 2020-02-26T04:29:15+08:00 ] 172.21.0.8 190.215.177.213 GET /
[ info ] 192.144.141.140:80/ [运行时间：0.056165s][吞吐率：17.80req/s] [内存消耗：7,504.93kb] [文件加载：91]
[ info ] [ LANG ] /www/wwwroot/www.ldkjmy.com/aaaa/yamaxun/thinkphp/lang/zh-cn.php
[ info ] [ LANG ] /www/wwwroot/www.ldkjmy.com/aaaa/yamaxun/app/lang/zh-cn.php
[ info ] [ CACHE ] INIT File
[ info ] [ ROUTE ] array (
  'type' => 'module',
  'module' => 
  array (
    0 => 'home',
    1 => 'Index',
    2 => 'index',
  ),
  'convert' => false,
)
[ info ] [ HEADER ] array (
  'host' => '192.144.141.140:80',
  'user-agent' => 'Mozilla/5.0 (Macintosh; Intel Mac OS X 10_11_6) AppleWebKit/601.7.7 (KHTML, like Gecko) Version/9.1.2 Safari/601.7.7',
  'content-length' => '0',
  'content-type' => '',
)
[ info ] [ PARAM ] array (
)
[ info ] [ LANG ] /www/wwwroot/www.ldkjmy.com/aaaa/yamaxun/app/home/lang/zh-cn.php
[ info ] [ SESSION ] INIT array (
  'id' => '',
  'var_session_id' => '',
  'prefix' => 'think',
  'type' => '',
  'auto_start' => true,
)
[ info ] [ DB ] INIT mysql
[ info ] [ BEHAVIOR ] Run app\common\behavior\WebLog @module_init [ RunTime:0.021431s ]
[ info ] [ BEHAVIOR ] Run Closure @action_begin [ RunTime:0.001482s ]
[ info ] [ RUN ] app\home\controller\Index->index[ /www/wwwroot/www.ldkjmy.com/aaaa/yamaxun/app/home/controller/Index.php ]
[ info ] [ BEHAVIOR ] Run app\admin\behavior\Cron @app_end [ RunTime:0.000622s ]
[ info ] [ LOG ] INIT File
[ sql ] [ DB ] CONNECT:[ UseTime:0.000389s ] mysql:dbname=www_ldkjmy_com;host=localhost;port=3306;charset=utf8
[ sql ] [ SQL ] SHOW COLUMNS FROM `yf_web_log` [ RunTime:0.001219s ]
[ sql ] [ SQL ] INSERT INTO `yf_web_log` (`uid` , `ip` , `location` , `os` , `browser` , `url` , `module` , `controller` , `action` , `method` , `data` , `otime`) VALUES (0 , '190.215.177.213' , '智利 智利  ' , 'Mac' , 'Safari(601.7.7)' , '/' , 'home' , 'Index' , 'index' , 'GET' , 'a:0:{}' , 1582662555) [ RunTime:0.000710s ]
---------------------------------------------------------------
[ 2020-02-26T05:03:01+08:00 ] 172.21.0.8 101.251.242.238 GET /
[ info ] 192.144.141.140:80/ [运行时间：0.057973s][吞吐率：17.25req/s] [内存消耗：7,505.72kb] [文件加载：91]
[ info ] [ LANG ] /www/wwwroot/www.ldkjmy.com/aaaa/yamaxun/thinkphp/lang/zh-cn.php
[ info ] [ LANG ] /www/wwwroot/www.ldkjmy.com/aaaa/yamaxun/app/lang/zh-cn.php
[ info ] [ CACHE ] INIT File
[ info ] [ ROUTE ] array (
  'type' => 'module',
  'module' => 
  array (
    0 => 'home',
    1 => 'Index',
    2 => 'index',
  ),
  'convert' => false,
)
[ info ] [ HEADER ] array (
  'host' => '192.144.141.140:80',
  'user-agent' => 'Mozilla/5.0 (Windows NT 6.1; WOW64; rv:52.0) Gecko/20100101 Firefox/52.0',
  'accept-encoding' => 'gzip, deflate, br',
  'accept-language' => 'zh-CN,zh;q=0.8,en-US;q=0.5,en;q=0.3',
  'accept-charset' => 'GBK,utf-8;q=0.7,*;q=0.3',
  'accept' => 'application/json, text/plain, */*',
  'content-type' => '',
  'content-length' => '',
)
[ info ] [ PARAM ] array (
)
[ info ] [ LANG ] /www/wwwroot/www.ldkjmy.com/aaaa/yamaxun/app/home/lang/zh-cn.php
[ info ] [ SESSION ] INIT array (
  'id' => '',
  'var_session_id' => '',
  'prefix' => 'think',
  'type' => '',
  'auto_start' => true,
)
[ info ] [ DB ] INIT mysql
[ info ] [ BEHAVIOR ] Run app\common\behavior\WebLog @module_init [ RunTime:0.021461s ]
[ info ] [ BEHAVIOR ] Run Closure @action_begin [ RunTime:0.001587s ]
[ info ] [ RUN ] app\home\controller\Index->index[ /www/wwwroot/www.ldkjmy.com/aaaa/yamaxun/app/home/controller/Index.php ]
[ info ] [ BEHAVIOR ] Run app\admin\behavior\Cron @app_end [ RunTime:0.000639s ]
[ info ] [ LOG ] INIT File
[ sql ] [ DB ] CONNECT:[ UseTime:0.000359s ] mysql:dbname=www_ldkjmy_com;host=localhost;port=3306;charset=utf8
[ sql ] [ SQL ] SHOW COLUMNS FROM `yf_web_log` [ RunTime:0.001157s ]
[ sql ] [ SQL ] INSERT INTO `yf_web_log` (`uid` , `ip` , `location` , `os` , `browser` , `url` , `module` , `controller` , `action` , `method` , `data` , `otime`) VALUES (0 , '101.251.242.238' , '中国 北京 北京 ' , 'Windows 7' , 'Firefox(52.0)' , '/' , 'home' , 'Index' , 'index' , 'GET' , 'a:0:{}' , 1582664581) [ RunTime:0.000509s ]
---------------------------------------------------------------
[ 2020-02-26T05:32:13+08:00 ] 172.21.0.8 119.160.233.30 GET /index.php
[ info ] 192.144.141.140/index.php [运行时间：0.057500s][吞吐率：17.39req/s] [内存消耗：7,505.84kb] [文件加载：91]
[ info ] [ LANG ] /www/wwwroot/www.ldkjmy.com/aaaa/yamaxun/thinkphp/lang/zh-cn.php
[ info ] [ LANG ] /www/wwwroot/www.ldkjmy.com/aaaa/yamaxun/app/lang/zh-cn.php
[ info ] [ CACHE ] INIT File
[ info ] [ ROUTE ] array (
  'type' => 'module',
  'module' => 
  array (
    0 => 'home',
    1 => 'Index',
    2 => 'index',
  ),
  'convert' => false,
)
[ info ] [ HEADER ] array (
  'client-ip' => '253.122.215.134',
  'x-forwarded-for' => '253.122.215.134',
  'accept' => 'text/html, application/xhtml+xml, */*',
  'content-type' => 'text/html',
  'user-agent' => 'Mozilla/5.0 (Windows NT 6.1; WOW64; rv:18.0) Gecko/20100101 Firefox/18.0',
  'host' => '192.144.141.140',
  'connection' => 'Keep-Alive',
  'content-length' => '',
)
[ info ] [ PARAM ] array (
)
[ info ] [ LANG ] /www/wwwroot/www.ldkjmy.com/aaaa/yamaxun/app/home/lang/zh-cn.php
[ info ] [ SESSION ] INIT array (
  'id' => '',
  'var_session_id' => '',
  'prefix' => 'think',
  'type' => '',
  'auto_start' => true,
)
[ info ] [ DB ] INIT mysql
[ info ] [ BEHAVIOR ] Run app\common\behavior\WebLog @module_init [ RunTime:0.020861s ]
[ info ] [ BEHAVIOR ] Run Closure @action_begin [ RunTime:0.001566s ]
[ info ] [ RUN ] app\home\controller\Index->index[ /www/wwwroot/www.ldkjmy.com/aaaa/yamaxun/app/home/controller/Index.php ]
[ info ] [ BEHAVIOR ] Run app\admin\behavior\Cron @app_end [ RunTime:0.000725s ]
[ info ] [ LOG ] INIT File
[ sql ] [ DB ] CONNECT:[ UseTime:0.000327s ] mysql:dbname=www_ldkjmy_com;host=localhost;port=3306;charset=utf8
[ sql ] [ SQL ] SHOW COLUMNS FROM `yf_web_log` [ RunTime:0.000963s ]
[ sql ] [ SQL ] INSERT INTO `yf_web_log` (`uid` , `ip` , `location` , `os` , `browser` , `url` , `module` , `controller` , `action` , `method` , `data` , `otime`) VALUES (0 , '119.160.233.30' , '澳大利亚 澳大利亚  ' , 'Windows 7' , 'Firefox(18.0)' , '/index.php' , 'home' , 'Index' , 'index' , 'GET' , 'a:0:{}' , 1582666333) [ RunTime:0.000676s ]
---------------------------------------------------------------
[ 2020-02-26T06:15:15+08:00 ] 172.21.0.8 182.254.52.17 GET /docker/.env
[ info ] 192.144.141.140/docker/.env [运行时间：0.028386s][吞吐率：35.23req/s] [内存消耗：2,439.87kb] [文件加载：52]
[ info ] [ LANG ] /www/wwwroot/www.ldkjmy.com/aaaa/yamaxun/thinkphp/lang/zh-cn.php
[ info ] [ LANG ] /www/wwwroot/www.ldkjmy.com/aaaa/yamaxun/app/lang/zh-cn.php
[ info ] [ CACHE ] INIT File
[ info ] [ ROUTE ] array (
  'type' => 'module',
  'module' => 
  array (
    0 => 'docker',
    1 => '.env',
    2 => NULL,
  ),
)
[ info ] [ HEADER ] array (
  'accept' => 'text/html,application/xhtml+xml,application/xml;q=0.9,*/*;q=0.8',
  'accept-encoding' => 'gzip',
  'host' => '192.144.141.140',
  'q-sub-business' => 'contentsecurity',
  'user-agent' => 'Mozilla/5.0 (Windows NT 6.1; WOW64; rv:57.0) Gecko/20100101 Firefox/57.0',
  'content-type' => '',
  'content-length' => '',
)
[ info ] [ PARAM ] array (
)
[ info ] [ LOG ] INIT File
---------------------------------------------------------------
[ 2020-02-26T07:25:10+08:00 ] 172.21.0.8 61.241.50.63 GET /index.php
[ info ] 192.144.141.140/index.php [运行时间：0.063581s][吞吐率：15.73req/s] [内存消耗：7,505.45kb] [文件加载：91]
[ info ] [ LANG ] /www/wwwroot/www.ldkjmy.com/aaaa/yamaxun/thinkphp/lang/zh-cn.php
[ info ] [ LANG ] /www/wwwroot/www.ldkjmy.com/aaaa/yamaxun/app/lang/zh-cn.php
[ info ] [ CACHE ] INIT File
[ info ] [ ROUTE ] array (
  'type' => 'module',
  'module' => 
  array (
    0 => 'home',
    1 => 'Index',
    2 => 'index',
  ),
  'convert' => false,
)
[ info ] [ HEADER ] array (
  'accept' => 'text/html,application/xhtml+xml,application/xml;q=0.9,*/*;q=0.8',
  'accept-encoding' => 'gzip',
  'host' => '192.144.141.140',
  'q-sub-business' => 'contentsecurity',
  'user-agent' => 'Mozilla/5.0 (Windows NT 6.1; WOW64; rv:57.0) Gecko/20100101 Firefox/57.0',
  'content-type' => '',
  'content-length' => '',
)
[ info ] [ PARAM ] array (
)
[ info ] [ LANG ] /www/wwwroot/www.ldkjmy.com/aaaa/yamaxun/app/home/lang/zh-cn.php
[ info ] [ SESSION ] INIT array (
  'id' => '',
  'var_session_id' => '',
  'prefix' => 'think',
  'type' => '',
  'auto_start' => true,
)
[ info ] [ DB ] INIT mysql
[ info ] [ BEHAVIOR ] Run app\common\behavior\WebLog @module_init [ RunTime:0.026831s ]
[ info ] [ BEHAVIOR ] Run Closure @action_begin [ RunTime:0.001649s ]
[ info ] [ RUN ] app\home\controller\Index->index[ /www/wwwroot/www.ldkjmy.com/aaaa/yamaxun/app/home/controller/Index.php ]
[ info ] [ BEHAVIOR ] Run app\admin\behavior\Cron @app_end [ RunTime:0.000673s ]
[ info ] [ LOG ] INIT File
[ sql ] [ DB ] CONNECT:[ UseTime:0.000331s ] mysql:dbname=www_ldkjmy_com;host=localhost;port=3306;charset=utf8
[ sql ] [ SQL ] SHOW COLUMNS FROM `yf_web_log` [ RunTime:0.000958s ]
[ sql ] [ SQL ] INSERT INTO `yf_web_log` (`uid` , `ip` , `location` , `os` , `browser` , `url` , `module` , `controller` , `action` , `method` , `data` , `otime`) VALUES (0 , '61.241.50.63' , '中国 江苏 泰州 ' , 'Windows 7' , 'Firefox(57.0)' , '/index.php' , 'home' , 'Index' , 'index' , 'GET' , 'a:0:{}' , 1582673110) [ RunTime:0.000515s ]
---------------------------------------------------------------
[ 2020-02-26T07:41:04+08:00 ] 172.21.0.8 59.36.132.240 GET /backend/.env
[ info ] 192.144.141.140/backend/.env [运行时间：0.030732s][吞吐率：32.54req/s] [内存消耗：2,440.00kb] [文件加载：52]
[ info ] [ LANG ] /www/wwwroot/www.ldkjmy.com/aaaa/yamaxun/thinkphp/lang/zh-cn.php
[ info ] [ LANG ] /www/wwwroot/www.ldkjmy.com/aaaa/yamaxun/app/lang/zh-cn.php
[ info ] [ CACHE ] INIT File
[ info ] [ ROUTE ] array (
  'type' => 'module',
  'module' => 
  array (
    0 => 'backend',
    1 => '.env',
    2 => NULL,
  ),
)
[ info ] [ HEADER ] array (
  'accept' => 'text/html,application/xhtml+xml,application/xml;q=0.9,*/*;q=0.8',
  'accept-encoding' => 'gzip',
  'host' => '192.144.141.140',
  'q-sub-business' => 'contentsecurity',
  'user-agent' => 'Mozilla/5.0 (Windows NT 6.1; WOW64; rv:57.0) Gecko/20100101 Firefox/57.0',
  'content-type' => '',
  'content-length' => '',
)
[ info ] [ PARAM ] array (
)
[ info ] [ LOG ] INIT File
---------------------------------------------------------------
[ 2020-02-26T07:55:33+08:00 ] 172.21.0.8 64.64.104.10 GET /
[ info ] 192.144.141.140/ [运行时间：0.058095s][吞吐率：17.21req/s] [内存消耗：7,505.43kb] [文件加载：91]
[ info ] [ LANG ] /www/wwwroot/www.ldkjmy.com/aaaa/yamaxun/thinkphp/lang/zh-cn.php
[ info ] [ LANG ] /www/wwwroot/www.ldkjmy.com/aaaa/yamaxun/app/lang/zh-cn.php
[ info ] [ CACHE ] INIT File
[ info ] [ ROUTE ] array (
  'type' => 'module',
  'module' => 
  array (
    0 => 'home',
    1 => 'Index',
    2 => 'index',
  ),
  'convert' => false,
)
[ info ] [ HEADER ] array (
  'accept-encoding' => 'identity',
  'host' => '192.144.141.140',
  'accept' => 'text/html,application/xhtml+xml,application/xml;q=0.9,*/*;q=0.8',
  'user-agent' => 'Mozilla/5.0 (Windows NT 6.1) AppleWebKit/537.36 (KHTML, like Gecko) Chrome/41.0.2228.0 Safari/537.36',
  'content-type' => '',
  'content-length' => '',
)
[ info ] [ PARAM ] array (
)
[ info ] [ LANG ] /www/wwwroot/www.ldkjmy.com/aaaa/yamaxun/app/home/lang/zh-cn.php
[ info ] [ SESSION ] INIT array (
  'id' => '',
  'var_session_id' => '',
  'prefix' => 'think',
  'type' => '',
  'auto_start' => true,
)
[ info ] [ DB ] INIT mysql
[ info ] [ BEHAVIOR ] Run app\common\behavior\WebLog @module_init [ RunTime:0.022151s ]
[ info ] [ BEHAVIOR ] Run Closure @action_begin [ RunTime:0.001602s ]
[ info ] [ RUN ] app\home\controller\Index->index[ /www/wwwroot/www.ldkjmy.com/aaaa/yamaxun/app/home/controller/Index.php ]
[ info ] [ BEHAVIOR ] Run app\admin\behavior\Cron @app_end [ RunTime:0.000578s ]
[ info ] [ LOG ] INIT File
[ sql ] [ DB ] CONNECT:[ UseTime:0.000285s ] mysql:dbname=www_ldkjmy_com;host=localhost;port=3306;charset=utf8
[ sql ] [ SQL ] SHOW COLUMNS FROM `yf_web_log` [ RunTime:0.000912s ]
[ sql ] [ SQL ] INSERT INTO `yf_web_log` (`uid` , `ip` , `location` , `os` , `browser` , `url` , `module` , `controller` , `action` , `method` , `data` , `otime`) VALUES (0 , '64.64.104.10' , '美国 美国  ' , 'Windows 7' , 'Chrome(41.0.2228.0)' , '/' , 'home' , 'Index' , 'index' , 'GET' , 'a:0:{}' , 1582674933) [ RunTime:0.000575s ]
---------------------------------------------------------------
[ 2020-02-26T07:55:35+08:00 ] 172.21.0.8 64.64.104.10 GET /sitemap.xml
[ info ] 192.144.141.140/sitemap.xml [运行时间：0.040969s][吞吐率：24.41req/s] [内存消耗：2,438.66kb] [文件加载：52]
[ info ] [ LANG ] /www/wwwroot/www.ldkjmy.com/aaaa/yamaxun/thinkphp/lang/zh-cn.php
[ info ] [ LANG ] /www/wwwroot/www.ldkjmy.com/aaaa/yamaxun/app/lang/zh-cn.php
[ info ] [ CACHE ] INIT File
[ info ] [ ROUTE ] array (
  'type' => 'module',
  'module' => 
  array (
    0 => 'sitemap.xml',
    1 => NULL,
    2 => NULL,
  ),
)
[ info ] [ HEADER ] array (
  'host' => '192.144.141.140',
  'accept-encoding' => 'identity',
  'content-type' => '',
  'content-length' => '',
)
[ info ] [ PARAM ] array (
)
[ info ] [ LOG ] INIT File
---------------------------------------------------------------
[ 2020-02-26T08:01:58+08:00 ] 172.21.0.8 61.241.50.63 GET /cp/.env
[ info ] 192.144.141.140/cp/.env [运行时间：0.026365s][吞吐率：37.93req/s] [内存消耗：2,439.91kb] [文件加载：52]
[ info ] [ LANG ] /www/wwwroot/www.ldkjmy.com/aaaa/yamaxun/thinkphp/lang/zh-cn.php
[ info ] [ LANG ] /www/wwwroot/www.ldkjmy.com/aaaa/yamaxun/app/lang/zh-cn.php
[ info ] [ CACHE ] INIT File
[ info ] [ ROUTE ] array (
  'type' => 'module',
  'module' => 
  array (
    0 => 'cp',
    1 => '.env',
    2 => NULL,
  ),
)
[ info ] [ HEADER ] array (
  'accept' => 'text/html,application/xhtml+xml,application/xml;q=0.9,*/*;q=0.8',
  'accept-encoding' => 'gzip',
  'host' => '192.144.141.140',
  'q-sub-business' => 'contentsecurity',
  'user-agent' => 'Mozilla/5.0 (Windows NT 6.1; WOW64; rv:57.0) Gecko/20100101 Firefox/57.0',
  'content-type' => '',
  'content-length' => '',
)
[ info ] [ PARAM ] array (
)
[ info ] [ LOG ] INIT File
---------------------------------------------------------------
[ 2020-02-26T08:45:31+08:00 ] 172.21.0.8 59.36.132.240 GET /inc/.env
[ info ] 192.144.141.140/inc/.env [运行时间：0.030866s][吞吐率：32.40req/s] [内存消耗：2,439.85kb] [文件加载：52]
[ info ] [ LANG ] /www/wwwroot/www.ldkjmy.com/aaaa/yamaxun/thinkphp/lang/zh-cn.php
[ info ] [ LANG ] /www/wwwroot/www.ldkjmy.com/aaaa/yamaxun/app/lang/zh-cn.php
[ info ] [ CACHE ] INIT File
[ info ] [ ROUTE ] array (
  'type' => 'module',
  'module' => 
  array (
    0 => 'inc',
    1 => '.env',
    2 => NULL,
  ),
)
[ info ] [ HEADER ] array (
  'accept' => 'text/html,application/xhtml+xml,application/xml;q=0.9,*/*;q=0.8',
  'accept-encoding' => 'gzip',
  'host' => '192.144.141.140',
  'q-sub-business' => 'contentsecurity',
  'user-agent' => 'Mozilla/5.0 (Windows NT 6.1; WOW64; rv:57.0) Gecko/20100101 Firefox/57.0',
  'content-type' => '',
  'content-length' => '',
)
[ info ] [ PARAM ] array (
)
[ info ] [ LOG ] INIT File
---------------------------------------------------------------
[ 2020-02-26T08:47:29+08:00 ] 172.21.0.8 91.226.101.116 GET /
[ info ] 192.144.141.140:80/ [运行时间：0.059944s][吞吐率：16.68req/s] [内存消耗：7,504.93kb] [文件加载：91]
[ info ] [ LANG ] /www/wwwroot/www.ldkjmy.com/aaaa/yamaxun/thinkphp/lang/zh-cn.php
[ info ] [ LANG ] /www/wwwroot/www.ldkjmy.com/aaaa/yamaxun/app/lang/zh-cn.php
[ info ] [ CACHE ] INIT File
[ info ] [ ROUTE ] array (
  'type' => 'module',
  'module' => 
  array (
    0 => 'home',
    1 => 'Index',
    2 => 'index',
  ),
  'convert' => false,
)
[ info ] [ HEADER ] array (
  'host' => '192.144.141.140:80',
  'user-agent' => 'Mozilla/5.0 (Macintosh; Intel Mac OS X 10_11_6) AppleWebKit/601.7.7 (KHTML, like Gecko) Version/9.1.2 Safari/601.7.7',
  'content-length' => '0',
  'content-type' => '',
)
[ info ] [ PARAM ] array (
)
[ info ] [ LANG ] /www/wwwroot/www.ldkjmy.com/aaaa/yamaxun/app/home/lang/zh-cn.php
[ info ] [ SESSION ] INIT array (
  'id' => '',
  'var_session_id' => '',
  'prefix' => 'think',
  'type' => '',
  'auto_start' => true,
)
[ info ] [ DB ] INIT mysql
[ info ] [ BEHAVIOR ] Run app\common\behavior\WebLog @module_init [ RunTime:0.023021s ]
[ info ] [ BEHAVIOR ] Run Closure @action_begin [ RunTime:0.001637s ]
[ info ] [ RUN ] app\home\controller\Index->index[ /www/wwwroot/www.ldkjmy.com/aaaa/yamaxun/app/home/controller/Index.php ]
[ info ] [ BEHAVIOR ] Run app\admin\behavior\Cron @app_end [ RunTime:0.000650s ]
[ info ] [ LOG ] INIT File
[ sql ] [ DB ] CONNECT:[ UseTime:0.000314s ] mysql:dbname=www_ldkjmy_com;host=localhost;port=3306;charset=utf8
[ sql ] [ SQL ] SHOW COLUMNS FROM `yf_web_log` [ RunTime:0.000958s ]
[ sql ] [ SQL ] INSERT INTO `yf_web_log` (`uid` , `ip` , `location` , `os` , `browser` , `url` , `module` , `controller` , `action` , `method` , `data` , `otime`) VALUES (0 , '91.226.101.116' , '波兰 波兰  ' , 'Mac' , 'Safari(601.7.7)' , '/' , 'home' , 'Index' , 'index' , 'GET' , 'a:0:{}' , 1582678049) [ RunTime:0.000502s ]
---------------------------------------------------------------
[ 2020-02-26T09:21:22+08:00 ] 172.21.0.8 183.192.179.16 GET /apps/.env
[ info ] 192.144.141.140/apps/.env [运行时间：0.029722s][吞吐率：33.65req/s] [内存消耗：2,439.87kb] [文件加载：52]
[ info ] [ LANG ] /www/wwwroot/www.ldkjmy.com/aaaa/yamaxun/thinkphp/lang/zh-cn.php
[ info ] [ LANG ] /www/wwwroot/www.ldkjmy.com/aaaa/yamaxun/app/lang/zh-cn.php
[ info ] [ CACHE ] INIT File
[ info ] [ ROUTE ] array (
  'type' => 'module',
  'module' => 
  array (
    0 => 'apps',
    1 => '.env',
    2 => NULL,
  ),
)
[ info ] [ HEADER ] array (
  'accept' => 'text/html,application/xhtml+xml,application/xml;q=0.9,*/*;q=0.8',
  'accept-encoding' => 'gzip',
  'host' => '192.144.141.140',
  'q-sub-business' => 'contentsecurity',
  'user-agent' => 'Mozilla/5.0 (Windows NT 6.1; WOW64; rv:57.0) Gecko/20100101 Firefox/57.0',
  'content-type' => '',
  'content-length' => '',
)
[ info ] [ PARAM ] array (
)
[ info ] [ LOG ] INIT File
---------------------------------------------------------------
[ 2020-02-26T09:24:42+08:00 ] 172.21.0.8 182.254.52.17 GET /vod_installer/.env
[ info ] 192.144.141.140/vod_installer/.env [运行时间：0.027180s][吞吐率：36.79req/s] [内存消耗：2,440.00kb] [文件加载：52]
[ info ] [ LANG ] /www/wwwroot/www.ldkjmy.com/aaaa/yamaxun/thinkphp/lang/zh-cn.php
[ info ] [ LANG ] /www/wwwroot/www.ldkjmy.com/aaaa/yamaxun/app/lang/zh-cn.php
[ info ] [ CACHE ] INIT File
[ info ] [ ROUTE ] array (
  'type' => 'module',
  'module' => 
  array (
    0 => 'vod_installer',
    1 => '.env',
    2 => NULL,
  ),
)
[ info ] [ HEADER ] array (
  'accept' => 'text/html,application/xhtml+xml,application/xml;q=0.9,*/*;q=0.8',
  'accept-encoding' => 'gzip',
  'host' => '192.144.141.140',
  'q-sub-business' => 'contentsecurity',
  'user-agent' => 'Mozilla/5.0 (Windows NT 6.1; WOW64; rv:57.0) Gecko/20100101 Firefox/57.0',
  'content-type' => '',
  'content-length' => '',
)
[ info ] [ PARAM ] array (
)
[ info ] [ LOG ] INIT File
---------------------------------------------------------------
[ 2020-02-26T09:25:44+08:00 ] 172.21.0.8 116.128.128.41 GET /scripts/.env
[ info ] 192.144.141.140/scripts/.env [运行时间：0.040793s][吞吐率：24.51req/s] [内存消耗：2,440.00kb] [文件加载：52]
[ info ] [ LANG ] /www/wwwroot/www.ldkjmy.com/aaaa/yamaxun/thinkphp/lang/zh-cn.php
[ info ] [ LANG ] /www/wwwroot/www.ldkjmy.com/aaaa/yamaxun/app/lang/zh-cn.php
[ info ] [ CACHE ] INIT File
[ info ] [ ROUTE ] array (
  'type' => 'module',
  'module' => 
  array (
    0 => 'scripts',
    1 => '.env',
    2 => NULL,
  ),
)
[ info ] [ HEADER ] array (
  'accept' => 'text/html,application/xhtml+xml,application/xml;q=0.9,*/*;q=0.8',
  'accept-encoding' => 'gzip',
  'host' => '192.144.141.140',
  'q-sub-business' => 'contentsecurity',
  'user-agent' => 'Mozilla/5.0 (Windows NT 6.1; WOW64; rv:57.0) Gecko/20100101 Firefox/57.0',
  'content-type' => '',
  'content-length' => '',
)
[ info ] [ PARAM ] array (
)
[ info ] [ LOG ] INIT File
---------------------------------------------------------------
[ 2020-02-26T10:01:38+08:00 ] 172.21.0.8 14.18.182.223 GET /manager/html
[ info ] 192.144.141.140/manager/html [运行时间：0.028343s][吞吐率：35.28req/s] [内存消耗：2,440.00kb] [文件加载：52]
[ info ] [ LANG ] /www/wwwroot/www.ldkjmy.com/aaaa/yamaxun/thinkphp/lang/zh-cn.php
[ info ] [ LANG ] /www/wwwroot/www.ldkjmy.com/aaaa/yamaxun/app/lang/zh-cn.php
[ info ] [ CACHE ] INIT File
[ info ] [ ROUTE ] array (
  'type' => 'module',
  'module' => 
  array (
    0 => 'manager',
    1 => 'html',
    2 => NULL,
  ),
)
[ info ] [ HEADER ] array (
  'accept' => 'text/html,application/xhtml+xml,application/xml;q=0.9,*/*;q=0.8',
  'accept-encoding' => 'gzip',
  'host' => '192.144.141.140',
  'q-sub-business' => 'contentsecurity',
  'user-agent' => 'Mozilla/5.0 (Windows NT 6.1; WOW64; rv:57.0) Gecko/20100101 Firefox/57.0',
  'content-type' => '',
  'content-length' => '',
)
[ info ] [ PARAM ] array (
)
[ info ] [ LOG ] INIT File
---------------------------------------------------------------
[ 2020-02-26T11:30:40+08:00 ] 172.21.0.8 14.177.178.73 GET /
[ info ] 192.144.141.140:80/ [运行时间：0.063853s][吞吐率：15.66req/s] [内存消耗：7,505.09kb] [文件加载：91]
[ info ] [ LANG ] /www/wwwroot/www.ldkjmy.com/aaaa/yamaxun/thinkphp/lang/zh-cn.php
[ info ] [ LANG ] /www/wwwroot/www.ldkjmy.com/aaaa/yamaxun/app/lang/zh-cn.php
[ info ] [ CACHE ] INIT File
[ info ] [ ROUTE ] array (
  'type' => 'module',
  'module' => 
  array (
    0 => 'home',
    1 => 'Index',
    2 => 'index',
  ),
  'convert' => false,
)
[ info ] [ HEADER ] array (
  'host' => '192.144.141.140:80',
  'user-agent' => 'Mozilla/5.0 (Windows NT 10.0; WOW64) AppleWebKit/537.36 (KHTML, like Gecko) Chrome/51.0.2704.103 Safari/537.36',
  'content-length' => '0',
  'content-type' => '',
)
[ info ] [ PARAM ] array (
)
[ info ] [ LANG ] /www/wwwroot/www.ldkjmy.com/aaaa/yamaxun/app/home/lang/zh-cn.php
[ info ] [ SESSION ] INIT array (
  'id' => '',
  'var_session_id' => '',
  'prefix' => 'think',
  'type' => '',
  'auto_start' => true,
)
[ info ] [ DB ] INIT mysql
[ info ] [ BEHAVIOR ] Run app\common\behavior\WebLog @module_init [ RunTime:0.022352s ]
[ info ] [ BEHAVIOR ] Run Closure @action_begin [ RunTime:0.002396s ]
[ info ] [ RUN ] app\home\controller\Index->index[ /www/wwwroot/www.ldkjmy.com/aaaa/yamaxun/app/home/controller/Index.php ]
[ info ] [ BEHAVIOR ] Run app\admin\behavior\Cron @app_end [ RunTime:0.000905s ]
[ info ] [ LOG ] INIT File
[ sql ] [ DB ] CONNECT:[ UseTime:0.000355s ] mysql:dbname=www_ldkjmy_com;host=localhost;port=3306;charset=utf8
[ sql ] [ SQL ] SHOW COLUMNS FROM `yf_web_log` [ RunTime:0.001018s ]
[ sql ] [ SQL ] INSERT INTO `yf_web_log` (`uid` , `ip` , `location` , `os` , `browser` , `url` , `module` , `controller` , `action` , `method` , `data` , `otime`) VALUES (0 , '14.177.178.73' , '越南 越南  ' , 'Windows 10' , 'Chrome(51.0.2704.103)' , '/' , 'home' , 'Index' , 'index' , 'GET' , 'a:0:{}' , 1582687840) [ RunTime:0.000565s ]
---------------------------------------------------------------
[ 2020-02-26T11:33:54+08:00 ] 172.21.0.8 95.169.71.65 GET /
[ info ] 192.144.141.140:80/ [运行时间：0.057955s][吞吐率：17.25req/s] [内存消耗：7,505.12kb] [文件加载：91]
[ info ] [ LANG ] /www/wwwroot/www.ldkjmy.com/aaaa/yamaxun/thinkphp/lang/zh-cn.php
[ info ] [ LANG ] /www/wwwroot/www.ldkjmy.com/aaaa/yamaxun/app/lang/zh-cn.php
[ info ] [ CACHE ] INIT File
[ info ] [ ROUTE ] array (
  'type' => 'module',
  'module' => 
  array (
    0 => 'home',
    1 => 'Index',
    2 => 'index',
  ),
  'convert' => false,
)
[ info ] [ HEADER ] array (
  'host' => '192.144.141.140:80',
  'user-agent' => 'Mozilla/5.0 (Windows NT 10.0; WOW64) AppleWebKit/537.36 (KHTML, like Gecko) Chrome/51.0.2704.103 Safari/537.36',
  'content-length' => '0',
  'content-type' => '',
)
[ info ] [ PARAM ] array (
)
[ info ] [ LANG ] /www/wwwroot/www.ldkjmy.com/aaaa/yamaxun/app/home/lang/zh-cn.php
[ info ] [ SESSION ] INIT array (
  'id' => '',
  'var_session_id' => '',
  'prefix' => 'think',
  'type' => '',
  'auto_start' => true,
)
[ info ] [ DB ] INIT mysql
[ info ] [ BEHAVIOR ] Run app\common\behavior\WebLog @module_init [ RunTime:0.021902s ]
[ info ] [ BEHAVIOR ] Run Closure @action_begin [ RunTime:0.001924s ]
[ info ] [ RUN ] app\home\controller\Index->index[ /www/wwwroot/www.ldkjmy.com/aaaa/yamaxun/app/home/controller/Index.php ]
[ info ] [ BEHAVIOR ] Run app\admin\behavior\Cron @app_end [ RunTime:0.000662s ]
[ info ] [ LOG ] INIT File
[ sql ] [ DB ] CONNECT:[ UseTime:0.000340s ] mysql:dbname=www_ldkjmy_com;host=localhost;port=3306;charset=utf8
[ sql ] [ SQL ] SHOW COLUMNS FROM `yf_web_log` [ RunTime:0.000936s ]
[ sql ] [ SQL ] INSERT INTO `yf_web_log` (`uid` , `ip` , `location` , `os` , `browser` , `url` , `module` , `controller` , `action` , `method` , `data` , `otime`) VALUES (0 , '95.169.71.65' , '意大利 意大利  ' , 'Windows 10' , 'Chrome(51.0.2704.103)' , '/' , 'home' , 'Index' , 'index' , 'GET' , 'a:0:{}' , 1582688034) [ RunTime:0.000499s ]
---------------------------------------------------------------
[ 2020-02-26T11:55:37+08:00 ] 172.21.0.8 27.109.117.219 GET /
[ info ] 192.144.141.140:80/ [运行时间：0.061369s][吞吐率：16.29req/s] [内存消耗：7,505.12kb] [文件加载：91]
[ info ] [ LANG ] /www/wwwroot/www.ldkjmy.com/aaaa/yamaxun/thinkphp/lang/zh-cn.php
[ info ] [ LANG ] /www/wwwroot/www.ldkjmy.com/aaaa/yamaxun/app/lang/zh-cn.php
[ info ] [ CACHE ] INIT File
[ info ] [ ROUTE ] array (
  'type' => 'module',
  'module' => 
  array (
    0 => 'home',
    1 => 'Index',
    2 => 'index',
  ),
  'convert' => false,
)
[ info ] [ HEADER ] array (
  'host' => '192.144.141.140:80',
  'user-agent' => 'Mozilla/5.0 (Windows NT 6.1; WOW64) AppleWebKit/537.36 (KHTML, like Gecko) Chrome/51.0.2704.103 Safari/537.36',
  'content-length' => '0',
  'content-type' => '',
)
[ info ] [ PARAM ] array (
)
[ info ] [ LANG ] /www/wwwroot/www.ldkjmy.com/aaaa/yamaxun/app/home/lang/zh-cn.php
[ info ] [ SESSION ] INIT array (
  'id' => '',
  'var_session_id' => '',
  'prefix' => 'think',
  'type' => '',
  'auto_start' => true,
)
[ info ] [ DB ] INIT mysql
[ info ] [ BEHAVIOR ] Run app\common\behavior\WebLog @module_init [ RunTime:0.022431s ]
[ info ] [ BEHAVIOR ] Run Closure @action_begin [ RunTime:0.001924s ]
[ info ] [ RUN ] app\home\controller\Index->index[ /www/wwwroot/www.ldkjmy.com/aaaa/yamaxun/app/home/controller/Index.php ]
[ info ] [ BEHAVIOR ] Run app\admin\behavior\Cron @app_end [ RunTime:0.000804s ]
[ info ] [ LOG ] INIT File
[ sql ] [ DB ] CONNECT:[ UseTime:0.000348s ] mysql:dbname=www_ldkjmy_com;host=localhost;port=3306;charset=utf8
[ sql ] [ SQL ] SHOW COLUMNS FROM `yf_web_log` [ RunTime:0.000980s ]
[ sql ] [ SQL ] INSERT INTO `yf_web_log` (`uid` , `ip` , `location` , `os` , `browser` , `url` , `module` , `controller` , `action` , `method` , `data` , `otime`) VALUES (0 , '27.109.117.219' , '柬埔寨 柬埔寨  ' , 'Windows 7' , 'Chrome(51.0.2704.103)' , '/' , 'home' , 'Index' , 'index' , 'GET' , 'a:0:{}' , 1582689337) [ RunTime:0.000666s ]
---------------------------------------------------------------
[ 2020-02-26T12:05:01+08:00 ] 172.21.0.8 5.59.143.91 GET /
[ info ] 192.144.141.140:80/ [运行时间：0.068440s][吞吐率：14.61req/s] [内存消耗：7,505.10kb] [文件加载：91]
[ info ] [ LANG ] /www/wwwroot/www.ldkjmy.com/aaaa/yamaxun/thinkphp/lang/zh-cn.php
[ info ] [ LANG ] /www/wwwroot/www.ldkjmy.com/aaaa/yamaxun/app/lang/zh-cn.php
[ info ] [ CACHE ] INIT File
[ info ] [ ROUTE ] array (
  'type' => 'module',
  'module' => 
  array (
    0 => 'home',
    1 => 'Index',
    2 => 'index',
  ),
  'convert' => false,
)
[ info ] [ HEADER ] array (
  'host' => '192.144.141.140:80',
  'user-agent' => 'Mozilla/5.0 (Windows NT 10.0; WOW64) AppleWebKit/537.36 (KHTML, like Gecko) Chrome/51.0.2704.103 Safari/537.36',
  'content-length' => '0',
  'content-type' => '',
)
[ info ] [ PARAM ] array (
)
[ info ] [ LANG ] /www/wwwroot/www.ldkjmy.com/aaaa/yamaxun/app/home/lang/zh-cn.php
[ info ] [ SESSION ] INIT array (
  'id' => '',
  'var_session_id' => '',
  'prefix' => 'think',
  'type' => '',
  'auto_start' => true,
)
[ info ] [ DB ] INIT mysql
[ info ] [ BEHAVIOR ] Run app\common\behavior\WebLog @module_init [ RunTime:0.025053s ]
[ info ] [ BEHAVIOR ] Run Closure @action_begin [ RunTime:0.001822s ]
[ info ] [ RUN ] app\home\controller\Index->index[ /www/wwwroot/www.ldkjmy.com/aaaa/yamaxun/app/home/controller/Index.php ]
[ info ] [ BEHAVIOR ] Run app\admin\behavior\Cron @app_end [ RunTime:0.000696s ]
[ info ] [ LOG ] INIT File
[ sql ] [ DB ] CONNECT:[ UseTime:0.000359s ] mysql:dbname=www_ldkjmy_com;host=localhost;port=3306;charset=utf8
[ sql ] [ SQL ] SHOW COLUMNS FROM `yf_web_log` [ RunTime:0.001023s ]
[ sql ] [ SQL ] INSERT INTO `yf_web_log` (`uid` , `ip` , `location` , `os` , `browser` , `url` , `module` , `controller` , `action` , `method` , `data` , `otime`) VALUES (0 , '5.59.143.91' , '捷克 捷克  ' , 'Windows 10' , 'Chrome(51.0.2704.103)' , '/' , 'home' , 'Index' , 'index' , 'GET' , 'a:0:{}' , 1582689901) [ RunTime:0.000528s ]
---------------------------------------------------------------
[ 2020-02-26T12:36:51+08:00 ] 172.21.0.8 59.36.132.240 GET /
[ info ] 192.144.141.140/ [运行时间：0.061591s][吞吐率：16.24req/s] [内存消耗：7,505.38kb] [文件加载：91]
[ info ] [ LANG ] /www/wwwroot/www.ldkjmy.com/aaaa/yamaxun/thinkphp/lang/zh-cn.php
[ info ] [ LANG ] /www/wwwroot/www.ldkjmy.com/aaaa/yamaxun/app/lang/zh-cn.php
[ info ] [ CACHE ] INIT File
[ info ] [ ROUTE ] array (
  'type' => 'module',
  'module' => 
  array (
    0 => 'home',
    1 => 'Index',
    2 => 'index',
  ),
  'convert' => false,
)
[ info ] [ HEADER ] array (
  'accept' => 'text/html,application/xhtml+xml,application/xml;q=0.9,*/*;q=0.8',
  'accept-encoding' => 'gzip',
  'host' => '192.144.141.140',
  'q-sub-business' => 'contentsecurity',
  'user-agent' => 'Mozilla/5.0 (Windows NT 6.1; WOW64; rv:57.0) Gecko/20100101 Firefox/57.0',
  'content-type' => '',
  'content-length' => '',
)
[ info ] [ PARAM ] array (
)
[ info ] [ LANG ] /www/wwwroot/www.ldkjmy.com/aaaa/yamaxun/app/home/lang/zh-cn.php
[ info ] [ SESSION ] INIT array (
  'id' => '',
  'var_session_id' => '',
  'prefix' => 'think',
  'type' => '',
  'auto_start' => true,
)
[ info ] [ DB ] INIT mysql
[ info ] [ BEHAVIOR ] Run app\common\behavior\WebLog @module_init [ RunTime:0.022894s ]
[ info ] [ BEHAVIOR ] Run Closure @action_begin [ RunTime:0.001625s ]
[ info ] [ RUN ] app\home\controller\Index->index[ /www/wwwroot/www.ldkjmy.com/aaaa/yamaxun/app/home/controller/Index.php ]
[ info ] [ BEHAVIOR ] Run app\admin\behavior\Cron @app_end [ RunTime:0.000672s ]
[ info ] [ LOG ] INIT File
[ sql ] [ DB ] CONNECT:[ UseTime:0.000374s ] mysql:dbname=www_ldkjmy_com;host=localhost;port=3306;charset=utf8
[ sql ] [ SQL ] SHOW COLUMNS FROM `yf_web_log` [ RunTime:0.001198s ]
[ sql ] [ SQL ] INSERT INTO `yf_web_log` (`uid` , `ip` , `location` , `os` , `browser` , `url` , `module` , `controller` , `action` , `method` , `data` , `otime`) VALUES (0 , '59.36.132.240' , '中国 广东 东莞 ' , 'Windows 7' , 'Firefox(57.0)' , '/' , 'home' , 'Index' , 'index' , 'GET' , 'a:0:{}' , 1582691811) [ RunTime:0.000719s ]
---------------------------------------------------------------
[ 2020-02-26T12:39:51+08:00 ] 172.21.0.8 182.254.52.17 GET /auth/.env
[ info ] 192.144.141.140/auth/.env [运行时间：0.034750s][吞吐率：28.78req/s] [内存消耗：2,439.84kb] [文件加载：52]
[ info ] [ LANG ] /www/wwwroot/www.ldkjmy.com/aaaa/yamaxun/thinkphp/lang/zh-cn.php
[ info ] [ LANG ] /www/wwwroot/www.ldkjmy.com/aaaa/yamaxun/app/lang/zh-cn.php
[ info ] [ CACHE ] INIT File
[ info ] [ ROUTE ] array (
  'type' => 'module',
  'module' => 
  array (
    0 => 'auth',
    1 => '.env',
    2 => NULL,
  ),
)
[ info ] [ HEADER ] array (
  'accept' => 'text/html,application/xhtml+xml,application/xml;q=0.9,*/*;q=0.8',
  'accept-encoding' => 'gzip',
  'host' => '192.144.141.140',
  'q-sub-business' => 'contentsecurity',
  'user-agent' => 'Mozilla/5.0 (Windows NT 6.1; WOW64; rv:57.0) Gecko/20100101 Firefox/57.0',
  'content-type' => '',
  'content-length' => '',
)
[ info ] [ PARAM ] array (
)
[ info ] [ LOG ] INIT File
---------------------------------------------------------------
[ 2020-02-26T13:17:05+08:00 ] 172.21.0.8 179.127.119.219 GET /
[ info ] 192.144.141.140:80/ [运行时间：0.079344s][吞吐率：12.60req/s] [内存消耗：7,504.93kb] [文件加载：91]
[ info ] [ LANG ] /www/wwwroot/www.ldkjmy.com/aaaa/yamaxun/thinkphp/lang/zh-cn.php
[ info ] [ LANG ] /www/wwwroot/www.ldkjmy.com/aaaa/yamaxun/app/lang/zh-cn.php
[ info ] [ CACHE ] INIT File
[ info ] [ ROUTE ] array (
  'type' => 'module',
  'module' => 
  array (
    0 => 'home',
    1 => 'Index',
    2 => 'index',
  ),
  'convert' => false,
)
[ info ] [ HEADER ] array (
  'host' => '192.144.141.140:80',
  'user-agent' => 'Mozilla/5.0 (Macintosh; Intel Mac OS X 10_11_6) AppleWebKit/601.7.7 (KHTML, like Gecko) Version/9.1.2 Safari/601.7.7',
  'content-length' => '0',
  'content-type' => '',
)
[ info ] [ PARAM ] array (
)
[ info ] [ LANG ] /www/wwwroot/www.ldkjmy.com/aaaa/yamaxun/app/home/lang/zh-cn.php
[ info ] [ SESSION ] INIT array (
  'id' => '',
  'var_session_id' => '',
  'prefix' => 'think',
  'type' => '',
  'auto_start' => true,
)
[ info ] [ DB ] INIT mysql
[ info ] [ BEHAVIOR ] Run app\common\behavior\WebLog @module_init [ RunTime:0.033169s ]
[ info ] [ BEHAVIOR ] Run Closure @action_begin [ RunTime:0.001765s ]
[ info ] [ RUN ] app\home\controller\Index->index[ /www/wwwroot/www.ldkjmy.com/aaaa/yamaxun/app/home/controller/Index.php ]
[ info ] [ BEHAVIOR ] Run app\admin\behavior\Cron @app_end [ RunTime:0.000866s ]
[ info ] [ LOG ] INIT File
[ sql ] [ DB ] CONNECT:[ UseTime:0.000364s ] mysql:dbname=www_ldkjmy_com;host=localhost;port=3306;charset=utf8
[ sql ] [ SQL ] SHOW COLUMNS FROM `yf_web_log` [ RunTime:0.000877s ]
[ sql ] [ SQL ] INSERT INTO `yf_web_log` (`uid` , `ip` , `location` , `os` , `browser` , `url` , `module` , `controller` , `action` , `method` , `data` , `otime`) VALUES (0 , '179.127.119.219' , '巴西 巴西  ' , 'Mac' , 'Safari(601.7.7)' , '/' , 'home' , 'Index' , 'index' , 'GET' , 'a:0:{}' , 1582694225) [ RunTime:0.011289s ]
---------------------------------------------------------------
[ 2020-02-26T14:32:58+08:00 ] 172.21.0.8 61.241.50.63 GET /Telerik.Web.UI.WebResource.axd?type%3Drau
[ info ] 192.144.141.140/Telerik.Web.UI.WebResource.axd?type%3Drau [运行时间：0.029913s][吞吐率：33.43req/s] [内存消耗：2,440.66kb] [文件加载：52]
[ info ] [ LANG ] /www/wwwroot/www.ldkjmy.com/aaaa/yamaxun/thinkphp/lang/zh-cn.php
[ info ] [ LANG ] /www/wwwroot/www.ldkjmy.com/aaaa/yamaxun/app/lang/zh-cn.php
[ info ] [ CACHE ] INIT File
[ info ] [ ROUTE ] array (
  'type' => 'module',
  'module' => 
  array (
    0 => 'Telerik.Web.UI.WebResource.axd',
    1 => NULL,
    2 => NULL,
  ),
)
[ info ] [ HEADER ] array (
  'accept' => 'text/html,application/xhtml+xml,application/xml;q=0.9,*/*;q=0.8',
  'accept-encoding' => 'gzip',
  'host' => '192.144.141.140',
  'q-sub-business' => 'contentsecurity',
  'user-agent' => 'Mozilla/5.0 (Windows NT 6.1; WOW64; rv:57.0) Gecko/20100101 Firefox/57.0',
  'content-type' => '',
  'content-length' => '',
)
[ info ] [ PARAM ] array (
  'type=rau' => '',
)
[ info ] [ LOG ] INIT File
---------------------------------------------------------------
[ 2020-02-26T15:41:58+08:00 ] 172.21.0.8 188.255.251.192 GET /
[ info ] 192.144.141.140:80/ [运行时间：0.070166s][吞吐率：14.25req/s] [内存消耗：7,505.33kb] [文件加载：91]
[ info ] [ LANG ] /www/wwwroot/www.ldkjmy.com/aaaa/yamaxun/thinkphp/lang/zh-cn.php
[ info ] [ LANG ] /www/wwwroot/www.ldkjmy.com/aaaa/yamaxun/app/lang/zh-cn.php
[ info ] [ CACHE ] INIT File
[ info ] [ ROUTE ] array (
  'type' => 'module',
  'module' => 
  array (
    0 => 'home',
    1 => 'Index',
    2 => 'index',
  ),
  'convert' => false,
)
[ info ] [ HEADER ] array (
  'host' => '192.144.141.140:80',
  'user-agent' => 'Mozilla/5.0 (Windows NT 6.1; WOW64) AppleWebKit/537.36 (KHTML, like Gecko) Chrome/51.0.2704.103 Safari/537.36',
  'content-length' => '0',
  'content-type' => '',
)
[ info ] [ PARAM ] array (
)
[ info ] [ LANG ] /www/wwwroot/www.ldkjmy.com/aaaa/yamaxun/app/home/lang/zh-cn.php
[ info ] [ SESSION ] INIT array (
  'id' => '',
  'var_session_id' => '',
  'prefix' => 'think',
  'type' => '',
  'auto_start' => true,
)
[ info ] [ DB ] INIT mysql
[ info ] [ BEHAVIOR ] Run app\common\behavior\WebLog @module_init [ RunTime:0.025357s ]
[ info ] [ BEHAVIOR ] Run Closure @action_begin [ RunTime:0.001524s ]
[ info ] [ RUN ] app\home\controller\Index->index[ /www/wwwroot/www.ldkjmy.com/aaaa/yamaxun/app/home/controller/Index.php ]
[ info ] [ BEHAVIOR ] Run app\admin\behavior\Cron @app_end [ RunTime:0.000665s ]
[ info ] [ LOG ] INIT File
[ sql ] [ DB ] CONNECT:[ UseTime:0.000276s ] mysql:dbname=www_ldkjmy_com;host=localhost;port=3306;charset=utf8
[ sql ] [ SQL ] SHOW COLUMNS FROM `yf_web_log` [ RunTime:0.000872s ]
[ sql ] [ SQL ] INSERT INTO `yf_web_log` (`uid` , `ip` , `location` , `os` , `browser` , `url` , `module` , `controller` , `action` , `method` , `data` , `otime`) VALUES (0 , '188.255.251.192' , '塞尔维亚 塞尔维亚  ' , 'Windows 7' , 'Chrome(51.0.2704.103)' , '/' , 'home' , 'Index' , 'index' , 'GET' , 'a:0:{}' , 1582702918) [ RunTime:0.000574s ]
---------------------------------------------------------------
[ 2020-02-26T16:45:18+08:00 ] 172.21.0.8 123.58.47.184 POST //wls-wsat/CoordinatorPortType11
[ info ] 192.144.141.140//wls-wsat/CoordinatorPortType11 [运行时间：0.028258s][吞吐率：35.39req/s] [内存消耗：2,441.58kb] [文件加载：52]
[ info ] [ LANG ] /www/wwwroot/www.ldkjmy.com/aaaa/yamaxun/thinkphp/lang/zh-cn.php
[ info ] [ LANG ] /www/wwwroot/www.ldkjmy.com/aaaa/yamaxun/app/lang/zh-cn.php
[ info ] [ CACHE ] INIT File
[ info ] [ ROUTE ] array (
  'type' => 'module',
  'module' => 
  array (
    0 => 'wls-wsat',
    1 => 'CoordinatorPortType11',
    2 => NULL,
  ),
)
[ info ] [ HEADER ] array (
  'content-type' => 'text/xml',
  'user-agent' => 'Mozilla/5.0 (compatible; Baiduspider/2.0; +http://www.baidu.com/search/spider.html)',
  'host' => '192.144.141.140',
  'accept' => 'text/html, image/gif, image/jpeg, *; q=.2, */*; q=.2',
  'connection' => 'keep-alive',
  'content-length' => '884',
)
[ info ] [ PARAM ] array (
)
[ info ] [ LOG ] INIT File
---------------------------------------------------------------
[ 2020-02-26T18:42:07+08:00 ] 172.21.0.8 165.16.37.150 GET /
[ info ] 192.144.141.140:80/ [运行时间：0.054106s][吞吐率：18.48req/s] [内存消耗：7,542.75kb] [文件加载：92]
[ info ] [ LANG ] /www/wwwroot/www.ldkjmy.com/aaaa/yamaxun/thinkphp/lang/zh-cn.php
[ info ] [ LANG ] /www/wwwroot/www.ldkjmy.com/aaaa/yamaxun/app/lang/zh-cn.php
[ info ] [ CACHE ] INIT File
[ info ] [ ROUTE ] array (
  'type' => 'module',
  'module' => 
  array (
    0 => 'home',
    1 => 'Index',
    2 => 'index',
  ),
  'convert' => false,
)
[ info ] [ HEADER ] array (
  'host' => '192.144.141.140:80',
  'user-agent' => 'Mozilla/5.0 (Macintosh; Intel Mac OS X 10_11_6) AppleWebKit/601.7.7 (KHTML, like Gecko) Version/9.1.2 Safari/601.7.7',
  'content-length' => '0',
  'content-type' => '',
)
[ info ] [ PARAM ] array (
)
[ info ] [ LANG ] /www/wwwroot/www.ldkjmy.com/aaaa/yamaxun/app/home/lang/zh-cn.php
[ info ] [ SESSION ] INIT array (
  'id' => '',
  'var_session_id' => '',
  'prefix' => 'think',
  'type' => '',
  'auto_start' => true,
)
[ info ] [ DB ] INIT mysql
[ info ] [ BEHAVIOR ] Run app\common\behavior\WebLog @module_init [ RunTime:0.019850s ]
[ info ] [ BEHAVIOR ] Run Closure @action_begin [ RunTime:0.001575s ]
[ info ] [ RUN ] app\home\controller\Index->index[ /www/wwwroot/www.ldkjmy.com/aaaa/yamaxun/app/home/controller/Index.php ]
[ sql ] [ DB ] CONNECT:[ UseTime:0.000253s ] mysql:dbname=www_ldkjmy_com;host=localhost;port=3306;charset=utf8
[ sql ] [ SQL ] SHOW COLUMNS FROM `yf_web_log` [ RunTime:0.000901s ]
[ sql ] [ SQL ] INSERT INTO `yf_web_log` (`uid` , `ip` , `location` , `os` , `browser` , `url` , `module` , `controller` , `action` , `method` , `data` , `otime`) VALUES (0 , '165.16.37.150' , '美国 美国  ' , 'Mac' , 'Safari(601.7.7)' , '/' , 'home' , 'Index' , 'index' , 'GET' , 'a:0:{}' , 1582713727) [ RunTime:0.000503s ]
[ log ] Cron:clearlog Runat 2020-02-26 18:42:07 Use 0.000133 s

[ info ] [ BEHAVIOR ] Run app\admin\behavior\Cron @app_end [ RunTime:0.001865s ]
---------------------------------------------------------------
[ 2020-02-26T18:42:10+08:00 ] 172.21.0.8 103.85.86.115 GET /index.php
[ info ] 192.144.141.140/index.php [运行时间：0.069980s][吞吐率：14.29req/s] [内存消耗：7,505.80kb] [文件加载：91]
[ info ] [ LANG ] /www/wwwroot/www.ldkjmy.com/aaaa/yamaxun/thinkphp/lang/zh-cn.php
[ info ] [ LANG ] /www/wwwroot/www.ldkjmy.com/aaaa/yamaxun/app/lang/zh-cn.php
[ info ] [ CACHE ] INIT File
[ info ] [ ROUTE ] array (
  'type' => 'module',
  'module' => 
  array (
    0 => 'home',
    1 => 'Index',
    2 => 'index',
  ),
  'convert' => false,
)
[ info ] [ HEADER ] array (
  'client-ip' => '63.226.247.66',
  'x-forwarded-for' => '63.226.247.66',
  'accept' => 'text/html, application/xhtml+xml, */*',
  'content-type' => 'text/html',
  'user-agent' => 'Mozilla/5.0 (Windows NT 6.1; WOW64; rv:18.0) Gecko/20100101 Firefox/18.0',
  'host' => '192.144.141.140',
  'connection' => 'Keep-Alive',
  'content-length' => '',
)
[ info ] [ PARAM ] array (
)
[ info ] [ LANG ] /www/wwwroot/www.ldkjmy.com/aaaa/yamaxun/app/home/lang/zh-cn.php
[ info ] [ SESSION ] INIT array (
  'id' => '',
  'var_session_id' => '',
  'prefix' => 'think',
  'type' => '',
  'auto_start' => true,
)
[ info ] [ DB ] INIT mysql
[ info ] [ BEHAVIOR ] Run app\common\behavior\WebLog @module_init [ RunTime:0.025186s ]
[ info ] [ BEHAVIOR ] Run Closure @action_begin [ RunTime:0.001654s ]
[ info ] [ RUN ] app\home\controller\Index->index[ /www/wwwroot/www.ldkjmy.com/aaaa/yamaxun/app/home/controller/Index.php ]
[ info ] [ BEHAVIOR ] Run app\admin\behavior\Cron @app_end [ RunTime:0.000681s ]
[ info ] [ LOG ] INIT File
[ sql ] [ DB ] CONNECT:[ UseTime:0.000402s ] mysql:dbname=www_ldkjmy_com;host=localhost;port=3306;charset=utf8
[ sql ] [ SQL ] SHOW COLUMNS FROM `yf_web_log` [ RunTime:0.001391s ]
[ sql ] [ SQL ] INSERT INTO `yf_web_log` (`uid` , `ip` , `location` , `os` , `browser` , `url` , `module` , `controller` , `action` , `method` , `data` , `otime`) VALUES (0 , '103.85.86.115' , '亚太地区 亚太地区  ' , 'Windows 7' , 'Firefox(18.0)' , '/index.php' , 'home' , 'Index' , 'index' , 'GET' , 'a:0:{}' , 1582713730) [ RunTime:0.000772s ]
---------------------------------------------------------------
[ 2020-02-26T19:57:22+08:00 ] 172.21.0.8 191.97.38.28 GET /
[ info ] 192.144.141.140:80/ [运行时间：0.073398s][吞吐率：13.62req/s] [内存消耗：7,505.12kb] [文件加载：91]
[ info ] [ LANG ] /www/wwwroot/www.ldkjmy.com/aaaa/yamaxun/thinkphp/lang/zh-cn.php
[ info ] [ LANG ] /www/wwwroot/www.ldkjmy.com/aaaa/yamaxun/app/lang/zh-cn.php
[ info ] [ CACHE ] INIT File
[ info ] [ ROUTE ] array (
  'type' => 'module',
  'module' => 
  array (
    0 => 'home',
    1 => 'Index',
    2 => 'index',
  ),
  'convert' => false,
)
[ info ] [ HEADER ] array (
  'host' => '192.144.141.140:80',
  'user-agent' => 'Mozilla/5.0 (Windows NT 6.1; WOW64) AppleWebKit/537.36 (KHTML, like Gecko) Chrome/51.0.2704.103 Safari/537.36',
  'content-length' => '0',
  'content-type' => '',
)
[ info ] [ PARAM ] array (
)
[ info ] [ LANG ] /www/wwwroot/www.ldkjmy.com/aaaa/yamaxun/app/home/lang/zh-cn.php
[ info ] [ SESSION ] INIT array (
  'id' => '',
  'var_session_id' => '',
  'prefix' => 'think',
  'type' => '',
  'auto_start' => true,
)
[ info ] [ DB ] INIT mysql
[ info ] [ BEHAVIOR ] Run app\common\behavior\WebLog @module_init [ RunTime:0.027064s ]
[ info ] [ BEHAVIOR ] Run Closure @action_begin [ RunTime:0.001827s ]
[ info ] [ RUN ] app\home\controller\Index->index[ /www/wwwroot/www.ldkjmy.com/aaaa/yamaxun/app/home/controller/Index.php ]
[ info ] [ BEHAVIOR ] Run app\admin\behavior\Cron @app_end [ RunTime:0.000742s ]
[ info ] [ LOG ] INIT File
[ sql ] [ DB ] CONNECT:[ UseTime:0.000349s ] mysql:dbname=www_ldkjmy_com;host=localhost;port=3306;charset=utf8
[ sql ] [ SQL ] SHOW COLUMNS FROM `yf_web_log` [ RunTime:0.001137s ]
[ sql ] [ SQL ] INSERT INTO `yf_web_log` (`uid` , `ip` , `location` , `os` , `browser` , `url` , `module` , `controller` , `action` , `method` , `data` , `otime`) VALUES (0 , '191.97.38.28' , '阿根廷 阿根廷  ' , 'Windows 7' , 'Chrome(51.0.2704.103)' , '/' , 'home' , 'Index' , 'index' , 'GET' , 'a:0:{}' , 1582718242) [ RunTime:0.000576s ]
---------------------------------------------------------------
[ 2020-02-26T20:43:11+08:00 ] 172.21.0.8 182.254.52.17 GET /
[ info ] 192.144.141.140/ [运行时间：0.062289s][吞吐率：16.05req/s] [内存消耗：7,505.38kb] [文件加载：91]
[ info ] [ LANG ] /www/wwwroot/www.ldkjmy.com/aaaa/yamaxun/thinkphp/lang/zh-cn.php
[ info ] [ LANG ] /www/wwwroot/www.ldkjmy.com/aaaa/yamaxun/app/lang/zh-cn.php
[ info ] [ CACHE ] INIT File
[ info ] [ ROUTE ] array (
  'type' => 'module',
  'module' => 
  array (
    0 => 'home',
    1 => 'Index',
    2 => 'index',
  ),
  'convert' => false,
)
[ info ] [ HEADER ] array (
  'accept' => 'text/html,application/xhtml+xml,application/xml;q=0.9,*/*;q=0.8',
  'accept-encoding' => 'gzip',
  'host' => '192.144.141.140',
  'q-sub-business' => 'contentsecurity',
  'user-agent' => 'Mozilla/5.0 (Windows NT 6.1; WOW64; rv:57.0) Gecko/20100101 Firefox/57.0',
  'content-type' => '',
  'content-length' => '',
)
[ info ] [ PARAM ] array (
)
[ info ] [ LANG ] /www/wwwroot/www.ldkjmy.com/aaaa/yamaxun/app/home/lang/zh-cn.php
[ info ] [ SESSION ] INIT array (
  'id' => '',
  'var_session_id' => '',
  'prefix' => 'think',
  'type' => '',
  'auto_start' => true,
)
[ info ] [ DB ] INIT mysql
[ info ] [ BEHAVIOR ] Run app\common\behavior\WebLog @module_init [ RunTime:0.022000s ]
[ info ] [ BEHAVIOR ] Run Closure @action_begin [ RunTime:0.001799s ]
[ info ] [ RUN ] app\home\controller\Index->index[ /www/wwwroot/www.ldkjmy.com/aaaa/yamaxun/app/home/controller/Index.php ]
[ info ] [ BEHAVIOR ] Run app\admin\behavior\Cron @app_end [ RunTime:0.000896s ]
[ info ] [ LOG ] INIT File
[ sql ] [ DB ] CONNECT:[ UseTime:0.000324s ] mysql:dbname=www_ldkjmy_com;host=localhost;port=3306;charset=utf8
[ sql ] [ SQL ] SHOW COLUMNS FROM `yf_web_log` [ RunTime:0.000965s ]
[ sql ] [ SQL ] INSERT INTO `yf_web_log` (`uid` , `ip` , `location` , `os` , `browser` , `url` , `module` , `controller` , `action` , `method` , `data` , `otime`) VALUES (0 , '182.254.52.17' , '中国 广东 深圳 ' , 'Windows 7' , 'Firefox(57.0)' , '/' , 'home' , 'Index' , 'index' , 'GET' , 'a:0:{}' , 1582720991) [ RunTime:0.000700s ]
---------------------------------------------------------------
[ 2020-02-26T21:26:22+08:00 ] 172.21.0.8 85.107.181.215 GET /
[ info ] 192.144.141.140:80/ [运行时间：0.066478s][吞吐率：15.04req/s] [内存消耗：7,505.12kb] [文件加载：91]
[ info ] [ LANG ] /www/wwwroot/www.ldkjmy.com/aaaa/yamaxun/thinkphp/lang/zh-cn.php
[ info ] [ LANG ] /www/wwwroot/www.ldkjmy.com/aaaa/yamaxun/app/lang/zh-cn.php
[ info ] [ CACHE ] INIT File
[ info ] [ ROUTE ] array (
  'type' => 'module',
  'module' => 
  array (
    0 => 'home',
    1 => 'Index',
    2 => 'index',
  ),
  'convert' => false,
)
[ info ] [ HEADER ] array (
  'host' => '192.144.141.140:80',
  'user-agent' => 'Mozilla/5.0 (Windows NT 6.1; WOW64) AppleWebKit/537.36 (KHTML, like Gecko) Chrome/51.0.2704.103 Safari/537.36',
  'content-length' => '0',
  'content-type' => '',
)
[ info ] [ PARAM ] array (
)
[ info ] [ LANG ] /www/wwwroot/www.ldkjmy.com/aaaa/yamaxun/app/home/lang/zh-cn.php
[ info ] [ SESSION ] INIT array (
  'id' => '',
  'var_session_id' => '',
  'prefix' => 'think',
  'type' => '',
  'auto_start' => true,
)
[ info ] [ DB ] INIT mysql
[ info ] [ BEHAVIOR ] Run app\common\behavior\WebLog @module_init [ RunTime:0.025079s ]
[ info ] [ BEHAVIOR ] Run Closure @action_begin [ RunTime:0.001980s ]
[ info ] [ RUN ] app\home\controller\Index->index[ /www/wwwroot/www.ldkjmy.com/aaaa/yamaxun/app/home/controller/Index.php ]
[ info ] [ BEHAVIOR ] Run app\admin\behavior\Cron @app_end [ RunTime:0.000751s ]
[ info ] [ LOG ] INIT File
[ sql ] [ DB ] CONNECT:[ UseTime:0.000396s ] mysql:dbname=www_ldkjmy_com;host=localhost;port=3306;charset=utf8
[ sql ] [ SQL ] SHOW COLUMNS FROM `yf_web_log` [ RunTime:0.001271s ]
[ sql ] [ SQL ] INSERT INTO `yf_web_log` (`uid` , `ip` , `location` , `os` , `browser` , `url` , `module` , `controller` , `action` , `method` , `data` , `otime`) VALUES (0 , '85.107.181.215' , '土耳其 土耳其  ' , 'Windows 7' , 'Chrome(51.0.2704.103)' , '/' , 'home' , 'Index' , 'index' , 'GET' , 'a:0:{}' , 1582723582) [ RunTime:0.000730s ]
---------------------------------------------------------------
[ 2020-02-26T22:20:23+08:00 ] 172.21.0.8 185.234.217.177 GET /admin/.git/config
[ info ] 192.144.141.140/admin/.git/config [运行时间：0.095316s][吞吐率：10.49req/s] [内存消耗：9,680.24kb] [文件加载：118]
[ info ] [ LANG ] /www/wwwroot/www.ldkjmy.com/aaaa/yamaxun/thinkphp/lang/zh-cn.php
[ info ] [ LANG ] /www/wwwroot/www.ldkjmy.com/aaaa/yamaxun/app/lang/zh-cn.php
[ info ] [ CACHE ] INIT File
[ info ] [ ROUTE ] array (
  'type' => 'module',
  'module' => 
  array (
    0 => 'admin',
    1 => '.git',
    2 => 'config',
  ),
)
[ info ] [ HEADER ] array (
  'host' => '192.144.141.140',
  'connection' => 'keep-alive',
  'accept-encoding' => 'gzip, deflate',
  'accept' => '*/*',
  'user-agent' => 'Mozilla/5.0 (Windows NT 6.3; Win64; x64; rv:66.0) Gecko/20100101 Firefox/66.0',
  'content-type' => '',
  'content-length' => '',
)
[ info ] [ PARAM ] array (
)
[ info ] [ BEHAVIOR ] Run app\common\behavior\WebLog @module_init [ RunTime:0.048024s ]
[ info ] [ DB ] INIT mysql
[ info ] [ SESSION ] INIT array (
  'id' => '',
  'var_session_id' => '',
  'prefix' => 'think',
  'type' => '',
  'auto_start' => true,
)
[ info ] [ BEHAVIOR ] Run app\admin\behavior\Cron @app_end [ RunTime:0.001541s ]
[ info ] [ LOG ] INIT File
---------------------------------------------------------------
[ 2020-02-26T22:20:23+08:00 ] 172.21.0.8 185.234.217.177 GET /admin/login/login.html
[ info ] 192.144.141.140/admin/login/login.html [运行时间：0.101464s][吞吐率：9.86req/s] [内存消耗：12,357.34kb] [文件加载：122]
[ info ] [ LANG ] /www/wwwroot/www.ldkjmy.com/aaaa/yamaxun/thinkphp/lang/zh-cn.php
[ info ] [ LANG ] /www/wwwroot/www.ldkjmy.com/aaaa/yamaxun/app/lang/zh-cn.php
[ info ] [ CACHE ] INIT File
[ info ] [ ROUTE ] array (
  'type' => 'module',
  'module' => 
  array (
    0 => 'admin',
    1 => 'login',
    2 => 'login',
  ),
)
[ info ] [ HEADER ] array (
  'host' => '192.144.141.140',
  'connection' => 'keep-alive',
  'accept-encoding' => 'gzip, deflate',
  'accept' => '*/*',
  'user-agent' => 'Mozilla/5.0 (Windows NT 6.3; Win64; x64; rv:66.0) Gecko/20100101 Firefox/66.0',
  'cookie' => 'PHPSESSID=ab442d4tcrnh93lkcvl7ef4kk6',
  'content-type' => '',
  'content-length' => '',
)
[ info ] [ PARAM ] array (
)
[ info ] [ SESSION ] INIT array (
  'id' => '',
  'var_session_id' => '',
  'prefix' => 'think',
  'type' => '',
  'auto_start' => true,
)
[ info ] [ DB ] INIT mysql
[ info ] [ BEHAVIOR ] Run app\common\behavior\WebLog @module_init [ RunTime:0.062027s ]
[ info ] [ BEHAVIOR ] Run Closure @action_begin [ RunTime:0.001946s ]
[ info ] [ RUN ] app\admin\controller\Login->login[ /www/wwwroot/www.ldkjmy.com/aaaa/yamaxun/app/admin/controller/Login.php ]
[ info ] [ VIEW ] /www/wwwroot/www.ldkjmy.com/aaaa/yamaxun/app/admin/view/login/login.html [ array (
  0 => 'lang',
) ]
[ info ] [ BEHAVIOR ] Run app\admin\behavior\Cron @app_end [ RunTime:0.000741s ]
[ info ] [ LOG ] INIT File
[ sql ] [ DB ] CONNECT:[ UseTime:0.000409s ] mysql:dbname=www_ldkjmy_com;host=localhost;port=3306;charset=utf8
[ sql ] [ SQL ] SHOW COLUMNS FROM `yf_web_log` [ RunTime:0.001442s ]
[ sql ] [ SQL ] INSERT INTO `yf_web_log` (`uid` , `ip` , `location` , `os` , `browser` , `url` , `module` , `controller` , `action` , `method` , `data` , `otime`) VALUES (0 , '185.234.217.177' , '欧盟 欧盟  ' , 'Windows NT' , 'Firefox(66.0)' , '/admin/login/login.html' , 'admin' , 'Login' , 'login' , 'GET' , 'a:0:{}' , 1582726823) [ RunTime:0.000538s ]
---------------------------------------------------------------
[ 2020-02-26T22:20:24+08:00 ] 172.21.0.8 185.234.217.177 GET /shop/.git/config
[ info ] 192.144.141.140/shop/.git/config [运行时间：0.027543s][吞吐率：36.31req/s] [内存消耗：2,439.95kb] [文件加载：52]
[ info ] [ LANG ] /www/wwwroot/www.ldkjmy.com/aaaa/yamaxun/thinkphp/lang/zh-cn.php
[ info ] [ LANG ] /www/wwwroot/www.ldkjmy.com/aaaa/yamaxun/app/lang/zh-cn.php
[ info ] [ CACHE ] INIT File
[ info ] [ ROUTE ] array (
  'type' => 'module',
  'module' => 
  array (
    0 => 'shop',
    1 => '.git',
    2 => 'config',
  ),
)
[ info ] [ HEADER ] array (
  'host' => '192.144.141.140',
  'connection' => 'keep-alive',
  'accept-encoding' => 'gzip, deflate',
  'accept' => '*/*',
  'user-agent' => 'Mozilla/5.0 (Windows NT 6.3; Win64; x64; rv:66.0) Gecko/20100101 Firefox/66.0',
  'cookie' => 'PHPSESSID=ab442d4tcrnh93lkcvl7ef4kk6',
  'content-type' => '',
  'content-length' => '',
)
[ info ] [ PARAM ] array (
)
[ info ] [ LOG ] INIT File
---------------------------------------------------------------
[ 2020-02-26T22:20:24+08:00 ] 172.21.0.8 185.234.217.177 GET /beta/.git/config
[ info ] 192.144.141.140/beta/.git/config [运行时间：0.035464s][吞吐率：28.20req/s] [内存消耗：2,439.95kb] [文件加载：52]
[ info ] [ LANG ] /www/wwwroot/www.ldkjmy.com/aaaa/yamaxun/thinkphp/lang/zh-cn.php
[ info ] [ LANG ] /www/wwwroot/www.ldkjmy.com/aaaa/yamaxun/app/lang/zh-cn.php
[ info ] [ CACHE ] INIT File
[ info ] [ ROUTE ] array (
  'type' => 'module',
  'module' => 
  array (
    0 => 'beta',
    1 => '.git',
    2 => 'config',
  ),
)
[ info ] [ HEADER ] array (
  'host' => '192.144.141.140',
  'connection' => 'keep-alive',
  'accept-encoding' => 'gzip, deflate',
  'accept' => '*/*',
  'user-agent' => 'Mozilla/5.0 (Windows NT 6.3; Win64; x64; rv:66.0) Gecko/20100101 Firefox/66.0',
  'cookie' => 'PHPSESSID=ab442d4tcrnh93lkcvl7ef4kk6',
  'content-type' => '',
  'content-length' => '',
)
[ info ] [ PARAM ] array (
)
[ info ] [ LOG ] INIT File
---------------------------------------------------------------
[ 2020-02-26T22:20:24+08:00 ] 172.21.0.8 185.234.217.177 GET /a/.git/config
[ info ] 192.144.141.140/a/.git/config [运行时间：0.027663s][吞吐率：36.15req/s] [内存消耗：2,440.07kb] [文件加载：52]
[ info ] [ LANG ] /www/wwwroot/www.ldkjmy.com/aaaa/yamaxun/thinkphp/lang/zh-cn.php
[ info ] [ LANG ] /www/wwwroot/www.ldkjmy.com/aaaa/yamaxun/app/lang/zh-cn.php
[ info ] [ CACHE ] INIT File
[ info ] [ ROUTE ] array (
  'type' => 'module',
  'module' => 
  array (
    0 => 'a',
    1 => '.git',
    2 => 'config',
  ),
)
[ info ] [ HEADER ] array (
  'host' => '192.144.141.140',
  'connection' => 'keep-alive',
  'accept-encoding' => 'gzip, deflate',
  'accept' => '*/*',
  'user-agent' => 'Mozilla/5.0 (Windows NT 6.3; Win64; x64; rv:66.0) Gecko/20100101 Firefox/66.0',
  'cookie' => 'PHPSESSID=ab442d4tcrnh93lkcvl7ef4kk6',
  'content-type' => '',
  'content-length' => '',
)
[ info ] [ PARAM ] array (
)
[ info ] [ LOG ] INIT File
---------------------------------------------------------------
[ 2020-02-26T22:20:26+08:00 ] 172.21.0.8 185.234.217.177 GET /git/.git/config
[ info ] 192.144.141.140/git/.git/config [运行时间：0.028221s][吞吐率：35.43req/s] [内存消耗：2,439.94kb] [文件加载：52]
[ info ] [ LANG ] /www/wwwroot/www.ldkjmy.com/aaaa/yamaxun/thinkphp/lang/zh-cn.php
[ info ] [ LANG ] /www/wwwroot/www.ldkjmy.com/aaaa/yamaxun/app/lang/zh-cn.php
[ info ] [ CACHE ] INIT File
[ info ] [ ROUTE ] array (
  'type' => 'module',
  'module' => 
  array (
    0 => 'git',
    1 => '.git',
    2 => 'config',
  ),
)
[ info ] [ HEADER ] array (
  'host' => '192.144.141.140',
  'connection' => 'keep-alive',
  'accept-encoding' => 'gzip, deflate',
  'accept' => '*/*',
  'user-agent' => 'Mozilla/5.0 (Windows NT 6.3; Win64; x64; rv:66.0) Gecko/20100101 Firefox/66.0',
  'cookie' => 'PHPSESSID=ab442d4tcrnh93lkcvl7ef4kk6',
  'content-type' => '',
  'content-length' => '',
)
[ info ] [ PARAM ] array (
)
[ info ] [ LOG ] INIT File
---------------------------------------------------------------
[ 2020-02-26T22:20:26+08:00 ] 172.21.0.8 185.234.217.177 GET /m/.git/config
[ info ] 192.144.141.140/m/.git/config [运行时间：0.028340s][吞吐率：35.29req/s] [内存消耗：2,440.07kb] [文件加载：52]
[ info ] [ LANG ] /www/wwwroot/www.ldkjmy.com/aaaa/yamaxun/thinkphp/lang/zh-cn.php
[ info ] [ LANG ] /www/wwwroot/www.ldkjmy.com/aaaa/yamaxun/app/lang/zh-cn.php
[ info ] [ CACHE ] INIT File
[ info ] [ ROUTE ] array (
  'type' => 'module',
  'module' => 
  array (
    0 => 'm',
    1 => '.git',
    2 => 'config',
  ),
)
[ info ] [ HEADER ] array (
  'host' => '192.144.141.140',
  'connection' => 'keep-alive',
  'accept-encoding' => 'gzip, deflate',
  'accept' => '*/*',
  'user-agent' => 'Mozilla/5.0 (Windows NT 6.3; Win64; x64; rv:66.0) Gecko/20100101 Firefox/66.0',
  'cookie' => 'PHPSESSID=ab442d4tcrnh93lkcvl7ef4kk6',
  'content-type' => '',
  'content-length' => '',
)
[ info ] [ PARAM ] array (
)
[ info ] [ LOG ] INIT File
---------------------------------------------------------------
[ 2020-02-26T22:20:27+08:00 ] 172.21.0.8 185.234.217.177 GET /staging/.git/config
[ info ] 192.144.141.140/staging/.git/config [运行时间：0.036556s][吞吐率：27.36req/s] [内存消耗：2,440.06kb] [文件加载：52]
[ info ] [ LANG ] /www/wwwroot/www.ldkjmy.com/aaaa/yamaxun/thinkphp/lang/zh-cn.php
[ info ] [ LANG ] /www/wwwroot/www.ldkjmy.com/aaaa/yamaxun/app/lang/zh-cn.php
[ info ] [ CACHE ] INIT File
[ info ] [ ROUTE ] array (
  'type' => 'module',
  'module' => 
  array (
    0 => 'staging',
    1 => '.git',
    2 => 'config',
  ),
)
[ info ] [ HEADER ] array (
  'host' => '192.144.141.140',
  'connection' => 'keep-alive',
  'accept-encoding' => 'gzip, deflate',
  'accept' => '*/*',
  'user-agent' => 'Mozilla/5.0 (Windows NT 6.3; Win64; x64; rv:66.0) Gecko/20100101 Firefox/66.0',
  'cookie' => 'PHPSESSID=ab442d4tcrnh93lkcvl7ef4kk6',
  'content-type' => '',
  'content-length' => '',
)
[ info ] [ PARAM ] array (
)
[ info ] [ LOG ] INIT File
---------------------------------------------------------------
[ 2020-02-26T22:20:30+08:00 ] 172.21.0.8 185.234.217.177 GET /dev/.git/config
[ info ] 192.144.141.140/dev/.git/config [运行时间：0.029026s][吞吐率：34.45req/s] [内存消耗：2,439.94kb] [文件加载：52]
[ info ] [ LANG ] /www/wwwroot/www.ldkjmy.com/aaaa/yamaxun/thinkphp/lang/zh-cn.php
[ info ] [ LANG ] /www/wwwroot/www.ldkjmy.com/aaaa/yamaxun/app/lang/zh-cn.php
[ info ] [ CACHE ] INIT File
[ info ] [ ROUTE ] array (
  'type' => 'module',
  'module' => 
  array (
    0 => 'dev',
    1 => '.git',
    2 => 'config',
  ),
)
[ info ] [ HEADER ] array (
  'host' => '192.144.141.140',
  'connection' => 'keep-alive',
  'accept-encoding' => 'gzip, deflate',
  'accept' => '*/*',
  'user-agent' => 'Mozilla/5.0 (Windows NT 6.3; Win64; x64; rv:66.0) Gecko/20100101 Firefox/66.0',
  'cookie' => 'PHPSESSID=ab442d4tcrnh93lkcvl7ef4kk6',
  'content-type' => '',
  'content-length' => '',
)
[ info ] [ PARAM ] array (
)
[ info ] [ LOG ] INIT File
---------------------------------------------------------------
[ 2020-02-26T22:20:30+08:00 ] 172.21.0.8 185.234.217.177 GET /store/.git/config
[ info ] 192.144.141.140/store/.git/config [运行时间：0.031759s][吞吐率：31.49req/s] [内存消耗：2,439.97kb] [文件加载：52]
[ info ] [ LANG ] /www/wwwroot/www.ldkjmy.com/aaaa/yamaxun/thinkphp/lang/zh-cn.php
[ info ] [ LANG ] /www/wwwroot/www.ldkjmy.com/aaaa/yamaxun/app/lang/zh-cn.php
[ info ] [ CACHE ] INIT File
[ info ] [ ROUTE ] array (
  'type' => 'module',
  'module' => 
  array (
    0 => 'store',
    1 => '.git',
    2 => 'config',
  ),
)
[ info ] [ HEADER ] array (
  'host' => '192.144.141.140',
  'connection' => 'keep-alive',
  'accept-encoding' => 'gzip, deflate',
  'accept' => '*/*',
  'user-agent' => 'Mozilla/5.0 (Windows NT 6.3; Win64; x64; rv:66.0) Gecko/20100101 Firefox/66.0',
  'cookie' => 'PHPSESSID=ab442d4tcrnh93lkcvl7ef4kk6',
  'content-type' => '',
  'content-length' => '',
)
[ info ] [ PARAM ] array (
)
[ info ] [ LOG ] INIT File
---------------------------------------------------------------
[ 2020-02-26T22:20:34+08:00 ] 172.21.0.8 185.234.217.177 GET /developer/.git/config
[ info ] 192.144.141.140/developer/.git/config [运行时间：0.028184s][吞吐率：35.48req/s] [内存消耗：2,440.27kb] [文件加载：52]
[ info ] [ LANG ] /www/wwwroot/www.ldkjmy.com/aaaa/yamaxun/thinkphp/lang/zh-cn.php
[ info ] [ LANG ] /www/wwwroot/www.ldkjmy.com/aaaa/yamaxun/app/lang/zh-cn.php
[ info ] [ CACHE ] INIT File
[ info ] [ ROUTE ] array (
  'type' => 'module',
  'module' => 
  array (
    0 => 'developer',
    1 => '.git',
    2 => 'config',
  ),
)
[ info ] [ HEADER ] array (
  'host' => '192.144.141.140',
  'connection' => 'keep-alive',
  'accept-encoding' => 'gzip, deflate',
  'accept' => '*/*',
  'user-agent' => 'Mozilla/5.0 (Windows NT 6.3; Win64; x64; rv:66.0) Gecko/20100101 Firefox/66.0',
  'cookie' => 'PHPSESSID=ab442d4tcrnh93lkcvl7ef4kk6',
  'content-type' => '',
  'content-length' => '',
)
[ info ] [ PARAM ] array (
)
[ info ] [ LOG ] INIT File
---------------------------------------------------------------
[ 2020-02-26T22:20:35+08:00 ] 172.21.0.8 185.234.217.177 GET /new/.git/config
[ info ] 192.144.141.140/new/.git/config [运行时间：0.030558s][吞吐率：32.72req/s] [内存消耗：2,439.94kb] [文件加载：52]
[ info ] [ LANG ] /www/wwwroot/www.ldkjmy.com/aaaa/yamaxun/thinkphp/lang/zh-cn.php
[ info ] [ LANG ] /www/wwwroot/www.ldkjmy.com/aaaa/yamaxun/app/lang/zh-cn.php
[ info ] [ CACHE ] INIT File
[ info ] [ ROUTE ] array (
  'type' => 'module',
  'module' => 
  array (
    0 => 'new',
    1 => '.git',
    2 => 'config',
  ),
)
[ info ] [ HEADER ] array (
  'host' => '192.144.141.140',
  'connection' => 'keep-alive',
  'accept-encoding' => 'gzip, deflate',
  'accept' => '*/*',
  'user-agent' => 'Mozilla/5.0 (Windows NT 6.3; Win64; x64; rv:66.0) Gecko/20100101 Firefox/66.0',
  'cookie' => 'PHPSESSID=ab442d4tcrnh93lkcvl7ef4kk6',
  'content-type' => '',
  'content-length' => '',
)
[ info ] [ PARAM ] array (
)
[ info ] [ LOG ] INIT File
---------------------------------------------------------------
[ 2020-02-26T22:20:37+08:00 ] 172.21.0.8 185.234.217.177 GET /qa/.git/config
[ info ] 192.144.141.140/qa/.git/config [运行时间：0.034776s][吞吐率：28.76req/s] [内存消耗：2,440.00kb] [文件加载：52]
[ info ] [ LANG ] /www/wwwroot/www.ldkjmy.com/aaaa/yamaxun/thinkphp/lang/zh-cn.php
[ info ] [ LANG ] /www/wwwroot/www.ldkjmy.com/aaaa/yamaxun/app/lang/zh-cn.php
[ info ] [ CACHE ] INIT File
[ info ] [ ROUTE ] array (
  'type' => 'module',
  'module' => 
  array (
    0 => 'qa',
    1 => '.git',
    2 => 'config',
  ),
)
[ info ] [ HEADER ] array (
  'host' => '192.144.141.140',
  'connection' => 'keep-alive',
  'accept-encoding' => 'gzip, deflate',
  'accept' => '*/*',
  'user-agent' => 'Mozilla/5.0 (Windows NT 6.3; Win64; x64; rv:66.0) Gecko/20100101 Firefox/66.0',
  'cookie' => 'PHPSESSID=ab442d4tcrnh93lkcvl7ef4kk6',
  'content-type' => '',
  'content-length' => '',
)
[ info ] [ PARAM ] array (
)
[ info ] [ LOG ] INIT File
---------------------------------------------------------------
[ 2020-02-26T22:20:43+08:00 ] 172.21.0.8 185.234.217.177 GET /demo/.git/config
[ info ] 192.144.141.140/demo/.git/config [运行时间：0.030009s][吞吐率：33.32req/s] [内存消耗：2,439.95kb] [文件加载：52]
[ info ] [ LANG ] /www/wwwroot/www.ldkjmy.com/aaaa/yamaxun/thinkphp/lang/zh-cn.php
[ info ] [ LANG ] /www/wwwroot/www.ldkjmy.com/aaaa/yamaxun/app/lang/zh-cn.php
[ info ] [ CACHE ] INIT File
[ info ] [ ROUTE ] array (
  'type' => 'module',
  'module' => 
  array (
    0 => 'demo',
    1 => '.git',
    2 => 'config',
  ),
)
[ info ] [ HEADER ] array (
  'host' => '192.144.141.140',
  'connection' => 'keep-alive',
  'accept-encoding' => 'gzip, deflate',
  'accept' => '*/*',
  'user-agent' => 'Mozilla/5.0 (Windows NT 6.3; Win64; x64; rv:66.0) Gecko/20100101 Firefox/66.0',
  'cookie' => 'PHPSESSID=ab442d4tcrnh93lkcvl7ef4kk6',
  'content-type' => '',
  'content-length' => '',
)
[ info ] [ PARAM ] array (
)
[ info ] [ LOG ] INIT File
---------------------------------------------------------------
[ 2020-02-26T22:20:46+08:00 ] 172.21.0.8 185.234.217.177 GET /cms/.git/config
[ info ] 192.144.141.140/cms/.git/config [运行时间：0.038015s][吞吐率：26.31req/s] [内存消耗：2,439.94kb] [文件加载：52]
[ info ] [ LANG ] /www/wwwroot/www.ldkjmy.com/aaaa/yamaxun/thinkphp/lang/zh-cn.php
[ info ] [ LANG ] /www/wwwroot/www.ldkjmy.com/aaaa/yamaxun/app/lang/zh-cn.php
[ info ] [ CACHE ] INIT File
[ info ] [ ROUTE ] array (
  'type' => 'module',
  'module' => 
  array (
    0 => 'cms',
    1 => '.git',
    2 => 'config',
  ),
)
[ info ] [ HEADER ] array (
  'host' => '192.144.141.140',
  'connection' => 'keep-alive',
  'accept-encoding' => 'gzip, deflate',
  'accept' => '*/*',
  'user-agent' => 'Mozilla/5.0 (Windows NT 6.3; Win64; x64; rv:66.0) Gecko/20100101 Firefox/66.0',
  'cookie' => 'PHPSESSID=ab442d4tcrnh93lkcvl7ef4kk6',
  'content-type' => '',
  'content-length' => '',
)
[ info ] [ PARAM ] array (
)
[ info ] [ LOG ] INIT File
---------------------------------------------------------------
[ 2020-02-26T22:20:49+08:00 ] 172.21.0.8 185.234.217.177 GET /data/.git/config
[ info ] 192.144.141.140/data/.git/config [运行时间：0.028898s][吞吐率：34.60req/s] [内存消耗：2,439.95kb] [文件加载：52]
[ info ] [ LANG ] /www/wwwroot/www.ldkjmy.com/aaaa/yamaxun/thinkphp/lang/zh-cn.php
[ info ] [ LANG ] /www/wwwroot/www.ldkjmy.com/aaaa/yamaxun/app/lang/zh-cn.php
[ info ] [ CACHE ] INIT File
[ info ] [ ROUTE ] array (
  'type' => 'module',
  'module' => 
  array (
    0 => 'data',
    1 => '.git',
    2 => 'config',
  ),
)
[ info ] [ HEADER ] array (
  'host' => '192.144.141.140',
  'connection' => 'keep-alive',
  'accept-encoding' => 'gzip, deflate',
  'accept' => '*/*',
  'user-agent' => 'Mozilla/5.0 (Windows NT 6.3; Win64; x64; rv:66.0) Gecko/20100101 Firefox/66.0',
  'cookie' => 'PHPSESSID=ab442d4tcrnh93lkcvl7ef4kk6',
  'content-type' => '',
  'content-length' => '',
)
[ info ] [ PARAM ] array (
)
[ info ] [ LOG ] INIT File
---------------------------------------------------------------
[ 2020-02-26T22:20:51+08:00 ] 172.21.0.8 185.234.217.177 GET /live/.git/config
[ info ] 192.144.141.140/live/.git/config [运行时间：0.030749s][吞吐率：32.52req/s] [内存消耗：2,439.95kb] [文件加载：52]
[ info ] [ LANG ] /www/wwwroot/www.ldkjmy.com/aaaa/yamaxun/thinkphp/lang/zh-cn.php
[ info ] [ LANG ] /www/wwwroot/www.ldkjmy.com/aaaa/yamaxun/app/lang/zh-cn.php
[ info ] [ CACHE ] INIT File
[ info ] [ ROUTE ] array (
  'type' => 'module',
  'module' => 
  array (
    0 => 'live',
    1 => '.git',
    2 => 'config',
  ),
)
[ info ] [ HEADER ] array (
  'host' => '192.144.141.140',
  'connection' => 'keep-alive',
  'accept-encoding' => 'gzip, deflate',
  'accept' => '*/*',
  'user-agent' => 'Mozilla/5.0 (Windows NT 6.3; Win64; x64; rv:66.0) Gecko/20100101 Firefox/66.0',
  'cookie' => 'PHPSESSID=ab442d4tcrnh93lkcvl7ef4kk6',
  'content-type' => '',
  'content-length' => '',
)
[ info ] [ PARAM ] array (
)
[ info ] [ LOG ] INIT File
---------------------------------------------------------------
[ 2020-02-26T22:20:54+08:00 ] 172.21.0.8 185.234.217.177 GET /api/.git/config
[ info ] 192.144.141.140/api/.git/config [运行时间：0.040917s][吞吐率：24.44req/s] [内存消耗：2,439.94kb] [文件加载：52]
[ info ] [ LANG ] /www/wwwroot/www.ldkjmy.com/aaaa/yamaxun/thinkphp/lang/zh-cn.php
[ info ] [ LANG ] /www/wwwroot/www.ldkjmy.com/aaaa/yamaxun/app/lang/zh-cn.php
[ info ] [ CACHE ] INIT File
[ info ] [ ROUTE ] array (
  'type' => 'module',
  'module' => 
  array (
    0 => 'api',
    1 => '.git',
    2 => 'config',
  ),
)
[ info ] [ HEADER ] array (
  'host' => '192.144.141.140',
  'connection' => 'keep-alive',
  'accept-encoding' => 'gzip, deflate',
  'accept' => '*/*',
  'user-agent' => 'Mozilla/5.0 (Windows NT 6.3; Win64; x64; rv:66.0) Gecko/20100101 Firefox/66.0',
  'cookie' => 'PHPSESSID=ab442d4tcrnh93lkcvl7ef4kk6',
  'content-type' => '',
  'content-length' => '',
)
[ info ] [ PARAM ] array (
)
[ info ] [ LOG ] INIT File
---------------------------------------------------------------
[ 2020-02-26T23:04:28+08:00 ] 172.21.0.8 200.217.230.70 GET /
[ info ] 192.144.141.140:80/ [运行时间：0.067433s][吞吐率：14.83req/s] [内存消耗：7,505.08kb] [文件加载：91]
[ info ] [ LANG ] /www/wwwroot/www.ldkjmy.com/aaaa/yamaxun/thinkphp/lang/zh-cn.php
[ info ] [ LANG ] /www/wwwroot/www.ldkjmy.com/aaaa/yamaxun/app/lang/zh-cn.php
[ info ] [ CACHE ] INIT File
[ info ] [ ROUTE ] array (
  'type' => 'module',
  'module' => 
  array (
    0 => 'home',
    1 => 'Index',
    2 => 'index',
  ),
  'convert' => false,
)
[ info ] [ HEADER ] array (
  'host' => '192.144.141.140:80',
  'user-agent' => 'Mozilla/5.0 (Windows NT 6.1; WOW64) AppleWebKit/537.36 (KHTML, like Gecko) Chrome/51.0.2704.103 Safari/537.36',
  'content-length' => '0',
  'content-type' => '',
)
[ info ] [ PARAM ] array (
)
[ info ] [ LANG ] /www/wwwroot/www.ldkjmy.com/aaaa/yamaxun/app/home/lang/zh-cn.php
[ info ] [ SESSION ] INIT array (
  'id' => '',
  'var_session_id' => '',
  'prefix' => 'think',
  'type' => '',
  'auto_start' => true,
)
[ info ] [ DB ] INIT mysql
[ info ] [ BEHAVIOR ] Run app\common\behavior\WebLog @module_init [ RunTime:0.024717s ]
[ info ] [ BEHAVIOR ] Run Closure @action_begin [ RunTime:0.001537s ]
[ info ] [ RUN ] app\home\controller\Index->index[ /www/wwwroot/www.ldkjmy.com/aaaa/yamaxun/app/home/controller/Index.php ]
[ info ] [ BEHAVIOR ] Run app\admin\behavior\Cron @app_end [ RunTime:0.000738s ]
[ info ] [ LOG ] INIT File
[ sql ] [ DB ] CONNECT:[ UseTime:0.000326s ] mysql:dbname=www_ldkjmy_com;host=localhost;port=3306;charset=utf8
[ sql ] [ SQL ] SHOW COLUMNS FROM `yf_web_log` [ RunTime:0.001293s ]
[ sql ] [ SQL ] INSERT INTO `yf_web_log` (`uid` , `ip` , `location` , `os` , `browser` , `url` , `module` , `controller` , `action` , `method` , `data` , `otime`) VALUES (0 , '200.217.230.70' , '巴西 巴西  ' , 'Windows 7' , 'Chrome(51.0.2704.103)' , '/' , 'home' , 'Index' , 'index' , 'GET' , 'a:0:{}' , 1582729468) [ RunTime:0.000589s ]
---------------------------------------------------------------
[ 2020-02-26T23:23:03+08:00 ] 172.21.0.8 5.101.0.209 GET /solr/admin/info/system?wt=json
[ info ] 192.144.141.140:80/solr/admin/info/system?wt=json [运行时间：0.029120s][吞吐率：34.34req/s] [内存消耗：2,440.28kb] [文件加载：52]
[ info ] [ LANG ] /www/wwwroot/www.ldkjmy.com/aaaa/yamaxun/thinkphp/lang/zh-cn.php
[ info ] [ LANG ] /www/wwwroot/www.ldkjmy.com/aaaa/yamaxun/app/lang/zh-cn.php
[ info ] [ CACHE ] INIT File
[ info ] [ ROUTE ] array (
  'type' => 'module',
  'module' => 
  array (
    0 => 'solr',
    1 => 'admin',
    2 => 'info',
  ),
)
[ info ] [ HEADER ] array (
  'host' => '192.144.141.140:80',
  'user-agent' => 'Mozilla/5.0 (Windows NT 10.0; Win64; x64) AppleWebKit/537.36 (KHTML, like Gecko) Chrome/78.0.3904.108 Safari/537.36',
  'accept-encoding' => 'gzip',
  'connection' => 'close',
  'content-type' => '',
  'content-length' => '',
)
[ info ] [ PARAM ] array (
  'wt' => 'json',
)
[ info ] [ LOG ] INIT File
---------------------------------------------------------------
[ 2020-02-26T23:24:52+08:00 ] 172.21.0.8 5.101.0.209 GET /?a=fetch&content=<php>die(@md5(HelloThinkCMF))</php>
[ info ] 192.144.141.140:80/?a=fetch&content=<php>die(@md5(HelloThinkCMF))</php> [运行时间：0.083890s][吞吐率：11.92req/s] [内存消耗：7,507.24kb] [文件加载：91]
[ info ] [ LANG ] /www/wwwroot/www.ldkjmy.com/aaaa/yamaxun/thinkphp/lang/zh-cn.php
[ info ] [ LANG ] /www/wwwroot/www.ldkjmy.com/aaaa/yamaxun/app/lang/zh-cn.php
[ info ] [ CACHE ] INIT File
[ info ] [ ROUTE ] array (
  'type' => 'module',
  'module' => 
  array (
    0 => 'home',
    1 => 'Index',
    2 => 'index',
  ),
  'convert' => false,
)
[ info ] [ HEADER ] array (
  'host' => '192.144.141.140:80',
  'user-agent' => 'Mozilla/5.0 (Windows NT 10.0; Win64; x64) AppleWebKit/537.36 (KHTML, like Gecko) Chrome/78.0.3904.108 Safari/537.36',
  'content-type' => 'application/json',
  'accept-encoding' => 'gzip',
  'connection' => 'close',
  'content-length' => '',
)
[ info ] [ PARAM ] array (
  'a' => 'fetch',
  'content' => '&lt;php&gt;die(@md5(HelloThinkCMF))&lt;/php&gt;',
)
[ info ] [ LANG ] /www/wwwroot/www.ldkjmy.com/aaaa/yamaxun/app/home/lang/zh-cn.php
[ info ] [ SESSION ] INIT array (
  'id' => '',
  'var_session_id' => '',
  'prefix' => 'think',
  'type' => '',
  'auto_start' => true,
)
[ info ] [ DB ] INIT mysql
[ info ] [ BEHAVIOR ] Run app\common\behavior\WebLog @module_init [ RunTime:0.031236s ]
[ info ] [ BEHAVIOR ] Run Closure @action_begin [ RunTime:0.002239s ]
[ info ] [ RUN ] app\home\controller\Index->index[ /www/wwwroot/www.ldkjmy.com/aaaa/yamaxun/app/home/controller/Index.php ]
[ info ] [ BEHAVIOR ] Run app\admin\behavior\Cron @app_end [ RunTime:0.000897s ]
[ info ] [ LOG ] INIT File
[ sql ] [ DB ] CONNECT:[ UseTime:0.000364s ] mysql:dbname=www_ldkjmy_com;host=localhost;port=3306;charset=utf8
[ sql ] [ SQL ] SHOW COLUMNS FROM `yf_web_log` [ RunTime:0.001313s ]
[ sql ] [ SQL ] INSERT INTO `yf_web_log` (`uid` , `ip` , `location` , `os` , `browser` , `url` , `module` , `controller` , `action` , `method` , `data` , `otime`) VALUES (0 , '5.101.0.209' , '俄罗斯 俄罗斯  ' , 'Windows 10' , 'Chrome(78.0.3904.108)' , '/?a=fetch&content=<php>die(@md5(HelloThinkCMF))</php>' , 'home' , 'Index' , 'index' , 'GET' , 'a:2:{s:1:\"a\";s:5:\"fetch\";s:7:\"content\";s:47:\"&lt;php&gt;die(@md5(HelloThinkCMF))&lt;/php&gt;\";}' , 1582730692) [ RunTime:0.000758s ]
---------------------------------------------------------------
[ 2020-02-26T23:24:53+08:00 ] 172.21.0.8 5.101.0.209 GET /?XDEBUG_SESSION_START=phpstorm
[ info ] 192.144.141.140:80/?XDEBUG_SESSION_START=phpstorm [运行时间：0.068510s][吞吐率：14.60req/s] [内存消耗：7,506.59kb] [文件加载：91]
[ info ] [ LANG ] /www/wwwroot/www.ldkjmy.com/aaaa/yamaxun/thinkphp/lang/zh-cn.php
[ info ] [ LANG ] /www/wwwroot/www.ldkjmy.com/aaaa/yamaxun/app/lang/zh-cn.php
[ info ] [ CACHE ] INIT File
[ info ] [ ROUTE ] array (
  'type' => 'module',
  'module' => 
  array (
    0 => 'home',
    1 => 'Index',
    2 => 'index',
  ),
  'convert' => false,
)
[ info ] [ HEADER ] array (
  'host' => '192.144.141.140:80',
  'user-agent' => 'Mozilla/5.0 (Windows NT 10.0; Win64; x64) AppleWebKit/537.36 (KHTML, like Gecko) Chrome/78.0.3904.108 Safari/537.36',
  'accept-encoding' => 'gzip',
  'connection' => 'close',
  'content-type' => '',
  'content-length' => '',
)
[ info ] [ PARAM ] array (
  'XDEBUG_SESSION_START' => 'phpstorm',
)
[ info ] [ LANG ] /www/wwwroot/www.ldkjmy.com/aaaa/yamaxun/app/home/lang/zh-cn.php
[ info ] [ SESSION ] INIT array (
  'id' => '',
  'var_session_id' => '',
  'prefix' => 'think',
  'type' => '',
  'auto_start' => true,
)
[ info ] [ DB ] INIT mysql
[ info ] [ BEHAVIOR ] Run app\common\behavior\WebLog @module_init [ RunTime:0.026816s ]
[ info ] [ BEHAVIOR ] Run Closure @action_begin [ RunTime:0.002257s ]
[ info ] [ RUN ] app\home\controller\Index->index[ /www/wwwroot/www.ldkjmy.com/aaaa/yamaxun/app/home/controller/Index.php ]
[ info ] [ BEHAVIOR ] Run app\admin\behavior\Cron @app_end [ RunTime:0.000720s ]
[ info ] [ LOG ] INIT File
[ sql ] [ DB ] CONNECT:[ UseTime:0.000474s ] mysql:dbname=www_ldkjmy_com;host=localhost;port=3306;charset=utf8
[ sql ] [ SQL ] SHOW COLUMNS FROM `yf_web_log` [ RunTime:0.000994s ]
[ sql ] [ SQL ] INSERT INTO `yf_web_log` (`uid` , `ip` , `location` , `os` , `browser` , `url` , `module` , `controller` , `action` , `method` , `data` , `otime`) VALUES (0 , '5.101.0.209' , '俄罗斯 俄罗斯  ' , 'Windows 10' , 'Chrome(78.0.3904.108)' , '/?XDEBUG_SESSION_START=phpstorm' , 'home' , 'Index' , 'index' , 'GET' , 'a:1:{s:20:\"XDEBUG_SESSION_START\";s:8:\"phpstorm\";}' , 1582730693) [ RunTime:0.000574s ]
---------------------------------------------------------------
[ 2020-02-26T23:25:11+08:00 ] 172.21.0.8 5.101.0.209 GET /index.php?s=/Index/\think\app/invokefunction&function=call_user_func_array&vars[0]=md5&vars[1][]=HelloThinkPHP
[ info ] 192.144.141.140:80/index.php?s=/Index/\think\app/invokefunction&function=call_user_func_array&vars[0]=md5&vars[1][]=HelloThinkPHP [运行时间：0.042170s][吞吐率：23.71req/s] [内存消耗：2,441.30kb] [文件加载：52]
[ info ] [ LANG ] /www/wwwroot/www.ldkjmy.com/aaaa/yamaxun/thinkphp/lang/zh-cn.php
[ info ] [ LANG ] /www/wwwroot/www.ldkjmy.com/aaaa/yamaxun/app/lang/zh-cn.php
[ info ] [ CACHE ] INIT File
[ info ] [ ROUTE ] array (
  'type' => 'module',
  'module' => 
  array (
    0 => 'Index',
    1 => '\\think\\app',
    2 => 'invokefunction',
  ),
)
[ info ] [ HEADER ] array (
  'host' => '192.144.141.140:80',
  'user-agent' => 'Mozilla/5.0 (Windows NT 10.0; Win64; x64) AppleWebKit/537.36 (KHTML, like Gecko) Chrome/78.0.3904.108 Safari/537.36',
  'accept-encoding' => 'gzip',
  'connection' => 'close',
  'content-type' => '',
  'content-length' => '',
)
[ info ] [ PARAM ] array (
  'function' => 'call_user_func_array',
  'vars' => 
  array (
    0 => 'md5',
    1 => 
    array (
      0 => 'HelloThinkPHP',
    ),
  ),
)
[ info ] [ LOG ] INIT File
