---------------------------------------------------------------
[ 2020-02-27T01:38:30+08:00 ] 172.21.0.8 59.36.132.240 GET /phpmyadmin
[ info ] 192.144.141.140/phpmyadmin [运行时间：0.042814s][吞吐率：23.36req/s] [内存消耗：2,439.83kb] [文件加载：52]
[ info ] [ LANG ] /www/wwwroot/www.ldkjmy.com/aaaa/yamaxun/thinkphp/lang/zh-cn.php
[ info ] [ LANG ] /www/wwwroot/www.ldkjmy.com/aaaa/yamaxun/app/lang/zh-cn.php
[ info ] [ CACHE ] INIT File
[ info ] [ ROUTE ] array (
  'type' => 'module',
  'module' => 
  array (
    0 => 'phpmyadmin',
    1 => NULL,
    2 => NULL,
  ),
)
[ info ] [ HEADER ] array (
  'accept' => 'text/html,application/xhtml+xml,application/xml;q=0.9,*/*;q=0.8',
  'accept-encoding' => 'gzip',
  'host' => '192.144.141.140',
  'q-sub-business' => 'contentsecurity',
  'user-agent' => 'Mozilla/5.0 (Windows NT 6.1; WOW64; rv:57.0) Gecko/20100101 Firefox/57.0',
  'content-type' => '',
  'content-length' => '',
)
[ info ] [ PARAM ] array (
)
[ info ] [ LOG ] INIT File
---------------------------------------------------------------
[ 2020-02-27T03:24:36+08:00 ] 172.21.0.8 200.89.114.82 GET /
[ info ] 192.144.141.140:80/ [运行时间：0.064704s][吞吐率：15.45req/s] [内存消耗：7,505.33kb] [文件加载：91]
[ info ] [ LANG ] /www/wwwroot/www.ldkjmy.com/aaaa/yamaxun/thinkphp/lang/zh-cn.php
[ info ] [ LANG ] /www/wwwroot/www.ldkjmy.com/aaaa/yamaxun/app/lang/zh-cn.php
[ info ] [ CACHE ] INIT File
[ info ] [ ROUTE ] array (
  'type' => 'module',
  'module' => 
  array (
    0 => 'home',
    1 => 'Index',
    2 => 'index',
  ),
  'convert' => false,
)
[ info ] [ HEADER ] array (
  'host' => '192.144.141.140:80',
  'user-agent' => 'Mozilla/5.0 (Windows NT 10.0; WOW64) AppleWebKit/537.36 (KHTML, like Gecko) Chrome/51.0.2704.103 Safari/537.36',
  'content-length' => '0',
  'content-type' => '',
)
[ info ] [ PARAM ] array (
)
[ info ] [ LANG ] /www/wwwroot/www.ldkjmy.com/aaaa/yamaxun/app/home/lang/zh-cn.php
[ info ] [ SESSION ] INIT array (
  'id' => '',
  'var_session_id' => '',
  'prefix' => 'think',
  'type' => '',
  'auto_start' => true,
)
[ info ] [ DB ] INIT mysql
[ info ] [ BEHAVIOR ] Run app\common\behavior\WebLog @module_init [ RunTime:0.025780s ]
[ info ] [ BEHAVIOR ] Run Closure @action_begin [ RunTime:0.001821s ]
[ info ] [ RUN ] app\home\controller\Index->index[ /www/wwwroot/www.ldkjmy.com/aaaa/yamaxun/app/home/controller/Index.php ]
[ info ] [ BEHAVIOR ] Run app\admin\behavior\Cron @app_end [ RunTime:0.000843s ]
[ info ] [ LOG ] INIT File
[ sql ] [ DB ] CONNECT:[ UseTime:0.000339s ] mysql:dbname=www_ldkjmy_com;host=localhost;port=3306;charset=utf8
[ sql ] [ SQL ] SHOW COLUMNS FROM `yf_web_log` [ RunTime:0.001031s ]
[ sql ] [ SQL ] INSERT INTO `yf_web_log` (`uid` , `ip` , `location` , `os` , `browser` , `url` , `module` , `controller` , `action` , `method` , `data` , `otime`) VALUES (0 , '200.89.114.82' , '哥伦比亚 哥伦比亚  ' , 'Windows 10' , 'Chrome(51.0.2704.103)' , '/' , 'home' , 'Index' , 'index' , 'GET' , 'a:0:{}' , 1582745076) [ RunTime:0.000521s ]
---------------------------------------------------------------
[ 2020-02-27T03:32:44+08:00 ] 172.21.0.8 169.197.108.6 GET /solr/
[ info ] 192.144.141.140/solr/ [运行时间：0.029637s][吞吐率：33.74req/s] [内存消耗：2,439.48kb] [文件加载：52]
[ info ] [ LANG ] /www/wwwroot/www.ldkjmy.com/aaaa/yamaxun/thinkphp/lang/zh-cn.php
[ info ] [ LANG ] /www/wwwroot/www.ldkjmy.com/aaaa/yamaxun/app/lang/zh-cn.php
[ info ] [ CACHE ] INIT File
[ info ] [ ROUTE ] array (
  'type' => 'module',
  'module' => 
  array (
    0 => 'solr',
    1 => NULL,
    2 => NULL,
  ),
)
[ info ] [ HEADER ] array (
  'host' => '192.144.141.140',
  'user-agent' => 'Mozilla/5.0 (Windows NT 10.0; Win64; x64) AppleWebKit/537.36 (KHTML, like Gecko) Chrome/60.0.3112.113 Safari/537.36',
  'accept' => '*/*',
  'accept-encoding' => 'gzip',
  'content-type' => '',
  'content-length' => '',
)
[ info ] [ PARAM ] array (
)
[ info ] [ LOG ] INIT File
---------------------------------------------------------------
[ 2020-02-27T04:40:50+08:00 ] 172.21.0.8 60.191.38.78 GET /
[ info ] 192.144.141.140:80/ [运行时间：0.058625s][吞吐率：17.06req/s] [内存消耗：7,505.38kb] [文件加载：91]
[ info ] [ LANG ] /www/wwwroot/www.ldkjmy.com/aaaa/yamaxun/thinkphp/lang/zh-cn.php
[ info ] [ LANG ] /www/wwwroot/www.ldkjmy.com/aaaa/yamaxun/app/lang/zh-cn.php
[ info ] [ CACHE ] INIT File
[ info ] [ ROUTE ] array (
  'type' => 'module',
  'module' => 
  array (
    0 => 'home',
    1 => 'Index',
    2 => 'index',
  ),
  'convert' => false,
)
[ info ] [ HEADER ] array (
  'host' => '192.144.141.140:80',
  'user-agent' => 'Mozilla/5.0 (Macintosh; Intel Mac OS X 10.11; rv:47.0) Gecko/20100101 Firefox/47.0',
  'accept' => '*/*',
  'connection' => 'keep-alive',
  'content-type' => '',
  'content-length' => '',
)
[ info ] [ PARAM ] array (
)
[ info ] [ LANG ] /www/wwwroot/www.ldkjmy.com/aaaa/yamaxun/app/home/lang/zh-cn.php
[ info ] [ SESSION ] INIT array (
  'id' => '',
  'var_session_id' => '',
  'prefix' => 'think',
  'type' => '',
  'auto_start' => true,
)
[ info ] [ DB ] INIT mysql
[ info ] [ BEHAVIOR ] Run app\common\behavior\WebLog @module_init [ RunTime:0.021320s ]
[ info ] [ BEHAVIOR ] Run Closure @action_begin [ RunTime:0.002015s ]
[ info ] [ RUN ] app\home\controller\Index->index[ /www/wwwroot/www.ldkjmy.com/aaaa/yamaxun/app/home/controller/Index.php ]
[ info ] [ BEHAVIOR ] Run app\admin\behavior\Cron @app_end [ RunTime:0.000756s ]
[ info ] [ LOG ] INIT File
[ sql ] [ DB ] CONNECT:[ UseTime:0.000361s ] mysql:dbname=www_ldkjmy_com;host=localhost;port=3306;charset=utf8
[ sql ] [ SQL ] SHOW COLUMNS FROM `yf_web_log` [ RunTime:0.000968s ]
[ sql ] [ SQL ] INSERT INTO `yf_web_log` (`uid` , `ip` , `location` , `os` , `browser` , `url` , `module` , `controller` , `action` , `method` , `data` , `otime`) VALUES (0 , '60.191.38.78' , '中国 浙江 杭州 ' , 'Mac' , 'Firefox(47.0)' , '/' , 'home' , 'Index' , 'index' , 'GET' , 'a:0:{}' , 1582749650) [ RunTime:0.000525s ]
---------------------------------------------------------------
[ 2020-02-27T04:49:30+08:00 ] 172.21.0.8 51.254.59.113 GET /
[ info ] 192.144.141.140/ [运行时间：0.054651s][吞吐率：18.30req/s] [内存消耗：7,505.45kb] [文件加载：91]
[ info ] [ LANG ] /www/wwwroot/www.ldkjmy.com/aaaa/yamaxun/thinkphp/lang/zh-cn.php
[ info ] [ LANG ] /www/wwwroot/www.ldkjmy.com/aaaa/yamaxun/app/lang/zh-cn.php
[ info ] [ CACHE ] INIT File
[ info ] [ ROUTE ] array (
  'type' => 'module',
  'module' => 
  array (
    0 => 'home',
    1 => 'Index',
    2 => 'index',
  ),
  'convert' => false,
)
[ info ] [ HEADER ] array (
  'user-agent' => 'Mozilla/5.0 (Windows NT 6.1) AppleWebKit/537.36 (KHTML, like Gecko) Chrome/41.0.2228.0 Safari/537.36',
  'host' => '192.144.141.140',
  'connection' => 'close',
  'content-type' => '',
  'content-length' => '',
)
[ info ] [ PARAM ] array (
)
[ info ] [ LANG ] /www/wwwroot/www.ldkjmy.com/aaaa/yamaxun/app/home/lang/zh-cn.php
[ info ] [ SESSION ] INIT array (
  'id' => '',
  'var_session_id' => '',
  'prefix' => 'think',
  'type' => '',
  'auto_start' => true,
)
[ info ] [ DB ] INIT mysql
[ info ] [ BEHAVIOR ] Run app\common\behavior\WebLog @module_init [ RunTime:0.020179s ]
[ info ] [ BEHAVIOR ] Run Closure @action_begin [ RunTime:0.001723s ]
[ info ] [ RUN ] app\home\controller\Index->index[ /www/wwwroot/www.ldkjmy.com/aaaa/yamaxun/app/home/controller/Index.php ]
[ info ] [ BEHAVIOR ] Run app\admin\behavior\Cron @app_end [ RunTime:0.000645s ]
[ info ] [ LOG ] INIT File
[ sql ] [ DB ] CONNECT:[ UseTime:0.000299s ] mysql:dbname=www_ldkjmy_com;host=localhost;port=3306;charset=utf8
[ sql ] [ SQL ] SHOW COLUMNS FROM `yf_web_log` [ RunTime:0.000901s ]
[ sql ] [ SQL ] INSERT INTO `yf_web_log` (`uid` , `ip` , `location` , `os` , `browser` , `url` , `module` , `controller` , `action` , `method` , `data` , `otime`) VALUES (0 , '51.254.59.113' , '法国 法国  ' , 'Windows 7' , 'Chrome(41.0.2228.0)' , '/' , 'home' , 'Index' , 'index' , 'GET' , 'a:0:{}' , 1582750170) [ RunTime:0.000507s ]
---------------------------------------------------------------
[ 2020-02-27T04:52:39+08:00 ] 172.21.0.8 182.254.52.17 GET /sources/.env
[ info ] 192.144.141.140/sources/.env [运行时间：0.027842s][吞吐率：35.92req/s] [内存消耗：2,440.00kb] [文件加载：52]
[ info ] [ LANG ] /www/wwwroot/www.ldkjmy.com/aaaa/yamaxun/thinkphp/lang/zh-cn.php
[ info ] [ LANG ] /www/wwwroot/www.ldkjmy.com/aaaa/yamaxun/app/lang/zh-cn.php
[ info ] [ CACHE ] INIT File
[ info ] [ ROUTE ] array (
  'type' => 'module',
  'module' => 
  array (
    0 => 'sources',
    1 => '.env',
    2 => NULL,
  ),
)
[ info ] [ HEADER ] array (
  'accept' => 'text/html,application/xhtml+xml,application/xml;q=0.9,*/*;q=0.8',
  'accept-encoding' => 'gzip',
  'host' => '192.144.141.140',
  'q-sub-business' => 'contentsecurity',
  'user-agent' => 'Mozilla/5.0 (Windows NT 6.1; WOW64; rv:57.0) Gecko/20100101 Firefox/57.0',
  'content-type' => '',
  'content-length' => '',
)
[ info ] [ PARAM ] array (
)
[ info ] [ LOG ] INIT File
---------------------------------------------------------------
[ 2020-02-27T05:36:53+08:00 ] 172.21.0.8 139.162.106.181 GET /
[ info ] 192.144.141.140/ [运行时间：0.060279s][吞吐率：16.59req/s] [内存消耗：7,505.02kb] [文件加载：91]
[ info ] [ LANG ] /www/wwwroot/www.ldkjmy.com/aaaa/yamaxun/thinkphp/lang/zh-cn.php
[ info ] [ LANG ] /www/wwwroot/www.ldkjmy.com/aaaa/yamaxun/app/lang/zh-cn.php
[ info ] [ CACHE ] INIT File
[ info ] [ ROUTE ] array (
  'type' => 'module',
  'module' => 
  array (
    0 => 'home',
    1 => 'Index',
    2 => 'index',
  ),
  'convert' => false,
)
[ info ] [ HEADER ] array (
  'host' => '192.144.141.140',
  'user-agent' => 'HTTP Banner Detection (https://security.ipip.net)',
  'connection' => 'close',
  'content-type' => '',
  'content-length' => '',
)
[ info ] [ PARAM ] array (
)
[ info ] [ LANG ] /www/wwwroot/www.ldkjmy.com/aaaa/yamaxun/app/home/lang/zh-cn.php
[ info ] [ SESSION ] INIT array (
  'id' => '',
  'var_session_id' => '',
  'prefix' => 'think',
  'type' => '',
  'auto_start' => true,
)
[ info ] [ DB ] INIT mysql
[ info ] [ BEHAVIOR ] Run app\common\behavior\WebLog @module_init [ RunTime:0.019693s ]
[ info ] [ BEHAVIOR ] Run Closure @action_begin [ RunTime:0.001469s ]
[ info ] [ RUN ] app\home\controller\Index->index[ /www/wwwroot/www.ldkjmy.com/aaaa/yamaxun/app/home/controller/Index.php ]
[ info ] [ BEHAVIOR ] Run app\admin\behavior\Cron @app_end [ RunTime:0.000591s ]
[ info ] [ LOG ] INIT File
[ sql ] [ DB ] CONNECT:[ UseTime:0.000327s ] mysql:dbname=www_ldkjmy_com;host=localhost;port=3306;charset=utf8
[ sql ] [ SQL ] SHOW COLUMNS FROM `yf_web_log` [ RunTime:0.000838s ]
[ sql ] [ SQL ] INSERT INTO `yf_web_log` (`uid` , `ip` , `location` , `os` , `browser` , `url` , `module` , `controller` , `action` , `method` , `data` , `otime`) VALUES (0 , '139.162.106.181' , '荷兰 荷兰  ' , '未知操作系统' , '未知浏览器()' , '/' , 'home' , 'Index' , 'index' , 'GET' , 'a:0:{}' , 1582753013) [ RunTime:0.000463s ]
---------------------------------------------------------------
[ 2020-02-27T05:41:12+08:00 ] 172.21.0.8 182.254.52.17 GET /
[ info ] 192.144.141.140/ [运行时间：0.061401s][吞吐率：16.29req/s] [内存消耗：7,505.38kb] [文件加载：91]
[ info ] [ LANG ] /www/wwwroot/www.ldkjmy.com/aaaa/yamaxun/thinkphp/lang/zh-cn.php
[ info ] [ LANG ] /www/wwwroot/www.ldkjmy.com/aaaa/yamaxun/app/lang/zh-cn.php
[ info ] [ CACHE ] INIT File
[ info ] [ ROUTE ] array (
  'type' => 'module',
  'module' => 
  array (
    0 => 'home',
    1 => 'Index',
    2 => 'index',
  ),
  'convert' => false,
)
[ info ] [ HEADER ] array (
  'accept' => 'text/html,application/xhtml+xml,application/xml;q=0.9,*/*;q=0.8',
  'accept-encoding' => 'gzip',
  'host' => '192.144.141.140',
  'q-sub-business' => 'contentsecurity',
  'user-agent' => 'Mozilla/5.0 (Windows NT 6.1; WOW64; rv:57.0) Gecko/20100101 Firefox/57.0',
  'content-type' => '',
  'content-length' => '',
)
[ info ] [ PARAM ] array (
)
[ info ] [ LANG ] /www/wwwroot/www.ldkjmy.com/aaaa/yamaxun/app/home/lang/zh-cn.php
[ info ] [ SESSION ] INIT array (
  'id' => '',
  'var_session_id' => '',
  'prefix' => 'think',
  'type' => '',
  'auto_start' => true,
)
[ info ] [ DB ] INIT mysql
[ info ] [ BEHAVIOR ] Run app\common\behavior\WebLog @module_init [ RunTime:0.023294s ]
[ info ] [ BEHAVIOR ] Run Closure @action_begin [ RunTime:0.001693s ]
[ info ] [ RUN ] app\home\controller\Index->index[ /www/wwwroot/www.ldkjmy.com/aaaa/yamaxun/app/home/controller/Index.php ]
[ info ] [ BEHAVIOR ] Run app\admin\behavior\Cron @app_end [ RunTime:0.000665s ]
[ info ] [ LOG ] INIT File
[ sql ] [ DB ] CONNECT:[ UseTime:0.000359s ] mysql:dbname=www_ldkjmy_com;host=localhost;port=3306;charset=utf8
[ sql ] [ SQL ] SHOW COLUMNS FROM `yf_web_log` [ RunTime:0.000999s ]
[ sql ] [ SQL ] INSERT INTO `yf_web_log` (`uid` , `ip` , `location` , `os` , `browser` , `url` , `module` , `controller` , `action` , `method` , `data` , `otime`) VALUES (0 , '182.254.52.17' , '中国 广东 深圳 ' , 'Windows 7' , 'Firefox(57.0)' , '/' , 'home' , 'Index' , 'index' , 'GET' , 'a:0:{}' , 1582753272) [ RunTime:0.000583s ]
---------------------------------------------------------------
[ 2020-02-27T06:01:32+08:00 ] 172.21.0.8 182.254.52.17 GET /inc/.env
[ info ] 192.144.141.140/inc/.env [运行时间：0.031659s][吞吐率：31.59req/s] [内存消耗：2,439.85kb] [文件加载：52]
[ info ] [ LANG ] /www/wwwroot/www.ldkjmy.com/aaaa/yamaxun/thinkphp/lang/zh-cn.php
[ info ] [ LANG ] /www/wwwroot/www.ldkjmy.com/aaaa/yamaxun/app/lang/zh-cn.php
[ info ] [ CACHE ] INIT File
[ info ] [ ROUTE ] array (
  'type' => 'module',
  'module' => 
  array (
    0 => 'inc',
    1 => '.env',
    2 => NULL,
  ),
)
[ info ] [ HEADER ] array (
  'accept' => 'text/html,application/xhtml+xml,application/xml;q=0.9,*/*;q=0.8',
  'accept-encoding' => 'gzip',
  'host' => '192.144.141.140',
  'q-sub-business' => 'contentsecurity',
  'user-agent' => 'Mozilla/5.0 (Windows NT 6.1; WOW64; rv:57.0) Gecko/20100101 Firefox/57.0',
  'content-type' => '',
  'content-length' => '',
)
[ info ] [ PARAM ] array (
)
[ info ] [ LOG ] INIT File
---------------------------------------------------------------
[ 2020-02-27T08:34:05+08:00 ] 172.21.0.8 182.254.52.17 GET /
[ info ] zyz.ldkjmy.com/ [运行时间：0.062097s][吞吐率：16.10req/s] [内存消耗：7,505.35kb] [文件加载：91]
[ info ] [ LANG ] /www/wwwroot/www.ldkjmy.com/aaaa/yamaxun/thinkphp/lang/zh-cn.php
[ info ] [ LANG ] /www/wwwroot/www.ldkjmy.com/aaaa/yamaxun/app/lang/zh-cn.php
[ info ] [ CACHE ] INIT File
[ info ] [ ROUTE ] array (
  'type' => 'module',
  'module' => 
  array (
    0 => 'home',
    1 => 'Index',
    2 => 'index',
  ),
  'convert' => false,
)
[ info ] [ HEADER ] array (
  'accept' => 'text/html,application/xhtml+xml,application/xml;q=0.9,*/*;q=0.8',
  'accept-encoding' => 'gzip',
  'host' => 'zyz.ldkjmy.com',
  'q-sub-business' => 'contentsecurity',
  'user-agent' => 'Mozilla/5.0 (Windows NT 6.1; WOW64; rv:57.0) Gecko/20100101 Firefox/57.0',
  'content-type' => '',
  'content-length' => '',
)
[ info ] [ PARAM ] array (
)
[ info ] [ LANG ] /www/wwwroot/www.ldkjmy.com/aaaa/yamaxun/app/home/lang/zh-cn.php
[ info ] [ SESSION ] INIT array (
  'id' => '',
  'var_session_id' => '',
  'prefix' => 'think',
  'type' => '',
  'auto_start' => true,
)
[ info ] [ DB ] INIT mysql
[ info ] [ BEHAVIOR ] Run app\common\behavior\WebLog @module_init [ RunTime:0.022833s ]
[ info ] [ BEHAVIOR ] Run Closure @action_begin [ RunTime:0.001566s ]
[ info ] [ RUN ] app\home\controller\Index->index[ /www/wwwroot/www.ldkjmy.com/aaaa/yamaxun/app/home/controller/Index.php ]
[ info ] [ BEHAVIOR ] Run app\admin\behavior\Cron @app_end [ RunTime:0.000646s ]
[ info ] [ LOG ] INIT File
[ sql ] [ DB ] CONNECT:[ UseTime:0.000394s ] mysql:dbname=www_ldkjmy_com;host=localhost;port=3306;charset=utf8
[ sql ] [ SQL ] SHOW COLUMNS FROM `yf_web_log` [ RunTime:0.001028s ]
[ sql ] [ SQL ] INSERT INTO `yf_web_log` (`uid` , `ip` , `location` , `os` , `browser` , `url` , `module` , `controller` , `action` , `method` , `data` , `otime`) VALUES (0 , '182.254.52.17' , '中国 广东 深圳 ' , 'Windows 7' , 'Firefox(57.0)' , '/' , 'home' , 'Index' , 'index' , 'GET' , 'a:0:{}' , 1582763645) [ RunTime:0.000603s ]
---------------------------------------------------------------
[ 2020-02-27T08:57:29+08:00 ] 172.21.0.8 103.73.183.211 GET /
[ info ] 192.144.141.140:80/ [运行时间：0.062013s][吞吐率：16.13req/s] [内存消耗：7,505.33kb] [文件加载：91]
[ info ] [ LANG ] /www/wwwroot/www.ldkjmy.com/aaaa/yamaxun/thinkphp/lang/zh-cn.php
[ info ] [ LANG ] /www/wwwroot/www.ldkjmy.com/aaaa/yamaxun/app/lang/zh-cn.php
[ info ] [ CACHE ] INIT File
[ info ] [ ROUTE ] array (
  'type' => 'module',
  'module' => 
  array (
    0 => 'home',
    1 => 'Index',
    2 => 'index',
  ),
  'convert' => false,
)
[ info ] [ HEADER ] array (
  'host' => '192.144.141.140:80',
  'user-agent' => 'Mozilla/5.0 (Windows NT 10.0; WOW64) AppleWebKit/537.36 (KHTML, like Gecko) Chrome/51.0.2704.103 Safari/537.36',
  'content-length' => '0',
  'content-type' => '',
)
[ info ] [ PARAM ] array (
)
[ info ] [ LANG ] /www/wwwroot/www.ldkjmy.com/aaaa/yamaxun/app/home/lang/zh-cn.php
[ info ] [ SESSION ] INIT array (
  'id' => '',
  'var_session_id' => '',
  'prefix' => 'think',
  'type' => '',
  'auto_start' => true,
)
[ info ] [ DB ] INIT mysql
[ info ] [ BEHAVIOR ] Run app\common\behavior\WebLog @module_init [ RunTime:0.026152s ]
[ info ] [ BEHAVIOR ] Run Closure @action_begin [ RunTime:0.001588s ]
[ info ] [ RUN ] app\home\controller\Index->index[ /www/wwwroot/www.ldkjmy.com/aaaa/yamaxun/app/home/controller/Index.php ]
[ info ] [ BEHAVIOR ] Run app\admin\behavior\Cron @app_end [ RunTime:0.000643s ]
[ info ] [ LOG ] INIT File
[ sql ] [ DB ] CONNECT:[ UseTime:0.000286s ] mysql:dbname=www_ldkjmy_com;host=localhost;port=3306;charset=utf8
[ sql ] [ SQL ] SHOW COLUMNS FROM `yf_web_log` [ RunTime:0.000963s ]
[ sql ] [ SQL ] INSERT INTO `yf_web_log` (`uid` , `ip` , `location` , `os` , `browser` , `url` , `module` , `controller` , `action` , `method` , `data` , `otime`) VALUES (0 , '103.73.183.211' , '亚太地区 亚太地区  ' , 'Windows 10' , 'Chrome(51.0.2704.103)' , '/' , 'home' , 'Index' , 'index' , 'GET' , 'a:0:{}' , 1582765049) [ RunTime:0.000513s ]
---------------------------------------------------------------
[ 2020-02-27T09:22:56+08:00 ] 172.21.0.8 71.6.199.23 GET /
[ info ] 192.144.141.140/ [运行时间：0.059027s][吞吐率：16.94req/s] [内存消耗：7,505.61kb] [文件加载：91]
[ info ] [ LANG ] /www/wwwroot/www.ldkjmy.com/aaaa/yamaxun/thinkphp/lang/zh-cn.php
[ info ] [ LANG ] /www/wwwroot/www.ldkjmy.com/aaaa/yamaxun/app/lang/zh-cn.php
[ info ] [ CACHE ] INIT File
[ info ] [ ROUTE ] array (
  'type' => 'module',
  'module' => 
  array (
    0 => 'home',
    1 => 'Index',
    2 => 'index',
  ),
  'convert' => false,
)
[ info ] [ HEADER ] array (
  'accept-encoding' => 'identity',
  'host' => '192.144.141.140',
  'accept' => 'text/html,application/xhtml+xml,application/xml;q=0.9,*/*;q=0.8',
  'user-agent' => 'Mozilla/5.0 (Windows NT 6.1) AppleWebKit/537.36 (KHTML, like Gecko) Chrome/41.0.2228.0 Safari/537.36',
  'content-type' => '',
  'content-length' => '',
)
[ info ] [ PARAM ] array (
)
[ info ] [ LANG ] /www/wwwroot/www.ldkjmy.com/aaaa/yamaxun/app/home/lang/zh-cn.php
[ info ] [ SESSION ] INIT array (
  'id' => '',
  'var_session_id' => '',
  'prefix' => 'think',
  'type' => '',
  'auto_start' => true,
)
[ info ] [ DB ] INIT mysql
[ info ] [ BEHAVIOR ] Run app\common\behavior\WebLog @module_init [ RunTime:0.021843s ]
[ info ] [ BEHAVIOR ] Run Closure @action_begin [ RunTime:0.001580s ]
[ info ] [ RUN ] app\home\controller\Index->index[ /www/wwwroot/www.ldkjmy.com/aaaa/yamaxun/app/home/controller/Index.php ]
[ info ] [ BEHAVIOR ] Run app\admin\behavior\Cron @app_end [ RunTime:0.000675s ]
[ info ] [ LOG ] INIT File
[ sql ] [ DB ] CONNECT:[ UseTime:0.000300s ] mysql:dbname=www_ldkjmy_com;host=localhost;port=3306;charset=utf8
[ sql ] [ SQL ] SHOW COLUMNS FROM `yf_web_log` [ RunTime:0.000872s ]
[ sql ] [ SQL ] INSERT INTO `yf_web_log` (`uid` , `ip` , `location` , `os` , `browser` , `url` , `module` , `controller` , `action` , `method` , `data` , `otime`) VALUES (0 , '71.6.199.23' , '美国 美国  ' , 'Windows 7' , 'Chrome(41.0.2228.0)' , '/' , 'home' , 'Index' , 'index' , 'GET' , 'a:0:{}' , 1582766576) [ RunTime:0.000588s ]
---------------------------------------------------------------
[ 2020-02-27T09:22:57+08:00 ] 172.21.0.8 71.6.199.23 GET /sitemap.xml
[ info ] 192.144.141.140/sitemap.xml [运行时间：0.039821s][吞吐率：25.11req/s] [内存消耗：2,438.66kb] [文件加载：52]
[ info ] [ LANG ] /www/wwwroot/www.ldkjmy.com/aaaa/yamaxun/thinkphp/lang/zh-cn.php
[ info ] [ LANG ] /www/wwwroot/www.ldkjmy.com/aaaa/yamaxun/app/lang/zh-cn.php
[ info ] [ CACHE ] INIT File
[ info ] [ ROUTE ] array (
  'type' => 'module',
  'module' => 
  array (
    0 => 'sitemap.xml',
    1 => NULL,
    2 => NULL,
  ),
)
[ info ] [ HEADER ] array (
  'host' => '192.144.141.140',
  'accept-encoding' => 'identity',
  'content-type' => '',
  'content-length' => '',
)
[ info ] [ PARAM ] array (
)
[ info ] [ LOG ] INIT File
---------------------------------------------------------------
[ 2020-02-27T09:36:24+08:00 ] 172.21.0.8 171.117.74.5 GET /admin/product/record_list.html
[ info ] ymx.ldkjmy.com/admin/product/record_list.html [运行时间：0.122857s][吞吐率：8.14req/s] [内存消耗：13,542.23kb] [文件加载：126]
[ info ] [ LANG ] /www/wwwroot/www.ldkjmy.com/aaaa/yamaxun/thinkphp/lang/zh-cn.php
[ info ] [ LANG ] /www/wwwroot/www.ldkjmy.com/aaaa/yamaxun/app/lang/zh-cn.php
[ info ] [ CACHE ] INIT File
[ info ] [ ROUTE ] array (
  'type' => 'module',
  'module' => 
  array (
    0 => 'admin',
    1 => 'product',
    2 => 'record_list',
  ),
)
[ info ] [ HEADER ] array (
  'host' => 'ymx.ldkjmy.com',
  'connection' => 'keep-alive',
  'upgrade-insecure-requests' => '1',
  'user-agent' => 'Mozilla/5.0 (Windows NT 6.1; WOW64) AppleWebKit/537.36 (KHTML, like Gecko) Chrome/80.0.3987.122 Safari/537.36',
  'accept' => 'text/html,application/xhtml+xml,application/xml;q=0.9,image/webp,image/apng,*/*;q=0.8,application/signed-exchange;v=b3;q=0.9',
  'accept-eneoding' => 'gzip, deflate',
  'accept-language' => 'zh-CN,zh;q=0.9',
  'cookie' => 'Hm_lvt_416c770ac83a9d996d7b3793f8c4994d=1577232579,1577628266,1577713883; aid=1; signin_token=45244b1b7a2ab068ca6f1b24dad2842f3f02b1e7; yf_logged_user=AJ9ZQX8uK3Qxu5J9L',
  'content-type' => '',
  'content-length' => '',
)
[ info ] [ PARAM ] array (
)
[ info ] [ SESSION ] INIT array (
  'id' => '',
  'var_session_id' => '',
  'prefix' => 'think',
  'type' => '',
  'auto_start' => true,
)
[ info ] [ DB ] INIT mysql
[ info ] [ BEHAVIOR ] Run app\common\behavior\WebLog @module_init [ RunTime:0.060468s ]
[ info ] [ DB ] INIT mysql
[ info ] [ BEHAVIOR ] Run Closure @action_begin [ RunTime:0.001588s ]
[ info ] [ RUN ] app\admin\controller\Product->record_list[ /www/wwwroot/www.ldkjmy.com/aaaa/yamaxun/app/admin/controller/Product.php ]
[ info ] [ VIEW ] /www/wwwroot/www.ldkjmy.com/aaaa/yamaxun/app/admin/view/product/record_list.html [ array (
  0 => 'lang',
  1 => 'menus',
  2 => 'menus_curr',
  3 => 'menus_child',
  4 => 'id_curr',
  5 => 'admin_avatar',
  6 => 'huilv',
  7 => 'record',
  8 => 'page',
  9 => 'name',
) ]
[ info ] [ BEHAVIOR ] Run app\admin\behavior\Cron @app_end [ RunTime:0.000657s ]
[ info ] [ LOG ] INIT File
[ sql ] [ DB ] CONNECT:[ UseTime:0.000309s ] mysql:dbname=www_ldkjmy_com;host=localhost;port=3306;charset=utf8
[ sql ] [ SQL ] SHOW COLUMNS FROM `yf_web_log` [ RunTime:0.000974s ]
[ sql ] [ SQL ] INSERT INTO `yf_web_log` (`uid` , `ip` , `location` , `os` , `browser` , `url` , `module` , `controller` , `action` , `method` , `data` , `otime`) VALUES (0 , '171.117.74.5' , '中国 山西 太原 ' , 'Windows 98' , 'Chrome(80.0.3987.122)' , '/admin/product/record_list.html' , 'admin' , 'Product' , 'record_list' , 'GET' , 'a:0:{}' , 1582767384) [ RunTime:0.000506s ]
[ sql ] [ SQL ] SHOW COLUMNS FROM `yf_admin` [ RunTime:0.000984s ]
[ sql ] [ SQL ] SELECT * FROM `yf_admin` WHERE  `admin_id` = 1 LIMIT 1 [ RunTime:0.000343s ]
[ sql ] [ SQL ] SHOW COLUMNS FROM `yf_member_list` [ RunTime:0.000765s ]
[ sql ] [ SQL ] SELECT * FROM `yf_member_list` WHERE  `member_list_id` = 1 LIMIT 1 [ RunTime:0.000298s ]
[ sql ] [ SQL ] SHOW COLUMNS FROM `yf_auth_rule` [ RunTime:0.000745s ]
[ sql ] [ SQL ] SELECT `id` FROM `yf_auth_rule` WHERE  `name` = 'admin/Product/record_list' ORDER BY level desc,sort LIMIT 1 [ RunTime:0.000398s ]
[ sql ] [ SQL ] SELECT `id`,`pid` FROM `yf_auth_rule` ORDER BY level desc,sort [ RunTime:0.000574s ]
[ sql ] [ SQL ] SELECT `id` FROM `yf_auth_rule` WHERE  `name` = 'admin/Product/record_list'  AND `status` = 1 ORDER BY level desc,sort LIMIT 1 [ RunTime:0.000445s ]
[ sql ] [ SQL ] SELECT `pid` FROM `yf_auth_rule` WHERE  `id` = 361 LIMIT 1 [ RunTime:0.000205s ]
[ sql ] [ SQL ] SELECT * FROM `yf_auth_rule` WHERE  `status` = 1  AND `pid` = 7 ORDER BY `sort` [ RunTime:0.000399s ]
[ sql ] [ SQL ] SHOW COLUMNS FROM `yf_currency` [ RunTime:0.000771s ]
[ sql ] [ SQL ] SELECT * FROM `yf_currency` [ RunTime:0.000178s ]
[ sql ] [ SQL ] SHOW COLUMNS FROM `yf_goods_record` [ RunTime:0.000799s ]
[ sql ] [ SQL ] SELECT COUNT(*) AS tp_count FROM `yf_goods_record` WHERE  `UID` = 1 LIMIT 1 [ RunTime:0.000562s ]
[ sql ] [ SQL ] SELECT * FROM `yf_goods_record` WHERE  `UID` = 1 ORDER BY id desc LIMIT 0,10 [ RunTime:0.001542s ]
[ sql ] [ SQL ] SHOW COLUMNS FROM `yf_plug_sug` [ RunTime:0.000848s ]
[ sql ] [ SQL ] SELECT * FROM `yf_plug_sug` WHERE  `plug_uid` = 1 LIMIT 1 [ RunTime:0.000236s ]
---------------------------------------------------------------
[ 2020-02-27T09:36:36+08:00 ] 172.21.0.8 171.117.74.5 GET /admin/productupload/ymxdc/recordId/950.html
[ info ] ymx.ldkjmy.com/admin/productupload/ymxdc/recordId/950.html [运行时间：0.134189s][吞吐率：7.45req/s] [内存消耗：13,247.77kb] [文件加载：121]
[ info ] [ LANG ] /www/wwwroot/www.ldkjmy.com/aaaa/yamaxun/thinkphp/lang/zh-cn.php
[ info ] [ LANG ] /www/wwwroot/www.ldkjmy.com/aaaa/yamaxun/app/lang/zh-cn.php
[ info ] [ CACHE ] INIT File
[ info ] [ ROUTE ] array (
  'type' => 'module',
  'module' => 
  array (
    0 => 'admin',
    1 => 'productupload',
    2 => 'ymxdc',
  ),
)
[ info ] [ HEADER ] array (
  'host' => 'ymx.ldkjmy.com',
  'connection' => 'keep-alive',
  'upgrade-insecure-requests' => '1',
  'user-agent' => 'Mozilla/5.0 (Windows NT 6.1; WOW64) AppleWebKit/537.36 (KHTML, like Gecko) Chrome/80.0.3987.122 Safari/537.36',
  'accept' => 'text/html,application/xhtml+xml,application/xml;q=0.9,image/webp,image/apng,*/*;q=0.8,application/signed-exchange;v=b3;q=0.9',
  'referer' => 'http://ymx.ldkjmy.com/admin/product/record_list.html',
  'accept-encoding' => 'gzip, deflate',
  'accept-language' => 'zh-CN,zh;q=0.9',
  'cookie' => 'Hm_lvt_416c770ac83a9d996d7b3793f8c4994d=1577232579,1577628266,1577713883; aid=1; signin_token=45244b1b7a2ab068ca6f1b24dad2842f3f02b1e7; PHPSESSID=k2rmjleqdf9rmtaikoei6hhrd7; yf_logged_user=O%3D4zK0itXYotMbMhJ',
  'content-type' => '',
  'content-length' => '',
)
[ info ] [ PARAM ] array (
  'recordId' => '950',
)
[ info ] [ SESSION ] INIT array (
  'id' => '',
  'var_session_id' => '',
  'prefix' => 'think',
  'type' => '',
  'auto_start' => true,
)
[ info ] [ DB ] INIT mysql
[ info ] [ BEHAVIOR ] Run app\common\behavior\WebLog @module_init [ RunTime:0.072025s ]
[ info ] [ DB ] INIT mysql
[ info ] [ BEHAVIOR ] Run Closure @action_begin [ RunTime:0.001906s ]
[ info ] [ RUN ] app\admin\controller\Productupload->ymxdc[ /www/wwwroot/www.ldkjmy.com/aaaa/yamaxun/app/admin/controller/Productupload.php ]
[ info ] [ BEHAVIOR ] Run app\admin\behavior\Cron @app_end [ RunTime:0.000995s ]
[ info ] [ LOG ] INIT File
[ sql ] [ DB ] CONNECT:[ UseTime:0.000332s ] mysql:dbname=www_ldkjmy_com;host=localhost;port=3306;charset=utf8
[ sql ] [ SQL ] SHOW COLUMNS FROM `yf_web_log` [ RunTime:0.001052s ]
[ sql ] [ SQL ] INSERT INTO `yf_web_log` (`uid` , `ip` , `location` , `os` , `browser` , `url` , `module` , `controller` , `action` , `method` , `data` , `otime`) VALUES (1 , '171.117.74.5' , '中国 山西 太原 ' , 'Windows 98' , 'Chrome(80.0.3987.122)' , '/admin/productupload/ymxdc/recordId/950.html' , 'admin' , 'Productupload' , 'ymxdc' , 'GET' , 'a:1:{s:8:\"recordId\";s:3:\"950\";}' , 1582767396) [ RunTime:0.000522s ]
[ sql ] [ SQL ] SHOW COLUMNS FROM `yf_auth_rule` [ RunTime:0.000976s ]
[ sql ] [ SQL ] SELECT `id` FROM `yf_auth_rule` WHERE  `name` = 'admin/Productupload/ymxdc' ORDER BY level desc,sort LIMIT 1 [ RunTime:0.000492s ]
[ sql ] [ SQL ] SELECT `id`,`pid` FROM `yf_auth_rule` ORDER BY level desc,sort [ RunTime:0.000753s ]
[ sql ] [ SQL ] SELECT `id` FROM `yf_auth_rule` WHERE  `name` = 'admin/Productupload/ymxdc'  AND `status` = 1 ORDER BY level desc,sort LIMIT 1 [ RunTime:0.000538s ]
[ sql ] [ SQL ] SELECT `pid` FROM `yf_auth_rule` WHERE  `id` = 0 LIMIT 1 [ RunTime:0.000224s ]
[ sql ] [ SQL ] SELECT * FROM `yf_auth_rule` WHERE  `status` = 1  AND `pid` = null ORDER BY `sort` [ RunTime:0.000446s ]
[ sql ] [ SQL ] SHOW COLUMNS FROM `yf_currency` [ RunTime:0.000759s ]
[ sql ] [ SQL ] SELECT * FROM `yf_currency` [ RunTime:0.000231s ]
[ sql ] [ SQL ] SHOW COLUMNS FROM `yf_goods_record` [ RunTime:0.000996s ]
[ sql ] [ SQL ] SELECT * FROM `yf_goods_record` WHERE  `id` = 950 LIMIT 1 [ RunTime:0.000481s ]
[ sql ] [ SQL ] SHOW COLUMNS FROM `yf_goods` [ RunTime:0.001213s ]
[ sql ] [ SQL ] SELECT `goods`.*,`goods_language`.* FROM `yf_goods` `goods` INNER JOIN `yf_goods_language` `goods_language` ON `goods`.`goodsId`=`goods_language`.`goods_id` WHERE  `goods`.`goodsId` IN ('127')  AND `goods`.`product_back` = 0  AND `goods`.`UID` = 1  AND `goods_language`.`language` = 6 ORDER BY `goods`.`goodsId` [ RunTime:0.000493s ]
[ sql ] [ SQL ] SELECT `goods`.*,`goods_language`.*,`goods_variant`.* FROM `yf_goods` `goods` INNER JOIN `yf_goods_language` `goods_language` ON `goods`.`goodsId`=`goods_language`.`goods_id` INNER JOIN `yf_goods_variant` `goods_variant` ON `goods`.`goodsId`=`goods_variant`.`goods_id` WHERE  `goods`.`product_back` = 0  AND `goods`.`goodsId` IN ('127')  AND `goods`.`UID` = 1  AND `goods_language`.`language` = 6 ORDER BY `goods`.`goodsId` [ RunTime:0.000701s ]
---------------------------------------------------------------
[ 2020-02-27T09:36:39+08:00 ] 172.21.0.8 171.117.74.5 GET /admin/product/record_list.html
[ info ] ymx.ldkjmy.com/admin/product/record_list.html [运行时间：0.123443s][吞吐率：8.10req/s] [内存消耗：13,469.33kb] [文件加载：125]
[ info ] [ LANG ] /www/wwwroot/www.ldkjmy.com/aaaa/yamaxun/thinkphp/lang/zh-cn.php
[ info ] [ LANG ] /www/wwwroot/www.ldkjmy.com/aaaa/yamaxun/app/lang/zh-cn.php
[ info ] [ CACHE ] INIT File
[ info ] [ ROUTE ] array (
  'type' => 'module',
  'module' => 
  array (
    0 => 'admin',
    1 => 'product',
    2 => 'record_list',
  ),
)
[ info ] [ HEADER ] array (
  'host' => 'ymx.ldkjmy.com',
  'connection' => 'keep-alive',
  'upgrade-insecure-requests' => '1',
  'user-agent' => 'Mozilla/5.0 (Windows NT 6.1; WOW64) AppleWebKit/537.36 (KHTML, like Gecko) Chrome/80.0.3987.122 Safari/537.36',
  'accept' => 'text/html,application/xhtml+xml,application/xml;q=0.9,image/webp,image/apng,*/*;q=0.8,application/signed-exchange;v=b3;q=0.9',
  'accept-encoding' => 'gzip, deflate',
  'accept-language' => 'zh-CN,zh;q=0.9',
  'cookie' => 'Hm_lvt_416c770ac83a9d996d7b3793f8c4994d=1577232579,1577628266,1577713883; aid=1; signin_token=45244b1b7a2ab068ca6f1b24dad2842f3f02b1e7; PHPSESSID=k2rmjleqdf9rmtaikoei6hhrd7; yf_logged_user=O%3D4zK0itXYotMbMhJ',
  'content-type' => '',
  'content-length' => '',
)
[ info ] [ PARAM ] array (
)
[ info ] [ SESSION ] INIT array (
  'id' => '',
  'var_session_id' => '',
  'prefix' => 'think',
  'type' => '',
  'auto_start' => true,
)
[ info ] [ DB ] INIT mysql
[ info ] [ BEHAVIOR ] Run app\common\behavior\WebLog @module_init [ RunTime:0.058804s ]
[ info ] [ DB ] INIT mysql
[ info ] [ BEHAVIOR ] Run Closure @action_begin [ RunTime:0.001791s ]
[ info ] [ RUN ] app\admin\controller\Product->record_list[ /www/wwwroot/www.ldkjmy.com/aaaa/yamaxun/app/admin/controller/Product.php ]
[ info ] [ VIEW ] /www/wwwroot/www.ldkjmy.com/aaaa/yamaxun/app/admin/view/product/record_list.html [ array (
  0 => 'lang',
  1 => 'menus',
  2 => 'menus_curr',
  3 => 'menus_child',
  4 => 'id_curr',
  5 => 'admin_avatar',
  6 => 'huilv',
  7 => 'record',
  8 => 'page',
  9 => 'name',
) ]
[ info ] [ BEHAVIOR ] Run app\admin\behavior\Cron @app_end [ RunTime:0.000876s ]
[ info ] [ LOG ] INIT File
[ sql ] [ DB ] CONNECT:[ UseTime:0.000355s ] mysql:dbname=www_ldkjmy_com;host=localhost;port=3306;charset=utf8
[ sql ] [ SQL ] SHOW COLUMNS FROM `yf_web_log` [ RunTime:0.001038s ]
[ sql ] [ SQL ] INSERT INTO `yf_web_log` (`uid` , `ip` , `location` , `os` , `browser` , `url` , `module` , `controller` , `action` , `method` , `data` , `otime`) VALUES (1 , '171.117.74.5' , '中国 山西 太原 ' , 'Windows 98' , 'Chrome(80.0.3987.122)' , '/admin/product/record_list.html' , 'admin' , 'Product' , 'record_list' , 'GET' , 'a:0:{}' , 1582767399) [ RunTime:0.000490s ]
[ sql ] [ SQL ] SHOW COLUMNS FROM `yf_auth_rule` [ RunTime:0.000975s ]
[ sql ] [ SQL ] SELECT `id` FROM `yf_auth_rule` WHERE  `name` = 'admin/Product/record_list' ORDER BY level desc,sort LIMIT 1 [ RunTime:0.000441s ]
[ sql ] [ SQL ] SELECT `id`,`pid` FROM `yf_auth_rule` ORDER BY level desc,sort [ RunTime:0.000737s ]
[ sql ] [ SQL ] SELECT `id` FROM `yf_auth_rule` WHERE  `name` = 'admin/Product/record_list'  AND `status` = 1 ORDER BY level desc,sort LIMIT 1 [ RunTime:0.000550s ]
[ sql ] [ SQL ] SELECT `pid` FROM `yf_auth_rule` WHERE  `id` = 361 LIMIT 1 [ RunTime:0.000221s ]
[ sql ] [ SQL ] SELECT * FROM `yf_auth_rule` WHERE  `status` = 1  AND `pid` = 7 ORDER BY `sort` [ RunTime:0.000486s ]
[ sql ] [ SQL ] SHOW COLUMNS FROM `yf_currency` [ RunTime:0.000857s ]
[ sql ] [ SQL ] SELECT * FROM `yf_currency` [ RunTime:0.000197s ]
[ sql ] [ SQL ] SHOW COLUMNS FROM `yf_goods_record` [ RunTime:0.000889s ]
[ sql ] [ SQL ] SELECT COUNT(*) AS tp_count FROM `yf_goods_record` WHERE  `UID` = 1 LIMIT 1 [ RunTime:0.000605s ]
[ sql ] [ SQL ] SELECT * FROM `yf_goods_record` WHERE  `UID` = 1 ORDER BY id desc LIMIT 0,10 [ RunTime:0.001641s ]
[ sql ] [ SQL ] SHOW COLUMNS FROM `yf_plug_sug` [ RunTime:0.000945s ]
[ sql ] [ SQL ] SELECT * FROM `yf_plug_sug` WHERE  `plug_uid` = 1 LIMIT 1 [ RunTime:0.000296s ]
---------------------------------------------------------------
[ 2020-02-27T09:36:41+08:00 ] 172.21.0.8 171.117.74.5 GET /admin/productupload/ymxdc/recordId/678.html
[ info ] ymx.ldkjmy.com/admin/productupload/ymxdc/recordId/678.html [运行时间：0.515446s][吞吐率：1.94req/s] [内存消耗：20,047.26kb] [文件加载：184]
[ info ] [ LANG ] /www/wwwroot/www.ldkjmy.com/aaaa/yamaxun/thinkphp/lang/zh-cn.php
[ info ] [ LANG ] /www/wwwroot/www.ldkjmy.com/aaaa/yamaxun/app/lang/zh-cn.php
[ info ] [ CACHE ] INIT File
[ info ] [ ROUTE ] array (
  'type' => 'module',
  'module' => 
  array (
    0 => 'admin',
    1 => 'productupload',
    2 => 'ymxdc',
  ),
)
[ info ] [ HEADER ] array (
  'host' => 'ymx.ldkjmy.com',
  'connection' => 'keep-alive',
  'upgrade-insecure-requests' => '1',
  'user-agent' => 'Mozilla/5.0 (Windows NT 6.1; WOW64) AppleWebKit/537.36 (KHTML, like Gecko) Chrome/80.0.3987.122 Safari/537.36',
  'accept' => 'text/html,application/xhtml+xml,application/xml;q=0.9,image/webp,image/apng,*/*;q=0.8,application/signed-exchange;v=b3;q=0.9',
  'referer' => 'http://ymx.ldkjmy.com/admin/product/record_list.html',
  'accept-encoding' => 'gzip, deflate',
  'accept-language' => 'zh-CN,zh;q=0.9',
  'cookie' => 'Hm_lvt_416c770ac83a9d996d7b3793f8c4994d=1577232579,1577628266,1577713883; aid=1; signin_token=45244b1b7a2ab068ca6f1b24dad2842f3f02b1e7; PHPSESSID=k2rmjleqdf9rmtaikoei6hhrd7; yf_logged_user=O%3D4zK0itXYotMbMhJ',
  'content-type' => '',
  'content-length' => '',
)
[ info ] [ PARAM ] array (
  'recordId' => '678',
)
[ info ] [ SESSION ] INIT array (
  'id' => '',
  'var_session_id' => '',
  'prefix' => 'think',
  'type' => '',
  'auto_start' => true,
)
[ info ] [ DB ] INIT mysql
[ info ] [ BEHAVIOR ] Run app\common\behavior\WebLog @module_init [ RunTime:0.066392s ]
[ info ] [ DB ] INIT mysql
[ info ] [ BEHAVIOR ] Run Closure @action_begin [ RunTime:0.001642s ]
[ info ] [ RUN ] app\admin\controller\Productupload->ymxdc[ /www/wwwroot/www.ldkjmy.com/aaaa/yamaxun/app/admin/controller/Productupload.php ]
[ info ] [ LOG ] INIT File
[ sql ] [ DB ] CONNECT:[ UseTime:0.000361s ] mysql:dbname=www_ldkjmy_com;host=localhost;port=3306;charset=utf8
[ sql ] [ SQL ] SHOW COLUMNS FROM `yf_web_log` [ RunTime:0.000964s ]
[ sql ] [ SQL ] INSERT INTO `yf_web_log` (`uid` , `ip` , `location` , `os` , `browser` , `url` , `module` , `controller` , `action` , `method` , `data` , `otime`) VALUES (1 , '171.117.74.5' , '中国 山西 太原 ' , 'Windows 98' , 'Chrome(80.0.3987.122)' , '/admin/productupload/ymxdc/recordId/678.html' , 'admin' , 'Productupload' , 'ymxdc' , 'GET' , 'a:1:{s:8:\"recordId\";s:3:\"678\";}' , 1582767401) [ RunTime:0.000438s ]
[ sql ] [ SQL ] SHOW COLUMNS FROM `yf_auth_rule` [ RunTime:0.001240s ]
[ sql ] [ SQL ] SELECT `id` FROM `yf_auth_rule` WHERE  `name` = 'admin/Productupload/ymxdc' ORDER BY level desc,sort LIMIT 1 [ RunTime:0.000433s ]
[ sql ] [ SQL ] SELECT `id`,`pid` FROM `yf_auth_rule` ORDER BY level desc,sort [ RunTime:0.000581s ]
[ sql ] [ SQL ] SELECT `id` FROM `yf_auth_rule` WHERE  `name` = 'admin/Productupload/ymxdc'  AND `status` = 1 ORDER BY level desc,sort LIMIT 1 [ RunTime:0.000369s ]
[ sql ] [ SQL ] SELECT `pid` FROM `yf_auth_rule` WHERE  `id` = 0 LIMIT 1 [ RunTime:0.000171s ]
[ sql ] [ SQL ] SELECT * FROM `yf_auth_rule` WHERE  `status` = 1  AND `pid` = null ORDER BY `sort` [ RunTime:0.000388s ]
[ sql ] [ SQL ] SHOW COLUMNS FROM `yf_currency` [ RunTime:0.000690s ]
[ sql ] [ SQL ] SELECT * FROM `yf_currency` [ RunTime:0.000173s ]
[ sql ] [ SQL ] SHOW COLUMNS FROM `yf_goods_record` [ RunTime:0.000742s ]
[ sql ] [ SQL ] SELECT * FROM `yf_goods_record` WHERE  `id` = 678 LIMIT 1 [ RunTime:0.000309s ]
[ sql ] [ SQL ] SHOW COLUMNS FROM `yf_goods` [ RunTime:0.000974s ]
[ sql ] [ SQL ] SELECT `goods`.*,`goods_language`.* FROM `yf_goods` `goods` INNER JOIN `yf_goods_language` `goods_language` ON `goods`.`goodsId`=`goods_language`.`goods_id` WHERE  ( `goods`.`goodsId` >= '1' AND `goods`.`goodsId` <= '1111' )  AND `goods`.`product_back` = 0  AND `goods`.`UID` = 1  AND `goods_language`.`language` = 4 ORDER BY `goods`.`goodsId` [ RunTime:0.050530s ]
[ sql ] [ SQL ] SELECT `goods`.*,`goods_language`.*,`goods_variant`.* FROM `yf_goods` `goods` INNER JOIN `yf_goods_language` `goods_language` ON `goods`.`goodsId`=`goods_language`.`goods_id` INNER JOIN `yf_goods_variant` `goods_variant` ON `goods`.`goodsId`=`goods_variant`.`goods_id` WHERE  ( `goods`.`goodsId` >= '1' AND `goods`.`goodsId` <= '1111' )  AND `goods`.`product_back` = 0  AND `goods`.`UID` = 1  AND `goods_language`.`language` = 4 ORDER BY `goods`.`goodsId` [ RunTime:0.023049s ]
[ error ] [4096]Object of class PHPExcel_Worksheet could not be converted to string[/www/wwwroot/www.ldkjmy.com/aaaa/yamaxun/app/admin/controller/Productupload.php:5438]
---------------------------------------------------------------
[ 2020-02-27T10:09:00+08:00 ] 172.21.0.8 64.225.77.184 GET /
[ info ] 192.144.141.140/ [运行时间：0.065318s][吞吐率：15.31req/s] [内存消耗：7,505.85kb] [文件加载：91]
[ info ] [ LANG ] /www/wwwroot/www.ldkjmy.com/aaaa/yamaxun/thinkphp/lang/zh-cn.php
[ info ] [ LANG ] /www/wwwroot/www.ldkjmy.com/aaaa/yamaxun/app/lang/zh-cn.php
[ info ] [ CACHE ] INIT File
[ info ] [ ROUTE ] array (
  'type' => 'module',
  'module' => 
  array (
    0 => 'home',
    1 => 'Index',
    2 => 'index',
  ),
  'convert' => false,
)
[ info ] [ HEADER ] array (
  'host' => '192.144.141.140',
  'user-agent' => 'Mozilla/5.0 (Windows NT 10.0; Win64; x64) AppleWebKit/537.36 (KHTML, like Gecko) Chrome/79.0.3945.79 Safari/537.36',
  'accept-encoding' => 'gzip, deflate',
  'accept' => '*/*',
  'connection' => 'keep-alive',
  'content-type' => '',
  'content-length' => '',
)
[ info ] [ PARAM ] array (
)
[ info ] [ LANG ] /www/wwwroot/www.ldkjmy.com/aaaa/yamaxun/app/home/lang/zh-cn.php
[ info ] [ SESSION ] INIT array (
  'id' => '',
  'var_session_id' => '',
  'prefix' => 'think',
  'type' => '',
  'auto_start' => true,
)
[ info ] [ DB ] INIT mysql
[ info ] [ BEHAVIOR ] Run app\common\behavior\WebLog @module_init [ RunTime:0.026718s ]
[ info ] [ BEHAVIOR ] Run Closure @action_begin [ RunTime:0.001561s ]
[ info ] [ RUN ] app\home\controller\Index->index[ /www/wwwroot/www.ldkjmy.com/aaaa/yamaxun/app/home/controller/Index.php ]
[ info ] [ BEHAVIOR ] Run app\admin\behavior\Cron @app_end [ RunTime:0.000649s ]
[ info ] [ LOG ] INIT File
[ sql ] [ DB ] CONNECT:[ UseTime:0.000389s ] mysql:dbname=www_ldkjmy_com;host=localhost;port=3306;charset=utf8
[ sql ] [ SQL ] SHOW COLUMNS FROM `yf_web_log` [ RunTime:0.001024s ]
[ sql ] [ SQL ] INSERT INTO `yf_web_log` (`uid` , `ip` , `location` , `os` , `browser` , `url` , `module` , `controller` , `action` , `method` , `data` , `otime`) VALUES (0 , '64.225.77.184' , '美国 美国  ' , 'Windows 10' , 'Chrome(79.0.3945.79)' , '/' , 'home' , 'Index' , 'index' , 'GET' , 'a:0:{}' , 1582769340) [ RunTime:0.000560s ]
---------------------------------------------------------------
[ 2020-02-27T11:47:38+08:00 ] 172.21.0.8 71.6.232.9 GET /
[ info ] 192.144.141.140/ [运行时间：0.055139s][吞吐率：18.14req/s] [内存消耗：7,505.65kb] [文件加载：91]
[ info ] [ LANG ] /www/wwwroot/www.ldkjmy.com/aaaa/yamaxun/thinkphp/lang/zh-cn.php
[ info ] [ LANG ] /www/wwwroot/www.ldkjmy.com/aaaa/yamaxun/app/lang/zh-cn.php
[ info ] [ CACHE ] INIT File
[ info ] [ ROUTE ] array (
  'type' => 'module',
  'module' => 
  array (
    0 => 'home',
    1 => 'Index',
    2 => 'index',
  ),
  'convert' => false,
)
[ info ] [ HEADER ] array (
  'host' => '192.144.141.140',
  'user-agent' => 'Mozilla/5.0 (Windows NT 10.0; Win64; x64) AppleWebKit/537.36 (KHTML, like Gecko) Chrome/57.0.2987.133 Safari/537.36',
  'accept' => '*/*',
  'accept-encoding' => 'gzip',
  'content-type' => '',
  'content-length' => '',
)
[ info ] [ PARAM ] array (
)
[ info ] [ LANG ] /www/wwwroot/www.ldkjmy.com/aaaa/yamaxun/app/home/lang/zh-cn.php
[ info ] [ SESSION ] INIT array (
  'id' => '',
  'var_session_id' => '',
  'prefix' => 'think',
  'type' => '',
  'auto_start' => true,
)
[ info ] [ DB ] INIT mysql
[ info ] [ BEHAVIOR ] Run app\common\behavior\WebLog @module_init [ RunTime:0.019731s ]
[ info ] [ BEHAVIOR ] Run Closure @action_begin [ RunTime:0.001520s ]
[ info ] [ RUN ] app\home\controller\Index->index[ /www/wwwroot/www.ldkjmy.com/aaaa/yamaxun/app/home/controller/Index.php ]
[ info ] [ BEHAVIOR ] Run app\admin\behavior\Cron @app_end [ RunTime:0.000605s ]
[ info ] [ LOG ] INIT File
[ sql ] [ DB ] CONNECT:[ UseTime:0.000319s ] mysql:dbname=www_ldkjmy_com;host=localhost;port=3306;charset=utf8
[ sql ] [ SQL ] SHOW COLUMNS FROM `yf_web_log` [ RunTime:0.000866s ]
[ sql ] [ SQL ] INSERT INTO `yf_web_log` (`uid` , `ip` , `location` , `os` , `browser` , `url` , `module` , `controller` , `action` , `method` , `data` , `otime`) VALUES (0 , '71.6.232.9' , '美国 美国  ' , 'Windows 98' , 'Chrome(57.0.2987.133)' , '/' , 'home' , 'Index' , 'index' , 'GET' , 'a:0:{}' , 1582775258) [ RunTime:0.000541s ]
---------------------------------------------------------------
[ 2020-02-27T11:53:36+08:00 ] 172.21.0.8 109.111.135.242 GET /
[ info ] 192.144.141.140:80/ [运行时间：0.060817s][吞吐率：16.44req/s] [内存消耗：7,505.09kb] [文件加载：91]
[ info ] [ LANG ] /www/wwwroot/www.ldkjmy.com/aaaa/yamaxun/thinkphp/lang/zh-cn.php
[ info ] [ LANG ] /www/wwwroot/www.ldkjmy.com/aaaa/yamaxun/app/lang/zh-cn.php
[ info ] [ CACHE ] INIT File
[ info ] [ ROUTE ] array (
  'type' => 'module',
  'module' => 
  array (
    0 => 'home',
    1 => 'Index',
    2 => 'index',
  ),
  'convert' => false,
)
[ info ] [ HEADER ] array (
  'host' => '192.144.141.140:80',
  'user-agent' => 'Mozilla/5.0 (Windows NT 10.0; WOW64) AppleWebKit/537.36 (KHTML, like Gecko) Chrome/51.0.2704.103 Safari/537.36',
  'content-length' => '0',
  'content-type' => '',
)
[ info ] [ PARAM ] array (
)
[ info ] [ LANG ] /www/wwwroot/www.ldkjmy.com/aaaa/yamaxun/app/home/lang/zh-cn.php
[ info ] [ SESSION ] INIT array (
  'id' => '',
  'var_session_id' => '',
  'prefix' => 'think',
  'type' => '',
  'auto_start' => true,
)
[ info ] [ DB ] INIT mysql
[ info ] [ BEHAVIOR ] Run app\common\behavior\WebLog @module_init [ RunTime:0.020620s ]
[ info ] [ BEHAVIOR ] Run Closure @action_begin [ RunTime:0.001549s ]
[ info ] [ RUN ] app\home\controller\Index->index[ /www/wwwroot/www.ldkjmy.com/aaaa/yamaxun/app/home/controller/Index.php ]
[ info ] [ BEHAVIOR ] Run app\admin\behavior\Cron @app_end [ RunTime:0.000710s ]
[ info ] [ LOG ] INIT File
[ sql ] [ DB ] CONNECT:[ UseTime:0.000301s ] mysql:dbname=www_ldkjmy_com;host=localhost;port=3306;charset=utf8
[ sql ] [ SQL ] SHOW COLUMNS FROM `yf_web_log` [ RunTime:0.000945s ]
[ sql ] [ SQL ] INSERT INTO `yf_web_log` (`uid` , `ip` , `location` , `os` , `browser` , `url` , `module` , `controller` , `action` , `method` , `data` , `otime`) VALUES (0 , '109.111.135.242' , '俄罗斯 俄罗斯  ' , 'Windows 10' , 'Chrome(51.0.2704.103)' , '/' , 'home' , 'Index' , 'index' , 'GET' , 'a:0:{}' , 1582775616) [ RunTime:0.000528s ]
---------------------------------------------------------------
[ 2020-02-27T13:09:51+08:00 ] 172.21.0.8 101.89.19.140 GET /
[ info ] 192.144.141.140/ [运行时间：0.066711s][吞吐率：14.99req/s] [内存消耗：7,505.38kb] [文件加载：91]
[ info ] [ LANG ] /www/wwwroot/www.ldkjmy.com/aaaa/yamaxun/thinkphp/lang/zh-cn.php
[ info ] [ LANG ] /www/wwwroot/www.ldkjmy.com/aaaa/yamaxun/app/lang/zh-cn.php
[ info ] [ CACHE ] INIT File
[ info ] [ ROUTE ] array (
  'type' => 'module',
  'module' => 
  array (
    0 => 'home',
    1 => 'Index',
    2 => 'index',
  ),
  'convert' => false,
)
[ info ] [ HEADER ] array (
  'accept' => 'text/html,application/xhtml+xml,application/xml;q=0.9,*/*;q=0.8',
  'accept-encoding' => 'gzip',
  'host' => '192.144.141.140',
  'q-sub-business' => 'contentsecurity',
  'user-agent' => 'Mozilla/5.0 (Windows NT 6.1; WOW64; rv:57.0) Gecko/20100101 Firefox/57.0',
  'content-type' => '',
  'content-length' => '',
)
[ info ] [ PARAM ] array (
)
[ info ] [ LANG ] /www/wwwroot/www.ldkjmy.com/aaaa/yamaxun/app/home/lang/zh-cn.php
[ info ] [ SESSION ] INIT array (
  'id' => '',
  'var_session_id' => '',
  'prefix' => 'think',
  'type' => '',
  'auto_start' => true,
)
[ info ] [ DB ] INIT mysql
[ info ] [ BEHAVIOR ] Run app\common\behavior\WebLog @module_init [ RunTime:0.023283s ]
[ info ] [ BEHAVIOR ] Run Closure @action_begin [ RunTime:0.001638s ]
[ info ] [ RUN ] app\home\controller\Index->index[ /www/wwwroot/www.ldkjmy.com/aaaa/yamaxun/app/home/controller/Index.php ]
[ info ] [ BEHAVIOR ] Run app\admin\behavior\Cron @app_end [ RunTime:0.000721s ]
[ info ] [ LOG ] INIT File
[ sql ] [ DB ] CONNECT:[ UseTime:0.000325s ] mysql:dbname=www_ldkjmy_com;host=localhost;port=3306;charset=utf8
[ sql ] [ SQL ] SHOW COLUMNS FROM `yf_web_log` [ RunTime:0.001184s ]
[ sql ] [ SQL ] INSERT INTO `yf_web_log` (`uid` , `ip` , `location` , `os` , `browser` , `url` , `module` , `controller` , `action` , `method` , `data` , `otime`) VALUES (0 , '101.89.19.140' , '中国 上海 上海 ' , 'Windows 7' , 'Firefox(57.0)' , '/' , 'home' , 'Index' , 'index' , 'GET' , 'a:0:{}' , 1582780191) [ RunTime:0.000616s ]
---------------------------------------------------------------
[ 2020-02-27T15:59:24+08:00 ] 172.21.0.8 160.119.43.137 GET /
[ info ] 192.144.141.140:80/ [运行时间：0.084401s][吞吐率：11.85req/s] [内存消耗：7,504.97kb] [文件加载：91]
[ info ] [ LANG ] /www/wwwroot/www.ldkjmy.com/aaaa/yamaxun/thinkphp/lang/zh-cn.php
[ info ] [ LANG ] /www/wwwroot/www.ldkjmy.com/aaaa/yamaxun/app/lang/zh-cn.php
[ info ] [ CACHE ] INIT File
[ info ] [ ROUTE ] array (
  'type' => 'module',
  'module' => 
  array (
    0 => 'home',
    1 => 'Index',
    2 => 'index',
  ),
  'convert' => false,
)
[ info ] [ HEADER ] array (
  'host' => '192.144.141.140:80',
  'user-agent' => 'Mozilla/5.0 (Macintosh; Intel Mac OS X 10_11_6) AppleWebKit/601.7.7 (KHTML, like Gecko) Version/9.1.2 Safari/601.7.7',
  'content-length' => '0',
  'content-type' => '',
)
[ info ] [ PARAM ] array (
)
[ info ] [ LANG ] /www/wwwroot/www.ldkjmy.com/aaaa/yamaxun/app/home/lang/zh-cn.php
[ info ] [ SESSION ] INIT array (
  'id' => '',
  'var_session_id' => '',
  'prefix' => 'think',
  'type' => '',
  'auto_start' => true,
)
[ info ] [ DB ] INIT mysql
[ info ] [ BEHAVIOR ] Run app\common\behavior\WebLog @module_init [ RunTime:0.045260s ]
[ info ] [ BEHAVIOR ] Run Closure @action_begin [ RunTime:0.001495s ]
[ info ] [ RUN ] app\home\controller\Index->index[ /www/wwwroot/www.ldkjmy.com/aaaa/yamaxun/app/home/controller/Index.php ]
[ info ] [ BEHAVIOR ] Run app\admin\behavior\Cron @app_end [ RunTime:0.000689s ]
[ info ] [ LOG ] INIT File
[ sql ] [ DB ] CONNECT:[ UseTime:0.000392s ] mysql:dbname=www_ldkjmy_com;host=localhost;port=3306;charset=utf8
[ sql ] [ SQL ] SHOW COLUMNS FROM `yf_web_log` [ RunTime:0.001055s ]
[ sql ] [ SQL ] INSERT INTO `yf_web_log` (`uid` , `ip` , `location` , `os` , `browser` , `url` , `module` , `controller` , `action` , `method` , `data` , `otime`) VALUES (0 , '160.119.43.137' , '非洲地区 非洲地区  ' , 'Mac' , 'Safari(601.7.7)' , '/' , 'home' , 'Index' , 'index' , 'GET' , 'a:0:{}' , 1582790364) [ RunTime:0.024117s ]
---------------------------------------------------------------
[ 2020-02-27T16:02:23+08:00 ] 172.21.0.8 14.18.182.223 GET /cms/.git/config
[ info ] 192.144.141.140/cms/.git/config [运行时间：0.029739s][吞吐率：33.63req/s] [内存消耗：2,440.06kb] [文件加载：52]
[ info ] [ LANG ] /www/wwwroot/www.ldkjmy.com/aaaa/yamaxun/thinkphp/lang/zh-cn.php
[ info ] [ LANG ] /www/wwwroot/www.ldkjmy.com/aaaa/yamaxun/app/lang/zh-cn.php
[ info ] [ CACHE ] INIT File
[ info ] [ ROUTE ] array (
  'type' => 'module',
  'module' => 
  array (
    0 => 'cms',
    1 => '.git',
    2 => 'config',
  ),
)
[ info ] [ HEADER ] array (
  'accept' => 'text/html,application/xhtml+xml,application/xml;q=0.9,*/*;q=0.8',
  'accept-encoding' => 'gzip',
  'host' => '192.144.141.140',
  'q-sub-business' => 'contentsecurity',
  'user-agent' => 'Mozilla/5.0 (Windows NT 6.1; WOW64; rv:57.0) Gecko/20100101 Firefox/57.0',
  'content-type' => '',
  'content-length' => '',
)
[ info ] [ PARAM ] array (
)
[ info ] [ LOG ] INIT File
---------------------------------------------------------------
[ 2020-02-27T16:03:49+08:00 ] 172.21.0.8 116.128.128.41 GET /index.php
[ info ] 192.144.141.140/index.php [运行时间：0.062151s][吞吐率：16.09req/s] [内存消耗：7,505.24kb] [文件加载：91]
[ info ] [ LANG ] /www/wwwroot/www.ldkjmy.com/aaaa/yamaxun/thinkphp/lang/zh-cn.php
[ info ] [ LANG ] /www/wwwroot/www.ldkjmy.com/aaaa/yamaxun/app/lang/zh-cn.php
[ info ] [ CACHE ] INIT File
[ info ] [ ROUTE ] array (
  'type' => 'module',
  'module' => 
  array (
    0 => 'home',
    1 => 'Index',
    2 => 'index',
  ),
  'convert' => false,
)
[ info ] [ HEADER ] array (
  'accept' => 'text/html,application/xhtml+xml,application/xml;q=0.9,*/*;q=0.8',
  'accept-encoding' => 'gzip',
  'host' => '192.144.141.140',
  'q-sub-business' => 'contentsecurity',
  'user-agent' => 'Mozilla/5.0 (Windows NT 6.1; WOW64; rv:57.0) Gecko/20100101 Firefox/57.0',
  'content-type' => '',
  'content-length' => '',
)
[ info ] [ PARAM ] array (
)
[ info ] [ LANG ] /www/wwwroot/www.ldkjmy.com/aaaa/yamaxun/app/home/lang/zh-cn.php
[ info ] [ SESSION ] INIT array (
  'id' => '',
  'var_session_id' => '',
  'prefix' => 'think',
  'type' => '',
  'auto_start' => true,
)
[ info ] [ DB ] INIT mysql
[ info ] [ BEHAVIOR ] Run app\common\behavior\WebLog @module_init [ RunTime:0.024449s ]
[ info ] [ BEHAVIOR ] Run Closure @action_begin [ RunTime:0.001610s ]
[ info ] [ RUN ] app\home\controller\Index->index[ /www/wwwroot/www.ldkjmy.com/aaaa/yamaxun/app/home/controller/Index.php ]
[ info ] [ BEHAVIOR ] Run app\admin\behavior\Cron @app_end [ RunTime:0.001129s ]
[ info ] [ LOG ] INIT File
[ sql ] [ DB ] CONNECT:[ UseTime:0.000353s ] mysql:dbname=www_ldkjmy_com;host=localhost;port=3306;charset=utf8
[ sql ] [ SQL ] SHOW COLUMNS FROM `yf_web_log` [ RunTime:0.000960s ]
[ sql ] [ SQL ] INSERT INTO `yf_web_log` (`uid` , `ip` , `location` , `os` , `browser` , `url` , `module` , `controller` , `action` , `method` , `data` , `otime`) VALUES (0 , '116.128.128.41' , '中国 中国  ' , 'Windows 7' , 'Firefox(57.0)' , '/index.php' , 'home' , 'Index' , 'index' , 'GET' , 'a:0:{}' , 1582790629) [ RunTime:0.000518s ]
---------------------------------------------------------------
[ 2020-02-27T16:15:45+08:00 ] 172.21.0.8 101.89.19.140 GET /live/.git/config
[ info ] 192.144.141.140/live/.git/config [运行时间：0.040898s][吞吐率：24.45req/s] [内存消耗：2,440.05kb] [文件加载：52]
[ info ] [ LANG ] /www/wwwroot/www.ldkjmy.com/aaaa/yamaxun/thinkphp/lang/zh-cn.php
[ info ] [ LANG ] /www/wwwroot/www.ldkjmy.com/aaaa/yamaxun/app/lang/zh-cn.php
[ info ] [ CACHE ] INIT File
[ info ] [ ROUTE ] array (
  'type' => 'module',
  'module' => 
  array (
    0 => 'live',
    1 => '.git',
    2 => 'config',
  ),
)
[ info ] [ HEADER ] array (
  'accept' => 'text/html,application/xhtml+xml,application/xml;q=0.9,*/*;q=0.8',
  'accept-encoding' => 'gzip',
  'host' => '192.144.141.140',
  'q-sub-business' => 'contentsecurity',
  'user-agent' => 'Mozilla/5.0 (Windows NT 6.1; WOW64; rv:57.0) Gecko/20100101 Firefox/57.0',
  'content-type' => '',
  'content-length' => '',
)
[ info ] [ PARAM ] array (
)
[ info ] [ LOG ] INIT File
---------------------------------------------------------------
[ 2020-02-27T16:35:28+08:00 ] 172.21.0.8 59.36.132.240 GET /store/.git/config
[ info ] 192.144.141.140/store/.git/config [运行时间：0.035298s][吞吐率：28.33req/s] [内存消耗：2,439.97kb] [文件加载：52]
[ info ] [ LANG ] /www/wwwroot/www.ldkjmy.com/aaaa/yamaxun/thinkphp/lang/zh-cn.php
[ info ] [ LANG ] /www/wwwroot/www.ldkjmy.com/aaaa/yamaxun/app/lang/zh-cn.php
[ info ] [ CACHE ] INIT File
[ info ] [ ROUTE ] array (
  'type' => 'module',
  'module' => 
  array (
    0 => 'store',
    1 => '.git',
    2 => 'config',
  ),
)
[ info ] [ HEADER ] array (
  'accept' => 'text/html,application/xhtml+xml,application/xml;q=0.9,*/*;q=0.8',
  'accept-encoding' => 'gzip',
  'host' => '192.144.141.140',
  'q-sub-business' => 'contentsecurity',
  'user-agent' => 'Mozilla/5.0 (Windows NT 6.1; WOW64; rv:57.0) Gecko/20100101 Firefox/57.0',
  'content-type' => '',
  'content-length' => '',
)
[ info ] [ PARAM ] array (
)
[ info ] [ LOG ] INIT File
---------------------------------------------------------------
[ 2020-02-27T16:38:55+08:00 ] 172.21.0.8 61.241.50.63 GET /shop/.git/config
[ info ] 192.144.141.140/shop/.git/config [运行时间：0.036159s][吞吐率：27.66req/s] [内存消耗：2,440.05kb] [文件加载：52]
[ info ] [ LANG ] /www/wwwroot/www.ldkjmy.com/aaaa/yamaxun/thinkphp/lang/zh-cn.php
[ info ] [ LANG ] /www/wwwroot/www.ldkjmy.com/aaaa/yamaxun/app/lang/zh-cn.php
[ info ] [ CACHE ] INIT File
[ info ] [ ROUTE ] array (
  'type' => 'module',
  'module' => 
  array (
    0 => 'shop',
    1 => '.git',
    2 => 'config',
  ),
)
[ info ] [ HEADER ] array (
  'accept' => 'text/html,application/xhtml+xml,application/xml;q=0.9,*/*;q=0.8',
  'accept-encoding' => 'gzip',
  'host' => '192.144.141.140',
  'q-sub-business' => 'contentsecurity',
  'user-agent' => 'Mozilla/5.0 (Windows NT 6.1; WOW64; rv:57.0) Gecko/20100101 Firefox/57.0',
  'content-type' => '',
  'content-length' => '',
)
[ info ] [ PARAM ] array (
)
[ info ] [ LOG ] INIT File
---------------------------------------------------------------
[ 2020-02-27T16:52:14+08:00 ] 172.21.0.8 61.241.50.63 GET /demo/.git/config
[ info ] 192.144.141.140/demo/.git/config [运行时间：0.042327s][吞吐率：23.63req/s] [内存消耗：2,440.05kb] [文件加载：52]
[ info ] [ LANG ] /www/wwwroot/www.ldkjmy.com/aaaa/yamaxun/thinkphp/lang/zh-cn.php
[ info ] [ LANG ] /www/wwwroot/www.ldkjmy.com/aaaa/yamaxun/app/lang/zh-cn.php
[ info ] [ CACHE ] INIT File
[ info ] [ ROUTE ] array (
  'type' => 'module',
  'module' => 
  array (
    0 => 'demo',
    1 => '.git',
    2 => 'config',
  ),
)
[ info ] [ HEADER ] array (
  'accept' => 'text/html,application/xhtml+xml,application/xml;q=0.9,*/*;q=0.8',
  'accept-encoding' => 'gzip',
  'host' => '192.144.141.140',
  'q-sub-business' => 'contentsecurity',
  'user-agent' => 'Mozilla/5.0 (Windows NT 6.1; WOW64; rv:57.0) Gecko/20100101 Firefox/57.0',
  'content-type' => '',
  'content-length' => '',
)
[ info ] [ PARAM ] array (
)
[ info ] [ LOG ] INIT File
---------------------------------------------------------------
[ 2020-02-27T17:57:11+08:00 ] 172.21.0.8 14.18.182.223 GET /?XDEBUG_SESSION_START%3Dphpstorm
[ info ] 192.144.141.140/?XDEBUG_SESSION_START%3Dphpstorm [运行时间：0.064829s][吞吐率：15.43req/s] [内存消耗：7,506.91kb] [文件加载：91]
[ info ] [ LANG ] /www/wwwroot/www.ldkjmy.com/aaaa/yamaxun/thinkphp/lang/zh-cn.php
[ info ] [ LANG ] /www/wwwroot/www.ldkjmy.com/aaaa/yamaxun/app/lang/zh-cn.php
[ info ] [ CACHE ] INIT File
[ info ] [ ROUTE ] array (
  'type' => 'module',
  'module' => 
  array (
    0 => 'home',
    1 => 'Index',
    2 => 'index',
  ),
  'convert' => false,
)
[ info ] [ HEADER ] array (
  'accept' => 'text/html,application/xhtml+xml,application/xml;q=0.9,*/*;q=0.8',
  'accept-encoding' => 'gzip',
  'host' => '192.144.141.140',
  'q-sub-business' => 'contentsecurity',
  'user-agent' => 'Mozilla/5.0 (Windows NT 6.1; WOW64; rv:57.0) Gecko/20100101 Firefox/57.0',
  'content-type' => '',
  'content-length' => '',
)
[ info ] [ PARAM ] array (
  'XDEBUG_SESSION_START=phpstorm' => '',
)
[ info ] [ LANG ] /www/wwwroot/www.ldkjmy.com/aaaa/yamaxun/app/home/lang/zh-cn.php
[ info ] [ SESSION ] INIT array (
  'id' => '',
  'var_session_id' => '',
  'prefix' => 'think',
  'type' => '',
  'auto_start' => true,
)
[ info ] [ DB ] INIT mysql
[ info ] [ BEHAVIOR ] Run app\common\behavior\WebLog @module_init [ RunTime:0.024880s ]
[ info ] [ BEHAVIOR ] Run Closure @action_begin [ RunTime:0.001990s ]
[ info ] [ RUN ] app\home\controller\Index->index[ /www/wwwroot/www.ldkjmy.com/aaaa/yamaxun/app/home/controller/Index.php ]
[ info ] [ BEHAVIOR ] Run app\admin\behavior\Cron @app_end [ RunTime:0.000696s ]
[ info ] [ LOG ] INIT File
[ sql ] [ DB ] CONNECT:[ UseTime:0.000372s ] mysql:dbname=www_ldkjmy_com;host=localhost;port=3306;charset=utf8
[ sql ] [ SQL ] SHOW COLUMNS FROM `yf_web_log` [ RunTime:0.001131s ]
[ sql ] [ SQL ] INSERT INTO `yf_web_log` (`uid` , `ip` , `location` , `os` , `browser` , `url` , `module` , `controller` , `action` , `method` , `data` , `otime`) VALUES (0 , '14.18.182.223' , '中国 广东 佛山 ' , 'Windows 7' , 'Firefox(57.0)' , '/?XDEBUG_SESSION_START%3Dphpstorm' , 'home' , 'Index' , 'index' , 'GET' , 'a:1:{s:29:\"XDEBUG_SESSION_START=phpstorm\";s:0:\"\";}' , 1582797431) [ RunTime:0.000805s ]
---------------------------------------------------------------
[ 2020-02-27T18:03:25+08:00 ] 172.21.0.8 14.18.182.223 GET /solr/admin/info/system?wt%3Djson
[ info ] 192.144.141.140/solr/admin/info/system?wt%3Djson [运行时间：0.030757s][吞吐率：32.51req/s] [内存消耗：2,440.31kb] [文件加载：52]
[ info ] [ LANG ] /www/wwwroot/www.ldkjmy.com/aaaa/yamaxun/thinkphp/lang/zh-cn.php
[ info ] [ LANG ] /www/wwwroot/www.ldkjmy.com/aaaa/yamaxun/app/lang/zh-cn.php
[ info ] [ CACHE ] INIT File
[ info ] [ ROUTE ] array (
  'type' => 'module',
  'module' => 
  array (
    0 => 'solr',
    1 => 'admin',
    2 => 'info',
  ),
)
[ info ] [ HEADER ] array (
  'accept' => 'text/html,application/xhtml+xml,application/xml;q=0.9,*/*;q=0.8',
  'accept-encoding' => 'gzip',
  'host' => '192.144.141.140',
  'q-sub-business' => 'contentsecurity',
  'user-agent' => 'Mozilla/5.0 (Windows NT 6.1; WOW64; rv:57.0) Gecko/20100101 Firefox/57.0',
  'content-type' => '',
  'content-length' => '',
)
[ info ] [ PARAM ] array (
  'wt=json' => '',
)
[ info ] [ LOG ] INIT File
---------------------------------------------------------------
[ 2020-02-27T18:06:50+08:00 ] 172.21.0.8 102.68.17.187 GET /
[ info ] 192.144.141.140:80/ [运行时间：0.061344s][吞吐率：16.30req/s] [内存消耗：7,505.09kb] [文件加载：91]
[ info ] [ LANG ] /www/wwwroot/www.ldkjmy.com/aaaa/yamaxun/thinkphp/lang/zh-cn.php
[ info ] [ LANG ] /www/wwwroot/www.ldkjmy.com/aaaa/yamaxun/app/lang/zh-cn.php
[ info ] [ CACHE ] INIT File
[ info ] [ ROUTE ] array (
  'type' => 'module',
  'module' => 
  array (
    0 => 'home',
    1 => 'Index',
    2 => 'index',
  ),
  'convert' => false,
)
[ info ] [ HEADER ] array (
  'host' => '192.144.141.140:80',
  'user-agent' => 'Mozilla/5.0 (Windows NT 6.1; WOW64) AppleWebKit/537.36 (KHTML, like Gecko) Chrome/52.0.2743.116 Safari/537.36',
  'content-length' => '0',
  'content-type' => '',
)
[ info ] [ PARAM ] array (
)
[ info ] [ LANG ] /www/wwwroot/www.ldkjmy.com/aaaa/yamaxun/app/home/lang/zh-cn.php
[ info ] [ SESSION ] INIT array (
  'id' => '',
  'var_session_id' => '',
  'prefix' => 'think',
  'type' => '',
  'auto_start' => true,
)
[ info ] [ DB ] INIT mysql
[ info ] [ BEHAVIOR ] Run app\common\behavior\WebLog @module_init [ RunTime:0.023418s ]
[ info ] [ BEHAVIOR ] Run Closure @action_begin [ RunTime:0.001595s ]
[ info ] [ RUN ] app\home\controller\Index->index[ /www/wwwroot/www.ldkjmy.com/aaaa/yamaxun/app/home/controller/Index.php ]
[ info ] [ BEHAVIOR ] Run app\admin\behavior\Cron @app_end [ RunTime:0.000636s ]
[ info ] [ LOG ] INIT File
[ sql ] [ DB ] CONNECT:[ UseTime:0.000415s ] mysql:dbname=www_ldkjmy_com;host=localhost;port=3306;charset=utf8
[ sql ] [ SQL ] SHOW COLUMNS FROM `yf_web_log` [ RunTime:0.001113s ]
[ sql ] [ SQL ] INSERT INTO `yf_web_log` (`uid` , `ip` , `location` , `os` , `browser` , `url` , `module` , `controller` , `action` , `method` , `data` , `otime`) VALUES (0 , '102.68.17.187' , '非洲地区 非洲地区  ' , 'Windows 7' , 'Chrome(52.0.2743.116)' , '/' , 'home' , 'Index' , 'index' , 'GET' , 'a:0:{}' , 1582798010) [ RunTime:0.000772s ]
---------------------------------------------------------------
[ 2020-02-27T18:51:35+08:00 ] 172.21.0.8 27.147.255.226 GET /
[ info ] 192.144.141.140:80/ [运行时间：0.072076s][吞吐率：13.87req/s] [内存消耗：7,542.67kb] [文件加载：92]
[ info ] [ LANG ] /www/wwwroot/www.ldkjmy.com/aaaa/yamaxun/thinkphp/lang/zh-cn.php
[ info ] [ LANG ] /www/wwwroot/www.ldkjmy.com/aaaa/yamaxun/app/lang/zh-cn.php
[ info ] [ CACHE ] INIT File
[ info ] [ ROUTE ] array (
  'type' => 'module',
  'module' => 
  array (
    0 => 'home',
    1 => 'Index',
    2 => 'index',
  ),
  'convert' => false,
)
[ info ] [ HEADER ] array (
  'host' => '192.144.141.140:80',
  'user-agent' => 'Mozilla/5.0 (Macintosh; Intel Mac OS X 10_11_6) AppleWebKit/601.7.7 (KHTML, like Gecko) Version/9.1.2 Safari/601.7.7',
  'content-length' => '0',
  'content-type' => '',
)
[ info ] [ PARAM ] array (
)
[ info ] [ LANG ] /www/wwwroot/www.ldkjmy.com/aaaa/yamaxun/app/home/lang/zh-cn.php
[ info ] [ SESSION ] INIT array (
  'id' => '',
  'var_session_id' => '',
  'prefix' => 'think',
  'type' => '',
  'auto_start' => true,
)
[ info ] [ DB ] INIT mysql
[ info ] [ BEHAVIOR ] Run app\common\behavior\WebLog @module_init [ RunTime:0.027749s ]
[ info ] [ BEHAVIOR ] Run Closure @action_begin [ RunTime:0.002563s ]
[ info ] [ RUN ] app\home\controller\Index->index[ /www/wwwroot/www.ldkjmy.com/aaaa/yamaxun/app/home/controller/Index.php ]
[ sql ] [ DB ] CONNECT:[ UseTime:0.000383s ] mysql:dbname=www_ldkjmy_com;host=localhost;port=3306;charset=utf8
[ sql ] [ SQL ] SHOW COLUMNS FROM `yf_web_log` [ RunTime:0.001598s ]
[ sql ] [ SQL ] INSERT INTO `yf_web_log` (`uid` , `ip` , `location` , `os` , `browser` , `url` , `module` , `controller` , `action` , `method` , `data` , `otime`) VALUES (0 , '27.147.255.226' , '孟加拉 孟加拉  ' , 'Mac' , 'Safari(601.7.7)' , '/' , 'home' , 'Index' , 'index' , 'GET' , 'a:0:{}' , 1582800695) [ RunTime:0.000875s ]
[ log ] Cron:clearlog Runat 2020-02-27 18:51:35 Use 0.000198 s

[ info ] [ BEHAVIOR ] Run app\admin\behavior\Cron @app_end [ RunTime:0.002917s ]
---------------------------------------------------------------
[ 2020-02-27T20:14:44+08:00 ] 172.21.0.8 182.254.52.17 GET /
[ info ] 192.144.141.140/ [运行时间：0.069354s][吞吐率：14.42req/s] [内存消耗：7,505.38kb] [文件加载：91]
[ info ] [ LANG ] /www/wwwroot/www.ldkjmy.com/aaaa/yamaxun/thinkphp/lang/zh-cn.php
[ info ] [ LANG ] /www/wwwroot/www.ldkjmy.com/aaaa/yamaxun/app/lang/zh-cn.php
[ info ] [ CACHE ] INIT File
[ info ] [ ROUTE ] array (
  'type' => 'module',
  'module' => 
  array (
    0 => 'home',
    1 => 'Index',
    2 => 'index',
  ),
  'convert' => false,
)
[ info ] [ HEADER ] array (
  'accept' => 'text/html,application/xhtml+xml,application/xml;q=0.9,*/*;q=0.8',
  'accept-encoding' => 'gzip',
  'host' => '192.144.141.140',
  'q-sub-business' => 'contentsecurity',
  'user-agent' => 'Mozilla/5.0 (Windows NT 6.1; WOW64; rv:57.0) Gecko/20100101 Firefox/57.0',
  'content-type' => '',
  'content-length' => '',
)
[ info ] [ PARAM ] array (
)
[ info ] [ LANG ] /www/wwwroot/www.ldkjmy.com/aaaa/yamaxun/app/home/lang/zh-cn.php
[ info ] [ SESSION ] INIT array (
  'id' => '',
  'var_session_id' => '',
  'prefix' => 'think',
  'type' => '',
  'auto_start' => true,
)
[ info ] [ DB ] INIT mysql
[ info ] [ BEHAVIOR ] Run app\common\behavior\WebLog @module_init [ RunTime:0.030114s ]
[ info ] [ BEHAVIOR ] Run Closure @action_begin [ RunTime:0.001678s ]
[ info ] [ RUN ] app\home\controller\Index->index[ /www/wwwroot/www.ldkjmy.com/aaaa/yamaxun/app/home/controller/Index.php ]
[ info ] [ BEHAVIOR ] Run app\admin\behavior\Cron @app_end [ RunTime:0.000856s ]
[ info ] [ LOG ] INIT File
[ sql ] [ DB ] CONNECT:[ UseTime:0.000363s ] mysql:dbname=www_ldkjmy_com;host=localhost;port=3306;charset=utf8
[ sql ] [ SQL ] SHOW COLUMNS FROM `yf_web_log` [ RunTime:0.000968s ]
[ sql ] [ SQL ] INSERT INTO `yf_web_log` (`uid` , `ip` , `location` , `os` , `browser` , `url` , `module` , `controller` , `action` , `method` , `data` , `otime`) VALUES (0 , '182.254.52.17' , '中国 广东 深圳 ' , 'Windows 7' , 'Firefox(57.0)' , '/' , 'home' , 'Index' , 'index' , 'GET' , 'a:0:{}' , 1582805684) [ RunTime:0.000648s ]
---------------------------------------------------------------
[ 2020-02-27T20:46:23+08:00 ] 172.21.0.8 49.48.87.178 GET /
[ info ] 192.144.141.140:80/ [运行时间：0.078676s][吞吐率：12.71req/s] [内存消耗：7,504.80kb] [文件加载：91]
[ info ] [ LANG ] /www/wwwroot/www.ldkjmy.com/aaaa/yamaxun/thinkphp/lang/zh-cn.php
[ info ] [ LANG ] /www/wwwroot/www.ldkjmy.com/aaaa/yamaxun/app/lang/zh-cn.php
[ info ] [ CACHE ] INIT File
[ info ] [ ROUTE ] array (
  'type' => 'module',
  'module' => 
  array (
    0 => 'home',
    1 => 'Index',
    2 => 'index',
  ),
  'convert' => false,
)
[ info ] [ HEADER ] array (
  'host' => '192.144.141.140:80',
  'user-agent' => 'Mozilla/5.0 (Macintosh; Intel Mac OS X 10_11_6) AppleWebKit/601.7.7 (KHTML, like Gecko) Version/9.1.2 Safari/601.7.7',
  'content-length' => '0',
  'content-type' => '',
)
[ info ] [ PARAM ] array (
)
[ info ] [ LANG ] /www/wwwroot/www.ldkjmy.com/aaaa/yamaxun/app/home/lang/zh-cn.php
[ info ] [ SESSION ] INIT array (
  'id' => '',
  'var_session_id' => '',
  'prefix' => 'think',
  'type' => '',
  'auto_start' => true,
)
[ info ] [ DB ] INIT mysql
[ info ] [ BEHAVIOR ] Run app\common\behavior\WebLog @module_init [ RunTime:0.031329s ]
[ info ] [ BEHAVIOR ] Run Closure @action_begin [ RunTime:0.002004s ]
[ info ] [ RUN ] app\home\controller\Index->index[ /www/wwwroot/www.ldkjmy.com/aaaa/yamaxun/app/home/controller/Index.php ]
[ info ] [ BEHAVIOR ] Run app\admin\behavior\Cron @app_end [ RunTime:0.000730s ]
[ info ] [ LOG ] INIT File
[ sql ] [ DB ] CONNECT:[ UseTime:0.000461s ] mysql:dbname=www_ldkjmy_com;host=localhost;port=3306;charset=utf8
[ sql ] [ SQL ] SHOW COLUMNS FROM `yf_web_log` [ RunTime:0.001417s ]
[ sql ] [ SQL ] INSERT INTO `yf_web_log` (`uid` , `ip` , `location` , `os` , `browser` , `url` , `module` , `controller` , `action` , `method` , `data` , `otime`) VALUES (0 , '49.48.87.178' , '泰国 泰国  ' , 'Mac' , 'Safari(601.7.7)' , '/' , 'home' , 'Index' , 'index' , 'GET' , 'a:0:{}' , 1582807583) [ RunTime:0.000611s ]
---------------------------------------------------------------
[ 2020-02-27T21:41:11+08:00 ] 172.21.0.8 14.18.182.223 GET /backend/.env
[ info ] 192.144.141.140/backend/.env [运行时间：0.043587s][吞吐率：22.94req/s] [内存消耗：2,440.00kb] [文件加载：52]
[ info ] [ LANG ] /www/wwwroot/www.ldkjmy.com/aaaa/yamaxun/thinkphp/lang/zh-cn.php
[ info ] [ LANG ] /www/wwwroot/www.ldkjmy.com/aaaa/yamaxun/app/lang/zh-cn.php
[ info ] [ CACHE ] INIT File
[ info ] [ ROUTE ] array (
  'type' => 'module',
  'module' => 
  array (
    0 => 'backend',
    1 => '.env',
    2 => NULL,
  ),
)
[ info ] [ HEADER ] array (
  'accept' => 'text/html,application/xhtml+xml,application/xml;q=0.9,*/*;q=0.8',
  'accept-encoding' => 'gzip',
  'host' => '192.144.141.140',
  'q-sub-business' => 'contentsecurity',
  'user-agent' => 'Mozilla/5.0 (Windows NT 6.1; WOW64; rv:57.0) Gecko/20100101 Firefox/57.0',
  'content-type' => '',
  'content-length' => '',
)
[ info ] [ PARAM ] array (
)
[ info ] [ LOG ] INIT File
---------------------------------------------------------------
[ 2020-02-27T21:53:08+08:00 ] 172.21.0.8 223.71.167.165 GET /
[ info ] 192.144.141.140:80/ [运行时间：0.069549s][吞吐率：14.38req/s] [内存消耗：7,505.38kb] [文件加载：91]
[ info ] [ LANG ] /www/wwwroot/www.ldkjmy.com/aaaa/yamaxun/thinkphp/lang/zh-cn.php
[ info ] [ LANG ] /www/wwwroot/www.ldkjmy.com/aaaa/yamaxun/app/lang/zh-cn.php
[ info ] [ CACHE ] INIT File
[ info ] [ ROUTE ] array (
  'type' => 'module',
  'module' => 
  array (
    0 => 'home',
    1 => 'Index',
    2 => 'index',
  ),
  'convert' => false,
)
[ info ] [ HEADER ] array (
  'host' => '192.144.141.140:80',
  'user-agent' => 'Mozilla/5.0 (Macintosh; Intel Mac OS X 10.11; rv:47.0) Gecko/20100101 Firefox/47.0',
  'accept' => '*/*',
  'connection' => 'keep-alive',
  'content-type' => '',
  'content-length' => '',
)
[ info ] [ PARAM ] array (
)
[ info ] [ LANG ] /www/wwwroot/www.ldkjmy.com/aaaa/yamaxun/app/home/lang/zh-cn.php
[ info ] [ SESSION ] INIT array (
  'id' => '',
  'var_session_id' => '',
  'prefix' => 'think',
  'type' => '',
  'auto_start' => true,
)
[ info ] [ DB ] INIT mysql
[ info ] [ BEHAVIOR ] Run app\common\behavior\WebLog @module_init [ RunTime:0.025029s ]
[ info ] [ BEHAVIOR ] Run Closure @action_begin [ RunTime:0.002268s ]
[ info ] [ RUN ] app\home\controller\Index->index[ /www/wwwroot/www.ldkjmy.com/aaaa/yamaxun/app/home/controller/Index.php ]
[ info ] [ BEHAVIOR ] Run app\admin\behavior\Cron @app_end [ RunTime:0.000858s ]
[ info ] [ LOG ] INIT File
[ sql ] [ DB ] CONNECT:[ UseTime:0.000341s ] mysql:dbname=www_ldkjmy_com;host=localhost;port=3306;charset=utf8
[ sql ] [ SQL ] SHOW COLUMNS FROM `yf_web_log` [ RunTime:0.001063s ]
[ sql ] [ SQL ] INSERT INTO `yf_web_log` (`uid` , `ip` , `location` , `os` , `browser` , `url` , `module` , `controller` , `action` , `method` , `data` , `otime`) VALUES (0 , '223.71.167.165' , '中国 北京 北京 ' , 'Mac' , 'Firefox(47.0)' , '/' , 'home' , 'Index' , 'index' , 'GET' , 'a:0:{}' , 1582811588) [ RunTime:0.000666s ]
---------------------------------------------------------------
[ 2020-02-27T22:04:19+08:00 ] 172.21.0.8 103.47.218.71 GET /
[ info ] 192.144.141.140:80/ [运行时间：0.068979s][吞吐率：14.50req/s] [内存消耗：7,505.09kb] [文件加载：91]
[ info ] [ LANG ] /www/wwwroot/www.ldkjmy.com/aaaa/yamaxun/thinkphp/lang/zh-cn.php
[ info ] [ LANG ] /www/wwwroot/www.ldkjmy.com/aaaa/yamaxun/app/lang/zh-cn.php
[ info ] [ CACHE ] INIT File
[ info ] [ ROUTE ] array (
  'type' => 'module',
  'module' => 
  array (
    0 => 'home',
    1 => 'Index',
    2 => 'index',
  ),
  'convert' => false,
)
[ info ] [ HEADER ] array (
  'host' => '192.144.141.140:80',
  'user-agent' => 'Mozilla/5.0 (Windows NT 10.0; WOW64) AppleWebKit/537.36 (KHTML, like Gecko) Chrome/51.0.2704.103 Safari/537.36',
  'content-length' => '0',
  'content-type' => '',
)
[ info ] [ PARAM ] array (
)
[ info ] [ LANG ] /www/wwwroot/www.ldkjmy.com/aaaa/yamaxun/app/home/lang/zh-cn.php
[ info ] [ SESSION ] INIT array (
  'id' => '',
  'var_session_id' => '',
  'prefix' => 'think',
  'type' => '',
  'auto_start' => true,
)
[ info ] [ DB ] INIT mysql
[ info ] [ BEHAVIOR ] Run app\common\behavior\WebLog @module_init [ RunTime:0.024067s ]
[ info ] [ BEHAVIOR ] Run Closure @action_begin [ RunTime:0.001857s ]
[ info ] [ RUN ] app\home\controller\Index->index[ /www/wwwroot/www.ldkjmy.com/aaaa/yamaxun/app/home/controller/Index.php ]
[ info ] [ BEHAVIOR ] Run app\admin\behavior\Cron @app_end [ RunTime:0.000918s ]
[ info ] [ LOG ] INIT File
[ sql ] [ DB ] CONNECT:[ UseTime:0.000362s ] mysql:dbname=www_ldkjmy_com;host=localhost;port=3306;charset=utf8
[ sql ] [ SQL ] SHOW COLUMNS FROM `yf_web_log` [ RunTime:0.001081s ]
[ sql ] [ SQL ] INSERT INTO `yf_web_log` (`uid` , `ip` , `location` , `os` , `browser` , `url` , `module` , `controller` , `action` , `method` , `data` , `otime`) VALUES (0 , '103.47.218.71' , '印度 印度  ' , 'Windows 10' , 'Chrome(51.0.2704.103)' , '/' , 'home' , 'Index' , 'index' , 'GET' , 'a:0:{}' , 1582812259) [ RunTime:0.000567s ]
